[2025-02-23T04:34:10.144+0000] {local_task_job_runner.py:123} INFO - ::group::Pre task execution logs
[2025-02-23T04:34:10.187+0000] {taskinstance.py:2614} INFO - Dependencies all met for dep_context=non-requeueable deps ti=<TaskInstance: our_first_dag_v1.second_task scheduled__2021-08-10T00:00:00+00:00 [queued]>
[2025-02-23T04:34:10.207+0000] {taskinstance.py:2614} INFO - Dependencies all met for dep_context=requeueable deps ti=<TaskInstance: our_first_dag_v1.second_task scheduled__2021-08-10T00:00:00+00:00 [queued]>
[2025-02-23T04:34:10.211+0000] {taskinstance.py:2867} INFO - Starting attempt 1 of 6
[2025-02-23T04:34:10.242+0000] {taskinstance.py:2890} INFO - Executing <Task(BashOperator): second_task> on 2021-08-10 00:00:00+00:00
[2025-02-23T04:34:10.256+0000] {logging_mixin.py:190} WARNING - /home/***/.local/lib/python3.12/site-packages/***/task/task_runner/standard_task_runner.py:70 DeprecationWarning: This process (pid=4561) is multi-threaded, use of fork() may lead to deadlocks in the child.
[2025-02-23T04:34:10.260+0000] {standard_task_runner.py:72} INFO - Started process 4567 to run task
[2025-02-23T04:34:10.255+0000] {standard_task_runner.py:104} INFO - Running: ['***', 'tasks', 'run', 'our_first_dag_v1', 'second_task', 'scheduled__2021-08-10T00:00:00+00:00', '--job-id', '999', '--raw', '--subdir', 'DAGS_FOLDER/our_first_dag.py', '--cfg-path', '/tmp/tmpn8tgrr68']
[2025-02-23T04:34:10.262+0000] {standard_task_runner.py:105} INFO - Job 999: Subtask second_task
[2025-02-23T04:34:10.356+0000] {task_command.py:467} INFO - Running <TaskInstance: our_first_dag_v1.second_task scheduled__2021-08-10T00:00:00+00:00 [running]> on host f66dd6409c88
[2025-02-23T04:34:10.542+0000] {taskinstance.py:3134} INFO - Exporting env vars: AIRFLOW_CTX_DAG_OWNER='vn5705j' AIRFLOW_CTX_DAG_ID='our_first_dag_v1' AIRFLOW_CTX_TASK_ID='second_task' AIRFLOW_CTX_EXECUTION_DATE='2021-08-10T00:00:00+00:00' AIRFLOW_CTX_TRY_NUMBER='1' AIRFLOW_CTX_DAG_RUN_ID='scheduled__2021-08-10T00:00:00+00:00'
[2025-02-23T04:34:10.544+0000] {taskinstance.py:732} INFO - ::endgroup::
[2025-02-23T04:34:10.584+0000] {subprocess.py:78} INFO - Tmp dir root location: /tmp
[2025-02-23T04:34:10.587+0000] {subprocess.py:88} INFO - Running command: ['/usr/bin/bash', '-c', 'echo Second task will run after first task']
[2025-02-23T04:34:10.602+0000] {subprocess.py:99} INFO - Output:
[2025-02-23T04:34:10.605+0000] {subprocess.py:106} INFO - Second task will run after first task
[2025-02-23T04:34:10.606+0000] {subprocess.py:110} INFO - Command exited with return code 0
[2025-02-23T04:34:10.656+0000] {taskinstance.py:341} INFO - ::group::Post task execution logs
[2025-02-23T04:34:10.658+0000] {taskinstance.py:353} INFO - Marking task as SUCCESS. dag_id=our_first_dag_v1, task_id=second_task, run_id=scheduled__2021-08-10T00:00:00+00:00, execution_date=20210810T000000, start_date=20250223T043410, end_date=20250223T043410
[2025-02-23T04:34:10.719+0000] {local_task_job_runner.py:266} INFO - Task exited with return code 0
[2025-02-23T04:34:10.749+0000] {taskinstance.py:3901} INFO - 0 downstream tasks scheduled from follow-on schedule check
[2025-02-23T04:34:10.754+0000] {local_task_job_runner.py:245} INFO - ::endgroup::
