[2025-02-23T04:35:49.330+0000] {local_task_job_runner.py:123} INFO - ::group::Pre task execution logs
[2025-02-23T04:35:49.376+0000] {taskinstance.py:2614} INFO - Dependencies all met for dep_context=non-requeueable deps ti=<TaskInstance: our_first_dag_v1.second_task scheduled__2022-02-04T00:00:00+00:00 [queued]>
[2025-02-23T04:35:49.425+0000] {taskinstance.py:2614} INFO - Dependencies all met for dep_context=requeueable deps ti=<TaskInstance: our_first_dag_v1.second_task scheduled__2022-02-04T00:00:00+00:00 [queued]>
[2025-02-23T04:35:49.427+0000] {taskinstance.py:2867} INFO - Starting attempt 1 of 6
[2025-02-23T04:35:49.643+0000] {taskinstance.py:2890} INFO - Executing <Task(BashOperator): second_task> on 2022-02-04 00:00:00+00:00
[2025-02-23T04:35:49.655+0000] {logging_mixin.py:190} WARNING - /home/***/.local/lib/python3.12/site-packages/***/task/task_runner/standard_task_runner.py:70 DeprecationWarning: This process (pid=6036) is multi-threaded, use of fork() may lead to deadlocks in the child.
[2025-02-23T04:35:49.654+0000] {standard_task_runner.py:104} INFO - Running: ['***', 'tasks', 'run', 'our_first_dag_v1', 'second_task', 'scheduled__2022-02-04T00:00:00+00:00', '--job-id', '1359', '--raw', '--subdir', 'DAGS_FOLDER/our_first_dag.py', '--cfg-path', '/tmp/tmp_dxkv_il']
[2025-02-23T04:35:49.658+0000] {standard_task_runner.py:72} INFO - Started process 6052 to run task
[2025-02-23T04:35:49.658+0000] {standard_task_runner.py:105} INFO - Job 1359: Subtask second_task
[2025-02-23T04:35:49.760+0000] {task_command.py:467} INFO - Running <TaskInstance: our_first_dag_v1.second_task scheduled__2022-02-04T00:00:00+00:00 [running]> on host f66dd6409c88
[2025-02-23T04:35:49.948+0000] {taskinstance.py:3134} INFO - Exporting env vars: AIRFLOW_CTX_DAG_OWNER='vn5705j' AIRFLOW_CTX_DAG_ID='our_first_dag_v1' AIRFLOW_CTX_TASK_ID='second_task' AIRFLOW_CTX_EXECUTION_DATE='2022-02-04T00:00:00+00:00' AIRFLOW_CTX_TRY_NUMBER='1' AIRFLOW_CTX_DAG_RUN_ID='scheduled__2022-02-04T00:00:00+00:00'
[2025-02-23T04:35:49.950+0000] {taskinstance.py:732} INFO - ::endgroup::
[2025-02-23T04:35:49.992+0000] {subprocess.py:78} INFO - Tmp dir root location: /tmp
[2025-02-23T04:35:49.993+0000] {subprocess.py:88} INFO - Running command: ['/usr/bin/bash', '-c', 'echo Second task will run after first task']
[2025-02-23T04:35:50.008+0000] {subprocess.py:99} INFO - Output:
[2025-02-23T04:35:50.011+0000] {subprocess.py:106} INFO - Second task will run after first task
[2025-02-23T04:35:50.012+0000] {subprocess.py:110} INFO - Command exited with return code 0
[2025-02-23T04:35:50.058+0000] {taskinstance.py:341} INFO - ::group::Post task execution logs
[2025-02-23T04:35:50.059+0000] {taskinstance.py:353} INFO - Marking task as SUCCESS. dag_id=our_first_dag_v1, task_id=second_task, run_id=scheduled__2022-02-04T00:00:00+00:00, execution_date=20220204T000000, start_date=20250223T043549, end_date=20250223T043550
[2025-02-23T04:35:50.158+0000] {local_task_job_runner.py:266} INFO - Task exited with return code 0
[2025-02-23T04:35:50.179+0000] {local_task_job_runner.py:245} INFO - ::endgroup::
