[2025-02-23T04:32:41.235+0000] {local_task_job_runner.py:123} INFO - ::group::Pre task execution logs
[2025-02-23T04:32:41.277+0000] {taskinstance.py:2614} INFO - Dependencies all met for dep_context=non-requeueable deps ti=<TaskInstance: our_first_dag_v1.second_task scheduled__2021-03-17T00:00:00+00:00 [queued]>
[2025-02-23T04:32:41.297+0000] {taskinstance.py:2614} INFO - Dependencies all met for dep_context=requeueable deps ti=<TaskInstance: our_first_dag_v1.second_task scheduled__2021-03-17T00:00:00+00:00 [queued]>
[2025-02-23T04:32:41.300+0000] {taskinstance.py:2867} INFO - Starting attempt 1 of 6
[2025-02-23T04:32:41.386+0000] {taskinstance.py:2890} INFO - Executing <Task(BashOperator): second_task> on 2021-03-17 00:00:00+00:00
[2025-02-23T04:32:41.407+0000] {logging_mixin.py:190} WARNING - /home/***/.local/lib/python3.12/site-packages/***/task/task_runner/standard_task_runner.py:70 DeprecationWarning: This process (pid=3372) is multi-threaded, use of fork() may lead to deadlocks in the child.
[2025-02-23T04:32:41.410+0000] {standard_task_runner.py:72} INFO - Started process 3382 to run task
[2025-02-23T04:32:41.406+0000] {standard_task_runner.py:104} INFO - Running: ['***', 'tasks', 'run', 'our_first_dag_v1', 'second_task', 'scheduled__2021-03-17T00:00:00+00:00', '--job-id', '709', '--raw', '--subdir', 'DAGS_FOLDER/our_first_dag.py', '--cfg-path', '/tmp/tmpgyjlu7sy']
[2025-02-23T04:32:41.412+0000] {standard_task_runner.py:105} INFO - Job 709: Subtask second_task
[2025-02-23T04:32:41.538+0000] {task_command.py:467} INFO - Running <TaskInstance: our_first_dag_v1.second_task scheduled__2021-03-17T00:00:00+00:00 [running]> on host f66dd6409c88
[2025-02-23T04:32:41.725+0000] {taskinstance.py:3134} INFO - Exporting env vars: AIRFLOW_CTX_DAG_OWNER='vn5705j' AIRFLOW_CTX_DAG_ID='our_first_dag_v1' AIRFLOW_CTX_TASK_ID='second_task' AIRFLOW_CTX_EXECUTION_DATE='2021-03-17T00:00:00+00:00' AIRFLOW_CTX_TRY_NUMBER='1' AIRFLOW_CTX_DAG_RUN_ID='scheduled__2021-03-17T00:00:00+00:00'
[2025-02-23T04:32:41.727+0000] {taskinstance.py:732} INFO - ::endgroup::
[2025-02-23T04:32:41.758+0000] {subprocess.py:78} INFO - Tmp dir root location: /tmp
[2025-02-23T04:32:41.760+0000] {subprocess.py:88} INFO - Running command: ['/usr/bin/bash', '-c', 'echo Second task will run after first task']
[2025-02-23T04:32:41.777+0000] {subprocess.py:99} INFO - Output:
[2025-02-23T04:32:41.780+0000] {subprocess.py:106} INFO - Second task will run after first task
[2025-02-23T04:32:41.781+0000] {subprocess.py:110} INFO - Command exited with return code 0
[2025-02-23T04:32:41.826+0000] {taskinstance.py:341} INFO - ::group::Post task execution logs
[2025-02-23T04:32:41.828+0000] {taskinstance.py:353} INFO - Marking task as SUCCESS. dag_id=our_first_dag_v1, task_id=second_task, run_id=scheduled__2021-03-17T00:00:00+00:00, execution_date=20210317T000000, start_date=20250223T043241, end_date=20250223T043241
[2025-02-23T04:32:41.910+0000] {local_task_job_runner.py:266} INFO - Task exited with return code 0
[2025-02-23T04:32:41.940+0000] {taskinstance.py:3901} INFO - 0 downstream tasks scheduled from follow-on schedule check
[2025-02-23T04:32:41.945+0000] {local_task_job_runner.py:245} INFO - ::endgroup::
