[2025-02-23T04:36:33.183+0000] {local_task_job_runner.py:123} INFO - ::group::Pre task execution logs
[2025-02-23T04:36:33.224+0000] {taskinstance.py:2614} INFO - Dependencies all met for dep_context=non-requeueable deps ti=<TaskInstance: our_first_dag_v1.second_task scheduled__2022-04-28T00:00:00+00:00 [queued]>
[2025-02-23T04:36:33.243+0000] {taskinstance.py:2614} INFO - Dependencies all met for dep_context=requeueable deps ti=<TaskInstance: our_first_dag_v1.second_task scheduled__2022-04-28T00:00:00+00:00 [queued]>
[2025-02-23T04:36:33.245+0000] {taskinstance.py:2867} INFO - Starting attempt 1 of 6
[2025-02-23T04:36:33.325+0000] {taskinstance.py:2890} INFO - Executing <Task(BashOperator): second_task> on 2022-04-28 00:00:00+00:00
[2025-02-23T04:36:33.338+0000] {logging_mixin.py:190} WARNING - /home/***/.local/lib/python3.12/site-packages/***/task/task_runner/standard_task_runner.py:70 DeprecationWarning: This process (pid=6724) is multi-threaded, use of fork() may lead to deadlocks in the child.
[2025-02-23T04:36:33.338+0000] {standard_task_runner.py:104} INFO - Running: ['***', 'tasks', 'run', 'our_first_dag_v1', 'second_task', 'scheduled__2022-04-28T00:00:00+00:00', '--job-id', '1528', '--raw', '--subdir', 'DAGS_FOLDER/our_first_dag.py', '--cfg-path', '/tmp/tmpgg54c8cu']
[2025-02-23T04:36:33.343+0000] {standard_task_runner.py:72} INFO - Started process 6742 to run task
[2025-02-23T04:36:33.344+0000] {standard_task_runner.py:105} INFO - Job 1528: Subtask second_task
[2025-02-23T04:36:33.465+0000] {task_command.py:467} INFO - Running <TaskInstance: our_first_dag_v1.second_task scheduled__2022-04-28T00:00:00+00:00 [running]> on host f66dd6409c88
[2025-02-23T04:36:33.669+0000] {taskinstance.py:3134} INFO - Exporting env vars: AIRFLOW_CTX_DAG_OWNER='vn5705j' AIRFLOW_CTX_DAG_ID='our_first_dag_v1' AIRFLOW_CTX_TASK_ID='second_task' AIRFLOW_CTX_EXECUTION_DATE='2022-04-28T00:00:00+00:00' AIRFLOW_CTX_TRY_NUMBER='1' AIRFLOW_CTX_DAG_RUN_ID='scheduled__2022-04-28T00:00:00+00:00'
[2025-02-23T04:36:33.671+0000] {taskinstance.py:732} INFO - ::endgroup::
[2025-02-23T04:36:33.707+0000] {subprocess.py:78} INFO - Tmp dir root location: /tmp
[2025-02-23T04:36:33.709+0000] {subprocess.py:88} INFO - Running command: ['/usr/bin/bash', '-c', 'echo Second task will run after first task']
[2025-02-23T04:36:33.726+0000] {subprocess.py:99} INFO - Output:
[2025-02-23T04:36:33.731+0000] {subprocess.py:106} INFO - Second task will run after first task
[2025-02-23T04:36:33.733+0000] {subprocess.py:110} INFO - Command exited with return code 0
[2025-02-23T04:36:33.789+0000] {taskinstance.py:341} INFO - ::group::Post task execution logs
[2025-02-23T04:36:33.791+0000] {taskinstance.py:353} INFO - Marking task as SUCCESS. dag_id=our_first_dag_v1, task_id=second_task, run_id=scheduled__2022-04-28T00:00:00+00:00, execution_date=20220428T000000, start_date=20250223T043633, end_date=20250223T043633
[2025-02-23T04:36:34.012+0000] {local_task_job_runner.py:266} INFO - Task exited with return code 0
[2025-02-23T04:36:34.042+0000] {taskinstance.py:3901} INFO - 0 downstream tasks scheduled from follow-on schedule check
[2025-02-23T04:36:34.048+0000] {local_task_job_runner.py:245} INFO - ::endgroup::
