[2025-02-23T04:36:41.670+0000] {local_task_job_runner.py:123} INFO - ::group::Pre task execution logs
[2025-02-23T04:36:41.745+0000] {taskinstance.py:2614} INFO - Dependencies all met for dep_context=non-requeueable deps ti=<TaskInstance: our_first_dag_v1.second_task scheduled__2022-05-18T00:00:00+00:00 [queued]>
[2025-02-23T04:36:41.772+0000] {taskinstance.py:2614} INFO - Dependencies all met for dep_context=requeueable deps ti=<TaskInstance: our_first_dag_v1.second_task scheduled__2022-05-18T00:00:00+00:00 [queued]>
[2025-02-23T04:36:41.774+0000] {taskinstance.py:2867} INFO - Starting attempt 1 of 6
[2025-02-23T04:36:41.885+0000] {taskinstance.py:2890} INFO - Executing <Task(BashOperator): second_task> on 2022-05-18 00:00:00+00:00
[2025-02-23T04:36:41.899+0000] {logging_mixin.py:190} WARNING - /home/***/.local/lib/python3.12/site-packages/***/task/task_runner/standard_task_runner.py:70 DeprecationWarning: This process (pid=6880) is multi-threaded, use of fork() may lead to deadlocks in the child.
[2025-02-23T04:36:41.902+0000] {standard_task_runner.py:72} INFO - Started process 6889 to run task
[2025-02-23T04:36:41.903+0000] {standard_task_runner.py:104} INFO - Running: ['***', 'tasks', 'run', 'our_first_dag_v1', 'second_task', 'scheduled__2022-05-18T00:00:00+00:00', '--job-id', '1565', '--raw', '--subdir', 'DAGS_FOLDER/our_first_dag.py', '--cfg-path', '/tmp/tmpr5khdrj0']
[2025-02-23T04:36:41.907+0000] {standard_task_runner.py:105} INFO - Job 1565: Subtask second_task
[2025-02-23T04:36:42.123+0000] {task_command.py:467} INFO - Running <TaskInstance: our_first_dag_v1.second_task scheduled__2022-05-18T00:00:00+00:00 [running]> on host f66dd6409c88
[2025-02-23T04:36:42.357+0000] {taskinstance.py:3134} INFO - Exporting env vars: AIRFLOW_CTX_DAG_OWNER='vn5705j' AIRFLOW_CTX_DAG_ID='our_first_dag_v1' AIRFLOW_CTX_TASK_ID='second_task' AIRFLOW_CTX_EXECUTION_DATE='2022-05-18T00:00:00+00:00' AIRFLOW_CTX_TRY_NUMBER='1' AIRFLOW_CTX_DAG_RUN_ID='scheduled__2022-05-18T00:00:00+00:00'
[2025-02-23T04:36:42.359+0000] {taskinstance.py:732} INFO - ::endgroup::
[2025-02-23T04:36:42.405+0000] {subprocess.py:78} INFO - Tmp dir root location: /tmp
[2025-02-23T04:36:42.408+0000] {subprocess.py:88} INFO - Running command: ['/usr/bin/bash', '-c', 'echo Second task will run after first task']
[2025-02-23T04:36:42.431+0000] {subprocess.py:99} INFO - Output:
[2025-02-23T04:36:42.435+0000] {subprocess.py:106} INFO - Second task will run after first task
[2025-02-23T04:36:42.437+0000] {subprocess.py:110} INFO - Command exited with return code 0
[2025-02-23T04:36:42.489+0000] {taskinstance.py:341} INFO - ::group::Post task execution logs
[2025-02-23T04:36:42.495+0000] {taskinstance.py:353} INFO - Marking task as SUCCESS. dag_id=our_first_dag_v1, task_id=second_task, run_id=scheduled__2022-05-18T00:00:00+00:00, execution_date=20220518T000000, start_date=20250223T043641, end_date=20250223T043642
[2025-02-23T04:36:42.579+0000] {local_task_job_runner.py:266} INFO - Task exited with return code 0
[2025-02-23T04:36:42.615+0000] {taskinstance.py:3901} INFO - 0 downstream tasks scheduled from follow-on schedule check
[2025-02-23T04:36:42.622+0000] {local_task_job_runner.py:245} INFO - ::endgroup::
