[2025-02-23T04:28:10.204+0000] {local_task_job_runner.py:123} INFO - ::group::Pre task execution logs
[2025-02-23T04:28:10.234+0000] {taskinstance.py:2614} INFO - Dependencies all met for dep_context=non-requeueable deps ti=<TaskInstance: our_first_dag.first_task scheduled__2021-05-26T00:00:00+00:00 [queued]>
[2025-02-23T04:28:10.255+0000] {taskinstance.py:2614} INFO - Dependencies all met for dep_context=requeueable deps ti=<TaskInstance: our_first_dag.first_task scheduled__2021-05-26T00:00:00+00:00 [queued]>
[2025-02-23T04:28:10.257+0000] {taskinstance.py:2867} INFO - Starting attempt 1 of 6
[2025-02-23T04:28:10.288+0000] {taskinstance.py:2890} INFO - Executing <Task(BashOperator): first_task> on 2021-05-26 00:00:00+00:00
[2025-02-23T04:28:10.303+0000] {logging_mixin.py:190} WARNING - /home/***/.local/lib/python3.12/site-packages/***/task/task_runner/standard_task_runner.py:70 DeprecationWarning: This process (pid=895) is multi-threaded, use of fork() may lead to deadlocks in the child.
[2025-02-23T04:28:10.301+0000] {standard_task_runner.py:104} INFO - Running: ['***', 'tasks', 'run', 'our_first_dag', 'first_task', 'scheduled__2021-05-26T00:00:00+00:00', '--job-id', '116', '--raw', '--subdir', 'DAGS_FOLDER/our_first_dag.py', '--cfg-path', '/tmp/tmpsj11fo8i']
[2025-02-23T04:28:10.305+0000] {standard_task_runner.py:72} INFO - Started process 903 to run task
[2025-02-23T04:28:10.305+0000] {standard_task_runner.py:105} INFO - Job 116: Subtask first_task
[2025-02-23T04:28:10.392+0000] {task_command.py:467} INFO - Running <TaskInstance: our_first_dag.first_task scheduled__2021-05-26T00:00:00+00:00 [running]> on host f66dd6409c88
[2025-02-23T04:28:10.555+0000] {taskinstance.py:3134} INFO - Exporting env vars: AIRFLOW_CTX_DAG_OWNER='vn5705j' AIRFLOW_CTX_DAG_ID='our_first_dag' AIRFLOW_CTX_TASK_ID='first_task' AIRFLOW_CTX_EXECUTION_DATE='2021-05-26T00:00:00+00:00' AIRFLOW_CTX_TRY_NUMBER='1' AIRFLOW_CTX_DAG_RUN_ID='scheduled__2021-05-26T00:00:00+00:00'
[2025-02-23T04:28:10.557+0000] {taskinstance.py:732} INFO - ::endgroup::
[2025-02-23T04:28:10.588+0000] {subprocess.py:78} INFO - Tmp dir root location: /tmp
[2025-02-23T04:28:10.589+0000] {subprocess.py:88} INFO - Running command: ['/usr/bin/bash', '-c', "echo 'Hello World!' This is the first Task"]
[2025-02-23T04:28:10.608+0000] {subprocess.py:99} INFO - Output:
[2025-02-23T04:28:10.611+0000] {subprocess.py:106} INFO - Hello World! This is the first Task
[2025-02-23T04:28:10.612+0000] {subprocess.py:110} INFO - Command exited with return code 0
[2025-02-23T04:28:10.658+0000] {taskinstance.py:341} INFO - ::group::Post task execution logs
[2025-02-23T04:28:10.660+0000] {taskinstance.py:353} INFO - Marking task as SUCCESS. dag_id=our_first_dag, task_id=first_task, run_id=scheduled__2021-05-26T00:00:00+00:00, execution_date=20210526T000000, start_date=20250223T042810, end_date=20250223T042810
[2025-02-23T04:28:10.726+0000] {local_task_job_runner.py:266} INFO - Task exited with return code 0
[2025-02-23T04:28:10.757+0000] {taskinstance.py:3901} INFO - 0 downstream tasks scheduled from follow-on schedule check
[2025-02-23T04:28:10.761+0000] {local_task_job_runner.py:245} INFO - ::endgroup::
