[2025-02-23T04:34:06.405+0000] {local_task_job_runner.py:123} INFO - ::group::Pre task execution logs
[2025-02-23T04:34:06.444+0000] {taskinstance.py:2614} INFO - Dependencies all met for dep_context=non-requeueable deps ti=<TaskInstance: our_first_dag_v1.first_task scheduled__2021-07-30T00:00:00+00:00 [queued]>
[2025-02-23T04:34:06.464+0000] {taskinstance.py:2614} INFO - Dependencies all met for dep_context=requeueable deps ti=<TaskInstance: our_first_dag_v1.first_task scheduled__2021-07-30T00:00:00+00:00 [queued]>
[2025-02-23T04:34:06.466+0000] {taskinstance.py:2867} INFO - Starting attempt 1 of 6
[2025-02-23T04:34:06.515+0000] {taskinstance.py:2890} INFO - Executing <Task(BashOperator): first_task> on 2021-07-30 00:00:00+00:00
[2025-02-23T04:34:06.531+0000] {logging_mixin.py:190} WARNING - /home/***/.local/lib/python3.12/site-packages/***/task/task_runner/standard_task_runner.py:70 DeprecationWarning: This process (pid=4476) is multi-threaded, use of fork() may lead to deadlocks in the child.
[2025-02-23T04:34:06.535+0000] {standard_task_runner.py:72} INFO - Started process 4479 to run task
[2025-02-23T04:34:06.534+0000] {standard_task_runner.py:104} INFO - Running: ['***', 'tasks', 'run', 'our_first_dag_v1', 'first_task', 'scheduled__2021-07-30T00:00:00+00:00', '--job-id', '976', '--raw', '--subdir', 'DAGS_FOLDER/our_first_dag.py', '--cfg-path', '/tmp/tmpv7mtpso2']
[2025-02-23T04:34:06.539+0000] {standard_task_runner.py:105} INFO - Job 976: Subtask first_task
[2025-02-23T04:34:06.647+0000] {task_command.py:467} INFO - Running <TaskInstance: our_first_dag_v1.first_task scheduled__2021-07-30T00:00:00+00:00 [running]> on host f66dd6409c88
[2025-02-23T04:34:06.844+0000] {taskinstance.py:3134} INFO - Exporting env vars: AIRFLOW_CTX_DAG_OWNER='vn5705j' AIRFLOW_CTX_DAG_ID='our_first_dag_v1' AIRFLOW_CTX_TASK_ID='first_task' AIRFLOW_CTX_EXECUTION_DATE='2021-07-30T00:00:00+00:00' AIRFLOW_CTX_TRY_NUMBER='1' AIRFLOW_CTX_DAG_RUN_ID='scheduled__2021-07-30T00:00:00+00:00'
[2025-02-23T04:34:06.845+0000] {taskinstance.py:732} INFO - ::endgroup::
[2025-02-23T04:34:06.879+0000] {subprocess.py:78} INFO - Tmp dir root location: /tmp
[2025-02-23T04:34:06.882+0000] {subprocess.py:88} INFO - Running command: ['/usr/bin/bash', '-c', "echo 'Hello World!' This is the first Task"]
[2025-02-23T04:34:06.899+0000] {subprocess.py:99} INFO - Output:
[2025-02-23T04:34:06.902+0000] {subprocess.py:106} INFO - Hello World! This is the first Task
[2025-02-23T04:34:06.903+0000] {subprocess.py:110} INFO - Command exited with return code 0
[2025-02-23T04:34:06.954+0000] {taskinstance.py:341} INFO - ::group::Post task execution logs
[2025-02-23T04:34:06.956+0000] {taskinstance.py:353} INFO - Marking task as SUCCESS. dag_id=our_first_dag_v1, task_id=first_task, run_id=scheduled__2021-07-30T00:00:00+00:00, execution_date=20210730T000000, start_date=20250223T043406, end_date=20250223T043406
[2025-02-23T04:34:07.035+0000] {local_task_job_runner.py:266} INFO - Task exited with return code 0
[2025-02-23T04:34:07.060+0000] {local_task_job_runner.py:245} INFO - ::endgroup::
