[2025-02-23T04:35:41.949+0000] {local_task_job_runner.py:123} INFO - ::group::Pre task execution logs
[2025-02-23T04:35:41.995+0000] {taskinstance.py:2614} INFO - Dependencies all met for dep_context=non-requeueable deps ti=<TaskInstance: our_first_dag_v1.second_task scheduled__2022-01-19T00:00:00+00:00 [queued]>
[2025-02-23T04:35:42.020+0000] {taskinstance.py:2614} INFO - Dependencies all met for dep_context=requeueable deps ti=<TaskInstance: our_first_dag_v1.second_task scheduled__2022-01-19T00:00:00+00:00 [queued]>
[2025-02-23T04:35:42.021+0000] {taskinstance.py:2867} INFO - Starting attempt 1 of 6
[2025-02-23T04:35:42.117+0000] {taskinstance.py:2890} INFO - Executing <Task(BashOperator): second_task> on 2022-01-19 00:00:00+00:00
[2025-02-23T04:35:42.131+0000] {logging_mixin.py:190} WARNING - /home/***/.local/lib/python3.12/site-packages/***/task/task_runner/standard_task_runner.py:70 DeprecationWarning: This process (pid=5911) is multi-threaded, use of fork() may lead to deadlocks in the child.
[2025-02-23T04:35:42.134+0000] {standard_task_runner.py:72} INFO - Started process 5921 to run task
[2025-02-23T04:35:42.132+0000] {standard_task_runner.py:104} INFO - Running: ['***', 'tasks', 'run', 'our_first_dag_v1', 'second_task', 'scheduled__2022-01-19T00:00:00+00:00', '--job-id', '1328', '--raw', '--subdir', 'DAGS_FOLDER/our_first_dag.py', '--cfg-path', '/tmp/tmpf_m4y79l']
[2025-02-23T04:35:42.137+0000] {standard_task_runner.py:105} INFO - Job 1328: Subtask second_task
[2025-02-23T04:35:42.275+0000] {task_command.py:467} INFO - Running <TaskInstance: our_first_dag_v1.second_task scheduled__2022-01-19T00:00:00+00:00 [running]> on host f66dd6409c88
[2025-02-23T04:35:42.477+0000] {taskinstance.py:3134} INFO - Exporting env vars: AIRFLOW_CTX_DAG_OWNER='vn5705j' AIRFLOW_CTX_DAG_ID='our_first_dag_v1' AIRFLOW_CTX_TASK_ID='second_task' AIRFLOW_CTX_EXECUTION_DATE='2022-01-19T00:00:00+00:00' AIRFLOW_CTX_TRY_NUMBER='1' AIRFLOW_CTX_DAG_RUN_ID='scheduled__2022-01-19T00:00:00+00:00'
[2025-02-23T04:35:42.483+0000] {taskinstance.py:732} INFO - ::endgroup::
[2025-02-23T04:35:42.517+0000] {subprocess.py:78} INFO - Tmp dir root location: /tmp
[2025-02-23T04:35:42.519+0000] {subprocess.py:88} INFO - Running command: ['/usr/bin/bash', '-c', 'echo Second task will run after first task']
[2025-02-23T04:35:42.542+0000] {subprocess.py:99} INFO - Output:
[2025-02-23T04:35:42.546+0000] {subprocess.py:106} INFO - Second task will run after first task
[2025-02-23T04:35:42.548+0000] {subprocess.py:110} INFO - Command exited with return code 0
[2025-02-23T04:35:42.609+0000] {taskinstance.py:341} INFO - ::group::Post task execution logs
[2025-02-23T04:35:42.611+0000] {taskinstance.py:353} INFO - Marking task as SUCCESS. dag_id=our_first_dag_v1, task_id=second_task, run_id=scheduled__2022-01-19T00:00:00+00:00, execution_date=20220119T000000, start_date=20250223T043541, end_date=20250223T043542
[2025-02-23T04:35:42.756+0000] {local_task_job_runner.py:266} INFO - Task exited with return code 0
[2025-02-23T04:35:42.797+0000] {taskinstance.py:3901} INFO - 0 downstream tasks scheduled from follow-on schedule check
[2025-02-23T04:35:42.831+0000] {local_task_job_runner.py:245} INFO - ::endgroup::
