[2025-02-23T04:34:48.814+0000] {local_task_job_runner.py:123} INFO - ::group::Pre task execution logs
[2025-02-23T04:34:48.857+0000] {taskinstance.py:2614} INFO - Dependencies all met for dep_context=non-requeueable deps ti=<TaskInstance: our_first_dag_v1.second_task scheduled__2021-10-15T00:00:00+00:00 [queued]>
[2025-02-23T04:34:48.876+0000] {taskinstance.py:2614} INFO - Dependencies all met for dep_context=requeueable deps ti=<TaskInstance: our_first_dag_v1.second_task scheduled__2021-10-15T00:00:00+00:00 [queued]>
[2025-02-23T04:34:48.878+0000] {taskinstance.py:2867} INFO - Starting attempt 1 of 6
[2025-02-23T04:34:48.943+0000] {taskinstance.py:2890} INFO - Executing <Task(BashOperator): second_task> on 2021-10-15 00:00:00+00:00
[2025-02-23T04:34:48.958+0000] {logging_mixin.py:190} WARNING - /home/***/.local/lib/python3.12/site-packages/***/task/task_runner/standard_task_runner.py:70 DeprecationWarning: This process (pid=5120) is multi-threaded, use of fork() may lead to deadlocks in the child.
[2025-02-23T04:34:48.960+0000] {standard_task_runner.py:72} INFO - Started process 5132 to run task
[2025-02-23T04:34:48.965+0000] {standard_task_runner.py:104} INFO - Running: ['***', 'tasks', 'run', 'our_first_dag_v1', 'second_task', 'scheduled__2021-10-15T00:00:00+00:00', '--job-id', '1136', '--raw', '--subdir', 'DAGS_FOLDER/our_first_dag.py', '--cfg-path', '/tmp/tmp9h3lpuxl']
[2025-02-23T04:34:48.969+0000] {standard_task_runner.py:105} INFO - Job 1136: Subtask second_task
[2025-02-23T04:34:49.072+0000] {task_command.py:467} INFO - Running <TaskInstance: our_first_dag_v1.second_task scheduled__2021-10-15T00:00:00+00:00 [running]> on host f66dd6409c88
[2025-02-23T04:34:49.239+0000] {taskinstance.py:3134} INFO - Exporting env vars: AIRFLOW_CTX_DAG_OWNER='vn5705j' AIRFLOW_CTX_DAG_ID='our_first_dag_v1' AIRFLOW_CTX_TASK_ID='second_task' AIRFLOW_CTX_EXECUTION_DATE='2021-10-15T00:00:00+00:00' AIRFLOW_CTX_TRY_NUMBER='1' AIRFLOW_CTX_DAG_RUN_ID='scheduled__2021-10-15T00:00:00+00:00'
[2025-02-23T04:34:49.241+0000] {taskinstance.py:732} INFO - ::endgroup::
[2025-02-23T04:34:49.277+0000] {subprocess.py:78} INFO - Tmp dir root location: /tmp
[2025-02-23T04:34:49.279+0000] {subprocess.py:88} INFO - Running command: ['/usr/bin/bash', '-c', 'echo Second task will run after first task']
[2025-02-23T04:34:49.296+0000] {subprocess.py:99} INFO - Output:
[2025-02-23T04:34:49.298+0000] {subprocess.py:106} INFO - Second task will run after first task
[2025-02-23T04:34:49.299+0000] {subprocess.py:110} INFO - Command exited with return code 0
[2025-02-23T04:34:49.352+0000] {taskinstance.py:341} INFO - ::group::Post task execution logs
[2025-02-23T04:34:49.354+0000] {taskinstance.py:353} INFO - Marking task as SUCCESS. dag_id=our_first_dag_v1, task_id=second_task, run_id=scheduled__2021-10-15T00:00:00+00:00, execution_date=20211015T000000, start_date=20250223T043448, end_date=20250223T043449
[2025-02-23T04:34:49.461+0000] {local_task_job_runner.py:266} INFO - Task exited with return code 0
[2025-02-23T04:34:49.496+0000] {taskinstance.py:3901} INFO - 0 downstream tasks scheduled from follow-on schedule check
[2025-02-23T04:34:49.500+0000] {local_task_job_runner.py:245} INFO - ::endgroup::
