[2025-02-23T04:36:28.150+0000] {local_task_job_runner.py:123} INFO - ::group::Pre task execution logs
[2025-02-23T04:36:28.194+0000] {taskinstance.py:2614} INFO - Dependencies all met for dep_context=non-requeueable deps ti=<TaskInstance: our_first_dag_v1.second_task scheduled__2022-04-19T00:00:00+00:00 [queued]>
[2025-02-23T04:36:28.225+0000] {taskinstance.py:2614} INFO - Dependencies all met for dep_context=requeueable deps ti=<TaskInstance: our_first_dag_v1.second_task scheduled__2022-04-19T00:00:00+00:00 [queued]>
[2025-02-23T04:36:28.227+0000] {taskinstance.py:2867} INFO - Starting attempt 1 of 6
[2025-02-23T04:36:28.387+0000] {taskinstance.py:2890} INFO - Executing <Task(BashOperator): second_task> on 2022-04-19 00:00:00+00:00
[2025-02-23T04:36:28.400+0000] {standard_task_runner.py:104} INFO - Running: ['***', 'tasks', 'run', 'our_first_dag_v1', 'second_task', 'scheduled__2022-04-19T00:00:00+00:00', '--job-id', '1508', '--raw', '--subdir', 'DAGS_FOLDER/our_first_dag.py', '--cfg-path', '/tmp/tmpi8x23mte']
[2025-02-23T04:36:28.401+0000] {logging_mixin.py:190} WARNING - /home/***/.local/lib/python3.12/site-packages/***/task/task_runner/standard_task_runner.py:70 DeprecationWarning: This process (pid=6638) is multi-threaded, use of fork() may lead to deadlocks in the child.
[2025-02-23T04:36:28.404+0000] {standard_task_runner.py:105} INFO - Job 1508: Subtask second_task
[2025-02-23T04:36:28.405+0000] {standard_task_runner.py:72} INFO - Started process 6652 to run task
[2025-02-23T04:36:28.535+0000] {task_command.py:467} INFO - Running <TaskInstance: our_first_dag_v1.second_task scheduled__2022-04-19T00:00:00+00:00 [running]> on host f66dd6409c88
[2025-02-23T04:36:28.707+0000] {taskinstance.py:3134} INFO - Exporting env vars: AIRFLOW_CTX_DAG_OWNER='vn5705j' AIRFLOW_CTX_DAG_ID='our_first_dag_v1' AIRFLOW_CTX_TASK_ID='second_task' AIRFLOW_CTX_EXECUTION_DATE='2022-04-19T00:00:00+00:00' AIRFLOW_CTX_TRY_NUMBER='1' AIRFLOW_CTX_DAG_RUN_ID='scheduled__2022-04-19T00:00:00+00:00'
[2025-02-23T04:36:28.710+0000] {taskinstance.py:732} INFO - ::endgroup::
[2025-02-23T04:36:28.749+0000] {subprocess.py:78} INFO - Tmp dir root location: /tmp
[2025-02-23T04:36:28.752+0000] {subprocess.py:88} INFO - Running command: ['/usr/bin/bash', '-c', 'echo Second task will run after first task']
[2025-02-23T04:36:28.772+0000] {subprocess.py:99} INFO - Output:
[2025-02-23T04:36:28.775+0000] {subprocess.py:106} INFO - Second task will run after first task
[2025-02-23T04:36:28.776+0000] {subprocess.py:110} INFO - Command exited with return code 0
[2025-02-23T04:36:28.825+0000] {taskinstance.py:341} INFO - ::group::Post task execution logs
[2025-02-23T04:36:28.826+0000] {taskinstance.py:353} INFO - Marking task as SUCCESS. dag_id=our_first_dag_v1, task_id=second_task, run_id=scheduled__2022-04-19T00:00:00+00:00, execution_date=20220419T000000, start_date=20250223T043628, end_date=20250223T043628
[2025-02-23T04:36:28.999+0000] {local_task_job_runner.py:266} INFO - Task exited with return code 0
[2025-02-23T04:36:29.035+0000] {taskinstance.py:3901} INFO - 0 downstream tasks scheduled from follow-on schedule check
[2025-02-23T04:36:29.039+0000] {local_task_job_runner.py:245} INFO - ::endgroup::
