[2025-02-23T04:38:13.391+0000] {local_task_job_runner.py:123} INFO - ::group::Pre task execution logs
[2025-02-23T04:38:13.426+0000] {taskinstance.py:2614} INFO - Dependencies all met for dep_context=non-requeueable deps ti=<TaskInstance: our_first_dag_v1.first_task scheduled__2022-10-27T00:00:00+00:00 [queued]>
[2025-02-23T04:38:13.452+0000] {taskinstance.py:2614} INFO - Dependencies all met for dep_context=requeueable deps ti=<TaskInstance: our_first_dag_v1.first_task scheduled__2022-10-27T00:00:00+00:00 [queued]>
[2025-02-23T04:38:13.455+0000] {taskinstance.py:2867} INFO - Starting attempt 1 of 6
[2025-02-23T04:38:13.496+0000] {taskinstance.py:2890} INFO - Executing <Task(BashOperator): first_task> on 2022-10-27 00:00:00+00:00
[2025-02-23T04:38:13.510+0000] {logging_mixin.py:190} WARNING - /home/***/.local/lib/python3.12/site-packages/***/task/task_runner/standard_task_runner.py:70 DeprecationWarning: This process (pid=8172) is multi-threaded, use of fork() may lead to deadlocks in the child.
[2025-02-23T04:38:13.513+0000] {standard_task_runner.py:72} INFO - Started process 8183 to run task
[2025-02-23T04:38:13.511+0000] {standard_task_runner.py:104} INFO - Running: ['***', 'tasks', 'run', 'our_first_dag_v1', 'first_task', 'scheduled__2022-10-27T00:00:00+00:00', '--job-id', '1880', '--raw', '--subdir', 'DAGS_FOLDER/our_first_dag.py', '--cfg-path', '/tmp/tmp34hxvld0']
[2025-02-23T04:38:13.517+0000] {standard_task_runner.py:105} INFO - Job 1880: Subtask first_task
[2025-02-23T04:38:13.617+0000] {task_command.py:467} INFO - Running <TaskInstance: our_first_dag_v1.first_task scheduled__2022-10-27T00:00:00+00:00 [running]> on host f66dd6409c88
[2025-02-23T04:38:13.799+0000] {taskinstance.py:3134} INFO - Exporting env vars: AIRFLOW_CTX_DAG_OWNER='vn5705j' AIRFLOW_CTX_DAG_ID='our_first_dag_v1' AIRFLOW_CTX_TASK_ID='first_task' AIRFLOW_CTX_EXECUTION_DATE='2022-10-27T00:00:00+00:00' AIRFLOW_CTX_TRY_NUMBER='1' AIRFLOW_CTX_DAG_RUN_ID='scheduled__2022-10-27T00:00:00+00:00'
[2025-02-23T04:38:13.801+0000] {taskinstance.py:732} INFO - ::endgroup::
[2025-02-23T04:38:13.837+0000] {subprocess.py:78} INFO - Tmp dir root location: /tmp
[2025-02-23T04:38:13.838+0000] {subprocess.py:88} INFO - Running command: ['/usr/bin/bash', '-c', "echo 'Hello World!' This is the first Task"]
[2025-02-23T04:38:13.854+0000] {subprocess.py:99} INFO - Output:
[2025-02-23T04:38:13.860+0000] {subprocess.py:106} INFO - Hello World! This is the first Task
[2025-02-23T04:38:13.861+0000] {subprocess.py:110} INFO - Command exited with return code 0
[2025-02-23T04:38:13.909+0000] {taskinstance.py:341} INFO - ::group::Post task execution logs
[2025-02-23T04:38:13.910+0000] {taskinstance.py:353} INFO - Marking task as SUCCESS. dag_id=our_first_dag_v1, task_id=first_task, run_id=scheduled__2022-10-27T00:00:00+00:00, execution_date=20221027T000000, start_date=20250223T043813, end_date=20250223T043813
[2025-02-23T04:38:13.973+0000] {local_task_job_runner.py:266} INFO - Task exited with return code 0
[2025-02-23T04:38:14.046+0000] {taskinstance.py:3901} INFO - 1 downstream tasks scheduled from follow-on schedule check
[2025-02-23T04:38:14.050+0000] {local_task_job_runner.py:245} INFO - ::endgroup::
