[2025-02-23T04:32:55.289+0000] {local_task_job_runner.py:123} INFO - ::group::Pre task execution logs
[2025-02-23T04:32:55.350+0000] {taskinstance.py:2614} INFO - Dependencies all met for dep_context=non-requeueable deps ti=<TaskInstance: our_first_dag_v1.first_task scheduled__2021-04-07T00:00:00+00:00 [queued]>
[2025-02-23T04:32:55.377+0000] {taskinstance.py:2614} INFO - Dependencies all met for dep_context=requeueable deps ti=<TaskInstance: our_first_dag_v1.first_task scheduled__2021-04-07T00:00:00+00:00 [queued]>
[2025-02-23T04:32:55.380+0000] {taskinstance.py:2867} INFO - Starting attempt 1 of 6
[2025-02-23T04:32:55.518+0000] {taskinstance.py:2890} INFO - Executing <Task(BashOperator): first_task> on 2021-04-07 00:00:00+00:00
[2025-02-23T04:32:55.539+0000] {standard_task_runner.py:104} INFO - Running: ['***', 'tasks', 'run', 'our_first_dag_v1', 'first_task', 'scheduled__2021-04-07T00:00:00+00:00', '--job-id', '743', '--raw', '--subdir', 'DAGS_FOLDER/our_first_dag.py', '--cfg-path', '/tmp/tmprnmojgbl']
[2025-02-23T04:32:55.547+0000] {standard_task_runner.py:105} INFO - Job 743: Subtask first_task
[2025-02-23T04:32:55.544+0000] {logging_mixin.py:190} WARNING - /home/***/.local/lib/python3.12/site-packages/***/task/task_runner/standard_task_runner.py:70 DeprecationWarning: This process (pid=3505) is multi-threaded, use of fork() may lead to deadlocks in the child.
[2025-02-23T04:32:55.553+0000] {standard_task_runner.py:72} INFO - Started process 3516 to run task
[2025-02-23T04:32:55.691+0000] {task_command.py:467} INFO - Running <TaskInstance: our_first_dag_v1.first_task scheduled__2021-04-07T00:00:00+00:00 [running]> on host f66dd6409c88
[2025-02-23T04:32:55.913+0000] {taskinstance.py:3134} INFO - Exporting env vars: AIRFLOW_CTX_DAG_OWNER='vn5705j' AIRFLOW_CTX_DAG_ID='our_first_dag_v1' AIRFLOW_CTX_TASK_ID='first_task' AIRFLOW_CTX_EXECUTION_DATE='2021-04-07T00:00:00+00:00' AIRFLOW_CTX_TRY_NUMBER='1' AIRFLOW_CTX_DAG_RUN_ID='scheduled__2021-04-07T00:00:00+00:00'
[2025-02-23T04:32:55.914+0000] {taskinstance.py:732} INFO - ::endgroup::
[2025-02-23T04:32:55.960+0000] {subprocess.py:78} INFO - Tmp dir root location: /tmp
[2025-02-23T04:32:55.962+0000] {subprocess.py:88} INFO - Running command: ['/usr/bin/bash', '-c', "echo 'Hello World!' This is the first Task"]
[2025-02-23T04:32:56.008+0000] {subprocess.py:99} INFO - Output:
[2025-02-23T04:32:56.021+0000] {subprocess.py:106} INFO - Hello World! This is the first Task
[2025-02-23T04:32:56.022+0000] {subprocess.py:110} INFO - Command exited with return code 0
[2025-02-23T04:32:56.098+0000] {taskinstance.py:341} INFO - ::group::Post task execution logs
[2025-02-23T04:32:56.099+0000] {taskinstance.py:353} INFO - Marking task as SUCCESS. dag_id=our_first_dag_v1, task_id=first_task, run_id=scheduled__2021-04-07T00:00:00+00:00, execution_date=20210407T000000, start_date=20250223T043255, end_date=20250223T043256
[2025-02-23T04:32:56.269+0000] {local_task_job_runner.py:266} INFO - Task exited with return code 0
[2025-02-23T04:32:56.345+0000] {taskinstance.py:3901} INFO - 1 downstream tasks scheduled from follow-on schedule check
[2025-02-23T04:32:56.358+0000] {local_task_job_runner.py:245} INFO - ::endgroup::
