[2025-02-23T04:30:16.939+0000] {local_task_job_runner.py:123} INFO - ::group::Pre task execution logs
[2025-02-23T04:30:16.975+0000] {taskinstance.py:2614} INFO - Dependencies all met for dep_context=non-requeueable deps ti=<TaskInstance: our_first_dag.first_task scheduled__2022-03-03T00:00:00+00:00 [queued]>
[2025-02-23T04:30:17.000+0000] {taskinstance.py:2614} INFO - Dependencies all met for dep_context=requeueable deps ti=<TaskInstance: our_first_dag.first_task scheduled__2022-03-03T00:00:00+00:00 [queued]>
[2025-02-23T04:30:17.002+0000] {taskinstance.py:2867} INFO - Starting attempt 1 of 6
[2025-02-23T04:30:17.030+0000] {taskinstance.py:2890} INFO - Executing <Task(BashOperator): first_task> on 2022-03-03 00:00:00+00:00
[2025-02-23T04:30:17.044+0000] {logging_mixin.py:190} WARNING - /home/***/.local/lib/python3.12/site-packages/***/task/task_runner/standard_task_runner.py:70 DeprecationWarning: This process (pid=2063) is multi-threaded, use of fork() may lead to deadlocks in the child.
[2025-02-23T04:30:17.047+0000] {standard_task_runner.py:72} INFO - Started process 2073 to run task
[2025-02-23T04:30:17.044+0000] {standard_task_runner.py:104} INFO - Running: ['***', 'tasks', 'run', 'our_first_dag', 'first_task', 'scheduled__2022-03-03T00:00:00+00:00', '--job-id', '397', '--raw', '--subdir', 'DAGS_FOLDER/our_first_dag.py', '--cfg-path', '/tmp/tmphcte6n8g']
[2025-02-23T04:30:17.049+0000] {standard_task_runner.py:105} INFO - Job 397: Subtask first_task
[2025-02-23T04:30:17.137+0000] {task_command.py:467} INFO - Running <TaskInstance: our_first_dag.first_task scheduled__2022-03-03T00:00:00+00:00 [running]> on host f66dd6409c88
[2025-02-23T04:30:17.304+0000] {taskinstance.py:3134} INFO - Exporting env vars: AIRFLOW_CTX_DAG_OWNER='vn5705j' AIRFLOW_CTX_DAG_ID='our_first_dag' AIRFLOW_CTX_TASK_ID='first_task' AIRFLOW_CTX_EXECUTION_DATE='2022-03-03T00:00:00+00:00' AIRFLOW_CTX_TRY_NUMBER='1' AIRFLOW_CTX_DAG_RUN_ID='scheduled__2022-03-03T00:00:00+00:00'
[2025-02-23T04:30:17.306+0000] {taskinstance.py:732} INFO - ::endgroup::
[2025-02-23T04:30:17.335+0000] {subprocess.py:78} INFO - Tmp dir root location: /tmp
[2025-02-23T04:30:17.337+0000] {subprocess.py:88} INFO - Running command: ['/usr/bin/bash', '-c', "echo 'Hello World!' This is the first Task"]
[2025-02-23T04:30:17.354+0000] {subprocess.py:99} INFO - Output:
[2025-02-23T04:30:17.356+0000] {subprocess.py:106} INFO - Hello World! This is the first Task
[2025-02-23T04:30:17.358+0000] {subprocess.py:110} INFO - Command exited with return code 0
[2025-02-23T04:30:17.409+0000] {taskinstance.py:341} INFO - ::group::Post task execution logs
[2025-02-23T04:30:17.412+0000] {taskinstance.py:353} INFO - Marking task as SUCCESS. dag_id=our_first_dag, task_id=first_task, run_id=scheduled__2022-03-03T00:00:00+00:00, execution_date=20220303T000000, start_date=20250223T043016, end_date=20250223T043017
[2025-02-23T04:30:17.466+0000] {local_task_job_runner.py:266} INFO - Task exited with return code 0
[2025-02-23T04:30:17.494+0000] {taskinstance.py:3901} INFO - 0 downstream tasks scheduled from follow-on schedule check
[2025-02-23T04:30:17.498+0000] {local_task_job_runner.py:245} INFO - ::endgroup::
