[2025-02-23T04:29:23.982+0000] {local_task_job_runner.py:123} INFO - ::group::Pre task execution logs
[2025-02-23T04:29:24.011+0000] {taskinstance.py:2614} INFO - Dependencies all met for dep_context=non-requeueable deps ti=<TaskInstance: our_first_dag.first_task scheduled__2021-11-09T00:00:00+00:00 [queued]>
[2025-02-23T04:29:24.029+0000] {taskinstance.py:2614} INFO - Dependencies all met for dep_context=requeueable deps ti=<TaskInstance: our_first_dag.first_task scheduled__2021-11-09T00:00:00+00:00 [queued]>
[2025-02-23T04:29:24.031+0000] {taskinstance.py:2867} INFO - Starting attempt 1 of 6
[2025-02-23T04:29:24.059+0000] {taskinstance.py:2890} INFO - Executing <Task(BashOperator): first_task> on 2021-11-09 00:00:00+00:00
[2025-02-23T04:29:24.075+0000] {logging_mixin.py:190} WARNING - /home/***/.local/lib/python3.12/site-packages/***/task/task_runner/standard_task_runner.py:70 DeprecationWarning: This process (pid=1586) is multi-threaded, use of fork() may lead to deadlocks in the child.
[2025-02-23T04:29:24.078+0000] {standard_task_runner.py:72} INFO - Started process 1595 to run task
[2025-02-23T04:29:24.075+0000] {standard_task_runner.py:104} INFO - Running: ['***', 'tasks', 'run', 'our_first_dag', 'first_task', 'scheduled__2021-11-09T00:00:00+00:00', '--job-id', '283', '--raw', '--subdir', 'DAGS_FOLDER/our_first_dag.py', '--cfg-path', '/tmp/tmp0p8ed9n2']
[2025-02-23T04:29:24.079+0000] {standard_task_runner.py:105} INFO - Job 283: Subtask first_task
[2025-02-23T04:29:24.165+0000] {task_command.py:467} INFO - Running <TaskInstance: our_first_dag.first_task scheduled__2021-11-09T00:00:00+00:00 [running]> on host f66dd6409c88
[2025-02-23T04:29:24.327+0000] {taskinstance.py:3134} INFO - Exporting env vars: AIRFLOW_CTX_DAG_OWNER='vn5705j' AIRFLOW_CTX_DAG_ID='our_first_dag' AIRFLOW_CTX_TASK_ID='first_task' AIRFLOW_CTX_EXECUTION_DATE='2021-11-09T00:00:00+00:00' AIRFLOW_CTX_TRY_NUMBER='1' AIRFLOW_CTX_DAG_RUN_ID='scheduled__2021-11-09T00:00:00+00:00'
[2025-02-23T04:29:24.329+0000] {taskinstance.py:732} INFO - ::endgroup::
[2025-02-23T04:29:24.360+0000] {subprocess.py:78} INFO - Tmp dir root location: /tmp
[2025-02-23T04:29:24.362+0000] {subprocess.py:88} INFO - Running command: ['/usr/bin/bash', '-c', "echo 'Hello World!' This is the first Task"]
[2025-02-23T04:29:24.382+0000] {subprocess.py:99} INFO - Output:
[2025-02-23T04:29:24.385+0000] {subprocess.py:106} INFO - Hello World! This is the first Task
[2025-02-23T04:29:24.387+0000] {subprocess.py:110} INFO - Command exited with return code 0
[2025-02-23T04:29:24.436+0000] {taskinstance.py:341} INFO - ::group::Post task execution logs
[2025-02-23T04:29:24.438+0000] {taskinstance.py:353} INFO - Marking task as SUCCESS. dag_id=our_first_dag, task_id=first_task, run_id=scheduled__2021-11-09T00:00:00+00:00, execution_date=20211109T000000, start_date=20250223T042924, end_date=20250223T042924
[2025-02-23T04:29:24.497+0000] {local_task_job_runner.py:266} INFO - Task exited with return code 0
[2025-02-23T04:29:24.524+0000] {taskinstance.py:3901} INFO - 0 downstream tasks scheduled from follow-on schedule check
[2025-02-23T04:29:24.529+0000] {local_task_job_runner.py:245} INFO - ::endgroup::
