[2025-02-23T03:27:06.367+0000] {processor.py:186} INFO - Started process (PID=395) to work on /home/airflow/.local/lib/python3.12/site-packages/airflow/example_dags/example_branch_operator.py
[2025-02-23T03:27:06.370+0000] {processor.py:914} INFO - Processing file /home/airflow/.local/lib/python3.12/site-packages/airflow/example_dags/example_branch_operator.py for tasks to queue
[2025-02-23T03:27:06.375+0000] {logging_mixin.py:190} INFO - [2025-02-23T03:27:06.374+0000] {dagbag.py:588} INFO - Filling up the DagBag from /home/airflow/.local/lib/python3.12/site-packages/airflow/example_dags/example_branch_operator.py
[2025-02-23T03:27:06.413+0000] {processor.py:925} INFO - DAG(s) 'example_branch_operator' retrieved from /home/airflow/.local/lib/python3.12/site-packages/airflow/example_dags/example_branch_operator.py
[2025-02-23T03:27:06.624+0000] {logging_mixin.py:190} INFO - [2025-02-23T03:27:06.623+0000] {override.py:1912} INFO - Created Permission View: can read on DAG:example_branch_operator
[2025-02-23T03:27:06.649+0000] {logging_mixin.py:190} INFO - [2025-02-23T03:27:06.649+0000] {override.py:1912} INFO - Created Permission View: can delete on DAG:example_branch_operator
[2025-02-23T03:27:06.668+0000] {logging_mixin.py:190} INFO - [2025-02-23T03:27:06.668+0000] {override.py:1912} INFO - Created Permission View: can edit on DAG:example_branch_operator
[2025-02-23T03:27:06.689+0000] {logging_mixin.py:190} INFO - [2025-02-23T03:27:06.689+0000] {override.py:1912} INFO - Created Permission View: can read on DAG Run:example_branch_operator
[2025-02-23T03:27:06.705+0000] {logging_mixin.py:190} INFO - [2025-02-23T03:27:06.705+0000] {override.py:1912} INFO - Created Permission View: menu access on DAG Run:example_branch_operator
[2025-02-23T03:27:06.724+0000] {logging_mixin.py:190} INFO - [2025-02-23T03:27:06.723+0000] {override.py:1912} INFO - Created Permission View: can delete on DAG Run:example_branch_operator
[2025-02-23T03:27:06.744+0000] {logging_mixin.py:190} INFO - [2025-02-23T03:27:06.743+0000] {override.py:1912} INFO - Created Permission View: can create on DAG Run:example_branch_operator
[2025-02-23T03:27:06.746+0000] {logging_mixin.py:190} INFO - [2025-02-23T03:27:06.746+0000] {dag.py:3239} INFO - Sync 1 DAGs
[2025-02-23T03:27:06.778+0000] {logging_mixin.py:190} INFO - [2025-02-23T03:27:06.777+0000] {dag.py:3262} INFO - Creating ORM DAG for example_branch_operator
[2025-02-23T03:27:06.798+0000] {logging_mixin.py:190} INFO - [2025-02-23T03:27:06.798+0000] {dag.py:4180} INFO - Setting next_dagrun for example_branch_operator to 2025-02-22 00:00:00+00:00, run_after=2025-02-23 00:00:00+00:00
[2025-02-23T03:27:06.835+0000] {processor.py:208} INFO - Processing /home/airflow/.local/lib/python3.12/site-packages/airflow/example_dags/example_branch_operator.py took 0.480 seconds
[2025-02-23T03:27:37.521+0000] {processor.py:186} INFO - Started process (PID=686) to work on /home/airflow/.local/lib/python3.12/site-packages/airflow/example_dags/example_branch_operator.py
[2025-02-23T03:27:37.524+0000] {processor.py:914} INFO - Processing file /home/airflow/.local/lib/python3.12/site-packages/airflow/example_dags/example_branch_operator.py for tasks to queue
[2025-02-23T03:27:37.529+0000] {logging_mixin.py:190} INFO - [2025-02-23T03:27:37.528+0000] {dagbag.py:588} INFO - Filling up the DagBag from /home/airflow/.local/lib/python3.12/site-packages/airflow/example_dags/example_branch_operator.py
[2025-02-23T03:27:37.561+0000] {processor.py:925} INFO - DAG(s) 'example_branch_operator' retrieved from /home/airflow/.local/lib/python3.12/site-packages/airflow/example_dags/example_branch_operator.py
[2025-02-23T03:27:37.636+0000] {logging_mixin.py:190} INFO - [2025-02-23T03:27:37.635+0000] {dag.py:3239} INFO - Sync 1 DAGs
[2025-02-23T03:27:37.683+0000] {logging_mixin.py:190} INFO - [2025-02-23T03:27:37.682+0000] {dag.py:4180} INFO - Setting next_dagrun for example_branch_operator to 2025-02-22 00:00:00+00:00, run_after=2025-02-23 00:00:00+00:00
[2025-02-23T03:27:37.730+0000] {processor.py:208} INFO - Processing /home/airflow/.local/lib/python3.12/site-packages/airflow/example_dags/example_branch_operator.py took 0.221 seconds
[2025-02-23T03:28:08.289+0000] {processor.py:186} INFO - Started process (PID=977) to work on /home/airflow/.local/lib/python3.12/site-packages/airflow/example_dags/example_branch_operator.py
[2025-02-23T03:28:08.292+0000] {processor.py:914} INFO - Processing file /home/airflow/.local/lib/python3.12/site-packages/airflow/example_dags/example_branch_operator.py for tasks to queue
[2025-02-23T03:28:08.297+0000] {logging_mixin.py:190} INFO - [2025-02-23T03:28:08.297+0000] {dagbag.py:588} INFO - Filling up the DagBag from /home/airflow/.local/lib/python3.12/site-packages/airflow/example_dags/example_branch_operator.py
[2025-02-23T03:28:08.331+0000] {processor.py:925} INFO - DAG(s) 'example_branch_operator' retrieved from /home/airflow/.local/lib/python3.12/site-packages/airflow/example_dags/example_branch_operator.py
[2025-02-23T03:28:08.389+0000] {logging_mixin.py:190} INFO - [2025-02-23T03:28:08.388+0000] {dag.py:3239} INFO - Sync 1 DAGs
[2025-02-23T03:28:08.438+0000] {logging_mixin.py:190} INFO - [2025-02-23T03:28:08.438+0000] {dag.py:4180} INFO - Setting next_dagrun for example_branch_operator to 2025-02-22 00:00:00+00:00, run_after=2025-02-23 00:00:00+00:00
[2025-02-23T03:28:08.470+0000] {processor.py:208} INFO - Processing /home/airflow/.local/lib/python3.12/site-packages/airflow/example_dags/example_branch_operator.py took 0.192 seconds
[2025-02-23T03:34:04.481+0000] {processor.py:186} INFO - Started process (PID=395) to work on /home/airflow/.local/lib/python3.12/site-packages/airflow/example_dags/example_branch_operator.py
[2025-02-23T03:34:04.483+0000] {processor.py:914} INFO - Processing file /home/airflow/.local/lib/python3.12/site-packages/airflow/example_dags/example_branch_operator.py for tasks to queue
[2025-02-23T03:34:04.489+0000] {logging_mixin.py:190} INFO - [2025-02-23T03:34:04.489+0000] {dagbag.py:588} INFO - Filling up the DagBag from /home/airflow/.local/lib/python3.12/site-packages/airflow/example_dags/example_branch_operator.py
[2025-02-23T03:34:04.532+0000] {processor.py:925} INFO - DAG(s) 'example_branch_operator' retrieved from /home/airflow/.local/lib/python3.12/site-packages/airflow/example_dags/example_branch_operator.py
[2025-02-23T03:34:04.768+0000] {logging_mixin.py:190} INFO - [2025-02-23T03:34:04.767+0000] {override.py:1912} INFO - Created Permission View: can read on DAG:example_branch_operator
[2025-02-23T03:34:04.796+0000] {logging_mixin.py:190} INFO - [2025-02-23T03:34:04.796+0000] {override.py:1912} INFO - Created Permission View: can edit on DAG:example_branch_operator
[2025-02-23T03:34:04.811+0000] {logging_mixin.py:190} INFO - [2025-02-23T03:34:04.810+0000] {override.py:1912} INFO - Created Permission View: can delete on DAG:example_branch_operator
[2025-02-23T03:34:04.828+0000] {logging_mixin.py:190} INFO - [2025-02-23T03:34:04.828+0000] {override.py:1912} INFO - Created Permission View: can read on DAG Run:example_branch_operator
[2025-02-23T03:34:04.842+0000] {logging_mixin.py:190} INFO - [2025-02-23T03:34:04.841+0000] {override.py:1912} INFO - Created Permission View: menu access on DAG Run:example_branch_operator
[2025-02-23T03:34:04.855+0000] {logging_mixin.py:190} INFO - [2025-02-23T03:34:04.855+0000] {override.py:1912} INFO - Created Permission View: can create on DAG Run:example_branch_operator
[2025-02-23T03:34:04.870+0000] {logging_mixin.py:190} INFO - [2025-02-23T03:34:04.870+0000] {override.py:1912} INFO - Created Permission View: can delete on DAG Run:example_branch_operator
[2025-02-23T03:34:04.872+0000] {logging_mixin.py:190} INFO - [2025-02-23T03:34:04.872+0000] {dag.py:3239} INFO - Sync 1 DAGs
[2025-02-23T03:34:04.897+0000] {logging_mixin.py:190} INFO - [2025-02-23T03:34:04.896+0000] {dag.py:3262} INFO - Creating ORM DAG for example_branch_operator
[2025-02-23T03:34:04.919+0000] {logging_mixin.py:190} INFO - [2025-02-23T03:34:04.918+0000] {dag.py:4180} INFO - Setting next_dagrun for example_branch_operator to 2025-02-22 00:00:00+00:00, run_after=2025-02-23 00:00:00+00:00
[2025-02-23T03:34:04.960+0000] {processor.py:208} INFO - Processing /home/airflow/.local/lib/python3.12/site-packages/airflow/example_dags/example_branch_operator.py took 0.491 seconds
[2025-02-23T03:34:35.686+0000] {processor.py:186} INFO - Started process (PID=689) to work on /home/airflow/.local/lib/python3.12/site-packages/airflow/example_dags/example_branch_operator.py
[2025-02-23T03:34:35.689+0000] {processor.py:914} INFO - Processing file /home/airflow/.local/lib/python3.12/site-packages/airflow/example_dags/example_branch_operator.py for tasks to queue
[2025-02-23T03:34:35.694+0000] {logging_mixin.py:190} INFO - [2025-02-23T03:34:35.694+0000] {dagbag.py:588} INFO - Filling up the DagBag from /home/airflow/.local/lib/python3.12/site-packages/airflow/example_dags/example_branch_operator.py
[2025-02-23T03:34:35.731+0000] {processor.py:925} INFO - DAG(s) 'example_branch_operator' retrieved from /home/airflow/.local/lib/python3.12/site-packages/airflow/example_dags/example_branch_operator.py
[2025-02-23T03:34:35.791+0000] {logging_mixin.py:190} INFO - [2025-02-23T03:34:35.791+0000] {dag.py:3239} INFO - Sync 1 DAGs
[2025-02-23T03:34:35.839+0000] {logging_mixin.py:190} INFO - [2025-02-23T03:34:35.839+0000] {dag.py:4180} INFO - Setting next_dagrun for example_branch_operator to 2025-02-22 00:00:00+00:00, run_after=2025-02-23 00:00:00+00:00
[2025-02-23T03:34:35.923+0000] {processor.py:208} INFO - Processing /home/airflow/.local/lib/python3.12/site-packages/airflow/example_dags/example_branch_operator.py took 0.251 seconds
[2025-02-23T03:35:06.288+0000] {processor.py:186} INFO - Started process (PID=978) to work on /home/airflow/.local/lib/python3.12/site-packages/airflow/example_dags/example_branch_operator.py
[2025-02-23T03:35:06.290+0000] {processor.py:914} INFO - Processing file /home/airflow/.local/lib/python3.12/site-packages/airflow/example_dags/example_branch_operator.py for tasks to queue
[2025-02-23T03:35:06.294+0000] {logging_mixin.py:190} INFO - [2025-02-23T03:35:06.293+0000] {dagbag.py:588} INFO - Filling up the DagBag from /home/airflow/.local/lib/python3.12/site-packages/airflow/example_dags/example_branch_operator.py
[2025-02-23T03:35:06.334+0000] {processor.py:925} INFO - DAG(s) 'example_branch_operator' retrieved from /home/airflow/.local/lib/python3.12/site-packages/airflow/example_dags/example_branch_operator.py
[2025-02-23T03:35:06.406+0000] {logging_mixin.py:190} INFO - [2025-02-23T03:35:06.405+0000] {dag.py:3239} INFO - Sync 1 DAGs
[2025-02-23T03:35:06.468+0000] {logging_mixin.py:190} INFO - [2025-02-23T03:35:06.467+0000] {dag.py:4180} INFO - Setting next_dagrun for example_branch_operator to 2025-02-22 00:00:00+00:00, run_after=2025-02-23 00:00:00+00:00
[2025-02-23T03:35:06.516+0000] {processor.py:208} INFO - Processing /home/airflow/.local/lib/python3.12/site-packages/airflow/example_dags/example_branch_operator.py took 0.239 seconds
[2025-02-23T03:35:36.712+0000] {processor.py:186} INFO - Started process (PID=1266) to work on /home/airflow/.local/lib/python3.12/site-packages/airflow/example_dags/example_branch_operator.py
[2025-02-23T03:35:36.715+0000] {processor.py:914} INFO - Processing file /home/airflow/.local/lib/python3.12/site-packages/airflow/example_dags/example_branch_operator.py for tasks to queue
[2025-02-23T03:35:36.730+0000] {logging_mixin.py:190} INFO - [2025-02-23T03:35:36.729+0000] {dagbag.py:588} INFO - Filling up the DagBag from /home/airflow/.local/lib/python3.12/site-packages/airflow/example_dags/example_branch_operator.py
[2025-02-23T03:35:36.792+0000] {processor.py:925} INFO - DAG(s) 'example_branch_operator' retrieved from /home/airflow/.local/lib/python3.12/site-packages/airflow/example_dags/example_branch_operator.py
[2025-02-23T03:35:36.849+0000] {logging_mixin.py:190} INFO - [2025-02-23T03:35:36.849+0000] {dag.py:3239} INFO - Sync 1 DAGs
[2025-02-23T03:35:36.897+0000] {logging_mixin.py:190} INFO - [2025-02-23T03:35:36.896+0000] {dag.py:4180} INFO - Setting next_dagrun for example_branch_operator to 2025-02-22 00:00:00+00:00, run_after=2025-02-23 00:00:00+00:00
[2025-02-23T03:35:36.946+0000] {processor.py:208} INFO - Processing /home/airflow/.local/lib/python3.12/site-packages/airflow/example_dags/example_branch_operator.py took 0.246 seconds
