[2025-02-23T03:27:09.351+0000] {processor.py:186} INFO - Started process (PID=440) to work on /home/airflow/.local/lib/python3.12/site-packages/airflow/example_dags/example_skip_dag.py
[2025-02-23T03:27:09.353+0000] {processor.py:914} INFO - Processing file /home/airflow/.local/lib/python3.12/site-packages/airflow/example_dags/example_skip_dag.py for tasks to queue
[2025-02-23T03:27:09.359+0000] {logging_mixin.py:190} INFO - [2025-02-23T03:27:09.358+0000] {dagbag.py:588} INFO - Filling up the DagBag from /home/airflow/.local/lib/python3.12/site-packages/airflow/example_dags/example_skip_dag.py
[2025-02-23T03:27:09.373+0000] {processor.py:925} INFO - DAG(s) 'example_skip_dag' retrieved from /home/airflow/.local/lib/python3.12/site-packages/airflow/example_dags/example_skip_dag.py
[2025-02-23T03:27:09.575+0000] {logging_mixin.py:190} INFO - [2025-02-23T03:27:09.573+0000] {override.py:1912} INFO - Created Permission View: can read on DAG:example_skip_dag
[2025-02-23T03:27:09.595+0000] {logging_mixin.py:190} INFO - [2025-02-23T03:27:09.594+0000] {override.py:1912} INFO - Created Permission View: can delete on DAG:example_skip_dag
[2025-02-23T03:27:09.610+0000] {logging_mixin.py:190} INFO - [2025-02-23T03:27:09.609+0000] {override.py:1912} INFO - Created Permission View: can edit on DAG:example_skip_dag
[2025-02-23T03:27:09.627+0000] {logging_mixin.py:190} INFO - [2025-02-23T03:27:09.626+0000] {override.py:1912} INFO - Created Permission View: can read on DAG Run:example_skip_dag
[2025-02-23T03:27:09.642+0000] {logging_mixin.py:190} INFO - [2025-02-23T03:27:09.641+0000] {override.py:1912} INFO - Created Permission View: menu access on DAG Run:example_skip_dag
[2025-02-23T03:27:09.675+0000] {logging_mixin.py:190} INFO - [2025-02-23T03:27:09.674+0000] {override.py:1912} INFO - Created Permission View: can delete on DAG Run:example_skip_dag
[2025-02-23T03:27:09.689+0000] {logging_mixin.py:190} INFO - [2025-02-23T03:27:09.688+0000] {override.py:1912} INFO - Created Permission View: can create on DAG Run:example_skip_dag
[2025-02-23T03:27:09.691+0000] {logging_mixin.py:190} INFO - [2025-02-23T03:27:09.690+0000] {dag.py:3239} INFO - Sync 1 DAGs
[2025-02-23T03:27:09.716+0000] {logging_mixin.py:190} INFO - [2025-02-23T03:27:09.715+0000] {dag.py:3262} INFO - Creating ORM DAG for example_skip_dag
[2025-02-23T03:27:09.736+0000] {logging_mixin.py:190} INFO - [2025-02-23T03:27:09.736+0000] {dag.py:4180} INFO - Setting next_dagrun for example_skip_dag to 2025-02-22 00:00:00+00:00, run_after=2025-02-23 00:00:00+00:00
[2025-02-23T03:27:09.769+0000] {processor.py:208} INFO - Processing /home/airflow/.local/lib/python3.12/site-packages/airflow/example_dags/example_skip_dag.py took 0.430 seconds
[2025-02-23T03:27:40.439+0000] {processor.py:186} INFO - Started process (PID=731) to work on /home/airflow/.local/lib/python3.12/site-packages/airflow/example_dags/example_skip_dag.py
[2025-02-23T03:27:40.441+0000] {processor.py:914} INFO - Processing file /home/airflow/.local/lib/python3.12/site-packages/airflow/example_dags/example_skip_dag.py for tasks to queue
[2025-02-23T03:27:40.446+0000] {logging_mixin.py:190} INFO - [2025-02-23T03:27:40.445+0000] {dagbag.py:588} INFO - Filling up the DagBag from /home/airflow/.local/lib/python3.12/site-packages/airflow/example_dags/example_skip_dag.py
[2025-02-23T03:27:40.465+0000] {processor.py:925} INFO - DAG(s) 'example_skip_dag' retrieved from /home/airflow/.local/lib/python3.12/site-packages/airflow/example_dags/example_skip_dag.py
[2025-02-23T03:27:40.518+0000] {logging_mixin.py:190} INFO - [2025-02-23T03:27:40.517+0000] {dag.py:3239} INFO - Sync 1 DAGs
[2025-02-23T03:27:40.569+0000] {logging_mixin.py:190} INFO - [2025-02-23T03:27:40.568+0000] {dag.py:4180} INFO - Setting next_dagrun for example_skip_dag to 2025-02-22 00:00:00+00:00, run_after=2025-02-23 00:00:00+00:00
[2025-02-23T03:27:40.612+0000] {processor.py:208} INFO - Processing /home/airflow/.local/lib/python3.12/site-packages/airflow/example_dags/example_skip_dag.py took 0.185 seconds
[2025-02-23T03:28:10.738+0000] {processor.py:186} INFO - Started process (PID=1019) to work on /home/airflow/.local/lib/python3.12/site-packages/airflow/example_dags/example_skip_dag.py
[2025-02-23T03:28:10.741+0000] {processor.py:914} INFO - Processing file /home/airflow/.local/lib/python3.12/site-packages/airflow/example_dags/example_skip_dag.py for tasks to queue
[2025-02-23T03:28:10.745+0000] {logging_mixin.py:190} INFO - [2025-02-23T03:28:10.744+0000] {dagbag.py:588} INFO - Filling up the DagBag from /home/airflow/.local/lib/python3.12/site-packages/airflow/example_dags/example_skip_dag.py
[2025-02-23T03:28:10.766+0000] {processor.py:925} INFO - DAG(s) 'example_skip_dag' retrieved from /home/airflow/.local/lib/python3.12/site-packages/airflow/example_dags/example_skip_dag.py
[2025-02-23T03:28:10.814+0000] {logging_mixin.py:190} INFO - [2025-02-23T03:28:10.813+0000] {dag.py:3239} INFO - Sync 1 DAGs
[2025-02-23T03:28:10.871+0000] {logging_mixin.py:190} INFO - [2025-02-23T03:28:10.870+0000] {dag.py:4180} INFO - Setting next_dagrun for example_skip_dag to 2025-02-22 00:00:00+00:00, run_after=2025-02-23 00:00:00+00:00
[2025-02-23T03:28:10.953+0000] {processor.py:208} INFO - Processing /home/airflow/.local/lib/python3.12/site-packages/airflow/example_dags/example_skip_dag.py took 0.227 seconds
[2025-02-23T03:34:07.599+0000] {processor.py:186} INFO - Started process (PID=440) to work on /home/airflow/.local/lib/python3.12/site-packages/airflow/example_dags/example_skip_dag.py
[2025-02-23T03:34:07.602+0000] {processor.py:914} INFO - Processing file /home/airflow/.local/lib/python3.12/site-packages/airflow/example_dags/example_skip_dag.py for tasks to queue
[2025-02-23T03:34:07.608+0000] {logging_mixin.py:190} INFO - [2025-02-23T03:34:07.607+0000] {dagbag.py:588} INFO - Filling up the DagBag from /home/airflow/.local/lib/python3.12/site-packages/airflow/example_dags/example_skip_dag.py
[2025-02-23T03:34:07.629+0000] {processor.py:925} INFO - DAG(s) 'example_skip_dag' retrieved from /home/airflow/.local/lib/python3.12/site-packages/airflow/example_dags/example_skip_dag.py
[2025-02-23T03:34:07.890+0000] {logging_mixin.py:190} INFO - [2025-02-23T03:34:07.888+0000] {override.py:1912} INFO - Created Permission View: can read on DAG:example_skip_dag
[2025-02-23T03:34:07.913+0000] {logging_mixin.py:190} INFO - [2025-02-23T03:34:07.912+0000] {override.py:1912} INFO - Created Permission View: can edit on DAG:example_skip_dag
[2025-02-23T03:34:07.929+0000] {logging_mixin.py:190} INFO - [2025-02-23T03:34:07.928+0000] {override.py:1912} INFO - Created Permission View: can delete on DAG:example_skip_dag
[2025-02-23T03:34:07.944+0000] {logging_mixin.py:190} INFO - [2025-02-23T03:34:07.944+0000] {override.py:1912} INFO - Created Permission View: can read on DAG Run:example_skip_dag
[2025-02-23T03:34:07.957+0000] {logging_mixin.py:190} INFO - [2025-02-23T03:34:07.956+0000] {override.py:1912} INFO - Created Permission View: menu access on DAG Run:example_skip_dag
[2025-02-23T03:34:07.971+0000] {logging_mixin.py:190} INFO - [2025-02-23T03:34:07.970+0000] {override.py:1912} INFO - Created Permission View: can create on DAG Run:example_skip_dag
[2025-02-23T03:34:07.984+0000] {logging_mixin.py:190} INFO - [2025-02-23T03:34:07.984+0000] {override.py:1912} INFO - Created Permission View: can delete on DAG Run:example_skip_dag
[2025-02-23T03:34:07.985+0000] {logging_mixin.py:190} INFO - [2025-02-23T03:34:07.985+0000] {dag.py:3239} INFO - Sync 1 DAGs
[2025-02-23T03:34:08.011+0000] {logging_mixin.py:190} INFO - [2025-02-23T03:34:08.011+0000] {dag.py:3262} INFO - Creating ORM DAG for example_skip_dag
[2025-02-23T03:34:08.032+0000] {logging_mixin.py:190} INFO - [2025-02-23T03:34:08.032+0000] {dag.py:4180} INFO - Setting next_dagrun for example_skip_dag to 2025-02-22 00:00:00+00:00, run_after=2025-02-23 00:00:00+00:00
[2025-02-23T03:34:08.068+0000] {processor.py:208} INFO - Processing /home/airflow/.local/lib/python3.12/site-packages/airflow/example_dags/example_skip_dag.py took 0.481 seconds
[2025-02-23T03:34:38.515+0000] {processor.py:186} INFO - Started process (PID=734) to work on /home/airflow/.local/lib/python3.12/site-packages/airflow/example_dags/example_skip_dag.py
[2025-02-23T03:34:38.517+0000] {processor.py:914} INFO - Processing file /home/airflow/.local/lib/python3.12/site-packages/airflow/example_dags/example_skip_dag.py for tasks to queue
[2025-02-23T03:34:38.522+0000] {logging_mixin.py:190} INFO - [2025-02-23T03:34:38.522+0000] {dagbag.py:588} INFO - Filling up the DagBag from /home/airflow/.local/lib/python3.12/site-packages/airflow/example_dags/example_skip_dag.py
[2025-02-23T03:34:38.537+0000] {processor.py:925} INFO - DAG(s) 'example_skip_dag' retrieved from /home/airflow/.local/lib/python3.12/site-packages/airflow/example_dags/example_skip_dag.py
[2025-02-23T03:34:38.575+0000] {logging_mixin.py:190} INFO - [2025-02-23T03:34:38.574+0000] {dag.py:3239} INFO - Sync 1 DAGs
[2025-02-23T03:34:38.622+0000] {logging_mixin.py:190} INFO - [2025-02-23T03:34:38.622+0000] {dag.py:4180} INFO - Setting next_dagrun for example_skip_dag to 2025-02-22 00:00:00+00:00, run_after=2025-02-23 00:00:00+00:00
[2025-02-23T03:34:38.703+0000] {processor.py:208} INFO - Processing /home/airflow/.local/lib/python3.12/site-packages/airflow/example_dags/example_skip_dag.py took 0.199 seconds
[2025-02-23T03:35:08.933+0000] {processor.py:186} INFO - Started process (PID=1023) to work on /home/airflow/.local/lib/python3.12/site-packages/airflow/example_dags/example_skip_dag.py
[2025-02-23T03:35:08.936+0000] {processor.py:914} INFO - Processing file /home/airflow/.local/lib/python3.12/site-packages/airflow/example_dags/example_skip_dag.py for tasks to queue
[2025-02-23T03:35:08.942+0000] {logging_mixin.py:190} INFO - [2025-02-23T03:35:08.941+0000] {dagbag.py:588} INFO - Filling up the DagBag from /home/airflow/.local/lib/python3.12/site-packages/airflow/example_dags/example_skip_dag.py
[2025-02-23T03:35:08.959+0000] {processor.py:925} INFO - DAG(s) 'example_skip_dag' retrieved from /home/airflow/.local/lib/python3.12/site-packages/airflow/example_dags/example_skip_dag.py
[2025-02-23T03:35:09.006+0000] {logging_mixin.py:190} INFO - [2025-02-23T03:35:09.005+0000] {dag.py:3239} INFO - Sync 1 DAGs
[2025-02-23T03:35:09.055+0000] {logging_mixin.py:190} INFO - [2025-02-23T03:35:09.054+0000] {dag.py:4180} INFO - Setting next_dagrun for example_skip_dag to 2025-02-22 00:00:00+00:00, run_after=2025-02-23 00:00:00+00:00
[2025-02-23T03:35:09.103+0000] {processor.py:208} INFO - Processing /home/airflow/.local/lib/python3.12/site-packages/airflow/example_dags/example_skip_dag.py took 0.181 seconds
[2025-02-23T03:35:39.278+0000] {processor.py:186} INFO - Started process (PID=1309) to work on /home/airflow/.local/lib/python3.12/site-packages/airflow/example_dags/example_skip_dag.py
[2025-02-23T03:35:39.281+0000] {processor.py:914} INFO - Processing file /home/airflow/.local/lib/python3.12/site-packages/airflow/example_dags/example_skip_dag.py for tasks to queue
[2025-02-23T03:35:39.291+0000] {logging_mixin.py:190} INFO - [2025-02-23T03:35:39.290+0000] {dagbag.py:588} INFO - Filling up the DagBag from /home/airflow/.local/lib/python3.12/site-packages/airflow/example_dags/example_skip_dag.py
[2025-02-23T03:35:39.324+0000] {processor.py:925} INFO - DAG(s) 'example_skip_dag' retrieved from /home/airflow/.local/lib/python3.12/site-packages/airflow/example_dags/example_skip_dag.py
[2025-02-23T03:35:39.390+0000] {logging_mixin.py:190} INFO - [2025-02-23T03:35:39.389+0000] {dag.py:3239} INFO - Sync 1 DAGs
[2025-02-23T03:35:39.460+0000] {logging_mixin.py:190} INFO - [2025-02-23T03:35:39.460+0000] {dag.py:4180} INFO - Setting next_dagrun for example_skip_dag to 2025-02-22 00:00:00+00:00, run_after=2025-02-23 00:00:00+00:00
[2025-02-23T03:35:39.556+0000] {processor.py:208} INFO - Processing /home/airflow/.local/lib/python3.12/site-packages/airflow/example_dags/example_skip_dag.py took 0.302 seconds
