[2025-02-23T03:26:51.793+0000] {processor.py:186} INFO - Started process (PID=225) to work on /home/airflow/.local/lib/python3.12/site-packages/airflow/example_dags/example_datasets.py
[2025-02-23T03:26:51.796+0000] {processor.py:914} INFO - Processing file /home/airflow/.local/lib/python3.12/site-packages/airflow/example_dags/example_datasets.py for tasks to queue
[2025-02-23T03:26:51.800+0000] {logging_mixin.py:190} INFO - [2025-02-23T03:26:51.799+0000] {dagbag.py:588} INFO - Filling up the DagBag from /home/airflow/.local/lib/python3.12/site-packages/airflow/example_dags/example_datasets.py
[2025-02-23T03:26:54.656+0000] {processor.py:925} INFO - DAG(s) 'dataset_consumes_1_never_scheduled', 'dataset_consumes_1_and_2', 'consume_1_or_both_2_and_3_with_dataset_expressions', 'conditional_dataset_and_time_based_timetable', 'consume_1_and_2_with_dataset_expressions', 'dataset_consumes_unknown_never_scheduled', 'dataset_consumes_1', 'consume_1_or_2_with_dataset_expressions', 'dataset_produces_2', 'dataset_produces_1' retrieved from /home/airflow/.local/lib/python3.12/site-packages/airflow/example_dags/example_datasets.py
[2025-02-23T03:26:55.196+0000] {logging_mixin.py:190} INFO - [2025-02-23T03:26:55.194+0000] {override.py:1912} INFO - Created Permission View: can read on DAG:dataset_consumes_1_never_scheduled
[2025-02-23T03:26:55.215+0000] {logging_mixin.py:190} INFO - [2025-02-23T03:26:55.215+0000] {override.py:1912} INFO - Created Permission View: can delete on DAG:dataset_consumes_1_never_scheduled
[2025-02-23T03:26:55.228+0000] {logging_mixin.py:190} INFO - [2025-02-23T03:26:55.227+0000] {override.py:1912} INFO - Created Permission View: can edit on DAG:dataset_consumes_1_never_scheduled
[2025-02-23T03:26:55.240+0000] {logging_mixin.py:190} INFO - [2025-02-23T03:26:55.239+0000] {override.py:1912} INFO - Created Permission View: can read on DAG Run:dataset_consumes_1_never_scheduled
[2025-02-23T03:26:55.252+0000] {logging_mixin.py:190} INFO - [2025-02-23T03:26:55.251+0000] {override.py:1912} INFO - Created Permission View: menu access on DAG Run:dataset_consumes_1_never_scheduled
[2025-02-23T03:26:55.264+0000] {logging_mixin.py:190} INFO - [2025-02-23T03:26:55.264+0000] {override.py:1912} INFO - Created Permission View: can delete on DAG Run:dataset_consumes_1_never_scheduled
[2025-02-23T03:26:55.280+0000] {logging_mixin.py:190} INFO - [2025-02-23T03:26:55.279+0000] {override.py:1912} INFO - Created Permission View: can create on DAG Run:dataset_consumes_1_never_scheduled
[2025-02-23T03:26:55.304+0000] {logging_mixin.py:190} INFO - [2025-02-23T03:26:55.303+0000] {override.py:1912} INFO - Created Permission View: can read on DAG:dataset_consumes_1_and_2
[2025-02-23T03:26:55.319+0000] {logging_mixin.py:190} INFO - [2025-02-23T03:26:55.318+0000] {override.py:1912} INFO - Created Permission View: can delete on DAG:dataset_consumes_1_and_2
[2025-02-23T03:26:55.331+0000] {logging_mixin.py:190} INFO - [2025-02-23T03:26:55.331+0000] {override.py:1912} INFO - Created Permission View: can edit on DAG:dataset_consumes_1_and_2
[2025-02-23T03:26:55.344+0000] {logging_mixin.py:190} INFO - [2025-02-23T03:26:55.343+0000] {override.py:1912} INFO - Created Permission View: can read on DAG Run:dataset_consumes_1_and_2
[2025-02-23T03:26:55.357+0000] {logging_mixin.py:190} INFO - [2025-02-23T03:26:55.356+0000] {override.py:1912} INFO - Created Permission View: menu access on DAG Run:dataset_consumes_1_and_2
[2025-02-23T03:26:55.372+0000] {logging_mixin.py:190} INFO - [2025-02-23T03:26:55.371+0000] {override.py:1912} INFO - Created Permission View: can delete on DAG Run:dataset_consumes_1_and_2
[2025-02-23T03:26:55.383+0000] {logging_mixin.py:190} INFO - [2025-02-23T03:26:55.383+0000] {override.py:1912} INFO - Created Permission View: can create on DAG Run:dataset_consumes_1_and_2
[2025-02-23T03:26:55.418+0000] {logging_mixin.py:190} INFO - [2025-02-23T03:26:55.417+0000] {override.py:1912} INFO - Created Permission View: can read on DAG:consume_1_or_both_2_and_3_with_dataset_expressions
[2025-02-23T03:26:55.438+0000] {logging_mixin.py:190} INFO - [2025-02-23T03:26:55.437+0000] {override.py:1912} INFO - Created Permission View: can delete on DAG:consume_1_or_both_2_and_3_with_dataset_expressions
[2025-02-23T03:26:55.455+0000] {logging_mixin.py:190} INFO - [2025-02-23T03:26:55.454+0000] {override.py:1912} INFO - Created Permission View: can edit on DAG:consume_1_or_both_2_and_3_with_dataset_expressions
[2025-02-23T03:26:55.474+0000] {logging_mixin.py:190} INFO - [2025-02-23T03:26:55.473+0000] {override.py:1912} INFO - Created Permission View: can read on DAG Run:consume_1_or_both_2_and_3_with_dataset_expressions
[2025-02-23T03:26:55.487+0000] {logging_mixin.py:190} INFO - [2025-02-23T03:26:55.486+0000] {override.py:1912} INFO - Created Permission View: menu access on DAG Run:consume_1_or_both_2_and_3_with_dataset_expressions
[2025-02-23T03:26:55.498+0000] {logging_mixin.py:190} INFO - [2025-02-23T03:26:55.497+0000] {override.py:1912} INFO - Created Permission View: can delete on DAG Run:consume_1_or_both_2_and_3_with_dataset_expressions
[2025-02-23T03:26:55.508+0000] {logging_mixin.py:190} INFO - [2025-02-23T03:26:55.507+0000] {override.py:1912} INFO - Created Permission View: can create on DAG Run:consume_1_or_both_2_and_3_with_dataset_expressions
[2025-02-23T03:26:55.532+0000] {logging_mixin.py:190} INFO - [2025-02-23T03:26:55.532+0000] {override.py:1912} INFO - Created Permission View: can read on DAG:conditional_dataset_and_time_based_timetable
[2025-02-23T03:26:55.543+0000] {logging_mixin.py:190} INFO - [2025-02-23T03:26:55.543+0000] {override.py:1912} INFO - Created Permission View: can delete on DAG:conditional_dataset_and_time_based_timetable
[2025-02-23T03:26:55.557+0000] {logging_mixin.py:190} INFO - [2025-02-23T03:26:55.556+0000] {override.py:1912} INFO - Created Permission View: can edit on DAG:conditional_dataset_and_time_based_timetable
[2025-02-23T03:26:55.573+0000] {logging_mixin.py:190} INFO - [2025-02-23T03:26:55.573+0000] {override.py:1912} INFO - Created Permission View: can read on DAG Run:conditional_dataset_and_time_based_timetable
[2025-02-23T03:26:55.585+0000] {logging_mixin.py:190} INFO - [2025-02-23T03:26:55.584+0000] {override.py:1912} INFO - Created Permission View: menu access on DAG Run:conditional_dataset_and_time_based_timetable
[2025-02-23T03:26:55.595+0000] {logging_mixin.py:190} INFO - [2025-02-23T03:26:55.595+0000] {override.py:1912} INFO - Created Permission View: can delete on DAG Run:conditional_dataset_and_time_based_timetable
[2025-02-23T03:26:55.608+0000] {logging_mixin.py:190} INFO - [2025-02-23T03:26:55.607+0000] {override.py:1912} INFO - Created Permission View: can create on DAG Run:conditional_dataset_and_time_based_timetable
[2025-02-23T03:26:55.625+0000] {logging_mixin.py:190} INFO - [2025-02-23T03:26:55.624+0000] {override.py:1912} INFO - Created Permission View: can read on DAG:consume_1_and_2_with_dataset_expressions
[2025-02-23T03:26:55.639+0000] {logging_mixin.py:190} INFO - [2025-02-23T03:26:55.639+0000] {override.py:1912} INFO - Created Permission View: can delete on DAG:consume_1_and_2_with_dataset_expressions
[2025-02-23T03:26:55.649+0000] {logging_mixin.py:190} INFO - [2025-02-23T03:26:55.648+0000] {override.py:1912} INFO - Created Permission View: can edit on DAG:consume_1_and_2_with_dataset_expressions
[2025-02-23T03:26:55.659+0000] {logging_mixin.py:190} INFO - [2025-02-23T03:26:55.658+0000] {override.py:1912} INFO - Created Permission View: can read on DAG Run:consume_1_and_2_with_dataset_expressions
[2025-02-23T03:26:55.675+0000] {logging_mixin.py:190} INFO - [2025-02-23T03:26:55.674+0000] {override.py:1912} INFO - Created Permission View: menu access on DAG Run:consume_1_and_2_with_dataset_expressions
[2025-02-23T03:26:55.686+0000] {logging_mixin.py:190} INFO - [2025-02-23T03:26:55.686+0000] {override.py:1912} INFO - Created Permission View: can delete on DAG Run:consume_1_and_2_with_dataset_expressions
[2025-02-23T03:26:55.702+0000] {logging_mixin.py:190} INFO - [2025-02-23T03:26:55.701+0000] {override.py:1912} INFO - Created Permission View: can create on DAG Run:consume_1_and_2_with_dataset_expressions
[2025-02-23T03:26:55.726+0000] {logging_mixin.py:190} INFO - [2025-02-23T03:26:55.726+0000] {override.py:1912} INFO - Created Permission View: can read on DAG:dataset_consumes_unknown_never_scheduled
[2025-02-23T03:26:55.739+0000] {logging_mixin.py:190} INFO - [2025-02-23T03:26:55.738+0000] {override.py:1912} INFO - Created Permission View: can delete on DAG:dataset_consumes_unknown_never_scheduled
[2025-02-23T03:26:55.751+0000] {logging_mixin.py:190} INFO - [2025-02-23T03:26:55.750+0000] {override.py:1912} INFO - Created Permission View: can edit on DAG:dataset_consumes_unknown_never_scheduled
[2025-02-23T03:26:55.764+0000] {logging_mixin.py:190} INFO - [2025-02-23T03:26:55.764+0000] {override.py:1912} INFO - Created Permission View: can read on DAG Run:dataset_consumes_unknown_never_scheduled
[2025-02-23T03:26:55.778+0000] {logging_mixin.py:190} INFO - [2025-02-23T03:26:55.777+0000] {override.py:1912} INFO - Created Permission View: menu access on DAG Run:dataset_consumes_unknown_never_scheduled
[2025-02-23T03:26:55.791+0000] {logging_mixin.py:190} INFO - [2025-02-23T03:26:55.790+0000] {override.py:1912} INFO - Created Permission View: can delete on DAG Run:dataset_consumes_unknown_never_scheduled
[2025-02-23T03:26:55.803+0000] {logging_mixin.py:190} INFO - [2025-02-23T03:26:55.802+0000] {override.py:1912} INFO - Created Permission View: can create on DAG Run:dataset_consumes_unknown_never_scheduled
[2025-02-23T03:26:55.825+0000] {logging_mixin.py:190} INFO - [2025-02-23T03:26:55.825+0000] {override.py:1912} INFO - Created Permission View: can read on DAG:dataset_consumes_1
[2025-02-23T03:26:55.841+0000] {logging_mixin.py:190} INFO - [2025-02-23T03:26:55.841+0000] {override.py:1912} INFO - Created Permission View: can delete on DAG:dataset_consumes_1
[2025-02-23T03:26:55.854+0000] {logging_mixin.py:190} INFO - [2025-02-23T03:26:55.853+0000] {override.py:1912} INFO - Created Permission View: can edit on DAG:dataset_consumes_1
[2025-02-23T03:26:55.869+0000] {logging_mixin.py:190} INFO - [2025-02-23T03:26:55.869+0000] {override.py:1912} INFO - Created Permission View: can read on DAG Run:dataset_consumes_1
[2025-02-23T03:26:55.883+0000] {logging_mixin.py:190} INFO - [2025-02-23T03:26:55.882+0000] {override.py:1912} INFO - Created Permission View: menu access on DAG Run:dataset_consumes_1
[2025-02-23T03:26:55.897+0000] {logging_mixin.py:190} INFO - [2025-02-23T03:26:55.896+0000] {override.py:1912} INFO - Created Permission View: can delete on DAG Run:dataset_consumes_1
[2025-02-23T03:26:55.912+0000] {logging_mixin.py:190} INFO - [2025-02-23T03:26:55.911+0000] {override.py:1912} INFO - Created Permission View: can create on DAG Run:dataset_consumes_1
[2025-02-23T03:26:55.941+0000] {logging_mixin.py:190} INFO - [2025-02-23T03:26:55.941+0000] {override.py:1912} INFO - Created Permission View: can read on DAG:consume_1_or_2_with_dataset_expressions
[2025-02-23T03:26:55.955+0000] {logging_mixin.py:190} INFO - [2025-02-23T03:26:55.955+0000] {override.py:1912} INFO - Created Permission View: can delete on DAG:consume_1_or_2_with_dataset_expressions
[2025-02-23T03:26:55.975+0000] {logging_mixin.py:190} INFO - [2025-02-23T03:26:55.974+0000] {override.py:1912} INFO - Created Permission View: can edit on DAG:consume_1_or_2_with_dataset_expressions
[2025-02-23T03:26:55.993+0000] {logging_mixin.py:190} INFO - [2025-02-23T03:26:55.992+0000] {override.py:1912} INFO - Created Permission View: can read on DAG Run:consume_1_or_2_with_dataset_expressions
[2025-02-23T03:26:56.006+0000] {logging_mixin.py:190} INFO - [2025-02-23T03:26:56.005+0000] {override.py:1912} INFO - Created Permission View: menu access on DAG Run:consume_1_or_2_with_dataset_expressions
[2025-02-23T03:26:56.018+0000] {logging_mixin.py:190} INFO - [2025-02-23T03:26:56.018+0000] {override.py:1912} INFO - Created Permission View: can delete on DAG Run:consume_1_or_2_with_dataset_expressions
[2025-02-23T03:26:56.035+0000] {logging_mixin.py:190} INFO - [2025-02-23T03:26:56.034+0000] {override.py:1912} INFO - Created Permission View: can create on DAG Run:consume_1_or_2_with_dataset_expressions
[2025-02-23T03:26:56.063+0000] {logging_mixin.py:190} INFO - [2025-02-23T03:26:56.062+0000] {override.py:1912} INFO - Created Permission View: can read on DAG:dataset_produces_2
[2025-02-23T03:26:56.086+0000] {logging_mixin.py:190} INFO - [2025-02-23T03:26:56.085+0000] {override.py:1912} INFO - Created Permission View: can delete on DAG:dataset_produces_2
[2025-02-23T03:26:56.106+0000] {logging_mixin.py:190} INFO - [2025-02-23T03:26:56.105+0000] {override.py:1912} INFO - Created Permission View: can edit on DAG:dataset_produces_2
[2025-02-23T03:26:56.127+0000] {logging_mixin.py:190} INFO - [2025-02-23T03:26:56.126+0000] {override.py:1912} INFO - Created Permission View: can read on DAG Run:dataset_produces_2
[2025-02-23T03:26:56.142+0000] {logging_mixin.py:190} INFO - [2025-02-23T03:26:56.142+0000] {override.py:1912} INFO - Created Permission View: menu access on DAG Run:dataset_produces_2
[2025-02-23T03:26:56.156+0000] {logging_mixin.py:190} INFO - [2025-02-23T03:26:56.155+0000] {override.py:1912} INFO - Created Permission View: can delete on DAG Run:dataset_produces_2
[2025-02-23T03:26:56.169+0000] {logging_mixin.py:190} INFO - [2025-02-23T03:26:56.169+0000] {override.py:1912} INFO - Created Permission View: can create on DAG Run:dataset_produces_2
[2025-02-23T03:26:56.196+0000] {logging_mixin.py:190} INFO - [2025-02-23T03:26:56.195+0000] {override.py:1912} INFO - Created Permission View: can read on DAG:dataset_produces_1
[2025-02-23T03:26:56.209+0000] {logging_mixin.py:190} INFO - [2025-02-23T03:26:56.209+0000] {override.py:1912} INFO - Created Permission View: can delete on DAG:dataset_produces_1
[2025-02-23T03:26:56.223+0000] {logging_mixin.py:190} INFO - [2025-02-23T03:26:56.223+0000] {override.py:1912} INFO - Created Permission View: can edit on DAG:dataset_produces_1
[2025-02-23T03:26:56.243+0000] {logging_mixin.py:190} INFO - [2025-02-23T03:26:56.243+0000] {override.py:1912} INFO - Created Permission View: can read on DAG Run:dataset_produces_1
[2025-02-23T03:26:56.260+0000] {logging_mixin.py:190} INFO - [2025-02-23T03:26:56.259+0000] {override.py:1912} INFO - Created Permission View: menu access on DAG Run:dataset_produces_1
[2025-02-23T03:26:56.275+0000] {logging_mixin.py:190} INFO - [2025-02-23T03:26:56.274+0000] {override.py:1912} INFO - Created Permission View: can delete on DAG Run:dataset_produces_1
[2025-02-23T03:26:56.289+0000] {logging_mixin.py:190} INFO - [2025-02-23T03:26:56.288+0000] {override.py:1912} INFO - Created Permission View: can create on DAG Run:dataset_produces_1
[2025-02-23T03:26:56.290+0000] {logging_mixin.py:190} INFO - [2025-02-23T03:26:56.290+0000] {dag.py:3239} INFO - Sync 10 DAGs
[2025-02-23T03:26:56.313+0000] {logging_mixin.py:190} INFO - [2025-02-23T03:26:56.312+0000] {dag.py:3262} INFO - Creating ORM DAG for dataset_consumes_1_and_2
[2025-02-23T03:26:56.315+0000] {logging_mixin.py:190} INFO - [2025-02-23T03:26:56.315+0000] {dag.py:3262} INFO - Creating ORM DAG for conditional_dataset_and_time_based_timetable
[2025-02-23T03:26:56.317+0000] {logging_mixin.py:190} INFO - [2025-02-23T03:26:56.316+0000] {dag.py:3262} INFO - Creating ORM DAG for dataset_produces_1
[2025-02-23T03:26:56.318+0000] {logging_mixin.py:190} INFO - [2025-02-23T03:26:56.317+0000] {dag.py:3262} INFO - Creating ORM DAG for dataset_consumes_1_never_scheduled
[2025-02-23T03:26:56.319+0000] {logging_mixin.py:190} INFO - [2025-02-23T03:26:56.319+0000] {dag.py:3262} INFO - Creating ORM DAG for consume_1_or_both_2_and_3_with_dataset_expressions
[2025-02-23T03:26:56.320+0000] {logging_mixin.py:190} INFO - [2025-02-23T03:26:56.320+0000] {dag.py:3262} INFO - Creating ORM DAG for dataset_consumes_unknown_never_scheduled
[2025-02-23T03:26:56.321+0000] {logging_mixin.py:190} INFO - [2025-02-23T03:26:56.321+0000] {dag.py:3262} INFO - Creating ORM DAG for consume_1_or_2_with_dataset_expressions
[2025-02-23T03:26:56.322+0000] {logging_mixin.py:190} INFO - [2025-02-23T03:26:56.322+0000] {dag.py:3262} INFO - Creating ORM DAG for dataset_consumes_1
[2025-02-23T03:26:56.323+0000] {logging_mixin.py:190} INFO - [2025-02-23T03:26:56.323+0000] {dag.py:3262} INFO - Creating ORM DAG for consume_1_and_2_with_dataset_expressions
[2025-02-23T03:26:56.324+0000] {logging_mixin.py:190} INFO - [2025-02-23T03:26:56.324+0000] {dag.py:3262} INFO - Creating ORM DAG for dataset_produces_2
[2025-02-23T03:26:56.342+0000] {logging_mixin.py:190} INFO - [2025-02-23T03:26:56.342+0000] {dag.py:4180} INFO - Setting next_dagrun for conditional_dataset_and_time_based_timetable to 2025-02-19 01:00:00+00:00, run_after=2025-02-19 01:00:00+00:00
[2025-02-23T03:26:56.344+0000] {logging_mixin.py:190} INFO - [2025-02-23T03:26:56.344+0000] {dag.py:4180} INFO - Setting next_dagrun for consume_1_and_2_with_dataset_expressions to None, run_after=None
[2025-02-23T03:26:56.345+0000] {logging_mixin.py:190} INFO - [2025-02-23T03:26:56.345+0000] {dag.py:4180} INFO - Setting next_dagrun for consume_1_or_2_with_dataset_expressions to None, run_after=None
[2025-02-23T03:26:56.346+0000] {logging_mixin.py:190} INFO - [2025-02-23T03:26:56.346+0000] {dag.py:4180} INFO - Setting next_dagrun for consume_1_or_both_2_and_3_with_dataset_expressions to None, run_after=None
[2025-02-23T03:26:56.347+0000] {logging_mixin.py:190} INFO - [2025-02-23T03:26:56.347+0000] {dag.py:4180} INFO - Setting next_dagrun for dataset_consumes_1 to None, run_after=None
[2025-02-23T03:26:56.348+0000] {logging_mixin.py:190} INFO - [2025-02-23T03:26:56.348+0000] {dag.py:4180} INFO - Setting next_dagrun for dataset_consumes_1_and_2 to None, run_after=None
[2025-02-23T03:26:56.349+0000] {logging_mixin.py:190} INFO - [2025-02-23T03:26:56.349+0000] {dag.py:4180} INFO - Setting next_dagrun for dataset_consumes_1_never_scheduled to None, run_after=None
[2025-02-23T03:26:56.351+0000] {logging_mixin.py:190} INFO - [2025-02-23T03:26:56.350+0000] {dag.py:4180} INFO - Setting next_dagrun for dataset_consumes_unknown_never_scheduled to None, run_after=None
[2025-02-23T03:26:56.354+0000] {logging_mixin.py:190} INFO - [2025-02-23T03:26:56.353+0000] {dag.py:4180} INFO - Setting next_dagrun for dataset_produces_1 to 2025-02-22 00:00:00+00:00, run_after=2025-02-23 00:00:00+00:00
[2025-02-23T03:26:56.355+0000] {logging_mixin.py:190} INFO - [2025-02-23T03:26:56.354+0000] {dag.py:4180} INFO - Setting next_dagrun for dataset_produces_2 to None, run_after=None
[2025-02-23T03:26:56.438+0000] {processor.py:208} INFO - Processing /home/airflow/.local/lib/python3.12/site-packages/airflow/example_dags/example_datasets.py took 4.659 seconds
[2025-02-23T03:27:26.745+0000] {processor.py:186} INFO - Started process (PID=553) to work on /home/airflow/.local/lib/python3.12/site-packages/airflow/example_dags/example_datasets.py
[2025-02-23T03:27:26.748+0000] {processor.py:914} INFO - Processing file /home/airflow/.local/lib/python3.12/site-packages/airflow/example_dags/example_datasets.py for tasks to queue
[2025-02-23T03:27:26.753+0000] {logging_mixin.py:190} INFO - [2025-02-23T03:27:26.752+0000] {dagbag.py:588} INFO - Filling up the DagBag from /home/airflow/.local/lib/python3.12/site-packages/airflow/example_dags/example_datasets.py
[2025-02-23T03:27:27.535+0000] {processor.py:925} INFO - DAG(s) 'dataset_consumes_1_and_2', 'dataset_produces_1', 'dataset_produces_2', 'consume_1_or_2_with_dataset_expressions', 'consume_1_and_2_with_dataset_expressions', 'dataset_consumes_1', 'dataset_consumes_unknown_never_scheduled', 'consume_1_or_both_2_and_3_with_dataset_expressions', 'dataset_consumes_1_never_scheduled', 'conditional_dataset_and_time_based_timetable' retrieved from /home/airflow/.local/lib/python3.12/site-packages/airflow/example_dags/example_datasets.py
[2025-02-23T03:27:27.648+0000] {logging_mixin.py:190} INFO - [2025-02-23T03:27:27.647+0000] {dag.py:3239} INFO - Sync 10 DAGs
[2025-02-23T03:27:27.702+0000] {logging_mixin.py:190} INFO - [2025-02-23T03:27:27.702+0000] {dag.py:4180} INFO - Setting next_dagrun for conditional_dataset_and_time_based_timetable to 2025-02-19 01:00:00+00:00, run_after=2025-02-19 01:00:00+00:00
[2025-02-23T03:27:27.710+0000] {logging_mixin.py:190} INFO - [2025-02-23T03:27:27.710+0000] {dag.py:4180} INFO - Setting next_dagrun for consume_1_and_2_with_dataset_expressions to None, run_after=None
[2025-02-23T03:27:27.713+0000] {logging_mixin.py:190} INFO - [2025-02-23T03:27:27.713+0000] {dag.py:4180} INFO - Setting next_dagrun for consume_1_or_2_with_dataset_expressions to None, run_after=None
[2025-02-23T03:27:27.716+0000] {logging_mixin.py:190} INFO - [2025-02-23T03:27:27.715+0000] {dag.py:4180} INFO - Setting next_dagrun for consume_1_or_both_2_and_3_with_dataset_expressions to None, run_after=None
[2025-02-23T03:27:27.721+0000] {logging_mixin.py:190} INFO - [2025-02-23T03:27:27.721+0000] {dag.py:4180} INFO - Setting next_dagrun for dataset_consumes_1 to None, run_after=None
[2025-02-23T03:27:27.728+0000] {logging_mixin.py:190} INFO - [2025-02-23T03:27:27.727+0000] {dag.py:4180} INFO - Setting next_dagrun for dataset_consumes_1_and_2 to None, run_after=None
[2025-02-23T03:27:27.734+0000] {logging_mixin.py:190} INFO - [2025-02-23T03:27:27.733+0000] {dag.py:4180} INFO - Setting next_dagrun for dataset_consumes_1_never_scheduled to None, run_after=None
[2025-02-23T03:27:27.737+0000] {logging_mixin.py:190} INFO - [2025-02-23T03:27:27.737+0000] {dag.py:4180} INFO - Setting next_dagrun for dataset_consumes_unknown_never_scheduled to None, run_after=None
[2025-02-23T03:27:27.742+0000] {logging_mixin.py:190} INFO - [2025-02-23T03:27:27.741+0000] {dag.py:4180} INFO - Setting next_dagrun for dataset_produces_1 to 2025-02-22 00:00:00+00:00, run_after=2025-02-23 00:00:00+00:00
[2025-02-23T03:27:27.745+0000] {logging_mixin.py:190} INFO - [2025-02-23T03:27:27.744+0000] {dag.py:4180} INFO - Setting next_dagrun for dataset_produces_2 to None, run_after=None
[2025-02-23T03:27:28.227+0000] {processor.py:208} INFO - Processing /home/airflow/.local/lib/python3.12/site-packages/airflow/example_dags/example_datasets.py took 1.496 seconds
[2025-02-23T03:27:58.848+0000] {processor.py:186} INFO - Started process (PID=859) to work on /home/airflow/.local/lib/python3.12/site-packages/airflow/example_dags/example_datasets.py
[2025-02-23T03:27:58.851+0000] {processor.py:914} INFO - Processing file /home/airflow/.local/lib/python3.12/site-packages/airflow/example_dags/example_datasets.py for tasks to queue
[2025-02-23T03:27:58.858+0000] {logging_mixin.py:190} INFO - [2025-02-23T03:27:58.857+0000] {dagbag.py:588} INFO - Filling up the DagBag from /home/airflow/.local/lib/python3.12/site-packages/airflow/example_dags/example_datasets.py
[2025-02-23T03:28:00.030+0000] {processor.py:925} INFO - DAG(s) 'dataset_produces_2', 'consume_1_and_2_with_dataset_expressions', 'dataset_consumes_unknown_never_scheduled', 'dataset_consumes_1', 'consume_1_or_both_2_and_3_with_dataset_expressions', 'dataset_consumes_1_and_2', 'conditional_dataset_and_time_based_timetable', 'consume_1_or_2_with_dataset_expressions', 'dataset_consumes_1_never_scheduled', 'dataset_produces_1' retrieved from /home/airflow/.local/lib/python3.12/site-packages/airflow/example_dags/example_datasets.py
[2025-02-23T03:28:00.120+0000] {logging_mixin.py:190} INFO - [2025-02-23T03:28:00.119+0000] {dag.py:3239} INFO - Sync 10 DAGs
[2025-02-23T03:28:00.169+0000] {logging_mixin.py:190} INFO - [2025-02-23T03:28:00.168+0000] {dag.py:4180} INFO - Setting next_dagrun for conditional_dataset_and_time_based_timetable to 2025-02-19 01:00:00+00:00, run_after=2025-02-19 01:00:00+00:00
[2025-02-23T03:28:00.177+0000] {logging_mixin.py:190} INFO - [2025-02-23T03:28:00.177+0000] {dag.py:4180} INFO - Setting next_dagrun for consume_1_and_2_with_dataset_expressions to None, run_after=None
[2025-02-23T03:28:00.181+0000] {logging_mixin.py:190} INFO - [2025-02-23T03:28:00.181+0000] {dag.py:4180} INFO - Setting next_dagrun for consume_1_or_2_with_dataset_expressions to None, run_after=None
[2025-02-23T03:28:00.185+0000] {logging_mixin.py:190} INFO - [2025-02-23T03:28:00.185+0000] {dag.py:4180} INFO - Setting next_dagrun for consume_1_or_both_2_and_3_with_dataset_expressions to None, run_after=None
[2025-02-23T03:28:00.194+0000] {logging_mixin.py:190} INFO - [2025-02-23T03:28:00.194+0000] {dag.py:4180} INFO - Setting next_dagrun for dataset_consumes_1 to None, run_after=None
[2025-02-23T03:28:00.198+0000] {logging_mixin.py:190} INFO - [2025-02-23T03:28:00.197+0000] {dag.py:4180} INFO - Setting next_dagrun for dataset_consumes_1_and_2 to None, run_after=None
[2025-02-23T03:28:00.201+0000] {logging_mixin.py:190} INFO - [2025-02-23T03:28:00.200+0000] {dag.py:4180} INFO - Setting next_dagrun for dataset_consumes_1_never_scheduled to None, run_after=None
[2025-02-23T03:28:00.204+0000] {logging_mixin.py:190} INFO - [2025-02-23T03:28:00.204+0000] {dag.py:4180} INFO - Setting next_dagrun for dataset_consumes_unknown_never_scheduled to None, run_after=None
[2025-02-23T03:28:00.211+0000] {logging_mixin.py:190} INFO - [2025-02-23T03:28:00.209+0000] {dag.py:4180} INFO - Setting next_dagrun for dataset_produces_1 to 2025-02-22 00:00:00+00:00, run_after=2025-02-23 00:00:00+00:00
[2025-02-23T03:28:00.214+0000] {logging_mixin.py:190} INFO - [2025-02-23T03:28:00.214+0000] {dag.py:4180} INFO - Setting next_dagrun for dataset_produces_2 to None, run_after=None
[2025-02-23T03:28:00.297+0000] {processor.py:208} INFO - Processing /home/airflow/.local/lib/python3.12/site-packages/airflow/example_dags/example_datasets.py took 1.466 seconds
[2025-02-23T03:33:50.104+0000] {processor.py:186} INFO - Started process (PID=225) to work on /home/airflow/.local/lib/python3.12/site-packages/airflow/example_dags/example_datasets.py
[2025-02-23T03:33:50.106+0000] {processor.py:914} INFO - Processing file /home/airflow/.local/lib/python3.12/site-packages/airflow/example_dags/example_datasets.py for tasks to queue
[2025-02-23T03:33:50.110+0000] {logging_mixin.py:190} INFO - [2025-02-23T03:33:50.109+0000] {dagbag.py:588} INFO - Filling up the DagBag from /home/airflow/.local/lib/python3.12/site-packages/airflow/example_dags/example_datasets.py
[2025-02-23T03:33:52.934+0000] {processor.py:925} INFO - DAG(s) 'consume_1_or_both_2_and_3_with_dataset_expressions', 'dataset_consumes_1', 'dataset_produces_1', 'dataset_consumes_1_and_2', 'dataset_consumes_1_never_scheduled', 'consume_1_and_2_with_dataset_expressions', 'dataset_consumes_unknown_never_scheduled', 'consume_1_or_2_with_dataset_expressions', 'dataset_produces_2', 'conditional_dataset_and_time_based_timetable' retrieved from /home/airflow/.local/lib/python3.12/site-packages/airflow/example_dags/example_datasets.py
[2025-02-23T03:33:53.580+0000] {logging_mixin.py:190} INFO - [2025-02-23T03:33:53.579+0000] {override.py:1912} INFO - Created Permission View: can read on DAG:consume_1_or_both_2_and_3_with_dataset_expressions
[2025-02-23T03:33:53.601+0000] {logging_mixin.py:190} INFO - [2025-02-23T03:33:53.600+0000] {override.py:1912} INFO - Created Permission View: can edit on DAG:consume_1_or_both_2_and_3_with_dataset_expressions
[2025-02-23T03:33:53.616+0000] {logging_mixin.py:190} INFO - [2025-02-23T03:33:53.615+0000] {override.py:1912} INFO - Created Permission View: can delete on DAG:consume_1_or_both_2_and_3_with_dataset_expressions
[2025-02-23T03:33:53.634+0000] {logging_mixin.py:190} INFO - [2025-02-23T03:33:53.633+0000] {override.py:1912} INFO - Created Permission View: can read on DAG Run:consume_1_or_both_2_and_3_with_dataset_expressions
[2025-02-23T03:33:53.647+0000] {logging_mixin.py:190} INFO - [2025-02-23T03:33:53.646+0000] {override.py:1912} INFO - Created Permission View: menu access on DAG Run:consume_1_or_both_2_and_3_with_dataset_expressions
[2025-02-23T03:33:53.659+0000] {logging_mixin.py:190} INFO - [2025-02-23T03:33:53.658+0000] {override.py:1912} INFO - Created Permission View: can create on DAG Run:consume_1_or_both_2_and_3_with_dataset_expressions
[2025-02-23T03:33:53.672+0000] {logging_mixin.py:190} INFO - [2025-02-23T03:33:53.671+0000] {override.py:1912} INFO - Created Permission View: can delete on DAG Run:consume_1_or_both_2_and_3_with_dataset_expressions
[2025-02-23T03:33:53.700+0000] {logging_mixin.py:190} INFO - [2025-02-23T03:33:53.699+0000] {override.py:1912} INFO - Created Permission View: can read on DAG:dataset_consumes_1
[2025-02-23T03:33:53.722+0000] {logging_mixin.py:190} INFO - [2025-02-23T03:33:53.721+0000] {override.py:1912} INFO - Created Permission View: can edit on DAG:dataset_consumes_1
[2025-02-23T03:33:53.739+0000] {logging_mixin.py:190} INFO - [2025-02-23T03:33:53.739+0000] {override.py:1912} INFO - Created Permission View: can delete on DAG:dataset_consumes_1
[2025-02-23T03:33:53.761+0000] {logging_mixin.py:190} INFO - [2025-02-23T03:33:53.760+0000] {override.py:1912} INFO - Created Permission View: can read on DAG Run:dataset_consumes_1
[2025-02-23T03:33:53.777+0000] {logging_mixin.py:190} INFO - [2025-02-23T03:33:53.777+0000] {override.py:1912} INFO - Created Permission View: menu access on DAG Run:dataset_consumes_1
[2025-02-23T03:33:53.795+0000] {logging_mixin.py:190} INFO - [2025-02-23T03:33:53.794+0000] {override.py:1912} INFO - Created Permission View: can create on DAG Run:dataset_consumes_1
[2025-02-23T03:33:53.809+0000] {logging_mixin.py:190} INFO - [2025-02-23T03:33:53.809+0000] {override.py:1912} INFO - Created Permission View: can delete on DAG Run:dataset_consumes_1
[2025-02-23T03:33:53.838+0000] {logging_mixin.py:190} INFO - [2025-02-23T03:33:53.837+0000] {override.py:1912} INFO - Created Permission View: can read on DAG:dataset_produces_1
[2025-02-23T03:33:53.853+0000] {logging_mixin.py:190} INFO - [2025-02-23T03:33:53.852+0000] {override.py:1912} INFO - Created Permission View: can edit on DAG:dataset_produces_1
[2025-02-23T03:33:53.870+0000] {logging_mixin.py:190} INFO - [2025-02-23T03:33:53.869+0000] {override.py:1912} INFO - Created Permission View: can delete on DAG:dataset_produces_1
[2025-02-23T03:33:53.892+0000] {logging_mixin.py:190} INFO - [2025-02-23T03:33:53.891+0000] {override.py:1912} INFO - Created Permission View: can read on DAG Run:dataset_produces_1
[2025-02-23T03:33:53.910+0000] {logging_mixin.py:190} INFO - [2025-02-23T03:33:53.909+0000] {override.py:1912} INFO - Created Permission View: menu access on DAG Run:dataset_produces_1
[2025-02-23T03:33:53.926+0000] {logging_mixin.py:190} INFO - [2025-02-23T03:33:53.925+0000] {override.py:1912} INFO - Created Permission View: can create on DAG Run:dataset_produces_1
[2025-02-23T03:33:53.940+0000] {logging_mixin.py:190} INFO - [2025-02-23T03:33:53.940+0000] {override.py:1912} INFO - Created Permission View: can delete on DAG Run:dataset_produces_1
[2025-02-23T03:33:53.971+0000] {logging_mixin.py:190} INFO - [2025-02-23T03:33:53.970+0000] {override.py:1912} INFO - Created Permission View: can read on DAG:dataset_consumes_1_and_2
[2025-02-23T03:33:53.986+0000] {logging_mixin.py:190} INFO - [2025-02-23T03:33:53.986+0000] {override.py:1912} INFO - Created Permission View: can edit on DAG:dataset_consumes_1_and_2
[2025-02-23T03:33:54.006+0000] {logging_mixin.py:190} INFO - [2025-02-23T03:33:54.005+0000] {override.py:1912} INFO - Created Permission View: can delete on DAG:dataset_consumes_1_and_2
[2025-02-23T03:33:54.021+0000] {logging_mixin.py:190} INFO - [2025-02-23T03:33:54.021+0000] {override.py:1912} INFO - Created Permission View: can read on DAG Run:dataset_consumes_1_and_2
[2025-02-23T03:33:54.035+0000] {logging_mixin.py:190} INFO - [2025-02-23T03:33:54.034+0000] {override.py:1912} INFO - Created Permission View: menu access on DAG Run:dataset_consumes_1_and_2
[2025-02-23T03:33:54.048+0000] {logging_mixin.py:190} INFO - [2025-02-23T03:33:54.047+0000] {override.py:1912} INFO - Created Permission View: can create on DAG Run:dataset_consumes_1_and_2
[2025-02-23T03:33:54.066+0000] {logging_mixin.py:190} INFO - [2025-02-23T03:33:54.065+0000] {override.py:1912} INFO - Created Permission View: can delete on DAG Run:dataset_consumes_1_and_2
[2025-02-23T03:33:54.107+0000] {logging_mixin.py:190} INFO - [2025-02-23T03:33:54.106+0000] {override.py:1912} INFO - Created Permission View: can read on DAG:dataset_consumes_1_never_scheduled
[2025-02-23T03:33:54.129+0000] {logging_mixin.py:190} INFO - [2025-02-23T03:33:54.128+0000] {override.py:1912} INFO - Created Permission View: can edit on DAG:dataset_consumes_1_never_scheduled
[2025-02-23T03:33:54.148+0000] {logging_mixin.py:190} INFO - [2025-02-23T03:33:54.147+0000] {override.py:1912} INFO - Created Permission View: can delete on DAG:dataset_consumes_1_never_scheduled
[2025-02-23T03:33:54.169+0000] {logging_mixin.py:190} INFO - [2025-02-23T03:33:54.168+0000] {override.py:1912} INFO - Created Permission View: can read on DAG Run:dataset_consumes_1_never_scheduled
[2025-02-23T03:33:54.189+0000] {logging_mixin.py:190} INFO - [2025-02-23T03:33:54.188+0000] {override.py:1912} INFO - Created Permission View: menu access on DAG Run:dataset_consumes_1_never_scheduled
[2025-02-23T03:33:54.209+0000] {logging_mixin.py:190} INFO - [2025-02-23T03:33:54.208+0000] {override.py:1912} INFO - Created Permission View: can create on DAG Run:dataset_consumes_1_never_scheduled
[2025-02-23T03:33:54.228+0000] {logging_mixin.py:190} INFO - [2025-02-23T03:33:54.226+0000] {override.py:1912} INFO - Created Permission View: can delete on DAG Run:dataset_consumes_1_never_scheduled
[2025-02-23T03:33:54.262+0000] {logging_mixin.py:190} INFO - [2025-02-23T03:33:54.261+0000] {override.py:1912} INFO - Created Permission View: can read on DAG:consume_1_and_2_with_dataset_expressions
[2025-02-23T03:33:54.283+0000] {logging_mixin.py:190} INFO - [2025-02-23T03:33:54.282+0000] {override.py:1912} INFO - Created Permission View: can edit on DAG:consume_1_and_2_with_dataset_expressions
[2025-02-23T03:33:54.300+0000] {logging_mixin.py:190} INFO - [2025-02-23T03:33:54.299+0000] {override.py:1912} INFO - Created Permission View: can delete on DAG:consume_1_and_2_with_dataset_expressions
[2025-02-23T03:33:54.320+0000] {logging_mixin.py:190} INFO - [2025-02-23T03:33:54.319+0000] {override.py:1912} INFO - Created Permission View: can read on DAG Run:consume_1_and_2_with_dataset_expressions
[2025-02-23T03:33:54.334+0000] {logging_mixin.py:190} INFO - [2025-02-23T03:33:54.333+0000] {override.py:1912} INFO - Created Permission View: menu access on DAG Run:consume_1_and_2_with_dataset_expressions
[2025-02-23T03:33:54.351+0000] {logging_mixin.py:190} INFO - [2025-02-23T03:33:54.350+0000] {override.py:1912} INFO - Created Permission View: can create on DAG Run:consume_1_and_2_with_dataset_expressions
[2025-02-23T03:33:54.365+0000] {logging_mixin.py:190} INFO - [2025-02-23T03:33:54.365+0000] {override.py:1912} INFO - Created Permission View: can delete on DAG Run:consume_1_and_2_with_dataset_expressions
[2025-02-23T03:33:54.394+0000] {logging_mixin.py:190} INFO - [2025-02-23T03:33:54.394+0000] {override.py:1912} INFO - Created Permission View: can read on DAG:dataset_consumes_unknown_never_scheduled
[2025-02-23T03:33:54.412+0000] {logging_mixin.py:190} INFO - [2025-02-23T03:33:54.411+0000] {override.py:1912} INFO - Created Permission View: can edit on DAG:dataset_consumes_unknown_never_scheduled
[2025-02-23T03:33:54.426+0000] {logging_mixin.py:190} INFO - [2025-02-23T03:33:54.426+0000] {override.py:1912} INFO - Created Permission View: can delete on DAG:dataset_consumes_unknown_never_scheduled
[2025-02-23T03:33:54.443+0000] {logging_mixin.py:190} INFO - [2025-02-23T03:33:54.442+0000] {override.py:1912} INFO - Created Permission View: can read on DAG Run:dataset_consumes_unknown_never_scheduled
[2025-02-23T03:33:54.459+0000] {logging_mixin.py:190} INFO - [2025-02-23T03:33:54.459+0000] {override.py:1912} INFO - Created Permission View: menu access on DAG Run:dataset_consumes_unknown_never_scheduled
[2025-02-23T03:33:54.474+0000] {logging_mixin.py:190} INFO - [2025-02-23T03:33:54.474+0000] {override.py:1912} INFO - Created Permission View: can create on DAG Run:dataset_consumes_unknown_never_scheduled
[2025-02-23T03:33:54.491+0000] {logging_mixin.py:190} INFO - [2025-02-23T03:33:54.490+0000] {override.py:1912} INFO - Created Permission View: can delete on DAG Run:dataset_consumes_unknown_never_scheduled
[2025-02-23T03:33:54.519+0000] {logging_mixin.py:190} INFO - [2025-02-23T03:33:54.518+0000] {override.py:1912} INFO - Created Permission View: can read on DAG:consume_1_or_2_with_dataset_expressions
[2025-02-23T03:33:54.533+0000] {logging_mixin.py:190} INFO - [2025-02-23T03:33:54.532+0000] {override.py:1912} INFO - Created Permission View: can edit on DAG:consume_1_or_2_with_dataset_expressions
[2025-02-23T03:33:54.548+0000] {logging_mixin.py:190} INFO - [2025-02-23T03:33:54.547+0000] {override.py:1912} INFO - Created Permission View: can delete on DAG:consume_1_or_2_with_dataset_expressions
[2025-02-23T03:33:54.561+0000] {logging_mixin.py:190} INFO - [2025-02-23T03:33:54.561+0000] {override.py:1912} INFO - Created Permission View: can read on DAG Run:consume_1_or_2_with_dataset_expressions
[2025-02-23T03:33:54.575+0000] {logging_mixin.py:190} INFO - [2025-02-23T03:33:54.575+0000] {override.py:1912} INFO - Created Permission View: menu access on DAG Run:consume_1_or_2_with_dataset_expressions
[2025-02-23T03:33:54.588+0000] {logging_mixin.py:190} INFO - [2025-02-23T03:33:54.587+0000] {override.py:1912} INFO - Created Permission View: can create on DAG Run:consume_1_or_2_with_dataset_expressions
[2025-02-23T03:33:54.601+0000] {logging_mixin.py:190} INFO - [2025-02-23T03:33:54.600+0000] {override.py:1912} INFO - Created Permission View: can delete on DAG Run:consume_1_or_2_with_dataset_expressions
[2025-02-23T03:33:54.630+0000] {logging_mixin.py:190} INFO - [2025-02-23T03:33:54.629+0000] {override.py:1912} INFO - Created Permission View: can read on DAG:dataset_produces_2
[2025-02-23T03:33:54.644+0000] {logging_mixin.py:190} INFO - [2025-02-23T03:33:54.643+0000] {override.py:1912} INFO - Created Permission View: can edit on DAG:dataset_produces_2
[2025-02-23T03:33:54.658+0000] {logging_mixin.py:190} INFO - [2025-02-23T03:33:54.657+0000] {override.py:1912} INFO - Created Permission View: can delete on DAG:dataset_produces_2
[2025-02-23T03:33:54.675+0000] {logging_mixin.py:190} INFO - [2025-02-23T03:33:54.674+0000] {override.py:1912} INFO - Created Permission View: can read on DAG Run:dataset_produces_2
[2025-02-23T03:33:54.689+0000] {logging_mixin.py:190} INFO - [2025-02-23T03:33:54.688+0000] {override.py:1912} INFO - Created Permission View: menu access on DAG Run:dataset_produces_2
[2025-02-23T03:33:54.713+0000] {logging_mixin.py:190} INFO - [2025-02-23T03:33:54.713+0000] {override.py:1912} INFO - Created Permission View: can create on DAG Run:dataset_produces_2
[2025-02-23T03:33:54.732+0000] {logging_mixin.py:190} INFO - [2025-02-23T03:33:54.731+0000] {override.py:1912} INFO - Created Permission View: can delete on DAG Run:dataset_produces_2
[2025-02-23T03:33:54.767+0000] {logging_mixin.py:190} INFO - [2025-02-23T03:33:54.766+0000] {override.py:1912} INFO - Created Permission View: can read on DAG:conditional_dataset_and_time_based_timetable
[2025-02-23T03:33:54.785+0000] {logging_mixin.py:190} INFO - [2025-02-23T03:33:54.785+0000] {override.py:1912} INFO - Created Permission View: can edit on DAG:conditional_dataset_and_time_based_timetable
[2025-02-23T03:33:54.806+0000] {logging_mixin.py:190} INFO - [2025-02-23T03:33:54.805+0000] {override.py:1912} INFO - Created Permission View: can delete on DAG:conditional_dataset_and_time_based_timetable
[2025-02-23T03:33:54.828+0000] {logging_mixin.py:190} INFO - [2025-02-23T03:33:54.827+0000] {override.py:1912} INFO - Created Permission View: can read on DAG Run:conditional_dataset_and_time_based_timetable
[2025-02-23T03:33:54.846+0000] {logging_mixin.py:190} INFO - [2025-02-23T03:33:54.846+0000] {override.py:1912} INFO - Created Permission View: menu access on DAG Run:conditional_dataset_and_time_based_timetable
[2025-02-23T03:33:54.866+0000] {logging_mixin.py:190} INFO - [2025-02-23T03:33:54.865+0000] {override.py:1912} INFO - Created Permission View: can create on DAG Run:conditional_dataset_and_time_based_timetable
[2025-02-23T03:33:54.885+0000] {logging_mixin.py:190} INFO - [2025-02-23T03:33:54.885+0000] {override.py:1912} INFO - Created Permission View: can delete on DAG Run:conditional_dataset_and_time_based_timetable
[2025-02-23T03:33:54.887+0000] {logging_mixin.py:190} INFO - [2025-02-23T03:33:54.887+0000] {dag.py:3239} INFO - Sync 10 DAGs
[2025-02-23T03:33:54.917+0000] {logging_mixin.py:190} INFO - [2025-02-23T03:33:54.916+0000] {dag.py:3262} INFO - Creating ORM DAG for consume_1_or_both_2_and_3_with_dataset_expressions
[2025-02-23T03:33:54.920+0000] {logging_mixin.py:190} INFO - [2025-02-23T03:33:54.919+0000] {dag.py:3262} INFO - Creating ORM DAG for dataset_consumes_unknown_never_scheduled
[2025-02-23T03:33:54.922+0000] {logging_mixin.py:190} INFO - [2025-02-23T03:33:54.922+0000] {dag.py:3262} INFO - Creating ORM DAG for dataset_consumes_1_and_2
[2025-02-23T03:33:54.925+0000] {logging_mixin.py:190} INFO - [2025-02-23T03:33:54.924+0000] {dag.py:3262} INFO - Creating ORM DAG for consume_1_and_2_with_dataset_expressions
[2025-02-23T03:33:54.928+0000] {logging_mixin.py:190} INFO - [2025-02-23T03:33:54.927+0000] {dag.py:3262} INFO - Creating ORM DAG for consume_1_or_2_with_dataset_expressions
[2025-02-23T03:33:54.930+0000] {logging_mixin.py:190} INFO - [2025-02-23T03:33:54.930+0000] {dag.py:3262} INFO - Creating ORM DAG for dataset_consumes_1_never_scheduled
[2025-02-23T03:33:54.932+0000] {logging_mixin.py:190} INFO - [2025-02-23T03:33:54.932+0000] {dag.py:3262} INFO - Creating ORM DAG for dataset_consumes_1
[2025-02-23T03:33:54.934+0000] {logging_mixin.py:190} INFO - [2025-02-23T03:33:54.934+0000] {dag.py:3262} INFO - Creating ORM DAG for dataset_produces_2
[2025-02-23T03:33:54.936+0000] {logging_mixin.py:190} INFO - [2025-02-23T03:33:54.936+0000] {dag.py:3262} INFO - Creating ORM DAG for dataset_produces_1
[2025-02-23T03:33:54.938+0000] {logging_mixin.py:190} INFO - [2025-02-23T03:33:54.938+0000] {dag.py:3262} INFO - Creating ORM DAG for conditional_dataset_and_time_based_timetable
[2025-02-23T03:33:54.961+0000] {logging_mixin.py:190} INFO - [2025-02-23T03:33:54.961+0000] {dag.py:4180} INFO - Setting next_dagrun for conditional_dataset_and_time_based_timetable to 2025-02-19 01:00:00+00:00, run_after=2025-02-19 01:00:00+00:00
[2025-02-23T03:33:54.963+0000] {logging_mixin.py:190} INFO - [2025-02-23T03:33:54.963+0000] {dag.py:4180} INFO - Setting next_dagrun for consume_1_and_2_with_dataset_expressions to None, run_after=None
[2025-02-23T03:33:54.964+0000] {logging_mixin.py:190} INFO - [2025-02-23T03:33:54.964+0000] {dag.py:4180} INFO - Setting next_dagrun for consume_1_or_2_with_dataset_expressions to None, run_after=None
[2025-02-23T03:33:54.965+0000] {logging_mixin.py:190} INFO - [2025-02-23T03:33:54.965+0000] {dag.py:4180} INFO - Setting next_dagrun for consume_1_or_both_2_and_3_with_dataset_expressions to None, run_after=None
[2025-02-23T03:33:54.967+0000] {logging_mixin.py:190} INFO - [2025-02-23T03:33:54.967+0000] {dag.py:4180} INFO - Setting next_dagrun for dataset_consumes_1 to None, run_after=None
[2025-02-23T03:33:54.969+0000] {logging_mixin.py:190} INFO - [2025-02-23T03:33:54.968+0000] {dag.py:4180} INFO - Setting next_dagrun for dataset_consumes_1_and_2 to None, run_after=None
[2025-02-23T03:33:54.970+0000] {logging_mixin.py:190} INFO - [2025-02-23T03:33:54.970+0000] {dag.py:4180} INFO - Setting next_dagrun for dataset_consumes_1_never_scheduled to None, run_after=None
[2025-02-23T03:33:54.972+0000] {logging_mixin.py:190} INFO - [2025-02-23T03:33:54.972+0000] {dag.py:4180} INFO - Setting next_dagrun for dataset_consumes_unknown_never_scheduled to None, run_after=None
[2025-02-23T03:33:54.976+0000] {logging_mixin.py:190} INFO - [2025-02-23T03:33:54.976+0000] {dag.py:4180} INFO - Setting next_dagrun for dataset_produces_1 to 2025-02-22 00:00:00+00:00, run_after=2025-02-23 00:00:00+00:00
[2025-02-23T03:33:54.978+0000] {logging_mixin.py:190} INFO - [2025-02-23T03:33:54.978+0000] {dag.py:4180} INFO - Setting next_dagrun for dataset_produces_2 to None, run_after=None
[2025-02-23T03:33:55.123+0000] {processor.py:208} INFO - Processing /home/airflow/.local/lib/python3.12/site-packages/airflow/example_dags/example_datasets.py took 5.034 seconds
[2025-02-23T03:34:25.312+0000] {processor.py:186} INFO - Started process (PID=549) to work on /home/airflow/.local/lib/python3.12/site-packages/airflow/example_dags/example_datasets.py
[2025-02-23T03:34:25.316+0000] {processor.py:914} INFO - Processing file /home/airflow/.local/lib/python3.12/site-packages/airflow/example_dags/example_datasets.py for tasks to queue
[2025-02-23T03:34:25.323+0000] {logging_mixin.py:190} INFO - [2025-02-23T03:34:25.322+0000] {dagbag.py:588} INFO - Filling up the DagBag from /home/airflow/.local/lib/python3.12/site-packages/airflow/example_dags/example_datasets.py
[2025-02-23T03:34:26.330+0000] {processor.py:925} INFO - DAG(s) 'dataset_consumes_unknown_never_scheduled', 'conditional_dataset_and_time_based_timetable', 'dataset_produces_1', 'dataset_consumes_1_and_2', 'dataset_consumes_1', 'dataset_produces_2', 'consume_1_and_2_with_dataset_expressions', 'dataset_consumes_1_never_scheduled', 'consume_1_or_2_with_dataset_expressions', 'consume_1_or_both_2_and_3_with_dataset_expressions' retrieved from /home/airflow/.local/lib/python3.12/site-packages/airflow/example_dags/example_datasets.py
[2025-02-23T03:34:26.447+0000] {logging_mixin.py:190} INFO - [2025-02-23T03:34:26.446+0000] {dag.py:3239} INFO - Sync 10 DAGs
[2025-02-23T03:34:26.527+0000] {logging_mixin.py:190} INFO - [2025-02-23T03:34:26.526+0000] {dag.py:4180} INFO - Setting next_dagrun for conditional_dataset_and_time_based_timetable to 2025-02-19 01:00:00+00:00, run_after=2025-02-19 01:00:00+00:00
[2025-02-23T03:34:26.539+0000] {logging_mixin.py:190} INFO - [2025-02-23T03:34:26.538+0000] {dag.py:4180} INFO - Setting next_dagrun for consume_1_and_2_with_dataset_expressions to None, run_after=None
[2025-02-23T03:34:26.543+0000] {logging_mixin.py:190} INFO - [2025-02-23T03:34:26.543+0000] {dag.py:4180} INFO - Setting next_dagrun for consume_1_or_2_with_dataset_expressions to None, run_after=None
[2025-02-23T03:34:26.548+0000] {logging_mixin.py:190} INFO - [2025-02-23T03:34:26.547+0000] {dag.py:4180} INFO - Setting next_dagrun for consume_1_or_both_2_and_3_with_dataset_expressions to None, run_after=None
[2025-02-23T03:34:26.553+0000] {logging_mixin.py:190} INFO - [2025-02-23T03:34:26.552+0000] {dag.py:4180} INFO - Setting next_dagrun for dataset_consumes_1 to None, run_after=None
[2025-02-23T03:34:26.555+0000] {logging_mixin.py:190} INFO - [2025-02-23T03:34:26.555+0000] {dag.py:4180} INFO - Setting next_dagrun for dataset_consumes_1_and_2 to None, run_after=None
[2025-02-23T03:34:26.558+0000] {logging_mixin.py:190} INFO - [2025-02-23T03:34:26.558+0000] {dag.py:4180} INFO - Setting next_dagrun for dataset_consumes_1_never_scheduled to None, run_after=None
[2025-02-23T03:34:26.562+0000] {logging_mixin.py:190} INFO - [2025-02-23T03:34:26.561+0000] {dag.py:4180} INFO - Setting next_dagrun for dataset_consumes_unknown_never_scheduled to None, run_after=None
[2025-02-23T03:34:26.568+0000] {logging_mixin.py:190} INFO - [2025-02-23T03:34:26.568+0000] {dag.py:4180} INFO - Setting next_dagrun for dataset_produces_1 to 2025-02-22 00:00:00+00:00, run_after=2025-02-23 00:00:00+00:00
[2025-02-23T03:34:26.571+0000] {logging_mixin.py:190} INFO - [2025-02-23T03:34:26.571+0000] {dag.py:4180} INFO - Setting next_dagrun for dataset_produces_2 to None, run_after=None
[2025-02-23T03:34:27.032+0000] {processor.py:208} INFO - Processing /home/airflow/.local/lib/python3.12/site-packages/airflow/example_dags/example_datasets.py took 1.736 seconds
[2025-02-23T03:34:57.246+0000] {processor.py:186} INFO - Started process (PID=865) to work on /home/airflow/.local/lib/python3.12/site-packages/airflow/example_dags/example_datasets.py
[2025-02-23T03:34:57.248+0000] {processor.py:914} INFO - Processing file /home/airflow/.local/lib/python3.12/site-packages/airflow/example_dags/example_datasets.py for tasks to queue
[2025-02-23T03:34:57.253+0000] {logging_mixin.py:190} INFO - [2025-02-23T03:34:57.253+0000] {dagbag.py:588} INFO - Filling up the DagBag from /home/airflow/.local/lib/python3.12/site-packages/airflow/example_dags/example_datasets.py
[2025-02-23T03:34:58.455+0000] {processor.py:925} INFO - DAG(s) 'dataset_consumes_1_never_scheduled', 'consume_1_or_2_with_dataset_expressions', 'dataset_consumes_1', 'dataset_consumes_unknown_never_scheduled', 'conditional_dataset_and_time_based_timetable', 'consume_1_or_both_2_and_3_with_dataset_expressions', 'dataset_produces_1', 'dataset_consumes_1_and_2', 'consume_1_and_2_with_dataset_expressions', 'dataset_produces_2' retrieved from /home/airflow/.local/lib/python3.12/site-packages/airflow/example_dags/example_datasets.py
[2025-02-23T03:34:58.558+0000] {logging_mixin.py:190} INFO - [2025-02-23T03:34:58.557+0000] {dag.py:3239} INFO - Sync 10 DAGs
[2025-02-23T03:34:58.618+0000] {logging_mixin.py:190} INFO - [2025-02-23T03:34:58.618+0000] {dag.py:4180} INFO - Setting next_dagrun for conditional_dataset_and_time_based_timetable to 2025-02-19 01:00:00+00:00, run_after=2025-02-19 01:00:00+00:00
[2025-02-23T03:34:58.627+0000] {logging_mixin.py:190} INFO - [2025-02-23T03:34:58.626+0000] {dag.py:4180} INFO - Setting next_dagrun for consume_1_and_2_with_dataset_expressions to None, run_after=None
[2025-02-23T03:34:58.630+0000] {logging_mixin.py:190} INFO - [2025-02-23T03:34:58.630+0000] {dag.py:4180} INFO - Setting next_dagrun for consume_1_or_2_with_dataset_expressions to None, run_after=None
[2025-02-23T03:34:58.633+0000] {logging_mixin.py:190} INFO - [2025-02-23T03:34:58.633+0000] {dag.py:4180} INFO - Setting next_dagrun for consume_1_or_both_2_and_3_with_dataset_expressions to None, run_after=None
[2025-02-23T03:34:58.637+0000] {logging_mixin.py:190} INFO - [2025-02-23T03:34:58.637+0000] {dag.py:4180} INFO - Setting next_dagrun for dataset_consumes_1 to None, run_after=None
[2025-02-23T03:34:58.640+0000] {logging_mixin.py:190} INFO - [2025-02-23T03:34:58.640+0000] {dag.py:4180} INFO - Setting next_dagrun for dataset_consumes_1_and_2 to None, run_after=None
[2025-02-23T03:34:58.643+0000] {logging_mixin.py:190} INFO - [2025-02-23T03:34:58.643+0000] {dag.py:4180} INFO - Setting next_dagrun for dataset_consumes_1_never_scheduled to None, run_after=None
[2025-02-23T03:34:58.646+0000] {logging_mixin.py:190} INFO - [2025-02-23T03:34:58.645+0000] {dag.py:4180} INFO - Setting next_dagrun for dataset_consumes_unknown_never_scheduled to None, run_after=None
[2025-02-23T03:34:58.652+0000] {logging_mixin.py:190} INFO - [2025-02-23T03:34:58.651+0000] {dag.py:4180} INFO - Setting next_dagrun for dataset_produces_1 to 2025-02-22 00:00:00+00:00, run_after=2025-02-23 00:00:00+00:00
[2025-02-23T03:34:58.656+0000] {logging_mixin.py:190} INFO - [2025-02-23T03:34:58.656+0000] {dag.py:4180} INFO - Setting next_dagrun for dataset_produces_2 to None, run_after=None
[2025-02-23T03:34:58.768+0000] {processor.py:208} INFO - Processing /home/airflow/.local/lib/python3.12/site-packages/airflow/example_dags/example_datasets.py took 1.533 seconds
[2025-02-23T03:35:28.930+0000] {processor.py:186} INFO - Started process (PID=1181) to work on /home/airflow/.local/lib/python3.12/site-packages/airflow/example_dags/example_datasets.py
[2025-02-23T03:35:28.932+0000] {processor.py:914} INFO - Processing file /home/airflow/.local/lib/python3.12/site-packages/airflow/example_dags/example_datasets.py for tasks to queue
[2025-02-23T03:35:28.936+0000] {logging_mixin.py:190} INFO - [2025-02-23T03:35:28.936+0000] {dagbag.py:588} INFO - Filling up the DagBag from /home/airflow/.local/lib/python3.12/site-packages/airflow/example_dags/example_datasets.py
[2025-02-23T03:35:30.166+0000] {processor.py:925} INFO - DAG(s) 'dataset_produces_1', 'dataset_produces_2', 'dataset_consumes_1', 'consume_1_and_2_with_dataset_expressions', 'consume_1_or_2_with_dataset_expressions', 'conditional_dataset_and_time_based_timetable', 'dataset_consumes_unknown_never_scheduled', 'dataset_consumes_1_never_scheduled', 'consume_1_or_both_2_and_3_with_dataset_expressions', 'dataset_consumes_1_and_2' retrieved from /home/airflow/.local/lib/python3.12/site-packages/airflow/example_dags/example_datasets.py
[2025-02-23T03:35:30.258+0000] {logging_mixin.py:190} INFO - [2025-02-23T03:35:30.257+0000] {dag.py:3239} INFO - Sync 10 DAGs
[2025-02-23T03:35:30.313+0000] {logging_mixin.py:190} INFO - [2025-02-23T03:35:30.312+0000] {dag.py:4180} INFO - Setting next_dagrun for conditional_dataset_and_time_based_timetable to 2025-02-19 01:00:00+00:00, run_after=2025-02-19 01:00:00+00:00
[2025-02-23T03:35:30.323+0000] {logging_mixin.py:190} INFO - [2025-02-23T03:35:30.322+0000] {dag.py:4180} INFO - Setting next_dagrun for consume_1_and_2_with_dataset_expressions to None, run_after=None
[2025-02-23T03:35:30.327+0000] {logging_mixin.py:190} INFO - [2025-02-23T03:35:30.326+0000] {dag.py:4180} INFO - Setting next_dagrun for consume_1_or_2_with_dataset_expressions to None, run_after=None
[2025-02-23T03:35:30.333+0000] {logging_mixin.py:190} INFO - [2025-02-23T03:35:30.332+0000] {dag.py:4180} INFO - Setting next_dagrun for consume_1_or_both_2_and_3_with_dataset_expressions to None, run_after=None
[2025-02-23T03:35:30.336+0000] {logging_mixin.py:190} INFO - [2025-02-23T03:35:30.336+0000] {dag.py:4180} INFO - Setting next_dagrun for dataset_consumes_1 to None, run_after=None
[2025-02-23T03:35:30.339+0000] {logging_mixin.py:190} INFO - [2025-02-23T03:35:30.339+0000] {dag.py:4180} INFO - Setting next_dagrun for dataset_consumes_1_and_2 to None, run_after=None
[2025-02-23T03:35:30.342+0000] {logging_mixin.py:190} INFO - [2025-02-23T03:35:30.342+0000] {dag.py:4180} INFO - Setting next_dagrun for dataset_consumes_1_never_scheduled to None, run_after=None
[2025-02-23T03:35:30.346+0000] {logging_mixin.py:190} INFO - [2025-02-23T03:35:30.345+0000] {dag.py:4180} INFO - Setting next_dagrun for dataset_consumes_unknown_never_scheduled to None, run_after=None
[2025-02-23T03:35:30.352+0000] {logging_mixin.py:190} INFO - [2025-02-23T03:35:30.351+0000] {dag.py:4180} INFO - Setting next_dagrun for dataset_produces_1 to 2025-02-22 00:00:00+00:00, run_after=2025-02-23 00:00:00+00:00
[2025-02-23T03:35:30.354+0000] {logging_mixin.py:190} INFO - [2025-02-23T03:35:30.354+0000] {dag.py:4180} INFO - Setting next_dagrun for dataset_produces_2 to None, run_after=None
[2025-02-23T03:35:30.480+0000] {processor.py:208} INFO - Processing /home/airflow/.local/lib/python3.12/site-packages/airflow/example_dags/example_datasets.py took 1.561 seconds
