[2025-02-23T03:26:57.669+0000] {processor.py:186} INFO - Started process (PID=292) to work on /home/airflow/.local/lib/python3.12/site-packages/airflow/example_dags/example_task_group_decorator.py
[2025-02-23T03:26:57.671+0000] {processor.py:914} INFO - Processing file /home/airflow/.local/lib/python3.12/site-packages/airflow/example_dags/example_task_group_decorator.py for tasks to queue
[2025-02-23T03:26:57.675+0000] {logging_mixin.py:190} INFO - [2025-02-23T03:26:57.675+0000] {dagbag.py:588} INFO - Filling up the DagBag from /home/airflow/.local/lib/python3.12/site-packages/airflow/example_dags/example_task_group_decorator.py
[2025-02-23T03:26:57.705+0000] {processor.py:925} INFO - DAG(s) 'example_task_group_decorator' retrieved from /home/airflow/.local/lib/python3.12/site-packages/airflow/example_dags/example_task_group_decorator.py
[2025-02-23T03:26:57.888+0000] {logging_mixin.py:190} INFO - [2025-02-23T03:26:57.887+0000] {override.py:1912} INFO - Created Permission View: can read on DAG:example_task_group_decorator
[2025-02-23T03:26:57.907+0000] {logging_mixin.py:190} INFO - [2025-02-23T03:26:57.906+0000] {override.py:1912} INFO - Created Permission View: can delete on DAG:example_task_group_decorator
[2025-02-23T03:26:57.922+0000] {logging_mixin.py:190} INFO - [2025-02-23T03:26:57.921+0000] {override.py:1912} INFO - Created Permission View: can edit on DAG:example_task_group_decorator
[2025-02-23T03:26:57.935+0000] {logging_mixin.py:190} INFO - [2025-02-23T03:26:57.935+0000] {override.py:1912} INFO - Created Permission View: can read on DAG Run:example_task_group_decorator
[2025-02-23T03:26:57.948+0000] {logging_mixin.py:190} INFO - [2025-02-23T03:26:57.948+0000] {override.py:1912} INFO - Created Permission View: menu access on DAG Run:example_task_group_decorator
[2025-02-23T03:26:57.959+0000] {logging_mixin.py:190} INFO - [2025-02-23T03:26:57.959+0000] {override.py:1912} INFO - Created Permission View: can delete on DAG Run:example_task_group_decorator
[2025-02-23T03:26:57.972+0000] {logging_mixin.py:190} INFO - [2025-02-23T03:26:57.971+0000] {override.py:1912} INFO - Created Permission View: can create on DAG Run:example_task_group_decorator
[2025-02-23T03:26:57.974+0000] {logging_mixin.py:190} INFO - [2025-02-23T03:26:57.973+0000] {dag.py:3239} INFO - Sync 1 DAGs
[2025-02-23T03:26:57.997+0000] {logging_mixin.py:190} INFO - [2025-02-23T03:26:57.996+0000] {dag.py:3262} INFO - Creating ORM DAG for example_task_group_decorator
[2025-02-23T03:26:57.999+0000] {logging_mixin.py:190} INFO - [2025-02-23T03:26:57.998+0000] {dag.py:4180} INFO - Setting next_dagrun for example_task_group_decorator to None, run_after=None
[2025-02-23T03:26:58.030+0000] {processor.py:208} INFO - Processing /home/airflow/.local/lib/python3.12/site-packages/airflow/example_dags/example_task_group_decorator.py took 0.373 seconds
[2025-02-23T03:27:28.660+0000] {processor.py:186} INFO - Started process (PID=583) to work on /home/airflow/.local/lib/python3.12/site-packages/airflow/example_dags/example_task_group_decorator.py
[2025-02-23T03:27:28.663+0000] {processor.py:914} INFO - Processing file /home/airflow/.local/lib/python3.12/site-packages/airflow/example_dags/example_task_group_decorator.py for tasks to queue
[2025-02-23T03:27:28.668+0000] {logging_mixin.py:190} INFO - [2025-02-23T03:27:28.667+0000] {dagbag.py:588} INFO - Filling up the DagBag from /home/airflow/.local/lib/python3.12/site-packages/airflow/example_dags/example_task_group_decorator.py
[2025-02-23T03:27:28.701+0000] {processor.py:925} INFO - DAG(s) 'example_task_group_decorator' retrieved from /home/airflow/.local/lib/python3.12/site-packages/airflow/example_dags/example_task_group_decorator.py
[2025-02-23T03:27:28.753+0000] {logging_mixin.py:190} INFO - [2025-02-23T03:27:28.752+0000] {dag.py:3239} INFO - Sync 1 DAGs
[2025-02-23T03:27:28.783+0000] {logging_mixin.py:190} INFO - [2025-02-23T03:27:28.783+0000] {dag.py:4180} INFO - Setting next_dagrun for example_task_group_decorator to None, run_after=None
[2025-02-23T03:27:28.827+0000] {processor.py:208} INFO - Processing /home/airflow/.local/lib/python3.12/site-packages/airflow/example_dags/example_task_group_decorator.py took 0.180 seconds
[2025-02-23T03:27:59.440+0000] {processor.py:186} INFO - Started process (PID=872) to work on /home/airflow/.local/lib/python3.12/site-packages/airflow/example_dags/example_task_group_decorator.py
[2025-02-23T03:27:59.443+0000] {processor.py:914} INFO - Processing file /home/airflow/.local/lib/python3.12/site-packages/airflow/example_dags/example_task_group_decorator.py for tasks to queue
[2025-02-23T03:27:59.448+0000] {logging_mixin.py:190} INFO - [2025-02-23T03:27:59.448+0000] {dagbag.py:588} INFO - Filling up the DagBag from /home/airflow/.local/lib/python3.12/site-packages/airflow/example_dags/example_task_group_decorator.py
[2025-02-23T03:27:59.493+0000] {processor.py:925} INFO - DAG(s) 'example_task_group_decorator' retrieved from /home/airflow/.local/lib/python3.12/site-packages/airflow/example_dags/example_task_group_decorator.py
[2025-02-23T03:27:59.559+0000] {logging_mixin.py:190} INFO - [2025-02-23T03:27:59.558+0000] {dag.py:3239} INFO - Sync 1 DAGs
[2025-02-23T03:27:59.599+0000] {logging_mixin.py:190} INFO - [2025-02-23T03:27:59.598+0000] {dag.py:4180} INFO - Setting next_dagrun for example_task_group_decorator to None, run_after=None
[2025-02-23T03:27:59.679+0000] {processor.py:208} INFO - Processing /home/airflow/.local/lib/python3.12/site-packages/airflow/example_dags/example_task_group_decorator.py took 0.250 seconds
[2025-02-23T03:33:56.140+0000] {processor.py:186} INFO - Started process (PID=290) to work on /home/airflow/.local/lib/python3.12/site-packages/airflow/example_dags/example_task_group_decorator.py
[2025-02-23T03:33:56.142+0000] {processor.py:914} INFO - Processing file /home/airflow/.local/lib/python3.12/site-packages/airflow/example_dags/example_task_group_decorator.py for tasks to queue
[2025-02-23T03:33:56.147+0000] {logging_mixin.py:190} INFO - [2025-02-23T03:33:56.147+0000] {dagbag.py:588} INFO - Filling up the DagBag from /home/airflow/.local/lib/python3.12/site-packages/airflow/example_dags/example_task_group_decorator.py
[2025-02-23T03:33:56.194+0000] {processor.py:925} INFO - DAG(s) 'example_task_group_decorator' retrieved from /home/airflow/.local/lib/python3.12/site-packages/airflow/example_dags/example_task_group_decorator.py
[2025-02-23T03:33:56.431+0000] {logging_mixin.py:190} INFO - [2025-02-23T03:33:56.430+0000] {override.py:1912} INFO - Created Permission View: can read on DAG:example_task_group_decorator
[2025-02-23T03:33:56.453+0000] {logging_mixin.py:190} INFO - [2025-02-23T03:33:56.453+0000] {override.py:1912} INFO - Created Permission View: can edit on DAG:example_task_group_decorator
[2025-02-23T03:33:56.469+0000] {logging_mixin.py:190} INFO - [2025-02-23T03:33:56.468+0000] {override.py:1912} INFO - Created Permission View: can delete on DAG:example_task_group_decorator
[2025-02-23T03:33:56.489+0000] {logging_mixin.py:190} INFO - [2025-02-23T03:33:56.488+0000] {override.py:1912} INFO - Created Permission View: can read on DAG Run:example_task_group_decorator
[2025-02-23T03:33:56.504+0000] {logging_mixin.py:190} INFO - [2025-02-23T03:33:56.503+0000] {override.py:1912} INFO - Created Permission View: menu access on DAG Run:example_task_group_decorator
[2025-02-23T03:33:56.518+0000] {logging_mixin.py:190} INFO - [2025-02-23T03:33:56.517+0000] {override.py:1912} INFO - Created Permission View: can create on DAG Run:example_task_group_decorator
[2025-02-23T03:33:56.534+0000] {logging_mixin.py:190} INFO - [2025-02-23T03:33:56.533+0000] {override.py:1912} INFO - Created Permission View: can delete on DAG Run:example_task_group_decorator
[2025-02-23T03:33:56.536+0000] {logging_mixin.py:190} INFO - [2025-02-23T03:33:56.535+0000] {dag.py:3239} INFO - Sync 1 DAGs
[2025-02-23T03:33:56.563+0000] {logging_mixin.py:190} INFO - [2025-02-23T03:33:56.562+0000] {dag.py:3262} INFO - Creating ORM DAG for example_task_group_decorator
[2025-02-23T03:33:56.565+0000] {logging_mixin.py:190} INFO - [2025-02-23T03:33:56.564+0000] {dag.py:4180} INFO - Setting next_dagrun for example_task_group_decorator to None, run_after=None
[2025-02-23T03:33:56.601+0000] {processor.py:208} INFO - Processing /home/airflow/.local/lib/python3.12/site-packages/airflow/example_dags/example_task_group_decorator.py took 0.472 seconds
[2025-02-23T03:34:27.119+0000] {processor.py:186} INFO - Started process (PID=584) to work on /home/airflow/.local/lib/python3.12/site-packages/airflow/example_dags/example_task_group_decorator.py
[2025-02-23T03:34:27.121+0000] {processor.py:914} INFO - Processing file /home/airflow/.local/lib/python3.12/site-packages/airflow/example_dags/example_task_group_decorator.py for tasks to queue
[2025-02-23T03:34:27.126+0000] {logging_mixin.py:190} INFO - [2025-02-23T03:34:27.125+0000] {dagbag.py:588} INFO - Filling up the DagBag from /home/airflow/.local/lib/python3.12/site-packages/airflow/example_dags/example_task_group_decorator.py
[2025-02-23T03:34:27.157+0000] {processor.py:925} INFO - DAG(s) 'example_task_group_decorator' retrieved from /home/airflow/.local/lib/python3.12/site-packages/airflow/example_dags/example_task_group_decorator.py
[2025-02-23T03:34:27.209+0000] {logging_mixin.py:190} INFO - [2025-02-23T03:34:27.209+0000] {dag.py:3239} INFO - Sync 1 DAGs
[2025-02-23T03:34:27.242+0000] {logging_mixin.py:190} INFO - [2025-02-23T03:34:27.242+0000] {dag.py:4180} INFO - Setting next_dagrun for example_task_group_decorator to None, run_after=None
[2025-02-23T03:34:27.327+0000] {processor.py:208} INFO - Processing /home/airflow/.local/lib/python3.12/site-packages/airflow/example_dags/example_task_group_decorator.py took 0.219 seconds
[2025-02-23T03:34:57.532+0000] {processor.py:186} INFO - Started process (PID=873) to work on /home/airflow/.local/lib/python3.12/site-packages/airflow/example_dags/example_task_group_decorator.py
[2025-02-23T03:34:57.534+0000] {processor.py:914} INFO - Processing file /home/airflow/.local/lib/python3.12/site-packages/airflow/example_dags/example_task_group_decorator.py for tasks to queue
[2025-02-23T03:34:57.539+0000] {logging_mixin.py:190} INFO - [2025-02-23T03:34:57.538+0000] {dagbag.py:588} INFO - Filling up the DagBag from /home/airflow/.local/lib/python3.12/site-packages/airflow/example_dags/example_task_group_decorator.py
[2025-02-23T03:34:57.569+0000] {processor.py:925} INFO - DAG(s) 'example_task_group_decorator' retrieved from /home/airflow/.local/lib/python3.12/site-packages/airflow/example_dags/example_task_group_decorator.py
[2025-02-23T03:34:57.626+0000] {logging_mixin.py:190} INFO - [2025-02-23T03:34:57.625+0000] {dag.py:3239} INFO - Sync 1 DAGs
[2025-02-23T03:34:57.656+0000] {logging_mixin.py:190} INFO - [2025-02-23T03:34:57.656+0000] {dag.py:4180} INFO - Setting next_dagrun for example_task_group_decorator to None, run_after=None
[2025-02-23T03:34:57.704+0000] {processor.py:208} INFO - Processing /home/airflow/.local/lib/python3.12/site-packages/airflow/example_dags/example_task_group_decorator.py took 0.183 seconds
[2025-02-23T03:35:27.887+0000] {processor.py:186} INFO - Started process (PID=1161) to work on /home/airflow/.local/lib/python3.12/site-packages/airflow/example_dags/example_task_group_decorator.py
[2025-02-23T03:35:27.889+0000] {processor.py:914} INFO - Processing file /home/airflow/.local/lib/python3.12/site-packages/airflow/example_dags/example_task_group_decorator.py for tasks to queue
[2025-02-23T03:35:27.894+0000] {logging_mixin.py:190} INFO - [2025-02-23T03:35:27.893+0000] {dagbag.py:588} INFO - Filling up the DagBag from /home/airflow/.local/lib/python3.12/site-packages/airflow/example_dags/example_task_group_decorator.py
[2025-02-23T03:35:27.922+0000] {processor.py:925} INFO - DAG(s) 'example_task_group_decorator' retrieved from /home/airflow/.local/lib/python3.12/site-packages/airflow/example_dags/example_task_group_decorator.py
[2025-02-23T03:35:27.967+0000] {logging_mixin.py:190} INFO - [2025-02-23T03:35:27.967+0000] {dag.py:3239} INFO - Sync 1 DAGs
[2025-02-23T03:35:27.994+0000] {logging_mixin.py:190} INFO - [2025-02-23T03:35:27.994+0000] {dag.py:4180} INFO - Setting next_dagrun for example_task_group_decorator to None, run_after=None
[2025-02-23T03:35:28.073+0000] {processor.py:208} INFO - Processing /home/airflow/.local/lib/python3.12/site-packages/airflow/example_dags/example_task_group_decorator.py took 0.199 seconds
