[2025-02-23T03:27:07.375+0000] {processor.py:186} INFO - Started process (PID=410) to work on /home/airflow/.local/lib/python3.12/site-packages/airflow/example_dags/example_latest_only.py
[2025-02-23T03:27:07.377+0000] {processor.py:914} INFO - Processing file /home/airflow/.local/lib/python3.12/site-packages/airflow/example_dags/example_latest_only.py for tasks to queue
[2025-02-23T03:27:07.382+0000] {logging_mixin.py:190} INFO - [2025-02-23T03:27:07.381+0000] {dagbag.py:588} INFO - Filling up the DagBag from /home/airflow/.local/lib/python3.12/site-packages/airflow/example_dags/example_latest_only.py
[2025-02-23T03:27:07.400+0000] {processor.py:925} INFO - DAG(s) 'latest_only' retrieved from /home/airflow/.local/lib/python3.12/site-packages/airflow/example_dags/example_latest_only.py
[2025-02-23T03:27:07.596+0000] {logging_mixin.py:190} INFO - [2025-02-23T03:27:07.595+0000] {override.py:1912} INFO - Created Permission View: can read on DAG:latest_only
[2025-02-23T03:27:07.616+0000] {logging_mixin.py:190} INFO - [2025-02-23T03:27:07.615+0000] {override.py:1912} INFO - Created Permission View: can delete on DAG:latest_only
[2025-02-23T03:27:07.630+0000] {logging_mixin.py:190} INFO - [2025-02-23T03:27:07.630+0000] {override.py:1912} INFO - Created Permission View: can edit on DAG:latest_only
[2025-02-23T03:27:07.658+0000] {logging_mixin.py:190} INFO - [2025-02-23T03:27:07.657+0000] {override.py:1912} INFO - Created Permission View: can read on DAG Run:latest_only
[2025-02-23T03:27:07.676+0000] {logging_mixin.py:190} INFO - [2025-02-23T03:27:07.675+0000] {override.py:1912} INFO - Created Permission View: menu access on DAG Run:latest_only
[2025-02-23T03:27:07.689+0000] {logging_mixin.py:190} INFO - [2025-02-23T03:27:07.688+0000] {override.py:1912} INFO - Created Permission View: can delete on DAG Run:latest_only
[2025-02-23T03:27:07.703+0000] {logging_mixin.py:190} INFO - [2025-02-23T03:27:07.703+0000] {override.py:1912} INFO - Created Permission View: can create on DAG Run:latest_only
[2025-02-23T03:27:07.704+0000] {logging_mixin.py:190} INFO - [2025-02-23T03:27:07.704+0000] {dag.py:3239} INFO - Sync 1 DAGs
[2025-02-23T03:27:07.731+0000] {logging_mixin.py:190} INFO - [2025-02-23T03:27:07.731+0000] {dag.py:3262} INFO - Creating ORM DAG for latest_only
[2025-02-23T03:27:07.754+0000] {logging_mixin.py:190} INFO - [2025-02-23T03:27:07.753+0000] {dag.py:4180} INFO - Setting next_dagrun for latest_only to 2025-02-22 20:00:00+00:00, run_after=2025-02-23 00:00:00+00:00
[2025-02-23T03:27:07.790+0000] {processor.py:208} INFO - Processing /home/airflow/.local/lib/python3.12/site-packages/airflow/example_dags/example_latest_only.py took 0.427 seconds
[2025-02-23T03:27:38.047+0000] {processor.py:186} INFO - Started process (PID=698) to work on /home/airflow/.local/lib/python3.12/site-packages/airflow/example_dags/example_latest_only.py
[2025-02-23T03:27:38.050+0000] {processor.py:914} INFO - Processing file /home/airflow/.local/lib/python3.12/site-packages/airflow/example_dags/example_latest_only.py for tasks to queue
[2025-02-23T03:27:38.055+0000] {logging_mixin.py:190} INFO - [2025-02-23T03:27:38.054+0000] {dagbag.py:588} INFO - Filling up the DagBag from /home/airflow/.local/lib/python3.12/site-packages/airflow/example_dags/example_latest_only.py
[2025-02-23T03:27:38.071+0000] {processor.py:925} INFO - DAG(s) 'latest_only' retrieved from /home/airflow/.local/lib/python3.12/site-packages/airflow/example_dags/example_latest_only.py
[2025-02-23T03:27:38.112+0000] {logging_mixin.py:190} INFO - [2025-02-23T03:27:38.112+0000] {dag.py:3239} INFO - Sync 1 DAGs
[2025-02-23T03:27:38.161+0000] {logging_mixin.py:190} INFO - [2025-02-23T03:27:38.161+0000] {dag.py:4180} INFO - Setting next_dagrun for latest_only to 2025-02-22 20:00:00+00:00, run_after=2025-02-23 00:00:00+00:00
[2025-02-23T03:27:38.248+0000] {processor.py:208} INFO - Processing /home/airflow/.local/lib/python3.12/site-packages/airflow/example_dags/example_latest_only.py took 0.214 seconds
[2025-02-23T03:28:08.863+0000] {processor.py:186} INFO - Started process (PID=989) to work on /home/airflow/.local/lib/python3.12/site-packages/airflow/example_dags/example_latest_only.py
[2025-02-23T03:28:08.866+0000] {processor.py:914} INFO - Processing file /home/airflow/.local/lib/python3.12/site-packages/airflow/example_dags/example_latest_only.py for tasks to queue
[2025-02-23T03:28:08.872+0000] {logging_mixin.py:190} INFO - [2025-02-23T03:28:08.871+0000] {dagbag.py:588} INFO - Filling up the DagBag from /home/airflow/.local/lib/python3.12/site-packages/airflow/example_dags/example_latest_only.py
[2025-02-23T03:28:08.888+0000] {processor.py:925} INFO - DAG(s) 'latest_only' retrieved from /home/airflow/.local/lib/python3.12/site-packages/airflow/example_dags/example_latest_only.py
[2025-02-23T03:28:08.928+0000] {logging_mixin.py:190} INFO - [2025-02-23T03:28:08.927+0000] {dag.py:3239} INFO - Sync 1 DAGs
[2025-02-23T03:28:08.976+0000] {logging_mixin.py:190} INFO - [2025-02-23T03:28:08.976+0000] {dag.py:4180} INFO - Setting next_dagrun for latest_only to 2025-02-22 20:00:00+00:00, run_after=2025-02-23 00:00:00+00:00
[2025-02-23T03:28:09.052+0000] {processor.py:208} INFO - Processing /home/airflow/.local/lib/python3.12/site-packages/airflow/example_dags/example_latest_only.py took 0.202 seconds
[2025-02-23T03:34:05.518+0000] {processor.py:186} INFO - Started process (PID=410) to work on /home/airflow/.local/lib/python3.12/site-packages/airflow/example_dags/example_latest_only.py
[2025-02-23T03:34:05.521+0000] {processor.py:914} INFO - Processing file /home/airflow/.local/lib/python3.12/site-packages/airflow/example_dags/example_latest_only.py for tasks to queue
[2025-02-23T03:34:05.527+0000] {logging_mixin.py:190} INFO - [2025-02-23T03:34:05.526+0000] {dagbag.py:588} INFO - Filling up the DagBag from /home/airflow/.local/lib/python3.12/site-packages/airflow/example_dags/example_latest_only.py
[2025-02-23T03:34:05.544+0000] {processor.py:925} INFO - DAG(s) 'latest_only' retrieved from /home/airflow/.local/lib/python3.12/site-packages/airflow/example_dags/example_latest_only.py
[2025-02-23T03:34:05.767+0000] {logging_mixin.py:190} INFO - [2025-02-23T03:34:05.765+0000] {override.py:1912} INFO - Created Permission View: can read on DAG:latest_only
[2025-02-23T03:34:05.792+0000] {logging_mixin.py:190} INFO - [2025-02-23T03:34:05.791+0000] {override.py:1912} INFO - Created Permission View: can edit on DAG:latest_only
[2025-02-23T03:34:05.806+0000] {logging_mixin.py:190} INFO - [2025-02-23T03:34:05.805+0000] {override.py:1912} INFO - Created Permission View: can delete on DAG:latest_only
[2025-02-23T03:34:05.821+0000] {logging_mixin.py:190} INFO - [2025-02-23T03:34:05.820+0000] {override.py:1912} INFO - Created Permission View: can read on DAG Run:latest_only
[2025-02-23T03:34:05.834+0000] {logging_mixin.py:190} INFO - [2025-02-23T03:34:05.834+0000] {override.py:1912} INFO - Created Permission View: menu access on DAG Run:latest_only
[2025-02-23T03:34:05.848+0000] {logging_mixin.py:190} INFO - [2025-02-23T03:34:05.848+0000] {override.py:1912} INFO - Created Permission View: can create on DAG Run:latest_only
[2025-02-23T03:34:05.864+0000] {logging_mixin.py:190} INFO - [2025-02-23T03:34:05.864+0000] {override.py:1912} INFO - Created Permission View: can delete on DAG Run:latest_only
[2025-02-23T03:34:05.866+0000] {logging_mixin.py:190} INFO - [2025-02-23T03:34:05.865+0000] {dag.py:3239} INFO - Sync 1 DAGs
[2025-02-23T03:34:05.898+0000] {logging_mixin.py:190} INFO - [2025-02-23T03:34:05.897+0000] {dag.py:3262} INFO - Creating ORM DAG for latest_only
[2025-02-23T03:34:05.922+0000] {logging_mixin.py:190} INFO - [2025-02-23T03:34:05.922+0000] {dag.py:4180} INFO - Setting next_dagrun for latest_only to 2025-02-22 20:00:00+00:00, run_after=2025-02-23 00:00:00+00:00
[2025-02-23T03:34:05.957+0000] {processor.py:208} INFO - Processing /home/airflow/.local/lib/python3.12/site-packages/airflow/example_dags/example_latest_only.py took 0.454 seconds
[2025-02-23T03:34:36.236+0000] {processor.py:186} INFO - Started process (PID=699) to work on /home/airflow/.local/lib/python3.12/site-packages/airflow/example_dags/example_latest_only.py
[2025-02-23T03:34:36.241+0000] {processor.py:914} INFO - Processing file /home/airflow/.local/lib/python3.12/site-packages/airflow/example_dags/example_latest_only.py for tasks to queue
[2025-02-23T03:34:36.248+0000] {logging_mixin.py:190} INFO - [2025-02-23T03:34:36.247+0000] {dagbag.py:588} INFO - Filling up the DagBag from /home/airflow/.local/lib/python3.12/site-packages/airflow/example_dags/example_latest_only.py
[2025-02-23T03:34:36.269+0000] {processor.py:925} INFO - DAG(s) 'latest_only' retrieved from /home/airflow/.local/lib/python3.12/site-packages/airflow/example_dags/example_latest_only.py
[2025-02-23T03:34:36.328+0000] {logging_mixin.py:190} INFO - [2025-02-23T03:34:36.327+0000] {dag.py:3239} INFO - Sync 1 DAGs
[2025-02-23T03:34:36.398+0000] {logging_mixin.py:190} INFO - [2025-02-23T03:34:36.398+0000] {dag.py:4180} INFO - Setting next_dagrun for latest_only to 2025-02-22 20:00:00+00:00, run_after=2025-02-23 00:00:00+00:00
[2025-02-23T03:34:36.445+0000] {processor.py:208} INFO - Processing /home/airflow/.local/lib/python3.12/site-packages/airflow/example_dags/example_latest_only.py took 0.231 seconds
[2025-02-23T03:35:06.804+0000] {processor.py:186} INFO - Started process (PID=988) to work on /home/airflow/.local/lib/python3.12/site-packages/airflow/example_dags/example_latest_only.py
[2025-02-23T03:35:06.806+0000] {processor.py:914} INFO - Processing file /home/airflow/.local/lib/python3.12/site-packages/airflow/example_dags/example_latest_only.py for tasks to queue
[2025-02-23T03:35:06.810+0000] {logging_mixin.py:190} INFO - [2025-02-23T03:35:06.809+0000] {dagbag.py:588} INFO - Filling up the DagBag from /home/airflow/.local/lib/python3.12/site-packages/airflow/example_dags/example_latest_only.py
[2025-02-23T03:35:06.822+0000] {processor.py:925} INFO - DAG(s) 'latest_only' retrieved from /home/airflow/.local/lib/python3.12/site-packages/airflow/example_dags/example_latest_only.py
[2025-02-23T03:35:06.856+0000] {logging_mixin.py:190} INFO - [2025-02-23T03:35:06.855+0000] {dag.py:3239} INFO - Sync 1 DAGs
[2025-02-23T03:35:06.900+0000] {logging_mixin.py:190} INFO - [2025-02-23T03:35:06.900+0000] {dag.py:4180} INFO - Setting next_dagrun for latest_only to 2025-02-22 20:00:00+00:00, run_after=2025-02-23 00:00:00+00:00
[2025-02-23T03:35:06.975+0000] {processor.py:208} INFO - Processing /home/airflow/.local/lib/python3.12/site-packages/airflow/example_dags/example_latest_only.py took 0.182 seconds
[2025-02-23T03:35:37.423+0000] {processor.py:186} INFO - Started process (PID=1279) to work on /home/airflow/.local/lib/python3.12/site-packages/airflow/example_dags/example_latest_only.py
[2025-02-23T03:35:37.425+0000] {processor.py:914} INFO - Processing file /home/airflow/.local/lib/python3.12/site-packages/airflow/example_dags/example_latest_only.py for tasks to queue
[2025-02-23T03:35:37.431+0000] {logging_mixin.py:190} INFO - [2025-02-23T03:35:37.431+0000] {dagbag.py:588} INFO - Filling up the DagBag from /home/airflow/.local/lib/python3.12/site-packages/airflow/example_dags/example_latest_only.py
[2025-02-23T03:35:37.450+0000] {processor.py:925} INFO - DAG(s) 'latest_only' retrieved from /home/airflow/.local/lib/python3.12/site-packages/airflow/example_dags/example_latest_only.py
[2025-02-23T03:35:37.496+0000] {logging_mixin.py:190} INFO - [2025-02-23T03:35:37.495+0000] {dag.py:3239} INFO - Sync 1 DAGs
[2025-02-23T03:35:37.551+0000] {logging_mixin.py:190} INFO - [2025-02-23T03:35:37.551+0000] {dag.py:4180} INFO - Setting next_dagrun for latest_only to 2025-02-22 20:00:00+00:00, run_after=2025-02-23 00:00:00+00:00
[2025-02-23T03:35:37.604+0000] {processor.py:208} INFO - Processing /home/airflow/.local/lib/python3.12/site-packages/airflow/example_dags/example_latest_only.py took 0.194 seconds
