[2025-02-23T03:27:02.289+0000] {processor.py:186} INFO - Started process (PID=350) to work on /home/airflow/.local/lib/python3.12/site-packages/airflow/example_dags/example_xcom.py
[2025-02-23T03:27:02.292+0000] {processor.py:914} INFO - Processing file /home/airflow/.local/lib/python3.12/site-packages/airflow/example_dags/example_xcom.py for tasks to queue
[2025-02-23T03:27:02.301+0000] {logging_mixin.py:190} INFO - [2025-02-23T03:27:02.300+0000] {dagbag.py:588} INFO - Filling up the DagBag from /home/airflow/.local/lib/python3.12/site-packages/airflow/example_dags/example_xcom.py
[2025-02-23T03:27:02.331+0000] {processor.py:925} INFO - DAG(s) 'example_xcom' retrieved from /home/airflow/.local/lib/python3.12/site-packages/airflow/example_dags/example_xcom.py
[2025-02-23T03:27:02.532+0000] {logging_mixin.py:190} INFO - [2025-02-23T03:27:02.531+0000] {override.py:1912} INFO - Created Permission View: can read on DAG:example_xcom
[2025-02-23T03:27:02.554+0000] {logging_mixin.py:190} INFO - [2025-02-23T03:27:02.553+0000] {override.py:1912} INFO - Created Permission View: can delete on DAG:example_xcom
[2025-02-23T03:27:02.569+0000] {logging_mixin.py:190} INFO - [2025-02-23T03:27:02.568+0000] {override.py:1912} INFO - Created Permission View: can edit on DAG:example_xcom
[2025-02-23T03:27:02.584+0000] {logging_mixin.py:190} INFO - [2025-02-23T03:27:02.583+0000] {override.py:1912} INFO - Created Permission View: can read on DAG Run:example_xcom
[2025-02-23T03:27:02.594+0000] {logging_mixin.py:190} INFO - [2025-02-23T03:27:02.594+0000] {override.py:1912} INFO - Created Permission View: menu access on DAG Run:example_xcom
[2025-02-23T03:27:02.605+0000] {logging_mixin.py:190} INFO - [2025-02-23T03:27:02.604+0000] {override.py:1912} INFO - Created Permission View: can delete on DAG Run:example_xcom
[2025-02-23T03:27:02.617+0000] {logging_mixin.py:190} INFO - [2025-02-23T03:27:02.616+0000] {override.py:1912} INFO - Created Permission View: can create on DAG Run:example_xcom
[2025-02-23T03:27:02.618+0000] {logging_mixin.py:190} INFO - [2025-02-23T03:27:02.618+0000] {dag.py:3239} INFO - Sync 1 DAGs
[2025-02-23T03:27:02.643+0000] {logging_mixin.py:190} INFO - [2025-02-23T03:27:02.642+0000] {dag.py:3262} INFO - Creating ORM DAG for example_xcom
[2025-02-23T03:27:02.663+0000] {logging_mixin.py:190} INFO - [2025-02-23T03:27:02.662+0000] {dag.py:4180} INFO - Setting next_dagrun for example_xcom to 2021-01-01 00:00:00+00:00, run_after=2021-01-01 00:00:00+00:00
[2025-02-23T03:27:02.692+0000] {processor.py:208} INFO - Processing /home/airflow/.local/lib/python3.12/site-packages/airflow/example_dags/example_xcom.py took 0.416 seconds
[2025-02-23T03:27:33.617+0000] {processor.py:186} INFO - Started process (PID=643) to work on /home/airflow/.local/lib/python3.12/site-packages/airflow/example_dags/example_xcom.py
[2025-02-23T03:27:33.620+0000] {processor.py:914} INFO - Processing file /home/airflow/.local/lib/python3.12/site-packages/airflow/example_dags/example_xcom.py for tasks to queue
[2025-02-23T03:27:33.624+0000] {logging_mixin.py:190} INFO - [2025-02-23T03:27:33.623+0000] {dagbag.py:588} INFO - Filling up the DagBag from /home/airflow/.local/lib/python3.12/site-packages/airflow/example_dags/example_xcom.py
[2025-02-23T03:27:33.640+0000] {processor.py:925} INFO - DAG(s) 'example_xcom' retrieved from /home/airflow/.local/lib/python3.12/site-packages/airflow/example_dags/example_xcom.py
[2025-02-23T03:27:33.677+0000] {logging_mixin.py:190} INFO - [2025-02-23T03:27:33.677+0000] {dag.py:3239} INFO - Sync 1 DAGs
[2025-02-23T03:27:33.721+0000] {logging_mixin.py:190} INFO - [2025-02-23T03:27:33.721+0000] {dag.py:4180} INFO - Setting next_dagrun for example_xcom to 2021-01-01 00:00:00+00:00, run_after=2021-01-01 00:00:00+00:00
[2025-02-23T03:27:33.756+0000] {processor.py:208} INFO - Processing /home/airflow/.local/lib/python3.12/site-packages/airflow/example_dags/example_xcom.py took 0.150 seconds
[2025-02-23T03:28:05.207+0000] {processor.py:186} INFO - Started process (PID=932) to work on /home/airflow/.local/lib/python3.12/site-packages/airflow/example_dags/example_xcom.py
[2025-02-23T03:28:05.209+0000] {processor.py:914} INFO - Processing file /home/airflow/.local/lib/python3.12/site-packages/airflow/example_dags/example_xcom.py for tasks to queue
[2025-02-23T03:28:05.213+0000] {logging_mixin.py:190} INFO - [2025-02-23T03:28:05.212+0000] {dagbag.py:588} INFO - Filling up the DagBag from /home/airflow/.local/lib/python3.12/site-packages/airflow/example_dags/example_xcom.py
[2025-02-23T03:28:05.229+0000] {processor.py:925} INFO - DAG(s) 'example_xcom' retrieved from /home/airflow/.local/lib/python3.12/site-packages/airflow/example_dags/example_xcom.py
[2025-02-23T03:28:05.269+0000] {logging_mixin.py:190} INFO - [2025-02-23T03:28:05.268+0000] {dag.py:3239} INFO - Sync 1 DAGs
[2025-02-23T03:28:05.346+0000] {logging_mixin.py:190} INFO - [2025-02-23T03:28:05.345+0000] {dag.py:4180} INFO - Setting next_dagrun for example_xcom to 2021-01-01 00:00:00+00:00, run_after=2021-01-01 00:00:00+00:00
[2025-02-23T03:28:05.397+0000] {processor.py:208} INFO - Processing /home/airflow/.local/lib/python3.12/site-packages/airflow/example_dags/example_xcom.py took 0.199 seconds
[2025-02-23T03:34:00.891+0000] {processor.py:186} INFO - Started process (PID=352) to work on /home/airflow/.local/lib/python3.12/site-packages/airflow/example_dags/example_xcom.py
[2025-02-23T03:34:00.893+0000] {processor.py:914} INFO - Processing file /home/airflow/.local/lib/python3.12/site-packages/airflow/example_dags/example_xcom.py for tasks to queue
[2025-02-23T03:34:00.897+0000] {logging_mixin.py:190} INFO - [2025-02-23T03:34:00.897+0000] {dagbag.py:588} INFO - Filling up the DagBag from /home/airflow/.local/lib/python3.12/site-packages/airflow/example_dags/example_xcom.py
[2025-02-23T03:34:00.918+0000] {processor.py:925} INFO - DAG(s) 'example_xcom' retrieved from /home/airflow/.local/lib/python3.12/site-packages/airflow/example_dags/example_xcom.py
[2025-02-23T03:34:01.117+0000] {logging_mixin.py:190} INFO - [2025-02-23T03:34:01.115+0000] {override.py:1912} INFO - Created Permission View: can read on DAG:example_xcom
[2025-02-23T03:34:01.137+0000] {logging_mixin.py:190} INFO - [2025-02-23T03:34:01.136+0000] {override.py:1912} INFO - Created Permission View: can edit on DAG:example_xcom
[2025-02-23T03:34:01.149+0000] {logging_mixin.py:190} INFO - [2025-02-23T03:34:01.148+0000] {override.py:1912} INFO - Created Permission View: can delete on DAG:example_xcom
[2025-02-23T03:34:01.174+0000] {logging_mixin.py:190} INFO - [2025-02-23T03:34:01.173+0000] {override.py:1912} INFO - Created Permission View: can read on DAG Run:example_xcom
[2025-02-23T03:34:01.185+0000] {logging_mixin.py:190} INFO - [2025-02-23T03:34:01.185+0000] {override.py:1912} INFO - Created Permission View: menu access on DAG Run:example_xcom
[2025-02-23T03:34:01.199+0000] {logging_mixin.py:190} INFO - [2025-02-23T03:34:01.198+0000] {override.py:1912} INFO - Created Permission View: can create on DAG Run:example_xcom
[2025-02-23T03:34:01.211+0000] {logging_mixin.py:190} INFO - [2025-02-23T03:34:01.211+0000] {override.py:1912} INFO - Created Permission View: can delete on DAG Run:example_xcom
[2025-02-23T03:34:01.213+0000] {logging_mixin.py:190} INFO - [2025-02-23T03:34:01.212+0000] {dag.py:3239} INFO - Sync 1 DAGs
[2025-02-23T03:34:01.246+0000] {logging_mixin.py:190} INFO - [2025-02-23T03:34:01.246+0000] {dag.py:3262} INFO - Creating ORM DAG for example_xcom
[2025-02-23T03:34:01.265+0000] {logging_mixin.py:190} INFO - [2025-02-23T03:34:01.264+0000] {dag.py:4180} INFO - Setting next_dagrun for example_xcom to 2021-01-01 00:00:00+00:00, run_after=2021-01-01 00:00:00+00:00
[2025-02-23T03:34:01.298+0000] {processor.py:208} INFO - Processing /home/airflow/.local/lib/python3.12/site-packages/airflow/example_dags/example_xcom.py took 0.418 seconds
[2025-02-23T03:34:31.932+0000] {processor.py:186} INFO - Started process (PID=642) to work on /home/airflow/.local/lib/python3.12/site-packages/airflow/example_dags/example_xcom.py
[2025-02-23T03:34:31.935+0000] {processor.py:914} INFO - Processing file /home/airflow/.local/lib/python3.12/site-packages/airflow/example_dags/example_xcom.py for tasks to queue
[2025-02-23T03:34:31.938+0000] {logging_mixin.py:190} INFO - [2025-02-23T03:34:31.938+0000] {dagbag.py:588} INFO - Filling up the DagBag from /home/airflow/.local/lib/python3.12/site-packages/airflow/example_dags/example_xcom.py
[2025-02-23T03:34:31.955+0000] {processor.py:925} INFO - DAG(s) 'example_xcom' retrieved from /home/airflow/.local/lib/python3.12/site-packages/airflow/example_dags/example_xcom.py
[2025-02-23T03:34:31.991+0000] {logging_mixin.py:190} INFO - [2025-02-23T03:34:31.991+0000] {dag.py:3239} INFO - Sync 1 DAGs
[2025-02-23T03:34:32.037+0000] {logging_mixin.py:190} INFO - [2025-02-23T03:34:32.036+0000] {dag.py:4180} INFO - Setting next_dagrun for example_xcom to 2021-01-01 00:00:00+00:00, run_after=2021-01-01 00:00:00+00:00
[2025-02-23T03:34:32.077+0000] {processor.py:208} INFO - Processing /home/airflow/.local/lib/python3.12/site-packages/airflow/example_dags/example_xcom.py took 0.155 seconds
[2025-02-23T03:35:03.539+0000] {processor.py:186} INFO - Started process (PID=933) to work on /home/airflow/.local/lib/python3.12/site-packages/airflow/example_dags/example_xcom.py
[2025-02-23T03:35:03.542+0000] {processor.py:914} INFO - Processing file /home/airflow/.local/lib/python3.12/site-packages/airflow/example_dags/example_xcom.py for tasks to queue
[2025-02-23T03:35:03.547+0000] {logging_mixin.py:190} INFO - [2025-02-23T03:35:03.546+0000] {dagbag.py:588} INFO - Filling up the DagBag from /home/airflow/.local/lib/python3.12/site-packages/airflow/example_dags/example_xcom.py
[2025-02-23T03:35:03.565+0000] {processor.py:925} INFO - DAG(s) 'example_xcom' retrieved from /home/airflow/.local/lib/python3.12/site-packages/airflow/example_dags/example_xcom.py
[2025-02-23T03:35:03.606+0000] {logging_mixin.py:190} INFO - [2025-02-23T03:35:03.605+0000] {dag.py:3239} INFO - Sync 1 DAGs
[2025-02-23T03:35:03.646+0000] {logging_mixin.py:190} INFO - [2025-02-23T03:35:03.646+0000] {dag.py:4180} INFO - Setting next_dagrun for example_xcom to 2021-01-01 00:00:00+00:00, run_after=2021-01-01 00:00:00+00:00
[2025-02-23T03:35:03.684+0000] {processor.py:208} INFO - Processing /home/airflow/.local/lib/python3.12/site-packages/airflow/example_dags/example_xcom.py took 0.157 seconds
[2025-02-23T03:35:35.163+0000] {processor.py:186} INFO - Started process (PID=1224) to work on /home/airflow/.local/lib/python3.12/site-packages/airflow/example_dags/example_xcom.py
[2025-02-23T03:35:35.165+0000] {processor.py:914} INFO - Processing file /home/airflow/.local/lib/python3.12/site-packages/airflow/example_dags/example_xcom.py for tasks to queue
[2025-02-23T03:35:35.169+0000] {logging_mixin.py:190} INFO - [2025-02-23T03:35:35.169+0000] {dagbag.py:588} INFO - Filling up the DagBag from /home/airflow/.local/lib/python3.12/site-packages/airflow/example_dags/example_xcom.py
[2025-02-23T03:35:35.187+0000] {processor.py:925} INFO - DAG(s) 'example_xcom' retrieved from /home/airflow/.local/lib/python3.12/site-packages/airflow/example_dags/example_xcom.py
[2025-02-23T03:35:35.225+0000] {logging_mixin.py:190} INFO - [2025-02-23T03:35:35.225+0000] {dag.py:3239} INFO - Sync 1 DAGs
[2025-02-23T03:35:35.266+0000] {logging_mixin.py:190} INFO - [2025-02-23T03:35:35.266+0000] {dag.py:4180} INFO - Setting next_dagrun for example_xcom to 2021-01-01 00:00:00+00:00, run_after=2021-01-01 00:00:00+00:00
[2025-02-23T03:35:35.308+0000] {processor.py:208} INFO - Processing /home/airflow/.local/lib/python3.12/site-packages/airflow/example_dags/example_xcom.py took 0.156 seconds
