[2025-02-23T03:26:52.936+0000] {processor.py:186} INFO - Started process (PID=240) to work on /home/airflow/.local/lib/python3.12/site-packages/airflow/example_dags/example_xcomargs.py
[2025-02-23T03:26:52.939+0000] {processor.py:914} INFO - Processing file /home/airflow/.local/lib/python3.12/site-packages/airflow/example_dags/example_xcomargs.py for tasks to queue
[2025-02-23T03:26:52.943+0000] {logging_mixin.py:190} INFO - [2025-02-23T03:26:52.942+0000] {dagbag.py:588} INFO - Filling up the DagBag from /home/airflow/.local/lib/python3.12/site-packages/airflow/example_dags/example_xcomargs.py
[2025-02-23T03:26:52.964+0000] {processor.py:925} INFO - DAG(s) 'example_xcom_args_with_operators', 'example_xcom_args' retrieved from /home/airflow/.local/lib/python3.12/site-packages/airflow/example_dags/example_xcomargs.py
[2025-02-23T03:26:53.159+0000] {logging_mixin.py:190} INFO - [2025-02-23T03:26:53.157+0000] {override.py:1912} INFO - Created Permission View: can read on DAG:example_xcom_args_with_operators
[2025-02-23T03:26:53.180+0000] {logging_mixin.py:190} INFO - [2025-02-23T03:26:53.179+0000] {override.py:1912} INFO - Created Permission View: can delete on DAG:example_xcom_args_with_operators
[2025-02-23T03:26:53.197+0000] {logging_mixin.py:190} INFO - [2025-02-23T03:26:53.195+0000] {override.py:1912} INFO - Created Permission View: can edit on DAG:example_xcom_args_with_operators
[2025-02-23T03:26:53.222+0000] {logging_mixin.py:190} INFO - [2025-02-23T03:26:53.221+0000] {override.py:1912} INFO - Created Permission View: can read on DAG Run:example_xcom_args_with_operators
[2025-02-23T03:26:53.246+0000] {logging_mixin.py:190} INFO - [2025-02-23T03:26:53.245+0000] {override.py:1912} INFO - Created Permission View: menu access on DAG Run:example_xcom_args_with_operators
[2025-02-23T03:26:53.266+0000] {logging_mixin.py:190} INFO - [2025-02-23T03:26:53.265+0000] {override.py:1912} INFO - Created Permission View: can delete on DAG Run:example_xcom_args_with_operators
[2025-02-23T03:26:53.293+0000] {logging_mixin.py:190} INFO - [2025-02-23T03:26:53.292+0000] {override.py:1912} INFO - Created Permission View: can create on DAG Run:example_xcom_args_with_operators
[2025-02-23T03:26:53.337+0000] {logging_mixin.py:190} INFO - [2025-02-23T03:26:53.336+0000] {override.py:1912} INFO - Created Permission View: can read on DAG:example_xcom_args
[2025-02-23T03:26:53.358+0000] {logging_mixin.py:190} INFO - [2025-02-23T03:26:53.357+0000] {override.py:1912} INFO - Created Permission View: can delete on DAG:example_xcom_args
[2025-02-23T03:26:53.384+0000] {logging_mixin.py:190} INFO - [2025-02-23T03:26:53.383+0000] {override.py:1912} INFO - Created Permission View: can edit on DAG:example_xcom_args
[2025-02-23T03:26:53.405+0000] {logging_mixin.py:190} INFO - [2025-02-23T03:26:53.404+0000] {override.py:1912} INFO - Created Permission View: can read on DAG Run:example_xcom_args
[2025-02-23T03:26:53.425+0000] {logging_mixin.py:190} INFO - [2025-02-23T03:26:53.424+0000] {override.py:1912} INFO - Created Permission View: menu access on DAG Run:example_xcom_args
[2025-02-23T03:26:53.442+0000] {logging_mixin.py:190} INFO - [2025-02-23T03:26:53.441+0000] {override.py:1912} INFO - Created Permission View: can delete on DAG Run:example_xcom_args
[2025-02-23T03:26:53.459+0000] {logging_mixin.py:190} INFO - [2025-02-23T03:26:53.459+0000] {override.py:1912} INFO - Created Permission View: can create on DAG Run:example_xcom_args
[2025-02-23T03:26:53.461+0000] {logging_mixin.py:190} INFO - [2025-02-23T03:26:53.461+0000] {dag.py:3239} INFO - Sync 2 DAGs
[2025-02-23T03:26:53.499+0000] {logging_mixin.py:190} INFO - [2025-02-23T03:26:53.498+0000] {dag.py:3262} INFO - Creating ORM DAG for example_xcom_args
[2025-02-23T03:26:53.501+0000] {logging_mixin.py:190} INFO - [2025-02-23T03:26:53.501+0000] {dag.py:3262} INFO - Creating ORM DAG for example_xcom_args_with_operators
[2025-02-23T03:26:53.504+0000] {logging_mixin.py:190} INFO - [2025-02-23T03:26:53.503+0000] {dag.py:4180} INFO - Setting next_dagrun for example_xcom_args to None, run_after=None
[2025-02-23T03:26:53.506+0000] {logging_mixin.py:190} INFO - [2025-02-23T03:26:53.506+0000] {dag.py:4180} INFO - Setting next_dagrun for example_xcom_args_with_operators to None, run_after=None
[2025-02-23T03:26:53.555+0000] {processor.py:208} INFO - Processing /home/airflow/.local/lib/python3.12/site-packages/airflow/example_dags/example_xcomargs.py took 0.635 seconds
[2025-02-23T03:27:24.175+0000] {processor.py:186} INFO - Started process (PID=528) to work on /home/airflow/.local/lib/python3.12/site-packages/airflow/example_dags/example_xcomargs.py
[2025-02-23T03:27:24.177+0000] {processor.py:914} INFO - Processing file /home/airflow/.local/lib/python3.12/site-packages/airflow/example_dags/example_xcomargs.py for tasks to queue
[2025-02-23T03:27:24.182+0000] {logging_mixin.py:190} INFO - [2025-02-23T03:27:24.182+0000] {dagbag.py:588} INFO - Filling up the DagBag from /home/airflow/.local/lib/python3.12/site-packages/airflow/example_dags/example_xcomargs.py
[2025-02-23T03:27:24.208+0000] {processor.py:925} INFO - DAG(s) 'example_xcom_args_with_operators', 'example_xcom_args' retrieved from /home/airflow/.local/lib/python3.12/site-packages/airflow/example_dags/example_xcomargs.py
[2025-02-23T03:27:24.270+0000] {logging_mixin.py:190} INFO - [2025-02-23T03:27:24.269+0000] {dag.py:3239} INFO - Sync 2 DAGs
[2025-02-23T03:27:24.316+0000] {logging_mixin.py:190} INFO - [2025-02-23T03:27:24.315+0000] {dag.py:4180} INFO - Setting next_dagrun for example_xcom_args to None, run_after=None
[2025-02-23T03:27:24.325+0000] {logging_mixin.py:190} INFO - [2025-02-23T03:27:24.324+0000] {dag.py:4180} INFO - Setting next_dagrun for example_xcom_args_with_operators to None, run_after=None
[2025-02-23T03:27:24.363+0000] {processor.py:208} INFO - Processing /home/airflow/.local/lib/python3.12/site-packages/airflow/example_dags/example_xcomargs.py took 0.203 seconds
[2025-02-23T03:27:54.948+0000] {processor.py:186} INFO - Started process (PID=819) to work on /home/airflow/.local/lib/python3.12/site-packages/airflow/example_dags/example_xcomargs.py
[2025-02-23T03:27:54.949+0000] {processor.py:914} INFO - Processing file /home/airflow/.local/lib/python3.12/site-packages/airflow/example_dags/example_xcomargs.py for tasks to queue
[2025-02-23T03:27:54.954+0000] {logging_mixin.py:190} INFO - [2025-02-23T03:27:54.953+0000] {dagbag.py:588} INFO - Filling up the DagBag from /home/airflow/.local/lib/python3.12/site-packages/airflow/example_dags/example_xcomargs.py
[2025-02-23T03:27:54.976+0000] {processor.py:925} INFO - DAG(s) 'example_xcom_args_with_operators', 'example_xcom_args' retrieved from /home/airflow/.local/lib/python3.12/site-packages/airflow/example_dags/example_xcomargs.py
[2025-02-23T03:27:55.024+0000] {logging_mixin.py:190} INFO - [2025-02-23T03:27:55.023+0000] {dag.py:3239} INFO - Sync 2 DAGs
[2025-02-23T03:27:55.063+0000] {logging_mixin.py:190} INFO - [2025-02-23T03:27:55.063+0000] {dag.py:4180} INFO - Setting next_dagrun for example_xcom_args to None, run_after=None
[2025-02-23T03:27:55.073+0000] {logging_mixin.py:190} INFO - [2025-02-23T03:27:55.073+0000] {dag.py:4180} INFO - Setting next_dagrun for example_xcom_args_with_operators to None, run_after=None
[2025-02-23T03:27:55.163+0000] {processor.py:208} INFO - Processing /home/airflow/.local/lib/python3.12/site-packages/airflow/example_dags/example_xcomargs.py took 0.226 seconds
[2025-02-23T03:33:51.567+0000] {processor.py:186} INFO - Started process (PID=240) to work on /home/airflow/.local/lib/python3.12/site-packages/airflow/example_dags/example_xcomargs.py
[2025-02-23T03:33:51.569+0000] {processor.py:914} INFO - Processing file /home/airflow/.local/lib/python3.12/site-packages/airflow/example_dags/example_xcomargs.py for tasks to queue
[2025-02-23T03:33:51.573+0000] {logging_mixin.py:190} INFO - [2025-02-23T03:33:51.573+0000] {dagbag.py:588} INFO - Filling up the DagBag from /home/airflow/.local/lib/python3.12/site-packages/airflow/example_dags/example_xcomargs.py
[2025-02-23T03:33:51.604+0000] {processor.py:925} INFO - DAG(s) 'example_xcom_args_with_operators', 'example_xcom_args' retrieved from /home/airflow/.local/lib/python3.12/site-packages/airflow/example_dags/example_xcomargs.py
[2025-02-23T03:33:51.802+0000] {logging_mixin.py:190} INFO - [2025-02-23T03:33:51.800+0000] {override.py:1912} INFO - Created Permission View: can read on DAG:example_xcom_args_with_operators
[2025-02-23T03:33:51.823+0000] {logging_mixin.py:190} INFO - [2025-02-23T03:33:51.822+0000] {override.py:1912} INFO - Created Permission View: can edit on DAG:example_xcom_args_with_operators
[2025-02-23T03:33:51.838+0000] {logging_mixin.py:190} INFO - [2025-02-23T03:33:51.837+0000] {override.py:1912} INFO - Created Permission View: can delete on DAG:example_xcom_args_with_operators
[2025-02-23T03:33:51.853+0000] {logging_mixin.py:190} INFO - [2025-02-23T03:33:51.853+0000] {override.py:1912} INFO - Created Permission View: can read on DAG Run:example_xcom_args_with_operators
[2025-02-23T03:33:51.868+0000] {logging_mixin.py:190} INFO - [2025-02-23T03:33:51.867+0000] {override.py:1912} INFO - Created Permission View: menu access on DAG Run:example_xcom_args_with_operators
[2025-02-23T03:33:51.882+0000] {logging_mixin.py:190} INFO - [2025-02-23T03:33:51.881+0000] {override.py:1912} INFO - Created Permission View: can create on DAG Run:example_xcom_args_with_operators
[2025-02-23T03:33:51.896+0000] {logging_mixin.py:190} INFO - [2025-02-23T03:33:51.896+0000] {override.py:1912} INFO - Created Permission View: can delete on DAG Run:example_xcom_args_with_operators
[2025-02-23T03:33:51.922+0000] {logging_mixin.py:190} INFO - [2025-02-23T03:33:51.922+0000] {override.py:1912} INFO - Created Permission View: can read on DAG:example_xcom_args
[2025-02-23T03:33:51.937+0000] {logging_mixin.py:190} INFO - [2025-02-23T03:33:51.937+0000] {override.py:1912} INFO - Created Permission View: can edit on DAG:example_xcom_args
[2025-02-23T03:33:51.952+0000] {logging_mixin.py:190} INFO - [2025-02-23T03:33:51.951+0000] {override.py:1912} INFO - Created Permission View: can delete on DAG:example_xcom_args
[2025-02-23T03:33:51.969+0000] {logging_mixin.py:190} INFO - [2025-02-23T03:33:51.969+0000] {override.py:1912} INFO - Created Permission View: can read on DAG Run:example_xcom_args
[2025-02-23T03:33:51.987+0000] {logging_mixin.py:190} INFO - [2025-02-23T03:33:51.985+0000] {override.py:1912} INFO - Created Permission View: menu access on DAG Run:example_xcom_args
[2025-02-23T03:33:52.004+0000] {logging_mixin.py:190} INFO - [2025-02-23T03:33:52.003+0000] {override.py:1912} INFO - Created Permission View: can create on DAG Run:example_xcom_args
[2025-02-23T03:33:52.030+0000] {logging_mixin.py:190} INFO - [2025-02-23T03:33:52.029+0000] {override.py:1912} INFO - Created Permission View: can delete on DAG Run:example_xcom_args
[2025-02-23T03:33:52.032+0000] {logging_mixin.py:190} INFO - [2025-02-23T03:33:52.031+0000] {dag.py:3239} INFO - Sync 2 DAGs
[2025-02-23T03:33:52.077+0000] {logging_mixin.py:190} INFO - [2025-02-23T03:33:52.076+0000] {dag.py:3262} INFO - Creating ORM DAG for example_xcom_args_with_operators
[2025-02-23T03:33:52.081+0000] {logging_mixin.py:190} INFO - [2025-02-23T03:33:52.080+0000] {dag.py:3262} INFO - Creating ORM DAG for example_xcom_args
[2025-02-23T03:33:52.084+0000] {logging_mixin.py:190} INFO - [2025-02-23T03:33:52.083+0000] {dag.py:4180} INFO - Setting next_dagrun for example_xcom_args to None, run_after=None
[2025-02-23T03:33:52.087+0000] {logging_mixin.py:190} INFO - [2025-02-23T03:33:52.086+0000] {dag.py:4180} INFO - Setting next_dagrun for example_xcom_args_with_operators to None, run_after=None
[2025-02-23T03:33:52.138+0000] {processor.py:208} INFO - Processing /home/airflow/.local/lib/python3.12/site-packages/airflow/example_dags/example_xcomargs.py took 0.584 seconds
[2025-02-23T03:34:22.717+0000] {processor.py:186} INFO - Started process (PID=529) to work on /home/airflow/.local/lib/python3.12/site-packages/airflow/example_dags/example_xcomargs.py
[2025-02-23T03:34:22.720+0000] {processor.py:914} INFO - Processing file /home/airflow/.local/lib/python3.12/site-packages/airflow/example_dags/example_xcomargs.py for tasks to queue
[2025-02-23T03:34:22.724+0000] {logging_mixin.py:190} INFO - [2025-02-23T03:34:22.724+0000] {dagbag.py:588} INFO - Filling up the DagBag from /home/airflow/.local/lib/python3.12/site-packages/airflow/example_dags/example_xcomargs.py
[2025-02-23T03:34:22.745+0000] {processor.py:925} INFO - DAG(s) 'example_xcom_args', 'example_xcom_args_with_operators' retrieved from /home/airflow/.local/lib/python3.12/site-packages/airflow/example_dags/example_xcomargs.py
[2025-02-23T03:34:22.802+0000] {logging_mixin.py:190} INFO - [2025-02-23T03:34:22.802+0000] {dag.py:3239} INFO - Sync 2 DAGs
[2025-02-23T03:34:22.837+0000] {logging_mixin.py:190} INFO - [2025-02-23T03:34:22.836+0000] {dag.py:4180} INFO - Setting next_dagrun for example_xcom_args to None, run_after=None
[2025-02-23T03:34:22.847+0000] {logging_mixin.py:190} INFO - [2025-02-23T03:34:22.846+0000] {dag.py:4180} INFO - Setting next_dagrun for example_xcom_args_with_operators to None, run_after=None
[2025-02-23T03:34:22.912+0000] {processor.py:208} INFO - Processing /home/airflow/.local/lib/python3.12/site-packages/airflow/example_dags/example_xcomargs.py took 0.206 seconds
[2025-02-23T03:34:53.426+0000] {processor.py:186} INFO - Started process (PID=820) to work on /home/airflow/.local/lib/python3.12/site-packages/airflow/example_dags/example_xcomargs.py
[2025-02-23T03:34:53.428+0000] {processor.py:914} INFO - Processing file /home/airflow/.local/lib/python3.12/site-packages/airflow/example_dags/example_xcomargs.py for tasks to queue
[2025-02-23T03:34:53.432+0000] {logging_mixin.py:190} INFO - [2025-02-23T03:34:53.432+0000] {dagbag.py:588} INFO - Filling up the DagBag from /home/airflow/.local/lib/python3.12/site-packages/airflow/example_dags/example_xcomargs.py
[2025-02-23T03:34:53.455+0000] {processor.py:925} INFO - DAG(s) 'example_xcom_args_with_operators', 'example_xcom_args' retrieved from /home/airflow/.local/lib/python3.12/site-packages/airflow/example_dags/example_xcomargs.py
[2025-02-23T03:34:53.511+0000] {logging_mixin.py:190} INFO - [2025-02-23T03:34:53.511+0000] {dag.py:3239} INFO - Sync 2 DAGs
[2025-02-23T03:34:53.546+0000] {logging_mixin.py:190} INFO - [2025-02-23T03:34:53.546+0000] {dag.py:4180} INFO - Setting next_dagrun for example_xcom_args to None, run_after=None
[2025-02-23T03:34:53.556+0000] {logging_mixin.py:190} INFO - [2025-02-23T03:34:53.555+0000] {dag.py:4180} INFO - Setting next_dagrun for example_xcom_args_with_operators to None, run_after=None
[2025-02-23T03:34:53.593+0000] {processor.py:208} INFO - Processing /home/airflow/.local/lib/python3.12/site-packages/airflow/example_dags/example_xcomargs.py took 0.182 seconds
[2025-02-23T03:35:23.828+0000] {processor.py:186} INFO - Started process (PID=1111) to work on /home/airflow/.local/lib/python3.12/site-packages/airflow/example_dags/example_xcomargs.py
[2025-02-23T03:35:23.830+0000] {processor.py:914} INFO - Processing file /home/airflow/.local/lib/python3.12/site-packages/airflow/example_dags/example_xcomargs.py for tasks to queue
[2025-02-23T03:35:23.835+0000] {logging_mixin.py:190} INFO - [2025-02-23T03:35:23.834+0000] {dagbag.py:588} INFO - Filling up the DagBag from /home/airflow/.local/lib/python3.12/site-packages/airflow/example_dags/example_xcomargs.py
[2025-02-23T03:35:23.853+0000] {processor.py:925} INFO - DAG(s) 'example_xcom_args_with_operators', 'example_xcom_args' retrieved from /home/airflow/.local/lib/python3.12/site-packages/airflow/example_dags/example_xcomargs.py
[2025-02-23T03:35:23.895+0000] {logging_mixin.py:190} INFO - [2025-02-23T03:35:23.894+0000] {dag.py:3239} INFO - Sync 2 DAGs
[2025-02-23T03:35:23.921+0000] {logging_mixin.py:190} INFO - [2025-02-23T03:35:23.920+0000] {dag.py:4180} INFO - Setting next_dagrun for example_xcom_args to None, run_after=None
[2025-02-23T03:35:23.928+0000] {logging_mixin.py:190} INFO - [2025-02-23T03:35:23.927+0000] {dag.py:4180} INFO - Setting next_dagrun for example_xcom_args_with_operators to None, run_after=None
[2025-02-23T03:35:23.959+0000] {processor.py:208} INFO - Processing /home/airflow/.local/lib/python3.12/site-packages/airflow/example_dags/example_xcomargs.py took 0.141 seconds
