[2025-02-23T03:27:10.281+0000] {processor.py:186} INFO - Started process (PID=455) to work on /home/airflow/.local/lib/python3.12/site-packages/airflow/example_dags/example_python_operator.py
[2025-02-23T03:27:10.283+0000] {processor.py:914} INFO - Processing file /home/airflow/.local/lib/python3.12/site-packages/airflow/example_dags/example_python_operator.py for tasks to queue
[2025-02-23T03:27:10.287+0000] {logging_mixin.py:190} INFO - [2025-02-23T03:27:10.286+0000] {dagbag.py:588} INFO - Filling up the DagBag from /home/airflow/.local/lib/python3.12/site-packages/airflow/example_dags/example_python_operator.py
[2025-02-23T03:27:10.318+0000] {processor.py:925} INFO - DAG(s) 'example_python_operator' retrieved from /home/airflow/.local/lib/python3.12/site-packages/airflow/example_dags/example_python_operator.py
[2025-02-23T03:27:10.539+0000] {logging_mixin.py:190} INFO - [2025-02-23T03:27:10.538+0000] {override.py:1912} INFO - Created Permission View: can read on DAG:example_python_operator
[2025-02-23T03:27:10.562+0000] {logging_mixin.py:190} INFO - [2025-02-23T03:27:10.562+0000] {override.py:1912} INFO - Created Permission View: can delete on DAG:example_python_operator
[2025-02-23T03:27:10.580+0000] {logging_mixin.py:190} INFO - [2025-02-23T03:27:10.578+0000] {override.py:1912} INFO - Created Permission View: can edit on DAG:example_python_operator
[2025-02-23T03:27:10.601+0000] {logging_mixin.py:190} INFO - [2025-02-23T03:27:10.601+0000] {override.py:1912} INFO - Created Permission View: can read on DAG Run:example_python_operator
[2025-02-23T03:27:10.616+0000] {logging_mixin.py:190} INFO - [2025-02-23T03:27:10.616+0000] {override.py:1912} INFO - Created Permission View: menu access on DAG Run:example_python_operator
[2025-02-23T03:27:10.631+0000] {logging_mixin.py:190} INFO - [2025-02-23T03:27:10.630+0000] {override.py:1912} INFO - Created Permission View: can delete on DAG Run:example_python_operator
[2025-02-23T03:27:10.649+0000] {logging_mixin.py:190} INFO - [2025-02-23T03:27:10.648+0000] {override.py:1912} INFO - Created Permission View: can create on DAG Run:example_python_operator
[2025-02-23T03:27:10.650+0000] {logging_mixin.py:190} INFO - [2025-02-23T03:27:10.650+0000] {dag.py:3239} INFO - Sync 1 DAGs
[2025-02-23T03:27:10.676+0000] {logging_mixin.py:190} INFO - [2025-02-23T03:27:10.676+0000] {dag.py:3262} INFO - Creating ORM DAG for example_python_operator
[2025-02-23T03:27:10.678+0000] {logging_mixin.py:190} INFO - [2025-02-23T03:27:10.678+0000] {dag.py:4180} INFO - Setting next_dagrun for example_python_operator to None, run_after=None
[2025-02-23T03:27:10.708+0000] {processor.py:208} INFO - Processing /home/airflow/.local/lib/python3.12/site-packages/airflow/example_dags/example_python_operator.py took 0.442 seconds
[2025-02-23T03:27:40.991+0000] {processor.py:186} INFO - Started process (PID=748) to work on /home/airflow/.local/lib/python3.12/site-packages/airflow/example_dags/example_python_operator.py
[2025-02-23T03:27:40.995+0000] {processor.py:914} INFO - Processing file /home/airflow/.local/lib/python3.12/site-packages/airflow/example_dags/example_python_operator.py for tasks to queue
[2025-02-23T03:27:41.000+0000] {logging_mixin.py:190} INFO - [2025-02-23T03:27:40.999+0000] {dagbag.py:588} INFO - Filling up the DagBag from /home/airflow/.local/lib/python3.12/site-packages/airflow/example_dags/example_python_operator.py
[2025-02-23T03:27:41.030+0000] {processor.py:925} INFO - DAG(s) 'example_python_operator' retrieved from /home/airflow/.local/lib/python3.12/site-packages/airflow/example_dags/example_python_operator.py
[2025-02-23T03:27:41.076+0000] {logging_mixin.py:190} INFO - [2025-02-23T03:27:41.076+0000] {dag.py:3239} INFO - Sync 1 DAGs
[2025-02-23T03:27:41.106+0000] {logging_mixin.py:190} INFO - [2025-02-23T03:27:41.106+0000] {dag.py:4180} INFO - Setting next_dagrun for example_python_operator to None, run_after=None
[2025-02-23T03:27:41.144+0000] {processor.py:208} INFO - Processing /home/airflow/.local/lib/python3.12/site-packages/airflow/example_dags/example_python_operator.py took 0.168 seconds
[2025-02-23T03:28:11.593+0000] {processor.py:186} INFO - Started process (PID=1037) to work on /home/airflow/.local/lib/python3.12/site-packages/airflow/example_dags/example_python_operator.py
[2025-02-23T03:28:11.595+0000] {processor.py:914} INFO - Processing file /home/airflow/.local/lib/python3.12/site-packages/airflow/example_dags/example_python_operator.py for tasks to queue
[2025-02-23T03:28:11.599+0000] {logging_mixin.py:190} INFO - [2025-02-23T03:28:11.599+0000] {dagbag.py:588} INFO - Filling up the DagBag from /home/airflow/.local/lib/python3.12/site-packages/airflow/example_dags/example_python_operator.py
[2025-02-23T03:28:11.623+0000] {processor.py:925} INFO - DAG(s) 'example_python_operator' retrieved from /home/airflow/.local/lib/python3.12/site-packages/airflow/example_dags/example_python_operator.py
[2025-02-23T03:28:11.669+0000] {logging_mixin.py:190} INFO - [2025-02-23T03:28:11.668+0000] {dag.py:3239} INFO - Sync 1 DAGs
[2025-02-23T03:28:11.701+0000] {logging_mixin.py:190} INFO - [2025-02-23T03:28:11.701+0000] {dag.py:4180} INFO - Setting next_dagrun for example_python_operator to None, run_after=None
[2025-02-23T03:28:11.776+0000] {processor.py:208} INFO - Processing /home/airflow/.local/lib/python3.12/site-packages/airflow/example_dags/example_python_operator.py took 0.194 seconds
[2025-02-23T03:34:08.552+0000] {processor.py:186} INFO - Started process (PID=455) to work on /home/airflow/.local/lib/python3.12/site-packages/airflow/example_dags/example_python_operator.py
[2025-02-23T03:34:08.555+0000] {processor.py:914} INFO - Processing file /home/airflow/.local/lib/python3.12/site-packages/airflow/example_dags/example_python_operator.py for tasks to queue
[2025-02-23T03:34:08.560+0000] {logging_mixin.py:190} INFO - [2025-02-23T03:34:08.559+0000] {dagbag.py:588} INFO - Filling up the DagBag from /home/airflow/.local/lib/python3.12/site-packages/airflow/example_dags/example_python_operator.py
[2025-02-23T03:34:08.585+0000] {processor.py:925} INFO - DAG(s) 'example_python_operator' retrieved from /home/airflow/.local/lib/python3.12/site-packages/airflow/example_dags/example_python_operator.py
[2025-02-23T03:34:08.836+0000] {logging_mixin.py:190} INFO - [2025-02-23T03:34:08.834+0000] {override.py:1912} INFO - Created Permission View: can read on DAG:example_python_operator
[2025-02-23T03:34:08.858+0000] {logging_mixin.py:190} INFO - [2025-02-23T03:34:08.857+0000] {override.py:1912} INFO - Created Permission View: can edit on DAG:example_python_operator
[2025-02-23T03:34:08.875+0000] {logging_mixin.py:190} INFO - [2025-02-23T03:34:08.874+0000] {override.py:1912} INFO - Created Permission View: can delete on DAG:example_python_operator
[2025-02-23T03:34:08.896+0000] {logging_mixin.py:190} INFO - [2025-02-23T03:34:08.895+0000] {override.py:1912} INFO - Created Permission View: can read on DAG Run:example_python_operator
[2025-02-23T03:34:08.912+0000] {logging_mixin.py:190} INFO - [2025-02-23T03:34:08.911+0000] {override.py:1912} INFO - Created Permission View: menu access on DAG Run:example_python_operator
[2025-02-23T03:34:08.930+0000] {logging_mixin.py:190} INFO - [2025-02-23T03:34:08.930+0000] {override.py:1912} INFO - Created Permission View: can create on DAG Run:example_python_operator
[2025-02-23T03:34:08.946+0000] {logging_mixin.py:190} INFO - [2025-02-23T03:34:08.945+0000] {override.py:1912} INFO - Created Permission View: can delete on DAG Run:example_python_operator
[2025-02-23T03:34:08.948+0000] {logging_mixin.py:190} INFO - [2025-02-23T03:34:08.948+0000] {dag.py:3239} INFO - Sync 1 DAGs
[2025-02-23T03:34:08.975+0000] {logging_mixin.py:190} INFO - [2025-02-23T03:34:08.974+0000] {dag.py:3262} INFO - Creating ORM DAG for example_python_operator
[2025-02-23T03:34:08.977+0000] {logging_mixin.py:190} INFO - [2025-02-23T03:34:08.976+0000] {dag.py:4180} INFO - Setting next_dagrun for example_python_operator to None, run_after=None
[2025-02-23T03:34:09.020+0000] {processor.py:208} INFO - Processing /home/airflow/.local/lib/python3.12/site-packages/airflow/example_dags/example_python_operator.py took 0.478 seconds
[2025-02-23T03:34:39.130+0000] {processor.py:186} INFO - Started process (PID=749) to work on /home/airflow/.local/lib/python3.12/site-packages/airflow/example_dags/example_python_operator.py
[2025-02-23T03:34:39.132+0000] {processor.py:914} INFO - Processing file /home/airflow/.local/lib/python3.12/site-packages/airflow/example_dags/example_python_operator.py for tasks to queue
[2025-02-23T03:34:39.140+0000] {logging_mixin.py:190} INFO - [2025-02-23T03:34:39.139+0000] {dagbag.py:588} INFO - Filling up the DagBag from /home/airflow/.local/lib/python3.12/site-packages/airflow/example_dags/example_python_operator.py
[2025-02-23T03:34:39.167+0000] {processor.py:925} INFO - DAG(s) 'example_python_operator' retrieved from /home/airflow/.local/lib/python3.12/site-packages/airflow/example_dags/example_python_operator.py
[2025-02-23T03:34:39.224+0000] {logging_mixin.py:190} INFO - [2025-02-23T03:34:39.222+0000] {dag.py:3239} INFO - Sync 1 DAGs
[2025-02-23T03:34:39.272+0000] {logging_mixin.py:190} INFO - [2025-02-23T03:34:39.271+0000] {dag.py:4180} INFO - Setting next_dagrun for example_python_operator to None, run_after=None
[2025-02-23T03:34:39.394+0000] {processor.py:208} INFO - Processing /home/airflow/.local/lib/python3.12/site-packages/airflow/example_dags/example_python_operator.py took 0.276 seconds
[2025-02-23T03:35:09.747+0000] {processor.py:186} INFO - Started process (PID=1038) to work on /home/airflow/.local/lib/python3.12/site-packages/airflow/example_dags/example_python_operator.py
[2025-02-23T03:35:09.751+0000] {processor.py:914} INFO - Processing file /home/airflow/.local/lib/python3.12/site-packages/airflow/example_dags/example_python_operator.py for tasks to queue
[2025-02-23T03:35:09.757+0000] {logging_mixin.py:190} INFO - [2025-02-23T03:35:09.756+0000] {dagbag.py:588} INFO - Filling up the DagBag from /home/airflow/.local/lib/python3.12/site-packages/airflow/example_dags/example_python_operator.py
[2025-02-23T03:35:09.785+0000] {processor.py:925} INFO - DAG(s) 'example_python_operator' retrieved from /home/airflow/.local/lib/python3.12/site-packages/airflow/example_dags/example_python_operator.py
[2025-02-23T03:35:09.834+0000] {logging_mixin.py:190} INFO - [2025-02-23T03:35:09.833+0000] {dag.py:3239} INFO - Sync 1 DAGs
[2025-02-23T03:35:09.868+0000] {logging_mixin.py:190} INFO - [2025-02-23T03:35:09.867+0000] {dag.py:4180} INFO - Setting next_dagrun for example_python_operator to None, run_after=None
[2025-02-23T03:35:09.907+0000] {processor.py:208} INFO - Processing /home/airflow/.local/lib/python3.12/site-packages/airflow/example_dags/example_python_operator.py took 0.171 seconds
[2025-02-23T03:35:40.146+0000] {processor.py:186} INFO - Started process (PID=1326) to work on /home/airflow/.local/lib/python3.12/site-packages/airflow/example_dags/example_python_operator.py
[2025-02-23T03:35:40.148+0000] {processor.py:914} INFO - Processing file /home/airflow/.local/lib/python3.12/site-packages/airflow/example_dags/example_python_operator.py for tasks to queue
[2025-02-23T03:35:40.152+0000] {logging_mixin.py:190} INFO - [2025-02-23T03:35:40.152+0000] {dagbag.py:588} INFO - Filling up the DagBag from /home/airflow/.local/lib/python3.12/site-packages/airflow/example_dags/example_python_operator.py
[2025-02-23T03:35:40.176+0000] {processor.py:925} INFO - DAG(s) 'example_python_operator' retrieved from /home/airflow/.local/lib/python3.12/site-packages/airflow/example_dags/example_python_operator.py
[2025-02-23T03:35:40.220+0000] {logging_mixin.py:190} INFO - [2025-02-23T03:35:40.219+0000] {dag.py:3239} INFO - Sync 1 DAGs
[2025-02-23T03:35:40.250+0000] {logging_mixin.py:190} INFO - [2025-02-23T03:35:40.249+0000] {dag.py:4180} INFO - Setting next_dagrun for example_python_operator to None, run_after=None
[2025-02-23T03:35:40.333+0000] {processor.py:208} INFO - Processing /home/airflow/.local/lib/python3.12/site-packages/airflow/example_dags/example_python_operator.py took 0.198 seconds
