[2025-02-23T03:26:50.622+0000] {processor.py:186} INFO - Started process (PID=215) to work on /home/airflow/.local/lib/python3.12/site-packages/airflow/example_dags/example_external_task_marker_dag.py
[2025-02-23T03:26:50.625+0000] {processor.py:914} INFO - Processing file /home/airflow/.local/lib/python3.12/site-packages/airflow/example_dags/example_external_task_marker_dag.py for tasks to queue
[2025-02-23T03:26:50.630+0000] {logging_mixin.py:190} INFO - [2025-02-23T03:26:50.629+0000] {dagbag.py:588} INFO - Filling up the DagBag from /home/airflow/.local/lib/python3.12/site-packages/airflow/example_dags/example_external_task_marker_dag.py
[2025-02-23T03:26:50.664+0000] {processor.py:925} INFO - DAG(s) 'example_external_task_marker_parent', 'example_external_task_marker_child' retrieved from /home/airflow/.local/lib/python3.12/site-packages/airflow/example_dags/example_external_task_marker_dag.py
[2025-02-23T03:26:51.084+0000] {logging_mixin.py:190} INFO - [2025-02-23T03:26:51.082+0000] {override.py:1912} INFO - Created Permission View: can read on DAG:example_external_task_marker_parent
[2025-02-23T03:26:51.104+0000] {logging_mixin.py:190} INFO - [2025-02-23T03:26:51.103+0000] {override.py:1912} INFO - Created Permission View: can delete on DAG:example_external_task_marker_parent
[2025-02-23T03:26:51.118+0000] {logging_mixin.py:190} INFO - [2025-02-23T03:26:51.118+0000] {override.py:1912} INFO - Created Permission View: can edit on DAG:example_external_task_marker_parent
[2025-02-23T03:26:51.135+0000] {logging_mixin.py:190} INFO - [2025-02-23T03:26:51.135+0000] {override.py:1912} INFO - Created Permission View: can read on DAG Run:example_external_task_marker_parent
[2025-02-23T03:26:51.148+0000] {logging_mixin.py:190} INFO - [2025-02-23T03:26:51.147+0000] {override.py:1912} INFO - Created Permission View: menu access on DAG Run:example_external_task_marker_parent
[2025-02-23T03:26:51.163+0000] {logging_mixin.py:190} INFO - [2025-02-23T03:26:51.163+0000] {override.py:1912} INFO - Created Permission View: can delete on DAG Run:example_external_task_marker_parent
[2025-02-23T03:26:51.176+0000] {logging_mixin.py:190} INFO - [2025-02-23T03:26:51.175+0000] {override.py:1912} INFO - Created Permission View: can create on DAG Run:example_external_task_marker_parent
[2025-02-23T03:26:51.204+0000] {logging_mixin.py:190} INFO - [2025-02-23T03:26:51.204+0000] {override.py:1912} INFO - Created Permission View: can read on DAG:example_external_task_marker_child
[2025-02-23T03:26:51.217+0000] {logging_mixin.py:190} INFO - [2025-02-23T03:26:51.216+0000] {override.py:1912} INFO - Created Permission View: can delete on DAG:example_external_task_marker_child
[2025-02-23T03:26:51.229+0000] {logging_mixin.py:190} INFO - [2025-02-23T03:26:51.228+0000] {override.py:1912} INFO - Created Permission View: can edit on DAG:example_external_task_marker_child
[2025-02-23T03:26:51.244+0000] {logging_mixin.py:190} INFO - [2025-02-23T03:26:51.243+0000] {override.py:1912} INFO - Created Permission View: can read on DAG Run:example_external_task_marker_child
[2025-02-23T03:26:51.259+0000] {logging_mixin.py:190} INFO - [2025-02-23T03:26:51.258+0000] {override.py:1912} INFO - Created Permission View: menu access on DAG Run:example_external_task_marker_child
[2025-02-23T03:26:51.271+0000] {logging_mixin.py:190} INFO - [2025-02-23T03:26:51.270+0000] {override.py:1912} INFO - Created Permission View: can delete on DAG Run:example_external_task_marker_child
[2025-02-23T03:26:51.282+0000] {logging_mixin.py:190} INFO - [2025-02-23T03:26:51.281+0000] {override.py:1912} INFO - Created Permission View: can create on DAG Run:example_external_task_marker_child
[2025-02-23T03:26:51.283+0000] {logging_mixin.py:190} INFO - [2025-02-23T03:26:51.283+0000] {dag.py:3239} INFO - Sync 2 DAGs
[2025-02-23T03:26:51.327+0000] {logging_mixin.py:190} INFO - [2025-02-23T03:26:51.326+0000] {dag.py:3262} INFO - Creating ORM DAG for example_external_task_marker_parent
[2025-02-23T03:26:51.329+0000] {logging_mixin.py:190} INFO - [2025-02-23T03:26:51.329+0000] {dag.py:3262} INFO - Creating ORM DAG for example_external_task_marker_child
[2025-02-23T03:26:51.332+0000] {logging_mixin.py:190} INFO - [2025-02-23T03:26:51.331+0000] {dag.py:4180} INFO - Setting next_dagrun for example_external_task_marker_child to None, run_after=None
[2025-02-23T03:26:51.335+0000] {logging_mixin.py:190} INFO - [2025-02-23T03:26:51.334+0000] {dag.py:4180} INFO - Setting next_dagrun for example_external_task_marker_parent to None, run_after=None
[2025-02-23T03:26:51.382+0000] {processor.py:208} INFO - Processing /home/airflow/.local/lib/python3.12/site-packages/airflow/example_dags/example_external_task_marker_dag.py took 0.774 seconds
[2025-02-23T03:27:21.472+0000] {processor.py:186} INFO - Started process (PID=503) to work on /home/airflow/.local/lib/python3.12/site-packages/airflow/example_dags/example_external_task_marker_dag.py
[2025-02-23T03:27:21.475+0000] {processor.py:914} INFO - Processing file /home/airflow/.local/lib/python3.12/site-packages/airflow/example_dags/example_external_task_marker_dag.py for tasks to queue
[2025-02-23T03:27:21.481+0000] {logging_mixin.py:190} INFO - [2025-02-23T03:27:21.481+0000] {dagbag.py:588} INFO - Filling up the DagBag from /home/airflow/.local/lib/python3.12/site-packages/airflow/example_dags/example_external_task_marker_dag.py
[2025-02-23T03:27:21.501+0000] {processor.py:925} INFO - DAG(s) 'example_external_task_marker_parent', 'example_external_task_marker_child' retrieved from /home/airflow/.local/lib/python3.12/site-packages/airflow/example_dags/example_external_task_marker_dag.py
[2025-02-23T03:27:21.564+0000] {logging_mixin.py:190} INFO - [2025-02-23T03:27:21.563+0000] {dag.py:3239} INFO - Sync 2 DAGs
[2025-02-23T03:27:21.596+0000] {logging_mixin.py:190} INFO - [2025-02-23T03:27:21.596+0000] {dag.py:4180} INFO - Setting next_dagrun for example_external_task_marker_child to None, run_after=None
[2025-02-23T03:27:21.604+0000] {logging_mixin.py:190} INFO - [2025-02-23T03:27:21.604+0000] {dag.py:4180} INFO - Setting next_dagrun for example_external_task_marker_parent to None, run_after=None
[2025-02-23T03:27:21.634+0000] {processor.py:208} INFO - Processing /home/airflow/.local/lib/python3.12/site-packages/airflow/example_dags/example_external_task_marker_dag.py took 0.175 seconds
[2025-02-23T03:27:51.893+0000] {processor.py:186} INFO - Started process (PID=794) to work on /home/airflow/.local/lib/python3.12/site-packages/airflow/example_dags/example_external_task_marker_dag.py
[2025-02-23T03:27:51.895+0000] {processor.py:914} INFO - Processing file /home/airflow/.local/lib/python3.12/site-packages/airflow/example_dags/example_external_task_marker_dag.py for tasks to queue
[2025-02-23T03:27:51.899+0000] {logging_mixin.py:190} INFO - [2025-02-23T03:27:51.898+0000] {dagbag.py:588} INFO - Filling up the DagBag from /home/airflow/.local/lib/python3.12/site-packages/airflow/example_dags/example_external_task_marker_dag.py
[2025-02-23T03:27:51.915+0000] {processor.py:925} INFO - DAG(s) 'example_external_task_marker_parent', 'example_external_task_marker_child' retrieved from /home/airflow/.local/lib/python3.12/site-packages/airflow/example_dags/example_external_task_marker_dag.py
[2025-02-23T03:27:51.965+0000] {logging_mixin.py:190} INFO - [2025-02-23T03:27:51.963+0000] {dag.py:3239} INFO - Sync 2 DAGs
[2025-02-23T03:27:51.998+0000] {logging_mixin.py:190} INFO - [2025-02-23T03:27:51.998+0000] {dag.py:4180} INFO - Setting next_dagrun for example_external_task_marker_child to None, run_after=None
[2025-02-23T03:27:52.007+0000] {logging_mixin.py:190} INFO - [2025-02-23T03:27:52.007+0000] {dag.py:4180} INFO - Setting next_dagrun for example_external_task_marker_parent to None, run_after=None
[2025-02-23T03:27:52.045+0000] {processor.py:208} INFO - Processing /home/airflow/.local/lib/python3.12/site-packages/airflow/example_dags/example_external_task_marker_dag.py took 0.162 seconds
[2025-02-23T03:33:48.774+0000] {processor.py:186} INFO - Started process (PID=215) to work on /home/airflow/.local/lib/python3.12/site-packages/airflow/example_dags/example_external_task_marker_dag.py
[2025-02-23T03:33:48.777+0000] {processor.py:914} INFO - Processing file /home/airflow/.local/lib/python3.12/site-packages/airflow/example_dags/example_external_task_marker_dag.py for tasks to queue
[2025-02-23T03:33:48.782+0000] {logging_mixin.py:190} INFO - [2025-02-23T03:33:48.782+0000] {dagbag.py:588} INFO - Filling up the DagBag from /home/airflow/.local/lib/python3.12/site-packages/airflow/example_dags/example_external_task_marker_dag.py
[2025-02-23T03:33:48.811+0000] {processor.py:925} INFO - DAG(s) 'example_external_task_marker_parent', 'example_external_task_marker_child' retrieved from /home/airflow/.local/lib/python3.12/site-packages/airflow/example_dags/example_external_task_marker_dag.py
[2025-02-23T03:33:49.307+0000] {logging_mixin.py:190} INFO - [2025-02-23T03:33:49.305+0000] {override.py:1912} INFO - Created Permission View: can read on DAG:example_external_task_marker_parent
[2025-02-23T03:33:49.338+0000] {logging_mixin.py:190} INFO - [2025-02-23T03:33:49.338+0000] {override.py:1912} INFO - Created Permission View: can edit on DAG:example_external_task_marker_parent
[2025-02-23T03:33:49.363+0000] {logging_mixin.py:190} INFO - [2025-02-23T03:33:49.362+0000] {override.py:1912} INFO - Created Permission View: can delete on DAG:example_external_task_marker_parent
[2025-02-23T03:33:49.387+0000] {logging_mixin.py:190} INFO - [2025-02-23T03:33:49.386+0000] {override.py:1912} INFO - Created Permission View: can read on DAG Run:example_external_task_marker_parent
[2025-02-23T03:33:49.407+0000] {logging_mixin.py:190} INFO - [2025-02-23T03:33:49.406+0000] {override.py:1912} INFO - Created Permission View: menu access on DAG Run:example_external_task_marker_parent
[2025-02-23T03:33:49.434+0000] {logging_mixin.py:190} INFO - [2025-02-23T03:33:49.432+0000] {override.py:1912} INFO - Created Permission View: can create on DAG Run:example_external_task_marker_parent
[2025-02-23T03:33:49.456+0000] {logging_mixin.py:190} INFO - [2025-02-23T03:33:49.455+0000] {override.py:1912} INFO - Created Permission View: can delete on DAG Run:example_external_task_marker_parent
[2025-02-23T03:33:49.496+0000] {logging_mixin.py:190} INFO - [2025-02-23T03:33:49.495+0000] {override.py:1912} INFO - Created Permission View: can read on DAG:example_external_task_marker_child
[2025-02-23T03:33:49.511+0000] {logging_mixin.py:190} INFO - [2025-02-23T03:33:49.510+0000] {override.py:1912} INFO - Created Permission View: can edit on DAG:example_external_task_marker_child
[2025-02-23T03:33:49.528+0000] {logging_mixin.py:190} INFO - [2025-02-23T03:33:49.527+0000] {override.py:1912} INFO - Created Permission View: can delete on DAG:example_external_task_marker_child
[2025-02-23T03:33:49.544+0000] {logging_mixin.py:190} INFO - [2025-02-23T03:33:49.543+0000] {override.py:1912} INFO - Created Permission View: can read on DAG Run:example_external_task_marker_child
[2025-02-23T03:33:49.559+0000] {logging_mixin.py:190} INFO - [2025-02-23T03:33:49.559+0000] {override.py:1912} INFO - Created Permission View: menu access on DAG Run:example_external_task_marker_child
[2025-02-23T03:33:49.578+0000] {logging_mixin.py:190} INFO - [2025-02-23T03:33:49.577+0000] {override.py:1912} INFO - Created Permission View: can create on DAG Run:example_external_task_marker_child
[2025-02-23T03:33:49.593+0000] {logging_mixin.py:190} INFO - [2025-02-23T03:33:49.593+0000] {override.py:1912} INFO - Created Permission View: can delete on DAG Run:example_external_task_marker_child
[2025-02-23T03:33:49.595+0000] {logging_mixin.py:190} INFO - [2025-02-23T03:33:49.595+0000] {dag.py:3239} INFO - Sync 2 DAGs
[2025-02-23T03:33:49.623+0000] {logging_mixin.py:190} INFO - [2025-02-23T03:33:49.623+0000] {dag.py:3262} INFO - Creating ORM DAG for example_external_task_marker_parent
[2025-02-23T03:33:49.626+0000] {logging_mixin.py:190} INFO - [2025-02-23T03:33:49.625+0000] {dag.py:3262} INFO - Creating ORM DAG for example_external_task_marker_child
[2025-02-23T03:33:49.628+0000] {logging_mixin.py:190} INFO - [2025-02-23T03:33:49.627+0000] {dag.py:4180} INFO - Setting next_dagrun for example_external_task_marker_child to None, run_after=None
[2025-02-23T03:33:49.630+0000] {logging_mixin.py:190} INFO - [2025-02-23T03:33:49.630+0000] {dag.py:4180} INFO - Setting next_dagrun for example_external_task_marker_parent to None, run_after=None
[2025-02-23T03:33:49.673+0000] {processor.py:208} INFO - Processing /home/airflow/.local/lib/python3.12/site-packages/airflow/example_dags/example_external_task_marker_dag.py took 0.911 seconds
[2025-02-23T03:34:19.849+0000] {processor.py:186} INFO - Started process (PID=504) to work on /home/airflow/.local/lib/python3.12/site-packages/airflow/example_dags/example_external_task_marker_dag.py
[2025-02-23T03:34:19.854+0000] {processor.py:914} INFO - Processing file /home/airflow/.local/lib/python3.12/site-packages/airflow/example_dags/example_external_task_marker_dag.py for tasks to queue
[2025-02-23T03:34:19.860+0000] {logging_mixin.py:190} INFO - [2025-02-23T03:34:19.859+0000] {dagbag.py:588} INFO - Filling up the DagBag from /home/airflow/.local/lib/python3.12/site-packages/airflow/example_dags/example_external_task_marker_dag.py
[2025-02-23T03:34:19.882+0000] {processor.py:925} INFO - DAG(s) 'example_external_task_marker_child', 'example_external_task_marker_parent' retrieved from /home/airflow/.local/lib/python3.12/site-packages/airflow/example_dags/example_external_task_marker_dag.py
[2025-02-23T03:34:19.923+0000] {logging_mixin.py:190} INFO - [2025-02-23T03:34:19.923+0000] {dag.py:3239} INFO - Sync 2 DAGs
[2025-02-23T03:34:19.954+0000] {logging_mixin.py:190} INFO - [2025-02-23T03:34:19.954+0000] {dag.py:4180} INFO - Setting next_dagrun for example_external_task_marker_child to None, run_after=None
[2025-02-23T03:34:19.962+0000] {logging_mixin.py:190} INFO - [2025-02-23T03:34:19.962+0000] {dag.py:4180} INFO - Setting next_dagrun for example_external_task_marker_parent to None, run_after=None
[2025-02-23T03:34:20.011+0000] {processor.py:208} INFO - Processing /home/airflow/.local/lib/python3.12/site-packages/airflow/example_dags/example_external_task_marker_dag.py took 0.175 seconds
[2025-02-23T03:34:50.395+0000] {processor.py:186} INFO - Started process (PID=795) to work on /home/airflow/.local/lib/python3.12/site-packages/airflow/example_dags/example_external_task_marker_dag.py
[2025-02-23T03:34:50.400+0000] {processor.py:914} INFO - Processing file /home/airflow/.local/lib/python3.12/site-packages/airflow/example_dags/example_external_task_marker_dag.py for tasks to queue
[2025-02-23T03:34:50.405+0000] {logging_mixin.py:190} INFO - [2025-02-23T03:34:50.405+0000] {dagbag.py:588} INFO - Filling up the DagBag from /home/airflow/.local/lib/python3.12/site-packages/airflow/example_dags/example_external_task_marker_dag.py
[2025-02-23T03:34:50.427+0000] {processor.py:925} INFO - DAG(s) 'example_external_task_marker_parent', 'example_external_task_marker_child' retrieved from /home/airflow/.local/lib/python3.12/site-packages/airflow/example_dags/example_external_task_marker_dag.py
[2025-02-23T03:34:50.501+0000] {logging_mixin.py:190} INFO - [2025-02-23T03:34:50.500+0000] {dag.py:3239} INFO - Sync 2 DAGs
[2025-02-23T03:34:50.555+0000] {logging_mixin.py:190} INFO - [2025-02-23T03:34:50.554+0000] {dag.py:4180} INFO - Setting next_dagrun for example_external_task_marker_child to None, run_after=None
[2025-02-23T03:34:50.565+0000] {logging_mixin.py:190} INFO - [2025-02-23T03:34:50.564+0000] {dag.py:4180} INFO - Setting next_dagrun for example_external_task_marker_parent to None, run_after=None
[2025-02-23T03:34:50.604+0000] {processor.py:208} INFO - Processing /home/airflow/.local/lib/python3.12/site-packages/airflow/example_dags/example_external_task_marker_dag.py took 0.222 seconds
[2025-02-23T03:35:20.817+0000] {processor.py:186} INFO - Started process (PID=1086) to work on /home/airflow/.local/lib/python3.12/site-packages/airflow/example_dags/example_external_task_marker_dag.py
[2025-02-23T03:35:20.820+0000] {processor.py:914} INFO - Processing file /home/airflow/.local/lib/python3.12/site-packages/airflow/example_dags/example_external_task_marker_dag.py for tasks to queue
[2025-02-23T03:35:20.829+0000] {logging_mixin.py:190} INFO - [2025-02-23T03:35:20.828+0000] {dagbag.py:588} INFO - Filling up the DagBag from /home/airflow/.local/lib/python3.12/site-packages/airflow/example_dags/example_external_task_marker_dag.py
[2025-02-23T03:35:20.851+0000] {processor.py:925} INFO - DAG(s) 'example_external_task_marker_child', 'example_external_task_marker_parent' retrieved from /home/airflow/.local/lib/python3.12/site-packages/airflow/example_dags/example_external_task_marker_dag.py
[2025-02-23T03:35:20.917+0000] {logging_mixin.py:190} INFO - [2025-02-23T03:35:20.916+0000] {dag.py:3239} INFO - Sync 2 DAGs
[2025-02-23T03:35:20.962+0000] {logging_mixin.py:190} INFO - [2025-02-23T03:35:20.961+0000] {dag.py:4180} INFO - Setting next_dagrun for example_external_task_marker_child to None, run_after=None
[2025-02-23T03:35:20.971+0000] {logging_mixin.py:190} INFO - [2025-02-23T03:35:20.971+0000] {dag.py:4180} INFO - Setting next_dagrun for example_external_task_marker_parent to None, run_after=None
[2025-02-23T03:35:21.010+0000] {processor.py:208} INFO - Processing /home/airflow/.local/lib/python3.12/site-packages/airflow/example_dags/example_external_task_marker_dag.py took 0.212 seconds
