[2025-02-23T03:27:03.023+0000] {processor.py:186} INFO - Started process (PID=365) to work on /home/airflow/.local/lib/python3.12/site-packages/airflow/example_dags/example_outlet_event_extra.py
[2025-02-23T03:27:03.025+0000] {processor.py:914} INFO - Processing file /home/airflow/.local/lib/python3.12/site-packages/airflow/example_dags/example_outlet_event_extra.py for tasks to queue
[2025-02-23T03:27:03.029+0000] {logging_mixin.py:190} INFO - [2025-02-23T03:27:03.029+0000] {dagbag.py:588} INFO - Filling up the DagBag from /home/airflow/.local/lib/python3.12/site-packages/airflow/example_dags/example_outlet_event_extra.py
[2025-02-23T03:27:03.875+0000] {processor.py:925} INFO - DAG(s) 'dataset_with_extra_by_context', 'dataset_with_extra_by_yield', 'dataset_with_extra_from_classic_operator' retrieved from /home/airflow/.local/lib/python3.12/site-packages/airflow/example_dags/example_outlet_event_extra.py
[2025-02-23T03:27:04.444+0000] {logging_mixin.py:190} INFO - [2025-02-23T03:27:04.443+0000] {override.py:1912} INFO - Created Permission View: can read on DAG:dataset_with_extra_by_context
[2025-02-23T03:27:04.472+0000] {logging_mixin.py:190} INFO - [2025-02-23T03:27:04.471+0000] {override.py:1912} INFO - Created Permission View: can delete on DAG:dataset_with_extra_by_context
[2025-02-23T03:27:04.491+0000] {logging_mixin.py:190} INFO - [2025-02-23T03:27:04.490+0000] {override.py:1912} INFO - Created Permission View: can edit on DAG:dataset_with_extra_by_context
[2025-02-23T03:27:04.511+0000] {logging_mixin.py:190} INFO - [2025-02-23T03:27:04.510+0000] {override.py:1912} INFO - Created Permission View: can read on DAG Run:dataset_with_extra_by_context
[2025-02-23T03:27:04.532+0000] {logging_mixin.py:190} INFO - [2025-02-23T03:27:04.531+0000] {override.py:1912} INFO - Created Permission View: menu access on DAG Run:dataset_with_extra_by_context
[2025-02-23T03:27:04.557+0000] {logging_mixin.py:190} INFO - [2025-02-23T03:27:04.556+0000] {override.py:1912} INFO - Created Permission View: can delete on DAG Run:dataset_with_extra_by_context
[2025-02-23T03:27:04.585+0000] {logging_mixin.py:190} INFO - [2025-02-23T03:27:04.585+0000] {override.py:1912} INFO - Created Permission View: can create on DAG Run:dataset_with_extra_by_context
[2025-02-23T03:27:04.663+0000] {logging_mixin.py:190} INFO - [2025-02-23T03:27:04.662+0000] {override.py:1912} INFO - Created Permission View: can read on DAG:dataset_with_extra_by_yield
[2025-02-23T03:27:04.691+0000] {logging_mixin.py:190} INFO - [2025-02-23T03:27:04.690+0000] {override.py:1912} INFO - Created Permission View: can delete on DAG:dataset_with_extra_by_yield
[2025-02-23T03:27:04.724+0000] {logging_mixin.py:190} INFO - [2025-02-23T03:27:04.723+0000] {override.py:1912} INFO - Created Permission View: can edit on DAG:dataset_with_extra_by_yield
[2025-02-23T03:27:04.763+0000] {logging_mixin.py:190} INFO - [2025-02-23T03:27:04.762+0000] {override.py:1912} INFO - Created Permission View: can read on DAG Run:dataset_with_extra_by_yield
[2025-02-23T03:27:04.799+0000] {logging_mixin.py:190} INFO - [2025-02-23T03:27:04.798+0000] {override.py:1912} INFO - Created Permission View: menu access on DAG Run:dataset_with_extra_by_yield
[2025-02-23T03:27:04.833+0000] {logging_mixin.py:190} INFO - [2025-02-23T03:27:04.832+0000] {override.py:1912} INFO - Created Permission View: can delete on DAG Run:dataset_with_extra_by_yield
[2025-02-23T03:27:04.850+0000] {logging_mixin.py:190} INFO - [2025-02-23T03:27:04.850+0000] {override.py:1912} INFO - Created Permission View: can create on DAG Run:dataset_with_extra_by_yield
[2025-02-23T03:27:04.890+0000] {logging_mixin.py:190} INFO - [2025-02-23T03:27:04.889+0000] {override.py:1912} INFO - Created Permission View: can read on DAG:dataset_with_extra_from_classic_operator
[2025-02-23T03:27:04.906+0000] {logging_mixin.py:190} INFO - [2025-02-23T03:27:04.905+0000] {override.py:1912} INFO - Created Permission View: can delete on DAG:dataset_with_extra_from_classic_operator
[2025-02-23T03:27:04.926+0000] {logging_mixin.py:190} INFO - [2025-02-23T03:27:04.925+0000] {override.py:1912} INFO - Created Permission View: can edit on DAG:dataset_with_extra_from_classic_operator
[2025-02-23T03:27:04.948+0000] {logging_mixin.py:190} INFO - [2025-02-23T03:27:04.947+0000] {override.py:1912} INFO - Created Permission View: can read on DAG Run:dataset_with_extra_from_classic_operator
[2025-02-23T03:27:04.965+0000] {logging_mixin.py:190} INFO - [2025-02-23T03:27:04.964+0000] {override.py:1912} INFO - Created Permission View: menu access on DAG Run:dataset_with_extra_from_classic_operator
[2025-02-23T03:27:04.981+0000] {logging_mixin.py:190} INFO - [2025-02-23T03:27:04.980+0000] {override.py:1912} INFO - Created Permission View: can delete on DAG Run:dataset_with_extra_from_classic_operator
[2025-02-23T03:27:04.996+0000] {logging_mixin.py:190} INFO - [2025-02-23T03:27:04.995+0000] {override.py:1912} INFO - Created Permission View: can create on DAG Run:dataset_with_extra_from_classic_operator
[2025-02-23T03:27:04.997+0000] {logging_mixin.py:190} INFO - [2025-02-23T03:27:04.997+0000] {dag.py:3239} INFO - Sync 3 DAGs
[2025-02-23T03:27:05.020+0000] {logging_mixin.py:190} INFO - [2025-02-23T03:27:05.019+0000] {dag.py:3262} INFO - Creating ORM DAG for dataset_with_extra_by_yield
[2025-02-23T03:27:05.022+0000] {logging_mixin.py:190} INFO - [2025-02-23T03:27:05.022+0000] {dag.py:3262} INFO - Creating ORM DAG for dataset_with_extra_from_classic_operator
[2025-02-23T03:27:05.024+0000] {logging_mixin.py:190} INFO - [2025-02-23T03:27:05.023+0000] {dag.py:3262} INFO - Creating ORM DAG for dataset_with_extra_by_context
[2025-02-23T03:27:05.047+0000] {logging_mixin.py:190} INFO - [2025-02-23T03:27:05.047+0000] {dag.py:4180} INFO - Setting next_dagrun for dataset_with_extra_by_context to 2025-02-22 00:00:00+00:00, run_after=2025-02-23 00:00:00+00:00
[2025-02-23T03:27:05.052+0000] {logging_mixin.py:190} INFO - [2025-02-23T03:27:05.051+0000] {dag.py:4180} INFO - Setting next_dagrun for dataset_with_extra_by_yield to 2025-02-22 00:00:00+00:00, run_after=2025-02-23 00:00:00+00:00
[2025-02-23T03:27:05.058+0000] {logging_mixin.py:190} INFO - [2025-02-23T03:27:05.056+0000] {dag.py:4180} INFO - Setting next_dagrun for dataset_with_extra_from_classic_operator to 2025-02-22 00:00:00+00:00, run_after=2025-02-23 00:00:00+00:00
[2025-02-23T03:27:05.130+0000] {processor.py:208} INFO - Processing /home/airflow/.local/lib/python3.12/site-packages/airflow/example_dags/example_outlet_event_extra.py took 2.118 seconds
[2025-02-23T03:27:35.369+0000] {processor.py:186} INFO - Started process (PID=666) to work on /home/airflow/.local/lib/python3.12/site-packages/airflow/example_dags/example_outlet_event_extra.py
[2025-02-23T03:27:35.372+0000] {processor.py:914} INFO - Processing file /home/airflow/.local/lib/python3.12/site-packages/airflow/example_dags/example_outlet_event_extra.py for tasks to queue
[2025-02-23T03:27:35.376+0000] {logging_mixin.py:190} INFO - [2025-02-23T03:27:35.375+0000] {dagbag.py:588} INFO - Filling up the DagBag from /home/airflow/.local/lib/python3.12/site-packages/airflow/example_dags/example_outlet_event_extra.py
[2025-02-23T03:27:36.152+0000] {processor.py:925} INFO - DAG(s) 'dataset_with_extra_from_classic_operator', 'dataset_with_extra_by_context', 'dataset_with_extra_by_yield' retrieved from /home/airflow/.local/lib/python3.12/site-packages/airflow/example_dags/example_outlet_event_extra.py
[2025-02-23T03:27:36.207+0000] {logging_mixin.py:190} INFO - [2025-02-23T03:27:36.206+0000] {dag.py:3239} INFO - Sync 3 DAGs
[2025-02-23T03:27:36.266+0000] {logging_mixin.py:190} INFO - [2025-02-23T03:27:36.266+0000] {dag.py:4180} INFO - Setting next_dagrun for dataset_with_extra_by_context to 2025-02-22 00:00:00+00:00, run_after=2025-02-23 00:00:00+00:00
[2025-02-23T03:27:36.279+0000] {logging_mixin.py:190} INFO - [2025-02-23T03:27:36.278+0000] {dag.py:4180} INFO - Setting next_dagrun for dataset_with_extra_by_yield to 2025-02-22 00:00:00+00:00, run_after=2025-02-23 00:00:00+00:00
[2025-02-23T03:27:36.286+0000] {logging_mixin.py:190} INFO - [2025-02-23T03:27:36.286+0000] {dag.py:4180} INFO - Setting next_dagrun for dataset_with_extra_from_classic_operator to 2025-02-22 00:00:00+00:00, run_after=2025-02-23 00:00:00+00:00
[2025-02-23T03:27:36.381+0000] {processor.py:208} INFO - Processing /home/airflow/.local/lib/python3.12/site-packages/airflow/example_dags/example_outlet_event_extra.py took 1.024 seconds
[2025-02-23T03:28:07.106+0000] {processor.py:186} INFO - Started process (PID=959) to work on /home/airflow/.local/lib/python3.12/site-packages/airflow/example_dags/example_outlet_event_extra.py
[2025-02-23T03:28:07.108+0000] {processor.py:914} INFO - Processing file /home/airflow/.local/lib/python3.12/site-packages/airflow/example_dags/example_outlet_event_extra.py for tasks to queue
[2025-02-23T03:28:07.114+0000] {logging_mixin.py:190} INFO - [2025-02-23T03:28:07.113+0000] {dagbag.py:588} INFO - Filling up the DagBag from /home/airflow/.local/lib/python3.12/site-packages/airflow/example_dags/example_outlet_event_extra.py
[2025-02-23T03:28:07.963+0000] {processor.py:925} INFO - DAG(s) 'dataset_with_extra_from_classic_operator', 'dataset_with_extra_by_yield', 'dataset_with_extra_by_context' retrieved from /home/airflow/.local/lib/python3.12/site-packages/airflow/example_dags/example_outlet_event_extra.py
[2025-02-23T03:28:08.014+0000] {logging_mixin.py:190} INFO - [2025-02-23T03:28:08.014+0000] {dag.py:3239} INFO - Sync 3 DAGs
[2025-02-23T03:28:08.069+0000] {logging_mixin.py:190} INFO - [2025-02-23T03:28:08.068+0000] {dag.py:4180} INFO - Setting next_dagrun for dataset_with_extra_by_context to 2025-02-22 00:00:00+00:00, run_after=2025-02-23 00:00:00+00:00
[2025-02-23T03:28:08.083+0000] {logging_mixin.py:190} INFO - [2025-02-23T03:28:08.083+0000] {dag.py:4180} INFO - Setting next_dagrun for dataset_with_extra_by_yield to 2025-02-22 00:00:00+00:00, run_after=2025-02-23 00:00:00+00:00
[2025-02-23T03:28:08.089+0000] {logging_mixin.py:190} INFO - [2025-02-23T03:28:08.088+0000] {dag.py:4180} INFO - Setting next_dagrun for dataset_with_extra_from_classic_operator to 2025-02-22 00:00:00+00:00, run_after=2025-02-23 00:00:00+00:00
[2025-02-23T03:28:08.179+0000] {processor.py:208} INFO - Processing /home/airflow/.local/lib/python3.12/site-packages/airflow/example_dags/example_outlet_event_extra.py took 1.085 seconds
[2025-02-23T03:34:01.911+0000] {processor.py:186} INFO - Started process (PID=367) to work on /home/airflow/.local/lib/python3.12/site-packages/airflow/example_dags/example_outlet_event_extra.py
[2025-02-23T03:34:01.913+0000] {processor.py:914} INFO - Processing file /home/airflow/.local/lib/python3.12/site-packages/airflow/example_dags/example_outlet_event_extra.py for tasks to queue
[2025-02-23T03:34:01.920+0000] {logging_mixin.py:190} INFO - [2025-02-23T03:34:01.919+0000] {dagbag.py:588} INFO - Filling up the DagBag from /home/airflow/.local/lib/python3.12/site-packages/airflow/example_dags/example_outlet_event_extra.py
[2025-02-23T03:34:02.774+0000] {processor.py:925} INFO - DAG(s) 'dataset_with_extra_by_context', 'dataset_with_extra_from_classic_operator', 'dataset_with_extra_by_yield' retrieved from /home/airflow/.local/lib/python3.12/site-packages/airflow/example_dags/example_outlet_event_extra.py
[2025-02-23T03:34:03.417+0000] {logging_mixin.py:190} INFO - [2025-02-23T03:34:03.415+0000] {override.py:1912} INFO - Created Permission View: can read on DAG:dataset_with_extra_by_context
[2025-02-23T03:34:03.440+0000] {logging_mixin.py:190} INFO - [2025-02-23T03:34:03.439+0000] {override.py:1912} INFO - Created Permission View: can edit on DAG:dataset_with_extra_by_context
[2025-02-23T03:34:03.458+0000] {logging_mixin.py:190} INFO - [2025-02-23T03:34:03.457+0000] {override.py:1912} INFO - Created Permission View: can delete on DAG:dataset_with_extra_by_context
[2025-02-23T03:34:03.476+0000] {logging_mixin.py:190} INFO - [2025-02-23T03:34:03.475+0000] {override.py:1912} INFO - Created Permission View: can read on DAG Run:dataset_with_extra_by_context
[2025-02-23T03:34:03.493+0000] {logging_mixin.py:190} INFO - [2025-02-23T03:34:03.492+0000] {override.py:1912} INFO - Created Permission View: menu access on DAG Run:dataset_with_extra_by_context
[2025-02-23T03:34:03.511+0000] {logging_mixin.py:190} INFO - [2025-02-23T03:34:03.510+0000] {override.py:1912} INFO - Created Permission View: can create on DAG Run:dataset_with_extra_by_context
[2025-02-23T03:34:03.526+0000] {logging_mixin.py:190} INFO - [2025-02-23T03:34:03.526+0000] {override.py:1912} INFO - Created Permission View: can delete on DAG Run:dataset_with_extra_by_context
[2025-02-23T03:34:03.560+0000] {logging_mixin.py:190} INFO - [2025-02-23T03:34:03.559+0000] {override.py:1912} INFO - Created Permission View: can read on DAG:dataset_with_extra_from_classic_operator
[2025-02-23T03:34:03.575+0000] {logging_mixin.py:190} INFO - [2025-02-23T03:34:03.574+0000] {override.py:1912} INFO - Created Permission View: can edit on DAG:dataset_with_extra_from_classic_operator
[2025-02-23T03:34:03.591+0000] {logging_mixin.py:190} INFO - [2025-02-23T03:34:03.590+0000] {override.py:1912} INFO - Created Permission View: can delete on DAG:dataset_with_extra_from_classic_operator
[2025-02-23T03:34:03.608+0000] {logging_mixin.py:190} INFO - [2025-02-23T03:34:03.608+0000] {override.py:1912} INFO - Created Permission View: can read on DAG Run:dataset_with_extra_from_classic_operator
[2025-02-23T03:34:03.624+0000] {logging_mixin.py:190} INFO - [2025-02-23T03:34:03.623+0000] {override.py:1912} INFO - Created Permission View: menu access on DAG Run:dataset_with_extra_from_classic_operator
[2025-02-23T03:34:03.639+0000] {logging_mixin.py:190} INFO - [2025-02-23T03:34:03.638+0000] {override.py:1912} INFO - Created Permission View: can create on DAG Run:dataset_with_extra_from_classic_operator
[2025-02-23T03:34:03.654+0000] {logging_mixin.py:190} INFO - [2025-02-23T03:34:03.654+0000] {override.py:1912} INFO - Created Permission View: can delete on DAG Run:dataset_with_extra_from_classic_operator
[2025-02-23T03:34:03.684+0000] {logging_mixin.py:190} INFO - [2025-02-23T03:34:03.683+0000] {override.py:1912} INFO - Created Permission View: can read on DAG:dataset_with_extra_by_yield
[2025-02-23T03:34:03.700+0000] {logging_mixin.py:190} INFO - [2025-02-23T03:34:03.700+0000] {override.py:1912} INFO - Created Permission View: can edit on DAG:dataset_with_extra_by_yield
[2025-02-23T03:34:03.716+0000] {logging_mixin.py:190} INFO - [2025-02-23T03:34:03.715+0000] {override.py:1912} INFO - Created Permission View: can delete on DAG:dataset_with_extra_by_yield
[2025-02-23T03:34:03.736+0000] {logging_mixin.py:190} INFO - [2025-02-23T03:34:03.735+0000] {override.py:1912} INFO - Created Permission View: can read on DAG Run:dataset_with_extra_by_yield
[2025-02-23T03:34:03.753+0000] {logging_mixin.py:190} INFO - [2025-02-23T03:34:03.753+0000] {override.py:1912} INFO - Created Permission View: menu access on DAG Run:dataset_with_extra_by_yield
[2025-02-23T03:34:03.773+0000] {logging_mixin.py:190} INFO - [2025-02-23T03:34:03.772+0000] {override.py:1912} INFO - Created Permission View: can create on DAG Run:dataset_with_extra_by_yield
[2025-02-23T03:34:03.788+0000] {logging_mixin.py:190} INFO - [2025-02-23T03:34:03.786+0000] {override.py:1912} INFO - Created Permission View: can delete on DAG Run:dataset_with_extra_by_yield
[2025-02-23T03:34:03.790+0000] {logging_mixin.py:190} INFO - [2025-02-23T03:34:03.789+0000] {dag.py:3239} INFO - Sync 3 DAGs
[2025-02-23T03:34:03.816+0000] {logging_mixin.py:190} INFO - [2025-02-23T03:34:03.815+0000] {dag.py:3262} INFO - Creating ORM DAG for dataset_with_extra_by_yield
[2025-02-23T03:34:03.817+0000] {logging_mixin.py:190} INFO - [2025-02-23T03:34:03.817+0000] {dag.py:3262} INFO - Creating ORM DAG for dataset_with_extra_from_classic_operator
[2025-02-23T03:34:03.819+0000] {logging_mixin.py:190} INFO - [2025-02-23T03:34:03.818+0000] {dag.py:3262} INFO - Creating ORM DAG for dataset_with_extra_by_context
[2025-02-23T03:34:03.842+0000] {logging_mixin.py:190} INFO - [2025-02-23T03:34:03.841+0000] {dag.py:4180} INFO - Setting next_dagrun for dataset_with_extra_by_context to 2025-02-22 00:00:00+00:00, run_after=2025-02-23 00:00:00+00:00
[2025-02-23T03:34:03.846+0000] {logging_mixin.py:190} INFO - [2025-02-23T03:34:03.845+0000] {dag.py:4180} INFO - Setting next_dagrun for dataset_with_extra_by_yield to 2025-02-22 00:00:00+00:00, run_after=2025-02-23 00:00:00+00:00
[2025-02-23T03:34:03.849+0000] {logging_mixin.py:190} INFO - [2025-02-23T03:34:03.849+0000] {dag.py:4180} INFO - Setting next_dagrun for dataset_with_extra_from_classic_operator to 2025-02-22 00:00:00+00:00, run_after=2025-02-23 00:00:00+00:00
[2025-02-23T03:34:03.899+0000] {processor.py:208} INFO - Processing /home/airflow/.local/lib/python3.12/site-packages/airflow/example_dags/example_outlet_event_extra.py took 2.000 seconds
[2025-02-23T03:34:34.013+0000] {processor.py:186} INFO - Started process (PID=669) to work on /home/airflow/.local/lib/python3.12/site-packages/airflow/example_dags/example_outlet_event_extra.py
[2025-02-23T03:34:34.015+0000] {processor.py:914} INFO - Processing file /home/airflow/.local/lib/python3.12/site-packages/airflow/example_dags/example_outlet_event_extra.py for tasks to queue
[2025-02-23T03:34:34.020+0000] {logging_mixin.py:190} INFO - [2025-02-23T03:34:34.019+0000] {dagbag.py:588} INFO - Filling up the DagBag from /home/airflow/.local/lib/python3.12/site-packages/airflow/example_dags/example_outlet_event_extra.py
[2025-02-23T03:34:34.726+0000] {processor.py:925} INFO - DAG(s) 'dataset_with_extra_from_classic_operator', 'dataset_with_extra_by_yield', 'dataset_with_extra_by_context' retrieved from /home/airflow/.local/lib/python3.12/site-packages/airflow/example_dags/example_outlet_event_extra.py
[2025-02-23T03:34:34.779+0000] {logging_mixin.py:190} INFO - [2025-02-23T03:34:34.779+0000] {dag.py:3239} INFO - Sync 3 DAGs
[2025-02-23T03:34:34.830+0000] {logging_mixin.py:190} INFO - [2025-02-23T03:34:34.829+0000] {dag.py:4180} INFO - Setting next_dagrun for dataset_with_extra_by_context to 2025-02-22 00:00:00+00:00, run_after=2025-02-23 00:00:00+00:00
[2025-02-23T03:34:34.843+0000] {logging_mixin.py:190} INFO - [2025-02-23T03:34:34.843+0000] {dag.py:4180} INFO - Setting next_dagrun for dataset_with_extra_by_yield to 2025-02-22 00:00:00+00:00, run_after=2025-02-23 00:00:00+00:00
[2025-02-23T03:34:34.849+0000] {logging_mixin.py:190} INFO - [2025-02-23T03:34:34.849+0000] {dag.py:4180} INFO - Setting next_dagrun for dataset_with_extra_from_classic_operator to 2025-02-22 00:00:00+00:00, run_after=2025-02-23 00:00:00+00:00
[2025-02-23T03:34:35.206+0000] {processor.py:208} INFO - Processing /home/airflow/.local/lib/python3.12/site-packages/airflow/example_dags/example_outlet_event_extra.py took 1.204 seconds
[2025-02-23T03:35:05.742+0000] {processor.py:186} INFO - Started process (PID=965) to work on /home/airflow/.local/lib/python3.12/site-packages/airflow/example_dags/example_outlet_event_extra.py
[2025-02-23T03:35:05.745+0000] {processor.py:914} INFO - Processing file /home/airflow/.local/lib/python3.12/site-packages/airflow/example_dags/example_outlet_event_extra.py for tasks to queue
[2025-02-23T03:35:05.749+0000] {logging_mixin.py:190} INFO - [2025-02-23T03:35:05.749+0000] {dagbag.py:588} INFO - Filling up the DagBag from /home/airflow/.local/lib/python3.12/site-packages/airflow/example_dags/example_outlet_event_extra.py
[2025-02-23T03:35:06.484+0000] {processor.py:925} INFO - DAG(s) 'dataset_with_extra_by_yield', 'dataset_with_extra_from_classic_operator', 'dataset_with_extra_by_context' retrieved from /home/airflow/.local/lib/python3.12/site-packages/airflow/example_dags/example_outlet_event_extra.py
[2025-02-23T03:35:06.536+0000] {logging_mixin.py:190} INFO - [2025-02-23T03:35:06.535+0000] {dag.py:3239} INFO - Sync 3 DAGs
[2025-02-23T03:35:06.591+0000] {logging_mixin.py:190} INFO - [2025-02-23T03:35:06.590+0000] {dag.py:4180} INFO - Setting next_dagrun for dataset_with_extra_by_context to 2025-02-22 00:00:00+00:00, run_after=2025-02-23 00:00:00+00:00
[2025-02-23T03:35:06.603+0000] {logging_mixin.py:190} INFO - [2025-02-23T03:35:06.602+0000] {dag.py:4180} INFO - Setting next_dagrun for dataset_with_extra_by_yield to 2025-02-22 00:00:00+00:00, run_after=2025-02-23 00:00:00+00:00
[2025-02-23T03:35:06.609+0000] {logging_mixin.py:190} INFO - [2025-02-23T03:35:06.608+0000] {dag.py:4180} INFO - Setting next_dagrun for dataset_with_extra_from_classic_operator to 2025-02-22 00:00:00+00:00, run_after=2025-02-23 00:00:00+00:00
[2025-02-23T03:35:06.988+0000] {processor.py:208} INFO - Processing /home/airflow/.local/lib/python3.12/site-packages/airflow/example_dags/example_outlet_event_extra.py took 1.257 seconds
[2025-02-23T03:35:37.415+0000] {processor.py:186} INFO - Started process (PID=1276) to work on /home/airflow/.local/lib/python3.12/site-packages/airflow/example_dags/example_outlet_event_extra.py
[2025-02-23T03:35:37.418+0000] {processor.py:914} INFO - Processing file /home/airflow/.local/lib/python3.12/site-packages/airflow/example_dags/example_outlet_event_extra.py for tasks to queue
[2025-02-23T03:35:37.425+0000] {logging_mixin.py:190} INFO - [2025-02-23T03:35:37.424+0000] {dagbag.py:588} INFO - Filling up the DagBag from /home/airflow/.local/lib/python3.12/site-packages/airflow/example_dags/example_outlet_event_extra.py
[2025-02-23T03:35:38.607+0000] {processor.py:925} INFO - DAG(s) 'dataset_with_extra_by_context', 'dataset_with_extra_by_yield', 'dataset_with_extra_from_classic_operator' retrieved from /home/airflow/.local/lib/python3.12/site-packages/airflow/example_dags/example_outlet_event_extra.py
[2025-02-23T03:35:38.667+0000] {logging_mixin.py:190} INFO - [2025-02-23T03:35:38.666+0000] {dag.py:3239} INFO - Sync 3 DAGs
[2025-02-23T03:35:38.720+0000] {logging_mixin.py:190} INFO - [2025-02-23T03:35:38.719+0000] {dag.py:4180} INFO - Setting next_dagrun for dataset_with_extra_by_context to 2025-02-22 00:00:00+00:00, run_after=2025-02-23 00:00:00+00:00
[2025-02-23T03:35:38.731+0000] {logging_mixin.py:190} INFO - [2025-02-23T03:35:38.731+0000] {dag.py:4180} INFO - Setting next_dagrun for dataset_with_extra_by_yield to 2025-02-22 00:00:00+00:00, run_after=2025-02-23 00:00:00+00:00
[2025-02-23T03:35:38.737+0000] {logging_mixin.py:190} INFO - [2025-02-23T03:35:38.736+0000] {dag.py:4180} INFO - Setting next_dagrun for dataset_with_extra_from_classic_operator to 2025-02-22 00:00:00+00:00, run_after=2025-02-23 00:00:00+00:00
[2025-02-23T03:35:38.785+0000] {processor.py:208} INFO - Processing /home/airflow/.local/lib/python3.12/site-packages/airflow/example_dags/example_outlet_event_extra.py took 1.384 seconds
