[2025-02-23T03:26:50.562+0000] {processor.py:186} INFO - Started process (PID=212) to work on /home/airflow/.local/lib/python3.12/site-packages/airflow/example_dags/example_dag_decorator.py
[2025-02-23T03:26:50.565+0000] {processor.py:914} INFO - Processing file /home/airflow/.local/lib/python3.12/site-packages/airflow/example_dags/example_dag_decorator.py for tasks to queue
[2025-02-23T03:26:50.571+0000] {logging_mixin.py:190} INFO - [2025-02-23T03:26:50.570+0000] {dagbag.py:588} INFO - Filling up the DagBag from /home/airflow/.local/lib/python3.12/site-packages/airflow/example_dags/example_dag_decorator.py
[2025-02-23T03:26:51.324+0000] {processor.py:925} INFO - DAG(s) 'example_dag_decorator' retrieved from /home/airflow/.local/lib/python3.12/site-packages/airflow/example_dags/example_dag_decorator.py
[2025-02-23T03:26:51.564+0000] {logging_mixin.py:190} INFO - [2025-02-23T03:26:51.562+0000] {override.py:1912} INFO - Created Permission View: can read on DAG:example_dag_decorator
[2025-02-23T03:26:51.586+0000] {logging_mixin.py:190} INFO - [2025-02-23T03:26:51.585+0000] {override.py:1912} INFO - Created Permission View: can delete on DAG:example_dag_decorator
[2025-02-23T03:26:51.599+0000] {logging_mixin.py:190} INFO - [2025-02-23T03:26:51.598+0000] {override.py:1912} INFO - Created Permission View: can edit on DAG:example_dag_decorator
[2025-02-23T03:26:51.615+0000] {logging_mixin.py:190} INFO - [2025-02-23T03:26:51.615+0000] {override.py:1912} INFO - Created Permission View: can read on DAG Run:example_dag_decorator
[2025-02-23T03:26:51.629+0000] {logging_mixin.py:190} INFO - [2025-02-23T03:26:51.628+0000] {override.py:1912} INFO - Created Permission View: menu access on DAG Run:example_dag_decorator
[2025-02-23T03:26:51.640+0000] {logging_mixin.py:190} INFO - [2025-02-23T03:26:51.639+0000] {override.py:1912} INFO - Created Permission View: can delete on DAG Run:example_dag_decorator
[2025-02-23T03:26:51.658+0000] {logging_mixin.py:190} INFO - [2025-02-23T03:26:51.657+0000] {override.py:1912} INFO - Created Permission View: can create on DAG Run:example_dag_decorator
[2025-02-23T03:26:51.659+0000] {logging_mixin.py:190} INFO - [2025-02-23T03:26:51.659+0000] {dag.py:3239} INFO - Sync 1 DAGs
[2025-02-23T03:26:51.683+0000] {logging_mixin.py:190} INFO - [2025-02-23T03:26:51.682+0000] {dag.py:3262} INFO - Creating ORM DAG for example_dag_decorator
[2025-02-23T03:26:51.685+0000] {logging_mixin.py:190} INFO - [2025-02-23T03:26:51.684+0000] {dag.py:4180} INFO - Setting next_dagrun for example_dag_decorator to None, run_after=None
[2025-02-23T03:26:51.717+0000] {processor.py:208} INFO - Processing /home/airflow/.local/lib/python3.12/site-packages/airflow/example_dags/example_dag_decorator.py took 1.167 seconds
[2025-02-23T03:27:22.509+0000] {processor.py:186} INFO - Started process (PID=508) to work on /home/airflow/.local/lib/python3.12/site-packages/airflow/example_dags/example_dag_decorator.py
[2025-02-23T03:27:22.511+0000] {processor.py:914} INFO - Processing file /home/airflow/.local/lib/python3.12/site-packages/airflow/example_dags/example_dag_decorator.py for tasks to queue
[2025-02-23T03:27:22.515+0000] {logging_mixin.py:190} INFO - [2025-02-23T03:27:22.515+0000] {dagbag.py:588} INFO - Filling up the DagBag from /home/airflow/.local/lib/python3.12/site-packages/airflow/example_dags/example_dag_decorator.py
[2025-02-23T03:27:22.743+0000] {processor.py:925} INFO - DAG(s) 'example_dag_decorator' retrieved from /home/airflow/.local/lib/python3.12/site-packages/airflow/example_dags/example_dag_decorator.py
[2025-02-23T03:27:22.988+0000] {logging_mixin.py:190} INFO - [2025-02-23T03:27:22.987+0000] {dag.py:3239} INFO - Sync 1 DAGs
[2025-02-23T03:27:23.016+0000] {logging_mixin.py:190} INFO - [2025-02-23T03:27:23.016+0000] {dag.py:4180} INFO - Setting next_dagrun for example_dag_decorator to None, run_after=None
[2025-02-23T03:27:23.062+0000] {processor.py:208} INFO - Processing /home/airflow/.local/lib/python3.12/site-packages/airflow/example_dags/example_dag_decorator.py took 0.566 seconds
[2025-02-23T03:27:53.164+0000] {processor.py:186} INFO - Started process (PID=802) to work on /home/airflow/.local/lib/python3.12/site-packages/airflow/example_dags/example_dag_decorator.py
[2025-02-23T03:27:53.170+0000] {processor.py:914} INFO - Processing file /home/airflow/.local/lib/python3.12/site-packages/airflow/example_dags/example_dag_decorator.py for tasks to queue
[2025-02-23T03:27:53.181+0000] {logging_mixin.py:190} INFO - [2025-02-23T03:27:53.180+0000] {dagbag.py:588} INFO - Filling up the DagBag from /home/airflow/.local/lib/python3.12/site-packages/airflow/example_dags/example_dag_decorator.py
[2025-02-23T03:27:53.541+0000] {processor.py:925} INFO - DAG(s) 'example_dag_decorator' retrieved from /home/airflow/.local/lib/python3.12/site-packages/airflow/example_dags/example_dag_decorator.py
[2025-02-23T03:27:53.777+0000] {logging_mixin.py:190} INFO - [2025-02-23T03:27:53.777+0000] {dag.py:3239} INFO - Sync 1 DAGs
[2025-02-23T03:27:53.803+0000] {logging_mixin.py:190} INFO - [2025-02-23T03:27:53.803+0000] {dag.py:4180} INFO - Setting next_dagrun for example_dag_decorator to None, run_after=None
[2025-02-23T03:27:53.856+0000] {processor.py:208} INFO - Processing /home/airflow/.local/lib/python3.12/site-packages/airflow/example_dags/example_dag_decorator.py took 0.716 seconds
[2025-02-23T03:33:48.724+0000] {processor.py:186} INFO - Started process (PID=212) to work on /home/airflow/.local/lib/python3.12/site-packages/airflow/example_dags/example_dag_decorator.py
[2025-02-23T03:33:48.726+0000] {processor.py:914} INFO - Processing file /home/airflow/.local/lib/python3.12/site-packages/airflow/example_dags/example_dag_decorator.py for tasks to queue
[2025-02-23T03:33:48.731+0000] {logging_mixin.py:190} INFO - [2025-02-23T03:33:48.731+0000] {dagbag.py:588} INFO - Filling up the DagBag from /home/airflow/.local/lib/python3.12/site-packages/airflow/example_dags/example_dag_decorator.py
[2025-02-23T03:33:49.561+0000] {processor.py:925} INFO - DAG(s) 'example_dag_decorator' retrieved from /home/airflow/.local/lib/python3.12/site-packages/airflow/example_dags/example_dag_decorator.py
[2025-02-23T03:33:49.784+0000] {logging_mixin.py:190} INFO - [2025-02-23T03:33:49.782+0000] {override.py:1912} INFO - Created Permission View: can read on DAG:example_dag_decorator
[2025-02-23T03:33:49.812+0000] {logging_mixin.py:190} INFO - [2025-02-23T03:33:49.811+0000] {override.py:1912} INFO - Created Permission View: can edit on DAG:example_dag_decorator
[2025-02-23T03:33:49.829+0000] {logging_mixin.py:190} INFO - [2025-02-23T03:33:49.828+0000] {override.py:1912} INFO - Created Permission View: can delete on DAG:example_dag_decorator
[2025-02-23T03:33:49.853+0000] {logging_mixin.py:190} INFO - [2025-02-23T03:33:49.852+0000] {override.py:1912} INFO - Created Permission View: can read on DAG Run:example_dag_decorator
[2025-02-23T03:33:49.873+0000] {logging_mixin.py:190} INFO - [2025-02-23T03:33:49.873+0000] {override.py:1912} INFO - Created Permission View: menu access on DAG Run:example_dag_decorator
[2025-02-23T03:33:49.893+0000] {logging_mixin.py:190} INFO - [2025-02-23T03:33:49.892+0000] {override.py:1912} INFO - Created Permission View: can create on DAG Run:example_dag_decorator
[2025-02-23T03:33:49.926+0000] {logging_mixin.py:190} INFO - [2025-02-23T03:33:49.926+0000] {override.py:1912} INFO - Created Permission View: can delete on DAG Run:example_dag_decorator
[2025-02-23T03:33:49.929+0000] {logging_mixin.py:190} INFO - [2025-02-23T03:33:49.928+0000] {dag.py:3239} INFO - Sync 1 DAGs
[2025-02-23T03:33:49.969+0000] {logging_mixin.py:190} INFO - [2025-02-23T03:33:49.968+0000] {dag.py:3262} INFO - Creating ORM DAG for example_dag_decorator
[2025-02-23T03:33:49.972+0000] {logging_mixin.py:190} INFO - [2025-02-23T03:33:49.971+0000] {dag.py:4180} INFO - Setting next_dagrun for example_dag_decorator to None, run_after=None
[2025-02-23T03:33:50.020+0000] {processor.py:208} INFO - Processing /home/airflow/.local/lib/python3.12/site-packages/airflow/example_dags/example_dag_decorator.py took 1.308 seconds
[2025-02-23T03:34:21.024+0000] {processor.py:186} INFO - Started process (PID=509) to work on /home/airflow/.local/lib/python3.12/site-packages/airflow/example_dags/example_dag_decorator.py
[2025-02-23T03:34:21.028+0000] {processor.py:914} INFO - Processing file /home/airflow/.local/lib/python3.12/site-packages/airflow/example_dags/example_dag_decorator.py for tasks to queue
[2025-02-23T03:34:21.036+0000] {logging_mixin.py:190} INFO - [2025-02-23T03:34:21.035+0000] {dagbag.py:588} INFO - Filling up the DagBag from /home/airflow/.local/lib/python3.12/site-packages/airflow/example_dags/example_dag_decorator.py
[2025-02-23T03:34:21.261+0000] {processor.py:925} INFO - DAG(s) 'example_dag_decorator' retrieved from /home/airflow/.local/lib/python3.12/site-packages/airflow/example_dags/example_dag_decorator.py
[2025-02-23T03:34:21.496+0000] {logging_mixin.py:190} INFO - [2025-02-23T03:34:21.496+0000] {dag.py:3239} INFO - Sync 1 DAGs
[2025-02-23T03:34:21.538+0000] {logging_mixin.py:190} INFO - [2025-02-23T03:34:21.538+0000] {dag.py:4180} INFO - Setting next_dagrun for example_dag_decorator to None, run_after=None
[2025-02-23T03:34:21.581+0000] {processor.py:208} INFO - Processing /home/airflow/.local/lib/python3.12/site-packages/airflow/example_dags/example_dag_decorator.py took 0.574 seconds
[2025-02-23T03:34:51.717+0000] {processor.py:186} INFO - Started process (PID=803) to work on /home/airflow/.local/lib/python3.12/site-packages/airflow/example_dags/example_dag_decorator.py
[2025-02-23T03:34:51.720+0000] {processor.py:914} INFO - Processing file /home/airflow/.local/lib/python3.12/site-packages/airflow/example_dags/example_dag_decorator.py for tasks to queue
[2025-02-23T03:34:51.729+0000] {logging_mixin.py:190} INFO - [2025-02-23T03:34:51.727+0000] {dagbag.py:588} INFO - Filling up the DagBag from /home/airflow/.local/lib/python3.12/site-packages/airflow/example_dags/example_dag_decorator.py
[2025-02-23T03:34:51.986+0000] {processor.py:925} INFO - DAG(s) 'example_dag_decorator' retrieved from /home/airflow/.local/lib/python3.12/site-packages/airflow/example_dags/example_dag_decorator.py
[2025-02-23T03:34:52.277+0000] {logging_mixin.py:190} INFO - [2025-02-23T03:34:52.276+0000] {dag.py:3239} INFO - Sync 1 DAGs
[2025-02-23T03:34:52.309+0000] {logging_mixin.py:190} INFO - [2025-02-23T03:34:52.309+0000] {dag.py:4180} INFO - Setting next_dagrun for example_dag_decorator to None, run_after=None
[2025-02-23T03:34:52.356+0000] {processor.py:208} INFO - Processing /home/airflow/.local/lib/python3.12/site-packages/airflow/example_dags/example_dag_decorator.py took 0.659 seconds
[2025-02-23T03:35:23.233+0000] {processor.py:186} INFO - Started process (PID=1101) to work on /home/airflow/.local/lib/python3.12/site-packages/airflow/example_dags/example_dag_decorator.py
[2025-02-23T03:35:23.236+0000] {processor.py:914} INFO - Processing file /home/airflow/.local/lib/python3.12/site-packages/airflow/example_dags/example_dag_decorator.py for tasks to queue
[2025-02-23T03:35:23.242+0000] {logging_mixin.py:190} INFO - [2025-02-23T03:35:23.242+0000] {dagbag.py:588} INFO - Filling up the DagBag from /home/airflow/.local/lib/python3.12/site-packages/airflow/example_dags/example_dag_decorator.py
[2025-02-23T03:35:23.454+0000] {processor.py:925} INFO - DAG(s) 'example_dag_decorator' retrieved from /home/airflow/.local/lib/python3.12/site-packages/airflow/example_dags/example_dag_decorator.py
[2025-02-23T03:35:23.669+0000] {logging_mixin.py:190} INFO - [2025-02-23T03:35:23.668+0000] {dag.py:3239} INFO - Sync 1 DAGs
[2025-02-23T03:35:23.692+0000] {logging_mixin.py:190} INFO - [2025-02-23T03:35:23.691+0000] {dag.py:4180} INFO - Setting next_dagrun for example_dag_decorator to None, run_after=None
[2025-02-23T03:35:23.735+0000] {processor.py:208} INFO - Processing /home/airflow/.local/lib/python3.12/site-packages/airflow/example_dags/example_dag_decorator.py took 0.515 seconds
