[2025-02-23T03:26:57.103+0000] {processor.py:186} INFO - Started process (PID=285) to work on /home/airflow/.local/lib/python3.12/site-packages/airflow/example_dags/example_latest_only_with_trigger.py
[2025-02-23T03:26:57.105+0000] {processor.py:914} INFO - Processing file /home/airflow/.local/lib/python3.12/site-packages/airflow/example_dags/example_latest_only_with_trigger.py for tasks to queue
[2025-02-23T03:26:57.110+0000] {logging_mixin.py:190} INFO - [2025-02-23T03:26:57.109+0000] {dagbag.py:588} INFO - Filling up the DagBag from /home/airflow/.local/lib/python3.12/site-packages/airflow/example_dags/example_latest_only_with_trigger.py
[2025-02-23T03:26:57.131+0000] {processor.py:925} INFO - DAG(s) 'latest_only_with_trigger' retrieved from /home/airflow/.local/lib/python3.12/site-packages/airflow/example_dags/example_latest_only_with_trigger.py
[2025-02-23T03:26:57.376+0000] {logging_mixin.py:190} INFO - [2025-02-23T03:26:57.374+0000] {override.py:1912} INFO - Created Permission View: can read on DAG:latest_only_with_trigger
[2025-02-23T03:26:57.401+0000] {logging_mixin.py:190} INFO - [2025-02-23T03:26:57.400+0000] {override.py:1912} INFO - Created Permission View: can delete on DAG:latest_only_with_trigger
[2025-02-23T03:26:57.420+0000] {logging_mixin.py:190} INFO - [2025-02-23T03:26:57.419+0000] {override.py:1912} INFO - Created Permission View: can edit on DAG:latest_only_with_trigger
[2025-02-23T03:26:57.442+0000] {logging_mixin.py:190} INFO - [2025-02-23T03:26:57.442+0000] {override.py:1912} INFO - Created Permission View: can read on DAG Run:latest_only_with_trigger
[2025-02-23T03:26:57.460+0000] {logging_mixin.py:190} INFO - [2025-02-23T03:26:57.459+0000] {override.py:1912} INFO - Created Permission View: menu access on DAG Run:latest_only_with_trigger
[2025-02-23T03:26:57.477+0000] {logging_mixin.py:190} INFO - [2025-02-23T03:26:57.477+0000] {override.py:1912} INFO - Created Permission View: can delete on DAG Run:latest_only_with_trigger
[2025-02-23T03:26:57.494+0000] {logging_mixin.py:190} INFO - [2025-02-23T03:26:57.493+0000] {override.py:1912} INFO - Created Permission View: can create on DAG Run:latest_only_with_trigger
[2025-02-23T03:26:57.496+0000] {logging_mixin.py:190} INFO - [2025-02-23T03:26:57.496+0000] {dag.py:3239} INFO - Sync 1 DAGs
[2025-02-23T03:26:57.523+0000] {logging_mixin.py:190} INFO - [2025-02-23T03:26:57.523+0000] {dag.py:3262} INFO - Creating ORM DAG for latest_only_with_trigger
[2025-02-23T03:26:57.547+0000] {logging_mixin.py:190} INFO - [2025-02-23T03:26:57.546+0000] {dag.py:4180} INFO - Setting next_dagrun for latest_only_with_trigger to 2025-02-22 20:00:00+00:00, run_after=2025-02-23 00:00:00+00:00
[2025-02-23T03:26:57.584+0000] {processor.py:208} INFO - Processing /home/airflow/.local/lib/python3.12/site-packages/airflow/example_dags/example_latest_only_with_trigger.py took 0.491 seconds
[2025-02-23T03:27:28.359+0000] {processor.py:186} INFO - Started process (PID=576) to work on /home/airflow/.local/lib/python3.12/site-packages/airflow/example_dags/example_latest_only_with_trigger.py
[2025-02-23T03:27:28.364+0000] {processor.py:914} INFO - Processing file /home/airflow/.local/lib/python3.12/site-packages/airflow/example_dags/example_latest_only_with_trigger.py for tasks to queue
[2025-02-23T03:27:28.369+0000] {logging_mixin.py:190} INFO - [2025-02-23T03:27:28.368+0000] {dagbag.py:588} INFO - Filling up the DagBag from /home/airflow/.local/lib/python3.12/site-packages/airflow/example_dags/example_latest_only_with_trigger.py
[2025-02-23T03:27:28.392+0000] {processor.py:925} INFO - DAG(s) 'latest_only_with_trigger' retrieved from /home/airflow/.local/lib/python3.12/site-packages/airflow/example_dags/example_latest_only_with_trigger.py
[2025-02-23T03:27:28.443+0000] {logging_mixin.py:190} INFO - [2025-02-23T03:27:28.442+0000] {dag.py:3239} INFO - Sync 1 DAGs
[2025-02-23T03:27:28.501+0000] {logging_mixin.py:190} INFO - [2025-02-23T03:27:28.500+0000] {dag.py:4180} INFO - Setting next_dagrun for latest_only_with_trigger to 2025-02-22 20:00:00+00:00, run_after=2025-02-23 00:00:00+00:00
[2025-02-23T03:27:28.548+0000] {processor.py:208} INFO - Processing /home/airflow/.local/lib/python3.12/site-packages/airflow/example_dags/example_latest_only_with_trigger.py took 0.202 seconds
[2025-02-23T03:27:59.144+0000] {processor.py:186} INFO - Started process (PID=867) to work on /home/airflow/.local/lib/python3.12/site-packages/airflow/example_dags/example_latest_only_with_trigger.py
[2025-02-23T03:27:59.147+0000] {processor.py:914} INFO - Processing file /home/airflow/.local/lib/python3.12/site-packages/airflow/example_dags/example_latest_only_with_trigger.py for tasks to queue
[2025-02-23T03:27:59.151+0000] {logging_mixin.py:190} INFO - [2025-02-23T03:27:59.151+0000] {dagbag.py:588} INFO - Filling up the DagBag from /home/airflow/.local/lib/python3.12/site-packages/airflow/example_dags/example_latest_only_with_trigger.py
[2025-02-23T03:27:59.167+0000] {processor.py:925} INFO - DAG(s) 'latest_only_with_trigger' retrieved from /home/airflow/.local/lib/python3.12/site-packages/airflow/example_dags/example_latest_only_with_trigger.py
[2025-02-23T03:27:59.208+0000] {logging_mixin.py:190} INFO - [2025-02-23T03:27:59.208+0000] {dag.py:3239} INFO - Sync 1 DAGs
[2025-02-23T03:27:59.259+0000] {logging_mixin.py:190} INFO - [2025-02-23T03:27:59.258+0000] {dag.py:4180} INFO - Setting next_dagrun for latest_only_with_trigger to 2025-02-22 20:00:00+00:00, run_after=2025-02-23 00:00:00+00:00
[2025-02-23T03:27:59.339+0000] {processor.py:208} INFO - Processing /home/airflow/.local/lib/python3.12/site-packages/airflow/example_dags/example_latest_only_with_trigger.py took 0.207 seconds
[2025-02-23T03:33:55.795+0000] {processor.py:186} INFO - Started process (PID=285) to work on /home/airflow/.local/lib/python3.12/site-packages/airflow/example_dags/example_latest_only_with_trigger.py
[2025-02-23T03:33:55.798+0000] {processor.py:914} INFO - Processing file /home/airflow/.local/lib/python3.12/site-packages/airflow/example_dags/example_latest_only_with_trigger.py for tasks to queue
[2025-02-23T03:33:55.803+0000] {logging_mixin.py:190} INFO - [2025-02-23T03:33:55.803+0000] {dagbag.py:588} INFO - Filling up the DagBag from /home/airflow/.local/lib/python3.12/site-packages/airflow/example_dags/example_latest_only_with_trigger.py
[2025-02-23T03:33:55.820+0000] {processor.py:925} INFO - DAG(s) 'latest_only_with_trigger' retrieved from /home/airflow/.local/lib/python3.12/site-packages/airflow/example_dags/example_latest_only_with_trigger.py
[2025-02-23T03:33:56.032+0000] {logging_mixin.py:190} INFO - [2025-02-23T03:33:56.031+0000] {override.py:1912} INFO - Created Permission View: can read on DAG:latest_only_with_trigger
[2025-02-23T03:33:56.053+0000] {logging_mixin.py:190} INFO - [2025-02-23T03:33:56.053+0000] {override.py:1912} INFO - Created Permission View: can edit on DAG:latest_only_with_trigger
[2025-02-23T03:33:56.070+0000] {logging_mixin.py:190} INFO - [2025-02-23T03:33:56.070+0000] {override.py:1912} INFO - Created Permission View: can delete on DAG:latest_only_with_trigger
[2025-02-23T03:33:56.087+0000] {logging_mixin.py:190} INFO - [2025-02-23T03:33:56.087+0000] {override.py:1912} INFO - Created Permission View: can read on DAG Run:latest_only_with_trigger
[2025-02-23T03:33:56.110+0000] {logging_mixin.py:190} INFO - [2025-02-23T03:33:56.109+0000] {override.py:1912} INFO - Created Permission View: menu access on DAG Run:latest_only_with_trigger
[2025-02-23T03:33:56.130+0000] {logging_mixin.py:190} INFO - [2025-02-23T03:33:56.129+0000] {override.py:1912} INFO - Created Permission View: can create on DAG Run:latest_only_with_trigger
[2025-02-23T03:33:56.147+0000] {logging_mixin.py:190} INFO - [2025-02-23T03:33:56.146+0000] {override.py:1912} INFO - Created Permission View: can delete on DAG Run:latest_only_with_trigger
[2025-02-23T03:33:56.149+0000] {logging_mixin.py:190} INFO - [2025-02-23T03:33:56.148+0000] {dag.py:3239} INFO - Sync 1 DAGs
[2025-02-23T03:33:56.178+0000] {logging_mixin.py:190} INFO - [2025-02-23T03:33:56.178+0000] {dag.py:3262} INFO - Creating ORM DAG for latest_only_with_trigger
[2025-02-23T03:33:56.211+0000] {logging_mixin.py:190} INFO - [2025-02-23T03:33:56.210+0000] {dag.py:4180} INFO - Setting next_dagrun for latest_only_with_trigger to 2025-02-22 20:00:00+00:00, run_after=2025-02-23 00:00:00+00:00
[2025-02-23T03:33:56.243+0000] {processor.py:208} INFO - Processing /home/airflow/.local/lib/python3.12/site-packages/airflow/example_dags/example_latest_only_with_trigger.py took 0.460 seconds
[2025-02-23T03:34:26.891+0000] {processor.py:186} INFO - Started process (PID=577) to work on /home/airflow/.local/lib/python3.12/site-packages/airflow/example_dags/example_latest_only_with_trigger.py
[2025-02-23T03:34:26.893+0000] {processor.py:914} INFO - Processing file /home/airflow/.local/lib/python3.12/site-packages/airflow/example_dags/example_latest_only_with_trigger.py for tasks to queue
[2025-02-23T03:34:26.898+0000] {logging_mixin.py:190} INFO - [2025-02-23T03:34:26.897+0000] {dagbag.py:588} INFO - Filling up the DagBag from /home/airflow/.local/lib/python3.12/site-packages/airflow/example_dags/example_latest_only_with_trigger.py
[2025-02-23T03:34:26.911+0000] {processor.py:925} INFO - DAG(s) 'latest_only_with_trigger' retrieved from /home/airflow/.local/lib/python3.12/site-packages/airflow/example_dags/example_latest_only_with_trigger.py
[2025-02-23T03:34:26.952+0000] {logging_mixin.py:190} INFO - [2025-02-23T03:34:26.951+0000] {dag.py:3239} INFO - Sync 1 DAGs
[2025-02-23T03:34:26.993+0000] {logging_mixin.py:190} INFO - [2025-02-23T03:34:26.993+0000] {dag.py:4180} INFO - Setting next_dagrun for latest_only_with_trigger to 2025-02-22 20:00:00+00:00, run_after=2025-02-23 00:00:00+00:00
[2025-02-23T03:34:27.040+0000] {processor.py:208} INFO - Processing /home/airflow/.local/lib/python3.12/site-packages/airflow/example_dags/example_latest_only_with_trigger.py took 0.161 seconds
[2025-02-23T03:34:57.247+0000] {processor.py:186} INFO - Started process (PID=868) to work on /home/airflow/.local/lib/python3.12/site-packages/airflow/example_dags/example_latest_only_with_trigger.py
[2025-02-23T03:34:57.250+0000] {processor.py:914} INFO - Processing file /home/airflow/.local/lib/python3.12/site-packages/airflow/example_dags/example_latest_only_with_trigger.py for tasks to queue
[2025-02-23T03:34:57.255+0000] {logging_mixin.py:190} INFO - [2025-02-23T03:34:57.254+0000] {dagbag.py:588} INFO - Filling up the DagBag from /home/airflow/.local/lib/python3.12/site-packages/airflow/example_dags/example_latest_only_with_trigger.py
[2025-02-23T03:34:57.270+0000] {processor.py:925} INFO - DAG(s) 'latest_only_with_trigger' retrieved from /home/airflow/.local/lib/python3.12/site-packages/airflow/example_dags/example_latest_only_with_trigger.py
[2025-02-23T03:34:57.318+0000] {logging_mixin.py:190} INFO - [2025-02-23T03:34:57.317+0000] {dag.py:3239} INFO - Sync 1 DAGs
[2025-02-23T03:34:57.366+0000] {logging_mixin.py:190} INFO - [2025-02-23T03:34:57.365+0000] {dag.py:4180} INFO - Setting next_dagrun for latest_only_with_trigger to 2025-02-22 20:00:00+00:00, run_after=2025-02-23 00:00:00+00:00
[2025-02-23T03:34:57.453+0000] {processor.py:208} INFO - Processing /home/airflow/.local/lib/python3.12/site-packages/airflow/example_dags/example_latest_only_with_trigger.py took 0.218 seconds
[2025-02-23T03:35:27.672+0000] {processor.py:186} INFO - Started process (PID=1156) to work on /home/airflow/.local/lib/python3.12/site-packages/airflow/example_dags/example_latest_only_with_trigger.py
[2025-02-23T03:35:27.674+0000] {processor.py:914} INFO - Processing file /home/airflow/.local/lib/python3.12/site-packages/airflow/example_dags/example_latest_only_with_trigger.py for tasks to queue
[2025-02-23T03:35:27.679+0000] {logging_mixin.py:190} INFO - [2025-02-23T03:35:27.678+0000] {dagbag.py:588} INFO - Filling up the DagBag from /home/airflow/.local/lib/python3.12/site-packages/airflow/example_dags/example_latest_only_with_trigger.py
[2025-02-23T03:35:27.692+0000] {processor.py:925} INFO - DAG(s) 'latest_only_with_trigger' retrieved from /home/airflow/.local/lib/python3.12/site-packages/airflow/example_dags/example_latest_only_with_trigger.py
[2025-02-23T03:35:27.731+0000] {logging_mixin.py:190} INFO - [2025-02-23T03:35:27.731+0000] {dag.py:3239} INFO - Sync 1 DAGs
[2025-02-23T03:35:27.778+0000] {logging_mixin.py:190} INFO - [2025-02-23T03:35:27.778+0000] {dag.py:4180} INFO - Setting next_dagrun for latest_only_with_trigger to 2025-02-22 20:00:00+00:00, run_after=2025-02-23 00:00:00+00:00
[2025-02-23T03:35:27.818+0000] {processor.py:208} INFO - Processing /home/airflow/.local/lib/python3.12/site-packages/airflow/example_dags/example_latest_only_with_trigger.py took 0.158 seconds
