[2025-02-23T03:27:09.309+0000] {processor.py:186} INFO - Started process (PID=435) to work on /home/airflow/.local/lib/python3.12/site-packages/airflow/example_dags/example_branch_day_of_week_operator.py
[2025-02-23T03:27:09.311+0000] {processor.py:914} INFO - Processing file /home/airflow/.local/lib/python3.12/site-packages/airflow/example_dags/example_branch_day_of_week_operator.py for tasks to queue
[2025-02-23T03:27:09.316+0000] {logging_mixin.py:190} INFO - [2025-02-23T03:27:09.315+0000] {dagbag.py:588} INFO - Filling up the DagBag from /home/airflow/.local/lib/python3.12/site-packages/airflow/example_dags/example_branch_day_of_week_operator.py
[2025-02-23T03:27:09.337+0000] {processor.py:925} INFO - DAG(s) 'example_weekday_branch_operator' retrieved from /home/airflow/.local/lib/python3.12/site-packages/airflow/example_dags/example_branch_day_of_week_operator.py
[2025-02-23T03:27:09.530+0000] {logging_mixin.py:190} INFO - [2025-02-23T03:27:09.529+0000] {override.py:1912} INFO - Created Permission View: can read on DAG:example_weekday_branch_operator
[2025-02-23T03:27:09.551+0000] {logging_mixin.py:190} INFO - [2025-02-23T03:27:09.551+0000] {override.py:1912} INFO - Created Permission View: can delete on DAG:example_weekday_branch_operator
[2025-02-23T03:27:09.563+0000] {logging_mixin.py:190} INFO - [2025-02-23T03:27:09.562+0000] {override.py:1912} INFO - Created Permission View: can edit on DAG:example_weekday_branch_operator
[2025-02-23T03:27:09.582+0000] {logging_mixin.py:190} INFO - [2025-02-23T03:27:09.581+0000] {override.py:1912} INFO - Created Permission View: can read on DAG Run:example_weekday_branch_operator
[2025-02-23T03:27:09.597+0000] {logging_mixin.py:190} INFO - [2025-02-23T03:27:09.596+0000] {override.py:1912} INFO - Created Permission View: menu access on DAG Run:example_weekday_branch_operator
[2025-02-23T03:27:09.612+0000] {logging_mixin.py:190} INFO - [2025-02-23T03:27:09.611+0000] {override.py:1912} INFO - Created Permission View: can delete on DAG Run:example_weekday_branch_operator
[2025-02-23T03:27:09.625+0000] {logging_mixin.py:190} INFO - [2025-02-23T03:27:09.624+0000] {override.py:1912} INFO - Created Permission View: can create on DAG Run:example_weekday_branch_operator
[2025-02-23T03:27:09.626+0000] {logging_mixin.py:190} INFO - [2025-02-23T03:27:09.626+0000] {dag.py:3239} INFO - Sync 1 DAGs
[2025-02-23T03:27:09.662+0000] {logging_mixin.py:190} INFO - [2025-02-23T03:27:09.661+0000] {dag.py:3262} INFO - Creating ORM DAG for example_weekday_branch_operator
[2025-02-23T03:27:09.691+0000] {logging_mixin.py:190} INFO - [2025-02-23T03:27:09.691+0000] {dag.py:4180} INFO - Setting next_dagrun for example_weekday_branch_operator to 2025-02-22 00:00:00+00:00, run_after=2025-02-23 00:00:00+00:00
[2025-02-23T03:27:09.723+0000] {processor.py:208} INFO - Processing /home/airflow/.local/lib/python3.12/site-packages/airflow/example_dags/example_branch_day_of_week_operator.py took 0.424 seconds
[2025-02-23T03:27:40.162+0000] {processor.py:186} INFO - Started process (PID=726) to work on /home/airflow/.local/lib/python3.12/site-packages/airflow/example_dags/example_branch_day_of_week_operator.py
[2025-02-23T03:27:40.164+0000] {processor.py:914} INFO - Processing file /home/airflow/.local/lib/python3.12/site-packages/airflow/example_dags/example_branch_day_of_week_operator.py for tasks to queue
[2025-02-23T03:27:40.170+0000] {logging_mixin.py:190} INFO - [2025-02-23T03:27:40.169+0000] {dagbag.py:588} INFO - Filling up the DagBag from /home/airflow/.local/lib/python3.12/site-packages/airflow/example_dags/example_branch_day_of_week_operator.py
[2025-02-23T03:27:40.187+0000] {processor.py:925} INFO - DAG(s) 'example_weekday_branch_operator' retrieved from /home/airflow/.local/lib/python3.12/site-packages/airflow/example_dags/example_branch_day_of_week_operator.py
[2025-02-23T03:27:40.237+0000] {logging_mixin.py:190} INFO - [2025-02-23T03:27:40.236+0000] {dag.py:3239} INFO - Sync 1 DAGs
[2025-02-23T03:27:40.281+0000] {logging_mixin.py:190} INFO - [2025-02-23T03:27:40.280+0000] {dag.py:4180} INFO - Setting next_dagrun for example_weekday_branch_operator to 2025-02-22 00:00:00+00:00, run_after=2025-02-23 00:00:00+00:00
[2025-02-23T03:27:40.359+0000] {processor.py:208} INFO - Processing /home/airflow/.local/lib/python3.12/site-packages/airflow/example_dags/example_branch_day_of_week_operator.py took 0.208 seconds
[2025-02-23T03:28:10.489+0000] {processor.py:186} INFO - Started process (PID=1014) to work on /home/airflow/.local/lib/python3.12/site-packages/airflow/example_dags/example_branch_day_of_week_operator.py
[2025-02-23T03:28:10.492+0000] {processor.py:914} INFO - Processing file /home/airflow/.local/lib/python3.12/site-packages/airflow/example_dags/example_branch_day_of_week_operator.py for tasks to queue
[2025-02-23T03:28:10.498+0000] {logging_mixin.py:190} INFO - [2025-02-23T03:28:10.497+0000] {dagbag.py:588} INFO - Filling up the DagBag from /home/airflow/.local/lib/python3.12/site-packages/airflow/example_dags/example_branch_day_of_week_operator.py
[2025-02-23T03:28:10.519+0000] {processor.py:925} INFO - DAG(s) 'example_weekday_branch_operator' retrieved from /home/airflow/.local/lib/python3.12/site-packages/airflow/example_dags/example_branch_day_of_week_operator.py
[2025-02-23T03:28:10.563+0000] {logging_mixin.py:190} INFO - [2025-02-23T03:28:10.562+0000] {dag.py:3239} INFO - Sync 1 DAGs
[2025-02-23T03:28:10.611+0000] {logging_mixin.py:190} INFO - [2025-02-23T03:28:10.610+0000] {dag.py:4180} INFO - Setting next_dagrun for example_weekday_branch_operator to 2025-02-22 00:00:00+00:00, run_after=2025-02-23 00:00:00+00:00
[2025-02-23T03:28:10.655+0000] {processor.py:208} INFO - Processing /home/airflow/.local/lib/python3.12/site-packages/airflow/example_dags/example_branch_day_of_week_operator.py took 0.178 seconds
[2025-02-23T03:34:07.495+0000] {processor.py:186} INFO - Started process (PID=435) to work on /home/airflow/.local/lib/python3.12/site-packages/airflow/example_dags/example_branch_day_of_week_operator.py
[2025-02-23T03:34:07.498+0000] {processor.py:914} INFO - Processing file /home/airflow/.local/lib/python3.12/site-packages/airflow/example_dags/example_branch_day_of_week_operator.py for tasks to queue
[2025-02-23T03:34:07.502+0000] {logging_mixin.py:190} INFO - [2025-02-23T03:34:07.502+0000] {dagbag.py:588} INFO - Filling up the DagBag from /home/airflow/.local/lib/python3.12/site-packages/airflow/example_dags/example_branch_day_of_week_operator.py
[2025-02-23T03:34:07.524+0000] {processor.py:925} INFO - DAG(s) 'example_weekday_branch_operator' retrieved from /home/airflow/.local/lib/python3.12/site-packages/airflow/example_dags/example_branch_day_of_week_operator.py
[2025-02-23T03:34:07.761+0000] {logging_mixin.py:190} INFO - [2025-02-23T03:34:07.760+0000] {override.py:1912} INFO - Created Permission View: can read on DAG:example_weekday_branch_operator
[2025-02-23T03:34:07.787+0000] {logging_mixin.py:190} INFO - [2025-02-23T03:34:07.787+0000] {override.py:1912} INFO - Created Permission View: can edit on DAG:example_weekday_branch_operator
[2025-02-23T03:34:07.807+0000] {logging_mixin.py:190} INFO - [2025-02-23T03:34:07.805+0000] {override.py:1912} INFO - Created Permission View: can delete on DAG:example_weekday_branch_operator
[2025-02-23T03:34:07.829+0000] {logging_mixin.py:190} INFO - [2025-02-23T03:34:07.828+0000] {override.py:1912} INFO - Created Permission View: can read on DAG Run:example_weekday_branch_operator
[2025-02-23T03:34:07.847+0000] {logging_mixin.py:190} INFO - [2025-02-23T03:34:07.847+0000] {override.py:1912} INFO - Created Permission View: menu access on DAG Run:example_weekday_branch_operator
[2025-02-23T03:34:07.864+0000] {logging_mixin.py:190} INFO - [2025-02-23T03:34:07.863+0000] {override.py:1912} INFO - Created Permission View: can create on DAG Run:example_weekday_branch_operator
[2025-02-23T03:34:07.880+0000] {logging_mixin.py:190} INFO - [2025-02-23T03:34:07.880+0000] {override.py:1912} INFO - Created Permission View: can delete on DAG Run:example_weekday_branch_operator
[2025-02-23T03:34:07.881+0000] {logging_mixin.py:190} INFO - [2025-02-23T03:34:07.881+0000] {dag.py:3239} INFO - Sync 1 DAGs
[2025-02-23T03:34:07.908+0000] {logging_mixin.py:190} INFO - [2025-02-23T03:34:07.908+0000] {dag.py:3262} INFO - Creating ORM DAG for example_weekday_branch_operator
[2025-02-23T03:34:07.931+0000] {logging_mixin.py:190} INFO - [2025-02-23T03:34:07.931+0000] {dag.py:4180} INFO - Setting next_dagrun for example_weekday_branch_operator to 2025-02-22 00:00:00+00:00, run_after=2025-02-23 00:00:00+00:00
[2025-02-23T03:34:07.963+0000] {processor.py:208} INFO - Processing /home/airflow/.local/lib/python3.12/site-packages/airflow/example_dags/example_branch_day_of_week_operator.py took 0.480 seconds
[2025-02-23T03:34:38.236+0000] {processor.py:186} INFO - Started process (PID=727) to work on /home/airflow/.local/lib/python3.12/site-packages/airflow/example_dags/example_branch_day_of_week_operator.py
[2025-02-23T03:34:38.238+0000] {processor.py:914} INFO - Processing file /home/airflow/.local/lib/python3.12/site-packages/airflow/example_dags/example_branch_day_of_week_operator.py for tasks to queue
[2025-02-23T03:34:38.242+0000] {logging_mixin.py:190} INFO - [2025-02-23T03:34:38.241+0000] {dagbag.py:588} INFO - Filling up the DagBag from /home/airflow/.local/lib/python3.12/site-packages/airflow/example_dags/example_branch_day_of_week_operator.py
[2025-02-23T03:34:38.265+0000] {processor.py:925} INFO - DAG(s) 'example_weekday_branch_operator' retrieved from /home/airflow/.local/lib/python3.12/site-packages/airflow/example_dags/example_branch_day_of_week_operator.py
[2025-02-23T03:34:38.307+0000] {logging_mixin.py:190} INFO - [2025-02-23T03:34:38.306+0000] {dag.py:3239} INFO - Sync 1 DAGs
[2025-02-23T03:34:38.356+0000] {logging_mixin.py:190} INFO - [2025-02-23T03:34:38.356+0000] {dag.py:4180} INFO - Setting next_dagrun for example_weekday_branch_operator to 2025-02-22 00:00:00+00:00, run_after=2025-02-23 00:00:00+00:00
[2025-02-23T03:34:38.440+0000] {processor.py:208} INFO - Processing /home/airflow/.local/lib/python3.12/site-packages/airflow/example_dags/example_branch_day_of_week_operator.py took 0.218 seconds
[2025-02-23T03:35:08.699+0000] {processor.py:186} INFO - Started process (PID=1018) to work on /home/airflow/.local/lib/python3.12/site-packages/airflow/example_dags/example_branch_day_of_week_operator.py
[2025-02-23T03:35:08.702+0000] {processor.py:914} INFO - Processing file /home/airflow/.local/lib/python3.12/site-packages/airflow/example_dags/example_branch_day_of_week_operator.py for tasks to queue
[2025-02-23T03:35:08.708+0000] {logging_mixin.py:190} INFO - [2025-02-23T03:35:08.707+0000] {dagbag.py:588} INFO - Filling up the DagBag from /home/airflow/.local/lib/python3.12/site-packages/airflow/example_dags/example_branch_day_of_week_operator.py
[2025-02-23T03:35:08.729+0000] {processor.py:925} INFO - DAG(s) 'example_weekday_branch_operator' retrieved from /home/airflow/.local/lib/python3.12/site-packages/airflow/example_dags/example_branch_day_of_week_operator.py
[2025-02-23T03:35:08.772+0000] {logging_mixin.py:190} INFO - [2025-02-23T03:35:08.772+0000] {dag.py:3239} INFO - Sync 1 DAGs
[2025-02-23T03:35:08.822+0000] {logging_mixin.py:190} INFO - [2025-02-23T03:35:08.822+0000] {dag.py:4180} INFO - Setting next_dagrun for example_weekday_branch_operator to 2025-02-22 00:00:00+00:00, run_after=2025-02-23 00:00:00+00:00
[2025-02-23T03:35:08.863+0000] {processor.py:208} INFO - Processing /home/airflow/.local/lib/python3.12/site-packages/airflow/example_dags/example_branch_day_of_week_operator.py took 0.175 seconds
[2025-02-23T03:35:39.131+0000] {processor.py:186} INFO - Started process (PID=1304) to work on /home/airflow/.local/lib/python3.12/site-packages/airflow/example_dags/example_branch_day_of_week_operator.py
[2025-02-23T03:35:39.133+0000] {processor.py:914} INFO - Processing file /home/airflow/.local/lib/python3.12/site-packages/airflow/example_dags/example_branch_day_of_week_operator.py for tasks to queue
[2025-02-23T03:35:39.139+0000] {logging_mixin.py:190} INFO - [2025-02-23T03:35:39.138+0000] {dagbag.py:588} INFO - Filling up the DagBag from /home/airflow/.local/lib/python3.12/site-packages/airflow/example_dags/example_branch_day_of_week_operator.py
[2025-02-23T03:35:39.167+0000] {processor.py:925} INFO - DAG(s) 'example_weekday_branch_operator' retrieved from /home/airflow/.local/lib/python3.12/site-packages/airflow/example_dags/example_branch_day_of_week_operator.py
[2025-02-23T03:35:39.216+0000] {logging_mixin.py:190} INFO - [2025-02-23T03:35:39.215+0000] {dag.py:3239} INFO - Sync 1 DAGs
[2025-02-23T03:35:39.294+0000] {logging_mixin.py:190} INFO - [2025-02-23T03:35:39.293+0000] {dag.py:4180} INFO - Setting next_dagrun for example_weekday_branch_operator to 2025-02-22 00:00:00+00:00, run_after=2025-02-23 00:00:00+00:00
[2025-02-23T03:35:39.370+0000] {processor.py:208} INFO - Processing /home/airflow/.local/lib/python3.12/site-packages/airflow/example_dags/example_branch_day_of_week_operator.py took 0.253 seconds
