[2025-02-23T03:27:02.107+0000] {processor.py:186} INFO - Started process (PID=345) to work on /home/airflow/.local/lib/python3.12/site-packages/airflow/example_dags/example_local_kubernetes_executor.py
[2025-02-23T03:27:02.109+0000] {processor.py:914} INFO - Processing file /home/airflow/.local/lib/python3.12/site-packages/airflow/example_dags/example_local_kubernetes_executor.py for tasks to queue
[2025-02-23T03:27:02.114+0000] {logging_mixin.py:190} INFO - [2025-02-23T03:27:02.113+0000] {dagbag.py:588} INFO - Filling up the DagBag from /home/airflow/.local/lib/python3.12/site-packages/airflow/example_dags/example_local_kubernetes_executor.py
[2025-02-23T03:27:02.135+0000] {processor.py:925} INFO - DAG(s) 'example_local_kubernetes_executor' retrieved from /home/airflow/.local/lib/python3.12/site-packages/airflow/example_dags/example_local_kubernetes_executor.py
[2025-02-23T03:27:02.341+0000] {logging_mixin.py:190} INFO - [2025-02-23T03:27:02.339+0000] {override.py:1912} INFO - Created Permission View: can read on DAG:example_local_kubernetes_executor
[2025-02-23T03:27:02.367+0000] {logging_mixin.py:190} INFO - [2025-02-23T03:27:02.366+0000] {override.py:1912} INFO - Created Permission View: can delete on DAG:example_local_kubernetes_executor
[2025-02-23T03:27:02.392+0000] {logging_mixin.py:190} INFO - [2025-02-23T03:27:02.390+0000] {override.py:1912} INFO - Created Permission View: can edit on DAG:example_local_kubernetes_executor
[2025-02-23T03:27:02.409+0000] {logging_mixin.py:190} INFO - [2025-02-23T03:27:02.408+0000] {override.py:1912} INFO - Created Permission View: can read on DAG Run:example_local_kubernetes_executor
[2025-02-23T03:27:02.425+0000] {logging_mixin.py:190} INFO - [2025-02-23T03:27:02.424+0000] {override.py:1912} INFO - Created Permission View: menu access on DAG Run:example_local_kubernetes_executor
[2025-02-23T03:27:02.440+0000] {logging_mixin.py:190} INFO - [2025-02-23T03:27:02.439+0000] {override.py:1912} INFO - Created Permission View: can delete on DAG Run:example_local_kubernetes_executor
[2025-02-23T03:27:02.455+0000] {logging_mixin.py:190} INFO - [2025-02-23T03:27:02.454+0000] {override.py:1912} INFO - Created Permission View: can create on DAG Run:example_local_kubernetes_executor
[2025-02-23T03:27:02.456+0000] {logging_mixin.py:190} INFO - [2025-02-23T03:27:02.456+0000] {dag.py:3239} INFO - Sync 1 DAGs
[2025-02-23T03:27:02.481+0000] {logging_mixin.py:190} INFO - [2025-02-23T03:27:02.481+0000] {dag.py:3262} INFO - Creating ORM DAG for example_local_kubernetes_executor
[2025-02-23T03:27:02.483+0000] {logging_mixin.py:190} INFO - [2025-02-23T03:27:02.483+0000] {dag.py:4180} INFO - Setting next_dagrun for example_local_kubernetes_executor to None, run_after=None
[2025-02-23T03:27:02.512+0000] {processor.py:208} INFO - Processing /home/airflow/.local/lib/python3.12/site-packages/airflow/example_dags/example_local_kubernetes_executor.py took 0.418 seconds
[2025-02-23T03:27:33.328+0000] {processor.py:186} INFO - Started process (PID=638) to work on /home/airflow/.local/lib/python3.12/site-packages/airflow/example_dags/example_local_kubernetes_executor.py
[2025-02-23T03:27:33.332+0000] {processor.py:914} INFO - Processing file /home/airflow/.local/lib/python3.12/site-packages/airflow/example_dags/example_local_kubernetes_executor.py for tasks to queue
[2025-02-23T03:27:33.337+0000] {logging_mixin.py:190} INFO - [2025-02-23T03:27:33.336+0000] {dagbag.py:588} INFO - Filling up the DagBag from /home/airflow/.local/lib/python3.12/site-packages/airflow/example_dags/example_local_kubernetes_executor.py
[2025-02-23T03:27:33.362+0000] {processor.py:925} INFO - DAG(s) 'example_local_kubernetes_executor' retrieved from /home/airflow/.local/lib/python3.12/site-packages/airflow/example_dags/example_local_kubernetes_executor.py
[2025-02-23T03:27:33.410+0000] {logging_mixin.py:190} INFO - [2025-02-23T03:27:33.409+0000] {dag.py:3239} INFO - Sync 1 DAGs
[2025-02-23T03:27:33.454+0000] {logging_mixin.py:190} INFO - [2025-02-23T03:27:33.454+0000] {dag.py:4180} INFO - Setting next_dagrun for example_local_kubernetes_executor to None, run_after=None
[2025-02-23T03:27:33.531+0000] {processor.py:208} INFO - Processing /home/airflow/.local/lib/python3.12/site-packages/airflow/example_dags/example_local_kubernetes_executor.py took 0.218 seconds
[2025-02-23T03:28:04.963+0000] {processor.py:186} INFO - Started process (PID=927) to work on /home/airflow/.local/lib/python3.12/site-packages/airflow/example_dags/example_local_kubernetes_executor.py
[2025-02-23T03:28:04.965+0000] {processor.py:914} INFO - Processing file /home/airflow/.local/lib/python3.12/site-packages/airflow/example_dags/example_local_kubernetes_executor.py for tasks to queue
[2025-02-23T03:28:04.970+0000] {logging_mixin.py:190} INFO - [2025-02-23T03:28:04.969+0000] {dagbag.py:588} INFO - Filling up the DagBag from /home/airflow/.local/lib/python3.12/site-packages/airflow/example_dags/example_local_kubernetes_executor.py
[2025-02-23T03:28:04.991+0000] {processor.py:925} INFO - DAG(s) 'example_local_kubernetes_executor' retrieved from /home/airflow/.local/lib/python3.12/site-packages/airflow/example_dags/example_local_kubernetes_executor.py
[2025-02-23T03:28:05.031+0000] {logging_mixin.py:190} INFO - [2025-02-23T03:28:05.030+0000] {dag.py:3239} INFO - Sync 1 DAGs
[2025-02-23T03:28:05.058+0000] {logging_mixin.py:190} INFO - [2025-02-23T03:28:05.058+0000] {dag.py:4180} INFO - Setting next_dagrun for example_local_kubernetes_executor to None, run_after=None
[2025-02-23T03:28:05.137+0000] {processor.py:208} INFO - Processing /home/airflow/.local/lib/python3.12/site-packages/airflow/example_dags/example_local_kubernetes_executor.py took 0.189 seconds
[2025-02-23T03:34:00.445+0000] {processor.py:186} INFO - Started process (PID=345) to work on /home/airflow/.local/lib/python3.12/site-packages/airflow/example_dags/example_local_kubernetes_executor.py
[2025-02-23T03:34:00.448+0000] {processor.py:914} INFO - Processing file /home/airflow/.local/lib/python3.12/site-packages/airflow/example_dags/example_local_kubernetes_executor.py for tasks to queue
[2025-02-23T03:34:00.453+0000] {logging_mixin.py:190} INFO - [2025-02-23T03:34:00.452+0000] {dagbag.py:588} INFO - Filling up the DagBag from /home/airflow/.local/lib/python3.12/site-packages/airflow/example_dags/example_local_kubernetes_executor.py
[2025-02-23T03:34:00.474+0000] {processor.py:925} INFO - DAG(s) 'example_local_kubernetes_executor' retrieved from /home/airflow/.local/lib/python3.12/site-packages/airflow/example_dags/example_local_kubernetes_executor.py
[2025-02-23T03:34:00.669+0000] {logging_mixin.py:190} INFO - [2025-02-23T03:34:00.668+0000] {override.py:1912} INFO - Created Permission View: can read on DAG:example_local_kubernetes_executor
[2025-02-23T03:34:00.689+0000] {logging_mixin.py:190} INFO - [2025-02-23T03:34:00.688+0000] {override.py:1912} INFO - Created Permission View: can edit on DAG:example_local_kubernetes_executor
[2025-02-23T03:34:00.700+0000] {logging_mixin.py:190} INFO - [2025-02-23T03:34:00.700+0000] {override.py:1912} INFO - Created Permission View: can delete on DAG:example_local_kubernetes_executor
[2025-02-23T03:34:00.718+0000] {logging_mixin.py:190} INFO - [2025-02-23T03:34:00.718+0000] {override.py:1912} INFO - Created Permission View: can read on DAG Run:example_local_kubernetes_executor
[2025-02-23T03:34:00.731+0000] {logging_mixin.py:190} INFO - [2025-02-23T03:34:00.730+0000] {override.py:1912} INFO - Created Permission View: menu access on DAG Run:example_local_kubernetes_executor
[2025-02-23T03:34:00.743+0000] {logging_mixin.py:190} INFO - [2025-02-23T03:34:00.743+0000] {override.py:1912} INFO - Created Permission View: can create on DAG Run:example_local_kubernetes_executor
[2025-02-23T03:34:00.761+0000] {logging_mixin.py:190} INFO - [2025-02-23T03:34:00.760+0000] {override.py:1912} INFO - Created Permission View: can delete on DAG Run:example_local_kubernetes_executor
[2025-02-23T03:34:00.762+0000] {logging_mixin.py:190} INFO - [2025-02-23T03:34:00.761+0000] {dag.py:3239} INFO - Sync 1 DAGs
[2025-02-23T03:34:00.785+0000] {logging_mixin.py:190} INFO - [2025-02-23T03:34:00.784+0000] {dag.py:3262} INFO - Creating ORM DAG for example_local_kubernetes_executor
[2025-02-23T03:34:00.786+0000] {logging_mixin.py:190} INFO - [2025-02-23T03:34:00.786+0000] {dag.py:4180} INFO - Setting next_dagrun for example_local_kubernetes_executor to None, run_after=None
[2025-02-23T03:34:00.814+0000] {processor.py:208} INFO - Processing /home/airflow/.local/lib/python3.12/site-packages/airflow/example_dags/example_local_kubernetes_executor.py took 0.382 seconds
[2025-02-23T03:34:31.864+0000] {processor.py:186} INFO - Started process (PID=637) to work on /home/airflow/.local/lib/python3.12/site-packages/airflow/example_dags/example_local_kubernetes_executor.py
[2025-02-23T03:34:31.866+0000] {processor.py:914} INFO - Processing file /home/airflow/.local/lib/python3.12/site-packages/airflow/example_dags/example_local_kubernetes_executor.py for tasks to queue
[2025-02-23T03:34:31.872+0000] {logging_mixin.py:190} INFO - [2025-02-23T03:34:31.871+0000] {dagbag.py:588} INFO - Filling up the DagBag from /home/airflow/.local/lib/python3.12/site-packages/airflow/example_dags/example_local_kubernetes_executor.py
[2025-02-23T03:34:31.891+0000] {processor.py:925} INFO - DAG(s) 'example_local_kubernetes_executor' retrieved from /home/airflow/.local/lib/python3.12/site-packages/airflow/example_dags/example_local_kubernetes_executor.py
[2025-02-23T03:34:31.927+0000] {logging_mixin.py:190} INFO - [2025-02-23T03:34:31.926+0000] {dag.py:3239} INFO - Sync 1 DAGs
[2025-02-23T03:34:31.953+0000] {logging_mixin.py:190} INFO - [2025-02-23T03:34:31.952+0000] {dag.py:4180} INFO - Setting next_dagrun for example_local_kubernetes_executor to None, run_after=None
[2025-02-23T03:34:31.987+0000] {processor.py:208} INFO - Processing /home/airflow/.local/lib/python3.12/site-packages/airflow/example_dags/example_local_kubernetes_executor.py took 0.137 seconds
[2025-02-23T03:35:03.511+0000] {processor.py:186} INFO - Started process (PID=930) to work on /home/airflow/.local/lib/python3.12/site-packages/airflow/example_dags/example_local_kubernetes_executor.py
[2025-02-23T03:35:03.513+0000] {processor.py:914} INFO - Processing file /home/airflow/.local/lib/python3.12/site-packages/airflow/example_dags/example_local_kubernetes_executor.py for tasks to queue
[2025-02-23T03:35:03.517+0000] {logging_mixin.py:190} INFO - [2025-02-23T03:35:03.516+0000] {dagbag.py:588} INFO - Filling up the DagBag from /home/airflow/.local/lib/python3.12/site-packages/airflow/example_dags/example_local_kubernetes_executor.py
[2025-02-23T03:35:03.535+0000] {processor.py:925} INFO - DAG(s) 'example_local_kubernetes_executor' retrieved from /home/airflow/.local/lib/python3.12/site-packages/airflow/example_dags/example_local_kubernetes_executor.py
[2025-02-23T03:35:03.582+0000] {logging_mixin.py:190} INFO - [2025-02-23T03:35:03.581+0000] {dag.py:3239} INFO - Sync 1 DAGs
[2025-02-23T03:35:03.606+0000] {logging_mixin.py:190} INFO - [2025-02-23T03:35:03.605+0000] {dag.py:4180} INFO - Setting next_dagrun for example_local_kubernetes_executor to None, run_after=None
[2025-02-23T03:35:03.680+0000] {processor.py:208} INFO - Processing /home/airflow/.local/lib/python3.12/site-packages/airflow/example_dags/example_local_kubernetes_executor.py took 0.179 seconds
[2025-02-23T03:35:35.116+0000] {processor.py:186} INFO - Started process (PID=1219) to work on /home/airflow/.local/lib/python3.12/site-packages/airflow/example_dags/example_local_kubernetes_executor.py
[2025-02-23T03:35:35.118+0000] {processor.py:914} INFO - Processing file /home/airflow/.local/lib/python3.12/site-packages/airflow/example_dags/example_local_kubernetes_executor.py for tasks to queue
[2025-02-23T03:35:35.122+0000] {logging_mixin.py:190} INFO - [2025-02-23T03:35:35.121+0000] {dagbag.py:588} INFO - Filling up the DagBag from /home/airflow/.local/lib/python3.12/site-packages/airflow/example_dags/example_local_kubernetes_executor.py
[2025-02-23T03:35:35.140+0000] {processor.py:925} INFO - DAG(s) 'example_local_kubernetes_executor' retrieved from /home/airflow/.local/lib/python3.12/site-packages/airflow/example_dags/example_local_kubernetes_executor.py
[2025-02-23T03:35:35.179+0000] {logging_mixin.py:190} INFO - [2025-02-23T03:35:35.179+0000] {dag.py:3239} INFO - Sync 1 DAGs
[2025-02-23T03:35:35.206+0000] {logging_mixin.py:190} INFO - [2025-02-23T03:35:35.206+0000] {dag.py:4180} INFO - Setting next_dagrun for example_local_kubernetes_executor to None, run_after=None
[2025-02-23T03:35:35.277+0000] {processor.py:208} INFO - Processing /home/airflow/.local/lib/python3.12/site-packages/airflow/example_dags/example_local_kubernetes_executor.py took 0.173 seconds
