[2025-02-23T03:27:07.855+0000] {processor.py:186} INFO - Started process (PID=415) to work on /home/airflow/.local/lib/python3.12/site-packages/airflow/example_dags/example_setup_teardown_taskflow.py
[2025-02-23T03:27:07.858+0000] {processor.py:914} INFO - Processing file /home/airflow/.local/lib/python3.12/site-packages/airflow/example_dags/example_setup_teardown_taskflow.py for tasks to queue
[2025-02-23T03:27:07.862+0000] {logging_mixin.py:190} INFO - [2025-02-23T03:27:07.862+0000] {dagbag.py:588} INFO - Filling up the DagBag from /home/airflow/.local/lib/python3.12/site-packages/airflow/example_dags/example_setup_teardown_taskflow.py
[2025-02-23T03:27:07.883+0000] {processor.py:925} INFO - DAG(s) 'example_setup_teardown_taskflow' retrieved from /home/airflow/.local/lib/python3.12/site-packages/airflow/example_dags/example_setup_teardown_taskflow.py
[2025-02-23T03:27:08.088+0000] {logging_mixin.py:190} INFO - [2025-02-23T03:27:08.087+0000] {override.py:1912} INFO - Created Permission View: can read on DAG:example_setup_teardown_taskflow
[2025-02-23T03:27:08.111+0000] {logging_mixin.py:190} INFO - [2025-02-23T03:27:08.110+0000] {override.py:1912} INFO - Created Permission View: can delete on DAG:example_setup_teardown_taskflow
[2025-02-23T03:27:08.125+0000] {logging_mixin.py:190} INFO - [2025-02-23T03:27:08.124+0000] {override.py:1912} INFO - Created Permission View: can edit on DAG:example_setup_teardown_taskflow
[2025-02-23T03:27:08.142+0000] {logging_mixin.py:190} INFO - [2025-02-23T03:27:08.141+0000] {override.py:1912} INFO - Created Permission View: can read on DAG Run:example_setup_teardown_taskflow
[2025-02-23T03:27:08.156+0000] {logging_mixin.py:190} INFO - [2025-02-23T03:27:08.156+0000] {override.py:1912} INFO - Created Permission View: menu access on DAG Run:example_setup_teardown_taskflow
[2025-02-23T03:27:08.174+0000] {logging_mixin.py:190} INFO - [2025-02-23T03:27:08.173+0000] {override.py:1912} INFO - Created Permission View: can delete on DAG Run:example_setup_teardown_taskflow
[2025-02-23T03:27:08.187+0000] {logging_mixin.py:190} INFO - [2025-02-23T03:27:08.186+0000] {override.py:1912} INFO - Created Permission View: can create on DAG Run:example_setup_teardown_taskflow
[2025-02-23T03:27:08.189+0000] {logging_mixin.py:190} INFO - [2025-02-23T03:27:08.189+0000] {dag.py:3239} INFO - Sync 1 DAGs
[2025-02-23T03:27:08.219+0000] {logging_mixin.py:190} INFO - [2025-02-23T03:27:08.218+0000] {dag.py:3262} INFO - Creating ORM DAG for example_setup_teardown_taskflow
[2025-02-23T03:27:08.221+0000] {logging_mixin.py:190} INFO - [2025-02-23T03:27:08.221+0000] {dag.py:4180} INFO - Setting next_dagrun for example_setup_teardown_taskflow to None, run_after=None
[2025-02-23T03:27:08.259+0000] {processor.py:208} INFO - Processing /home/airflow/.local/lib/python3.12/site-packages/airflow/example_dags/example_setup_teardown_taskflow.py took 0.415 seconds
[2025-02-23T03:27:38.361+0000] {processor.py:186} INFO - Started process (PID=703) to work on /home/airflow/.local/lib/python3.12/site-packages/airflow/example_dags/example_setup_teardown_taskflow.py
[2025-02-23T03:27:38.364+0000] {processor.py:914} INFO - Processing file /home/airflow/.local/lib/python3.12/site-packages/airflow/example_dags/example_setup_teardown_taskflow.py for tasks to queue
[2025-02-23T03:27:38.369+0000] {logging_mixin.py:190} INFO - [2025-02-23T03:27:38.369+0000] {dagbag.py:588} INFO - Filling up the DagBag from /home/airflow/.local/lib/python3.12/site-packages/airflow/example_dags/example_setup_teardown_taskflow.py
[2025-02-23T03:27:38.394+0000] {processor.py:925} INFO - DAG(s) 'example_setup_teardown_taskflow' retrieved from /home/airflow/.local/lib/python3.12/site-packages/airflow/example_dags/example_setup_teardown_taskflow.py
[2025-02-23T03:27:38.440+0000] {logging_mixin.py:190} INFO - [2025-02-23T03:27:38.440+0000] {dag.py:3239} INFO - Sync 1 DAGs
[2025-02-23T03:27:38.471+0000] {logging_mixin.py:190} INFO - [2025-02-23T03:27:38.471+0000] {dag.py:4180} INFO - Setting next_dagrun for example_setup_teardown_taskflow to None, run_after=None
[2025-02-23T03:27:38.551+0000] {processor.py:208} INFO - Processing /home/airflow/.local/lib/python3.12/site-packages/airflow/example_dags/example_setup_teardown_taskflow.py took 0.206 seconds
[2025-02-23T03:28:08.866+0000] {processor.py:186} INFO - Started process (PID=992) to work on /home/airflow/.local/lib/python3.12/site-packages/airflow/example_dags/example_setup_teardown_taskflow.py
[2025-02-23T03:28:08.869+0000] {processor.py:914} INFO - Processing file /home/airflow/.local/lib/python3.12/site-packages/airflow/example_dags/example_setup_teardown_taskflow.py for tasks to queue
[2025-02-23T03:28:08.874+0000] {logging_mixin.py:190} INFO - [2025-02-23T03:28:08.873+0000] {dagbag.py:588} INFO - Filling up the DagBag from /home/airflow/.local/lib/python3.12/site-packages/airflow/example_dags/example_setup_teardown_taskflow.py
[2025-02-23T03:28:08.898+0000] {processor.py:925} INFO - DAG(s) 'example_setup_teardown_taskflow' retrieved from /home/airflow/.local/lib/python3.12/site-packages/airflow/example_dags/example_setup_teardown_taskflow.py
[2025-02-23T03:28:08.942+0000] {logging_mixin.py:190} INFO - [2025-02-23T03:28:08.941+0000] {dag.py:3239} INFO - Sync 1 DAGs
[2025-02-23T03:28:08.968+0000] {logging_mixin.py:190} INFO - [2025-02-23T03:28:08.967+0000] {dag.py:4180} INFO - Setting next_dagrun for example_setup_teardown_taskflow to None, run_after=None
[2025-02-23T03:28:09.045+0000] {processor.py:208} INFO - Processing /home/airflow/.local/lib/python3.12/site-packages/airflow/example_dags/example_setup_teardown_taskflow.py took 0.194 seconds
[2025-02-23T03:34:06.031+0000] {processor.py:186} INFO - Started process (PID=415) to work on /home/airflow/.local/lib/python3.12/site-packages/airflow/example_dags/example_setup_teardown_taskflow.py
[2025-02-23T03:34:06.033+0000] {processor.py:914} INFO - Processing file /home/airflow/.local/lib/python3.12/site-packages/airflow/example_dags/example_setup_teardown_taskflow.py for tasks to queue
[2025-02-23T03:34:06.037+0000] {logging_mixin.py:190} INFO - [2025-02-23T03:34:06.036+0000] {dagbag.py:588} INFO - Filling up the DagBag from /home/airflow/.local/lib/python3.12/site-packages/airflow/example_dags/example_setup_teardown_taskflow.py
[2025-02-23T03:34:06.055+0000] {processor.py:925} INFO - DAG(s) 'example_setup_teardown_taskflow' retrieved from /home/airflow/.local/lib/python3.12/site-packages/airflow/example_dags/example_setup_teardown_taskflow.py
[2025-02-23T03:34:06.259+0000] {logging_mixin.py:190} INFO - [2025-02-23T03:34:06.255+0000] {override.py:1912} INFO - Created Permission View: can read on DAG:example_setup_teardown_taskflow
[2025-02-23T03:34:06.292+0000] {logging_mixin.py:190} INFO - [2025-02-23T03:34:06.291+0000] {override.py:1912} INFO - Created Permission View: can edit on DAG:example_setup_teardown_taskflow
[2025-02-23T03:34:06.309+0000] {logging_mixin.py:190} INFO - [2025-02-23T03:34:06.308+0000] {override.py:1912} INFO - Created Permission View: can delete on DAG:example_setup_teardown_taskflow
[2025-02-23T03:34:06.330+0000] {logging_mixin.py:190} INFO - [2025-02-23T03:34:06.329+0000] {override.py:1912} INFO - Created Permission View: can read on DAG Run:example_setup_teardown_taskflow
[2025-02-23T03:34:06.347+0000] {logging_mixin.py:190} INFO - [2025-02-23T03:34:06.346+0000] {override.py:1912} INFO - Created Permission View: menu access on DAG Run:example_setup_teardown_taskflow
[2025-02-23T03:34:06.361+0000] {logging_mixin.py:190} INFO - [2025-02-23T03:34:06.361+0000] {override.py:1912} INFO - Created Permission View: can create on DAG Run:example_setup_teardown_taskflow
[2025-02-23T03:34:06.376+0000] {logging_mixin.py:190} INFO - [2025-02-23T03:34:06.375+0000] {override.py:1912} INFO - Created Permission View: can delete on DAG Run:example_setup_teardown_taskflow
[2025-02-23T03:34:06.378+0000] {logging_mixin.py:190} INFO - [2025-02-23T03:34:06.377+0000] {dag.py:3239} INFO - Sync 1 DAGs
[2025-02-23T03:34:06.423+0000] {logging_mixin.py:190} INFO - [2025-02-23T03:34:06.422+0000] {dag.py:3262} INFO - Creating ORM DAG for example_setup_teardown_taskflow
[2025-02-23T03:34:06.427+0000] {logging_mixin.py:190} INFO - [2025-02-23T03:34:06.426+0000] {dag.py:4180} INFO - Setting next_dagrun for example_setup_teardown_taskflow to None, run_after=None
[2025-02-23T03:34:06.477+0000] {processor.py:208} INFO - Processing /home/airflow/.local/lib/python3.12/site-packages/airflow/example_dags/example_setup_teardown_taskflow.py took 0.456 seconds
[2025-02-23T03:34:37.274+0000] {processor.py:186} INFO - Started process (PID=707) to work on /home/airflow/.local/lib/python3.12/site-packages/airflow/example_dags/example_setup_teardown_taskflow.py
[2025-02-23T03:34:37.277+0000] {processor.py:914} INFO - Processing file /home/airflow/.local/lib/python3.12/site-packages/airflow/example_dags/example_setup_teardown_taskflow.py for tasks to queue
[2025-02-23T03:34:37.281+0000] {logging_mixin.py:190} INFO - [2025-02-23T03:34:37.281+0000] {dagbag.py:588} INFO - Filling up the DagBag from /home/airflow/.local/lib/python3.12/site-packages/airflow/example_dags/example_setup_teardown_taskflow.py
[2025-02-23T03:34:37.300+0000] {processor.py:925} INFO - DAG(s) 'example_setup_teardown_taskflow' retrieved from /home/airflow/.local/lib/python3.12/site-packages/airflow/example_dags/example_setup_teardown_taskflow.py
[2025-02-23T03:34:37.344+0000] {logging_mixin.py:190} INFO - [2025-02-23T03:34:37.344+0000] {dag.py:3239} INFO - Sync 1 DAGs
[2025-02-23T03:34:37.374+0000] {logging_mixin.py:190} INFO - [2025-02-23T03:34:37.374+0000] {dag.py:4180} INFO - Setting next_dagrun for example_setup_teardown_taskflow to None, run_after=None
[2025-02-23T03:34:37.452+0000] {processor.py:208} INFO - Processing /home/airflow/.local/lib/python3.12/site-packages/airflow/example_dags/example_setup_teardown_taskflow.py took 0.188 seconds
[2025-02-23T03:35:08.108+0000] {processor.py:186} INFO - Started process (PID=995) to work on /home/airflow/.local/lib/python3.12/site-packages/airflow/example_dags/example_setup_teardown_taskflow.py
[2025-02-23T03:35:08.111+0000] {processor.py:914} INFO - Processing file /home/airflow/.local/lib/python3.12/site-packages/airflow/example_dags/example_setup_teardown_taskflow.py for tasks to queue
[2025-02-23T03:35:08.117+0000] {logging_mixin.py:190} INFO - [2025-02-23T03:35:08.116+0000] {dagbag.py:588} INFO - Filling up the DagBag from /home/airflow/.local/lib/python3.12/site-packages/airflow/example_dags/example_setup_teardown_taskflow.py
[2025-02-23T03:35:08.148+0000] {processor.py:925} INFO - DAG(s) 'example_setup_teardown_taskflow' retrieved from /home/airflow/.local/lib/python3.12/site-packages/airflow/example_dags/example_setup_teardown_taskflow.py
[2025-02-23T03:35:08.206+0000] {logging_mixin.py:190} INFO - [2025-02-23T03:35:08.205+0000] {dag.py:3239} INFO - Sync 1 DAGs
[2025-02-23T03:35:08.245+0000] {logging_mixin.py:190} INFO - [2025-02-23T03:35:08.244+0000] {dag.py:4180} INFO - Setting next_dagrun for example_setup_teardown_taskflow to None, run_after=None
[2025-02-23T03:35:08.299+0000] {processor.py:208} INFO - Processing /home/airflow/.local/lib/python3.12/site-packages/airflow/example_dags/example_setup_teardown_taskflow.py took 0.210 seconds
[2025-02-23T03:35:38.436+0000] {processor.py:186} INFO - Started process (PID=1284) to work on /home/airflow/.local/lib/python3.12/site-packages/airflow/example_dags/example_setup_teardown_taskflow.py
[2025-02-23T03:35:38.439+0000] {processor.py:914} INFO - Processing file /home/airflow/.local/lib/python3.12/site-packages/airflow/example_dags/example_setup_teardown_taskflow.py for tasks to queue
[2025-02-23T03:35:38.447+0000] {logging_mixin.py:190} INFO - [2025-02-23T03:35:38.446+0000] {dagbag.py:588} INFO - Filling up the DagBag from /home/airflow/.local/lib/python3.12/site-packages/airflow/example_dags/example_setup_teardown_taskflow.py
[2025-02-23T03:35:38.478+0000] {processor.py:925} INFO - DAG(s) 'example_setup_teardown_taskflow' retrieved from /home/airflow/.local/lib/python3.12/site-packages/airflow/example_dags/example_setup_teardown_taskflow.py
[2025-02-23T03:35:38.530+0000] {logging_mixin.py:190} INFO - [2025-02-23T03:35:38.529+0000] {dag.py:3239} INFO - Sync 1 DAGs
[2025-02-23T03:35:38.560+0000] {logging_mixin.py:190} INFO - [2025-02-23T03:35:38.559+0000] {dag.py:4180} INFO - Setting next_dagrun for example_setup_teardown_taskflow to None, run_after=None
[2025-02-23T03:35:38.642+0000] {processor.py:208} INFO - Processing /home/airflow/.local/lib/python3.12/site-packages/airflow/example_dags/example_setup_teardown_taskflow.py took 0.222 seconds
