[2025-02-23T03:26:51.995+0000] {processor.py:186} INFO - Started process (PID=230) to work on /home/airflow/.local/lib/python3.12/site-packages/airflow/example_dags/example_display_name.py
[2025-02-23T03:26:51.996+0000] {processor.py:914} INFO - Processing file /home/airflow/.local/lib/python3.12/site-packages/airflow/example_dags/example_display_name.py for tasks to queue
[2025-02-23T03:26:52.001+0000] {logging_mixin.py:190} INFO - [2025-02-23T03:26:52.000+0000] {dagbag.py:588} INFO - Filling up the DagBag from /home/airflow/.local/lib/python3.12/site-packages/airflow/example_dags/example_display_name.py
[2025-02-23T03:26:52.017+0000] {processor.py:925} INFO - DAG(s) 'example_display_name' retrieved from /home/airflow/.local/lib/python3.12/site-packages/airflow/example_dags/example_display_name.py
[2025-02-23T03:26:52.207+0000] {logging_mixin.py:190} INFO - [2025-02-23T03:26:52.205+0000] {override.py:1912} INFO - Created Permission View: can read on DAG:example_display_name
[2025-02-23T03:26:52.226+0000] {logging_mixin.py:190} INFO - [2025-02-23T03:26:52.225+0000] {override.py:1912} INFO - Created Permission View: can delete on DAG:example_display_name
[2025-02-23T03:26:52.239+0000] {logging_mixin.py:190} INFO - [2025-02-23T03:26:52.238+0000] {override.py:1912} INFO - Created Permission View: can edit on DAG:example_display_name
[2025-02-23T03:26:52.257+0000] {logging_mixin.py:190} INFO - [2025-02-23T03:26:52.256+0000] {override.py:1912} INFO - Created Permission View: can read on DAG Run:example_display_name
[2025-02-23T03:26:52.269+0000] {logging_mixin.py:190} INFO - [2025-02-23T03:26:52.268+0000] {override.py:1912} INFO - Created Permission View: menu access on DAG Run:example_display_name
[2025-02-23T03:26:52.282+0000] {logging_mixin.py:190} INFO - [2025-02-23T03:26:52.282+0000] {override.py:1912} INFO - Created Permission View: can delete on DAG Run:example_display_name
[2025-02-23T03:26:52.296+0000] {logging_mixin.py:190} INFO - [2025-02-23T03:26:52.295+0000] {override.py:1912} INFO - Created Permission View: can create on DAG Run:example_display_name
[2025-02-23T03:26:52.297+0000] {logging_mixin.py:190} INFO - [2025-02-23T03:26:52.297+0000] {dag.py:3239} INFO - Sync 1 DAGs
[2025-02-23T03:26:52.320+0000] {logging_mixin.py:190} INFO - [2025-02-23T03:26:52.320+0000] {dag.py:3262} INFO - Creating ORM DAG for example_display_name
[2025-02-23T03:26:52.322+0000] {logging_mixin.py:190} INFO - [2025-02-23T03:26:52.322+0000] {dag.py:4180} INFO - Setting next_dagrun for example_display_name to None, run_after=None
[2025-02-23T03:26:52.357+0000] {processor.py:208} INFO - Processing /home/airflow/.local/lib/python3.12/site-packages/airflow/example_dags/example_display_name.py took 0.373 seconds
[2025-02-23T03:27:22.835+0000] {processor.py:186} INFO - Started process (PID=516) to work on /home/airflow/.local/lib/python3.12/site-packages/airflow/example_dags/example_display_name.py
[2025-02-23T03:27:22.838+0000] {processor.py:914} INFO - Processing file /home/airflow/.local/lib/python3.12/site-packages/airflow/example_dags/example_display_name.py for tasks to queue
[2025-02-23T03:27:22.844+0000] {logging_mixin.py:190} INFO - [2025-02-23T03:27:22.843+0000] {dagbag.py:588} INFO - Filling up the DagBag from /home/airflow/.local/lib/python3.12/site-packages/airflow/example_dags/example_display_name.py
[2025-02-23T03:27:22.859+0000] {processor.py:925} INFO - DAG(s) 'example_display_name' retrieved from /home/airflow/.local/lib/python3.12/site-packages/airflow/example_dags/example_display_name.py
[2025-02-23T03:27:22.900+0000] {logging_mixin.py:190} INFO - [2025-02-23T03:27:22.899+0000] {dag.py:3239} INFO - Sync 1 DAGs
[2025-02-23T03:27:22.936+0000] {logging_mixin.py:190} INFO - [2025-02-23T03:27:22.936+0000] {dag.py:4180} INFO - Setting next_dagrun for example_display_name to None, run_after=None
[2025-02-23T03:27:22.988+0000] {processor.py:208} INFO - Processing /home/airflow/.local/lib/python3.12/site-packages/airflow/example_dags/example_display_name.py took 0.165 seconds
[2025-02-23T03:27:53.306+0000] {processor.py:186} INFO - Started process (PID=807) to work on /home/airflow/.local/lib/python3.12/site-packages/airflow/example_dags/example_display_name.py
[2025-02-23T03:27:53.309+0000] {processor.py:914} INFO - Processing file /home/airflow/.local/lib/python3.12/site-packages/airflow/example_dags/example_display_name.py for tasks to queue
[2025-02-23T03:27:53.315+0000] {logging_mixin.py:190} INFO - [2025-02-23T03:27:53.314+0000] {dagbag.py:588} INFO - Filling up the DagBag from /home/airflow/.local/lib/python3.12/site-packages/airflow/example_dags/example_display_name.py
[2025-02-23T03:27:53.337+0000] {processor.py:925} INFO - DAG(s) 'example_display_name' retrieved from /home/airflow/.local/lib/python3.12/site-packages/airflow/example_dags/example_display_name.py
[2025-02-23T03:27:53.397+0000] {logging_mixin.py:190} INFO - [2025-02-23T03:27:53.396+0000] {dag.py:3239} INFO - Sync 1 DAGs
[2025-02-23T03:27:53.463+0000] {logging_mixin.py:190} INFO - [2025-02-23T03:27:53.462+0000] {dag.py:4180} INFO - Setting next_dagrun for example_display_name to None, run_after=None
[2025-02-23T03:27:53.527+0000] {processor.py:208} INFO - Processing /home/airflow/.local/lib/python3.12/site-packages/airflow/example_dags/example_display_name.py took 0.241 seconds
[2025-02-23T03:33:50.395+0000] {processor.py:186} INFO - Started process (PID=230) to work on /home/airflow/.local/lib/python3.12/site-packages/airflow/example_dags/example_display_name.py
[2025-02-23T03:33:50.398+0000] {processor.py:914} INFO - Processing file /home/airflow/.local/lib/python3.12/site-packages/airflow/example_dags/example_display_name.py for tasks to queue
[2025-02-23T03:33:50.404+0000] {logging_mixin.py:190} INFO - [2025-02-23T03:33:50.403+0000] {dagbag.py:588} INFO - Filling up the DagBag from /home/airflow/.local/lib/python3.12/site-packages/airflow/example_dags/example_display_name.py
[2025-02-23T03:33:50.422+0000] {processor.py:925} INFO - DAG(s) 'example_display_name' retrieved from /home/airflow/.local/lib/python3.12/site-packages/airflow/example_dags/example_display_name.py
[2025-02-23T03:33:50.686+0000] {logging_mixin.py:190} INFO - [2025-02-23T03:33:50.684+0000] {override.py:1912} INFO - Created Permission View: can read on DAG:example_display_name
[2025-02-23T03:33:50.717+0000] {logging_mixin.py:190} INFO - [2025-02-23T03:33:50.716+0000] {override.py:1912} INFO - Created Permission View: can edit on DAG:example_display_name
[2025-02-23T03:33:50.744+0000] {logging_mixin.py:190} INFO - [2025-02-23T03:33:50.743+0000] {override.py:1912} INFO - Created Permission View: can delete on DAG:example_display_name
[2025-02-23T03:33:50.769+0000] {logging_mixin.py:190} INFO - [2025-02-23T03:33:50.768+0000] {override.py:1912} INFO - Created Permission View: can read on DAG Run:example_display_name
[2025-02-23T03:33:50.790+0000] {logging_mixin.py:190} INFO - [2025-02-23T03:33:50.789+0000] {override.py:1912} INFO - Created Permission View: menu access on DAG Run:example_display_name
[2025-02-23T03:33:50.810+0000] {logging_mixin.py:190} INFO - [2025-02-23T03:33:50.809+0000] {override.py:1912} INFO - Created Permission View: can create on DAG Run:example_display_name
[2025-02-23T03:33:50.828+0000] {logging_mixin.py:190} INFO - [2025-02-23T03:33:50.827+0000] {override.py:1912} INFO - Created Permission View: can delete on DAG Run:example_display_name
[2025-02-23T03:33:50.830+0000] {logging_mixin.py:190} INFO - [2025-02-23T03:33:50.829+0000] {dag.py:3239} INFO - Sync 1 DAGs
[2025-02-23T03:33:50.863+0000] {logging_mixin.py:190} INFO - [2025-02-23T03:33:50.862+0000] {dag.py:3262} INFO - Creating ORM DAG for example_display_name
[2025-02-23T03:33:50.865+0000] {logging_mixin.py:190} INFO - [2025-02-23T03:33:50.864+0000] {dag.py:4180} INFO - Setting next_dagrun for example_display_name to None, run_after=None
[2025-02-23T03:33:50.907+0000] {processor.py:208} INFO - Processing /home/airflow/.local/lib/python3.12/site-packages/airflow/example_dags/example_display_name.py took 0.525 seconds
[2025-02-23T03:34:21.363+0000] {processor.py:186} INFO - Started process (PID=517) to work on /home/airflow/.local/lib/python3.12/site-packages/airflow/example_dags/example_display_name.py
[2025-02-23T03:34:21.366+0000] {processor.py:914} INFO - Processing file /home/airflow/.local/lib/python3.12/site-packages/airflow/example_dags/example_display_name.py for tasks to queue
[2025-02-23T03:34:21.371+0000] {logging_mixin.py:190} INFO - [2025-02-23T03:34:21.370+0000] {dagbag.py:588} INFO - Filling up the DagBag from /home/airflow/.local/lib/python3.12/site-packages/airflow/example_dags/example_display_name.py
[2025-02-23T03:34:21.385+0000] {processor.py:925} INFO - DAG(s) 'example_display_name' retrieved from /home/airflow/.local/lib/python3.12/site-packages/airflow/example_dags/example_display_name.py
[2025-02-23T03:34:21.427+0000] {logging_mixin.py:190} INFO - [2025-02-23T03:34:21.427+0000] {dag.py:3239} INFO - Sync 1 DAGs
[2025-02-23T03:34:21.465+0000] {logging_mixin.py:190} INFO - [2025-02-23T03:34:21.464+0000] {dag.py:4180} INFO - Setting next_dagrun for example_display_name to None, run_after=None
[2025-02-23T03:34:21.541+0000] {processor.py:208} INFO - Processing /home/airflow/.local/lib/python3.12/site-packages/airflow/example_dags/example_display_name.py took 0.188 seconds
[2025-02-23T03:34:51.812+0000] {processor.py:186} INFO - Started process (PID=808) to work on /home/airflow/.local/lib/python3.12/site-packages/airflow/example_dags/example_display_name.py
[2025-02-23T03:34:51.815+0000] {processor.py:914} INFO - Processing file /home/airflow/.local/lib/python3.12/site-packages/airflow/example_dags/example_display_name.py for tasks to queue
[2025-02-23T03:34:51.821+0000] {logging_mixin.py:190} INFO - [2025-02-23T03:34:51.820+0000] {dagbag.py:588} INFO - Filling up the DagBag from /home/airflow/.local/lib/python3.12/site-packages/airflow/example_dags/example_display_name.py
[2025-02-23T03:34:51.838+0000] {processor.py:925} INFO - DAG(s) 'example_display_name' retrieved from /home/airflow/.local/lib/python3.12/site-packages/airflow/example_dags/example_display_name.py
[2025-02-23T03:34:51.885+0000] {logging_mixin.py:190} INFO - [2025-02-23T03:34:51.884+0000] {dag.py:3239} INFO - Sync 1 DAGs
[2025-02-23T03:34:51.926+0000] {logging_mixin.py:190} INFO - [2025-02-23T03:34:51.925+0000] {dag.py:4180} INFO - Setting next_dagrun for example_display_name to None, run_after=None
[2025-02-23T03:34:51.972+0000] {processor.py:208} INFO - Processing /home/airflow/.local/lib/python3.12/site-packages/airflow/example_dags/example_display_name.py took 0.173 seconds
[2025-02-23T03:35:22.105+0000] {processor.py:186} INFO - Started process (PID=1094) to work on /home/airflow/.local/lib/python3.12/site-packages/airflow/example_dags/example_display_name.py
[2025-02-23T03:35:22.108+0000] {processor.py:914} INFO - Processing file /home/airflow/.local/lib/python3.12/site-packages/airflow/example_dags/example_display_name.py for tasks to queue
[2025-02-23T03:35:22.114+0000] {logging_mixin.py:190} INFO - [2025-02-23T03:35:22.113+0000] {dagbag.py:588} INFO - Filling up the DagBag from /home/airflow/.local/lib/python3.12/site-packages/airflow/example_dags/example_display_name.py
[2025-02-23T03:35:22.135+0000] {processor.py:925} INFO - DAG(s) 'example_display_name' retrieved from /home/airflow/.local/lib/python3.12/site-packages/airflow/example_dags/example_display_name.py
[2025-02-23T03:35:22.181+0000] {logging_mixin.py:190} INFO - [2025-02-23T03:35:22.180+0000] {dag.py:3239} INFO - Sync 1 DAGs
[2025-02-23T03:35:22.213+0000] {logging_mixin.py:190} INFO - [2025-02-23T03:35:22.212+0000] {dag.py:4180} INFO - Setting next_dagrun for example_display_name to None, run_after=None
[2025-02-23T03:35:22.296+0000] {processor.py:208} INFO - Processing /home/airflow/.local/lib/python3.12/site-packages/airflow/example_dags/example_display_name.py took 0.206 seconds
