[2025-02-23T03:26:51.462+0000] {processor.py:186} INFO - Started process (PID=220) to work on /home/airflow/.local/lib/python3.12/site-packages/airflow/example_dags/example_branch_operator_decorator.py
[2025-02-23T03:26:51.464+0000] {processor.py:914} INFO - Processing file /home/airflow/.local/lib/python3.12/site-packages/airflow/example_dags/example_branch_operator_decorator.py for tasks to queue
[2025-02-23T03:26:51.469+0000] {logging_mixin.py:190} INFO - [2025-02-23T03:26:51.468+0000] {dagbag.py:588} INFO - Filling up the DagBag from /home/airflow/.local/lib/python3.12/site-packages/airflow/example_dags/example_branch_operator_decorator.py
[2025-02-23T03:26:51.519+0000] {processor.py:925} INFO - DAG(s) 'example_branch_python_operator_decorator' retrieved from /home/airflow/.local/lib/python3.12/site-packages/airflow/example_dags/example_branch_operator_decorator.py
[2025-02-23T03:26:51.742+0000] {logging_mixin.py:190} INFO - [2025-02-23T03:26:51.741+0000] {override.py:1912} INFO - Created Permission View: can read on DAG:example_branch_python_operator_decorator
[2025-02-23T03:26:51.765+0000] {logging_mixin.py:190} INFO - [2025-02-23T03:26:51.765+0000] {override.py:1912} INFO - Created Permission View: can delete on DAG:example_branch_python_operator_decorator
[2025-02-23T03:26:51.780+0000] {logging_mixin.py:190} INFO - [2025-02-23T03:26:51.779+0000] {override.py:1912} INFO - Created Permission View: can edit on DAG:example_branch_python_operator_decorator
[2025-02-23T03:26:51.797+0000] {logging_mixin.py:190} INFO - [2025-02-23T03:26:51.796+0000] {override.py:1912} INFO - Created Permission View: can read on DAG Run:example_branch_python_operator_decorator
[2025-02-23T03:26:51.812+0000] {logging_mixin.py:190} INFO - [2025-02-23T03:26:51.812+0000] {override.py:1912} INFO - Created Permission View: menu access on DAG Run:example_branch_python_operator_decorator
[2025-02-23T03:26:51.833+0000] {logging_mixin.py:190} INFO - [2025-02-23T03:26:51.833+0000] {override.py:1912} INFO - Created Permission View: can delete on DAG Run:example_branch_python_operator_decorator
[2025-02-23T03:26:51.845+0000] {logging_mixin.py:190} INFO - [2025-02-23T03:26:51.844+0000] {override.py:1912} INFO - Created Permission View: can create on DAG Run:example_branch_python_operator_decorator
[2025-02-23T03:26:51.846+0000] {logging_mixin.py:190} INFO - [2025-02-23T03:26:51.846+0000] {dag.py:3239} INFO - Sync 1 DAGs
[2025-02-23T03:26:51.870+0000] {logging_mixin.py:190} INFO - [2025-02-23T03:26:51.869+0000] {dag.py:3262} INFO - Creating ORM DAG for example_branch_python_operator_decorator
[2025-02-23T03:26:51.890+0000] {logging_mixin.py:190} INFO - [2025-02-23T03:26:51.889+0000] {dag.py:4180} INFO - Setting next_dagrun for example_branch_python_operator_decorator to 2025-02-22 00:00:00+00:00, run_after=2025-02-23 00:00:00+00:00
[2025-02-23T03:26:51.927+0000] {processor.py:208} INFO - Processing /home/airflow/.local/lib/python3.12/site-packages/airflow/example_dags/example_branch_operator_decorator.py took 0.476 seconds
[2025-02-23T03:27:22.512+0000] {processor.py:186} INFO - Started process (PID=511) to work on /home/airflow/.local/lib/python3.12/site-packages/airflow/example_dags/example_branch_operator_decorator.py
[2025-02-23T03:27:22.514+0000] {processor.py:914} INFO - Processing file /home/airflow/.local/lib/python3.12/site-packages/airflow/example_dags/example_branch_operator_decorator.py for tasks to queue
[2025-02-23T03:27:22.518+0000] {logging_mixin.py:190} INFO - [2025-02-23T03:27:22.517+0000] {dagbag.py:588} INFO - Filling up the DagBag from /home/airflow/.local/lib/python3.12/site-packages/airflow/example_dags/example_branch_operator_decorator.py
[2025-02-23T03:27:22.568+0000] {processor.py:925} INFO - DAG(s) 'example_branch_python_operator_decorator' retrieved from /home/airflow/.local/lib/python3.12/site-packages/airflow/example_dags/example_branch_operator_decorator.py
[2025-02-23T03:27:22.649+0000] {logging_mixin.py:190} INFO - [2025-02-23T03:27:22.649+0000] {dag.py:3239} INFO - Sync 1 DAGs
[2025-02-23T03:27:22.710+0000] {logging_mixin.py:190} INFO - [2025-02-23T03:27:22.709+0000] {dag.py:4180} INFO - Setting next_dagrun for example_branch_python_operator_decorator to 2025-02-22 00:00:00+00:00, run_after=2025-02-23 00:00:00+00:00
[2025-02-23T03:27:22.760+0000] {processor.py:208} INFO - Processing /home/airflow/.local/lib/python3.12/site-packages/airflow/example_dags/example_branch_operator_decorator.py took 0.263 seconds
[2025-02-23T03:27:52.976+0000] {processor.py:186} INFO - Started process (PID=799) to work on /home/airflow/.local/lib/python3.12/site-packages/airflow/example_dags/example_branch_operator_decorator.py
[2025-02-23T03:27:52.979+0000] {processor.py:914} INFO - Processing file /home/airflow/.local/lib/python3.12/site-packages/airflow/example_dags/example_branch_operator_decorator.py for tasks to queue
[2025-02-23T03:27:52.986+0000] {logging_mixin.py:190} INFO - [2025-02-23T03:27:52.985+0000] {dagbag.py:588} INFO - Filling up the DagBag from /home/airflow/.local/lib/python3.12/site-packages/airflow/example_dags/example_branch_operator_decorator.py
[2025-02-23T03:27:53.027+0000] {processor.py:925} INFO - DAG(s) 'example_branch_python_operator_decorator' retrieved from /home/airflow/.local/lib/python3.12/site-packages/airflow/example_dags/example_branch_operator_decorator.py
[2025-02-23T03:27:53.082+0000] {logging_mixin.py:190} INFO - [2025-02-23T03:27:53.081+0000] {dag.py:3239} INFO - Sync 1 DAGs
[2025-02-23T03:27:53.142+0000] {logging_mixin.py:190} INFO - [2025-02-23T03:27:53.141+0000] {dag.py:4180} INFO - Setting next_dagrun for example_branch_python_operator_decorator to 2025-02-22 00:00:00+00:00, run_after=2025-02-23 00:00:00+00:00
[2025-02-23T03:27:53.205+0000] {processor.py:208} INFO - Processing /home/airflow/.local/lib/python3.12/site-packages/airflow/example_dags/example_branch_operator_decorator.py took 0.241 seconds
[2025-02-23T03:33:49.758+0000] {processor.py:186} INFO - Started process (PID=220) to work on /home/airflow/.local/lib/python3.12/site-packages/airflow/example_dags/example_branch_operator_decorator.py
[2025-02-23T03:33:49.761+0000] {processor.py:914} INFO - Processing file /home/airflow/.local/lib/python3.12/site-packages/airflow/example_dags/example_branch_operator_decorator.py for tasks to queue
[2025-02-23T03:33:49.766+0000] {logging_mixin.py:190} INFO - [2025-02-23T03:33:49.765+0000] {dagbag.py:588} INFO - Filling up the DagBag from /home/airflow/.local/lib/python3.12/site-packages/airflow/example_dags/example_branch_operator_decorator.py
[2025-02-23T03:33:49.821+0000] {processor.py:925} INFO - DAG(s) 'example_branch_python_operator_decorator' retrieved from /home/airflow/.local/lib/python3.12/site-packages/airflow/example_dags/example_branch_operator_decorator.py
[2025-02-23T03:33:50.108+0000] {logging_mixin.py:190} INFO - [2025-02-23T03:33:50.106+0000] {override.py:1912} INFO - Created Permission View: can read on DAG:example_branch_python_operator_decorator
[2025-02-23T03:33:50.132+0000] {logging_mixin.py:190} INFO - [2025-02-23T03:33:50.131+0000] {override.py:1912} INFO - Created Permission View: can edit on DAG:example_branch_python_operator_decorator
[2025-02-23T03:33:50.149+0000] {logging_mixin.py:190} INFO - [2025-02-23T03:33:50.148+0000] {override.py:1912} INFO - Created Permission View: can delete on DAG:example_branch_python_operator_decorator
[2025-02-23T03:33:50.169+0000] {logging_mixin.py:190} INFO - [2025-02-23T03:33:50.168+0000] {override.py:1912} INFO - Created Permission View: can read on DAG Run:example_branch_python_operator_decorator
[2025-02-23T03:33:50.186+0000] {logging_mixin.py:190} INFO - [2025-02-23T03:33:50.186+0000] {override.py:1912} INFO - Created Permission View: menu access on DAG Run:example_branch_python_operator_decorator
[2025-02-23T03:33:50.202+0000] {logging_mixin.py:190} INFO - [2025-02-23T03:33:50.201+0000] {override.py:1912} INFO - Created Permission View: can create on DAG Run:example_branch_python_operator_decorator
[2025-02-23T03:33:50.219+0000] {logging_mixin.py:190} INFO - [2025-02-23T03:33:50.219+0000] {override.py:1912} INFO - Created Permission View: can delete on DAG Run:example_branch_python_operator_decorator
[2025-02-23T03:33:50.221+0000] {logging_mixin.py:190} INFO - [2025-02-23T03:33:50.220+0000] {dag.py:3239} INFO - Sync 1 DAGs
[2025-02-23T03:33:50.250+0000] {logging_mixin.py:190} INFO - [2025-02-23T03:33:50.249+0000] {dag.py:3262} INFO - Creating ORM DAG for example_branch_python_operator_decorator
[2025-02-23T03:33:50.275+0000] {logging_mixin.py:190} INFO - [2025-02-23T03:33:50.275+0000] {dag.py:4180} INFO - Setting next_dagrun for example_branch_python_operator_decorator to 2025-02-22 00:00:00+00:00, run_after=2025-02-23 00:00:00+00:00
[2025-02-23T03:33:50.316+0000] {processor.py:208} INFO - Processing /home/airflow/.local/lib/python3.12/site-packages/airflow/example_dags/example_branch_operator_decorator.py took 0.574 seconds
[2025-02-23T03:34:21.029+0000] {processor.py:186} INFO - Started process (PID=512) to work on /home/airflow/.local/lib/python3.12/site-packages/airflow/example_dags/example_branch_operator_decorator.py
[2025-02-23T03:34:21.032+0000] {processor.py:914} INFO - Processing file /home/airflow/.local/lib/python3.12/site-packages/airflow/example_dags/example_branch_operator_decorator.py for tasks to queue
[2025-02-23T03:34:21.038+0000] {logging_mixin.py:190} INFO - [2025-02-23T03:34:21.037+0000] {dagbag.py:588} INFO - Filling up the DagBag from /home/airflow/.local/lib/python3.12/site-packages/airflow/example_dags/example_branch_operator_decorator.py
[2025-02-23T03:34:21.090+0000] {processor.py:925} INFO - DAG(s) 'example_branch_python_operator_decorator' retrieved from /home/airflow/.local/lib/python3.12/site-packages/airflow/example_dags/example_branch_operator_decorator.py
[2025-02-23T03:34:21.159+0000] {logging_mixin.py:190} INFO - [2025-02-23T03:34:21.159+0000] {dag.py:3239} INFO - Sync 1 DAGs
[2025-02-23T03:34:21.222+0000] {logging_mixin.py:190} INFO - [2025-02-23T03:34:21.222+0000] {dag.py:4180} INFO - Setting next_dagrun for example_branch_python_operator_decorator to 2025-02-22 00:00:00+00:00, run_after=2025-02-23 00:00:00+00:00
[2025-02-23T03:34:21.291+0000] {processor.py:208} INFO - Processing /home/airflow/.local/lib/python3.12/site-packages/airflow/example_dags/example_branch_operator_decorator.py took 0.278 seconds
[2025-02-23T03:34:51.432+0000] {processor.py:186} INFO - Started process (PID=800) to work on /home/airflow/.local/lib/python3.12/site-packages/airflow/example_dags/example_branch_operator_decorator.py
[2025-02-23T03:34:51.435+0000] {processor.py:914} INFO - Processing file /home/airflow/.local/lib/python3.12/site-packages/airflow/example_dags/example_branch_operator_decorator.py for tasks to queue
[2025-02-23T03:34:51.440+0000] {logging_mixin.py:190} INFO - [2025-02-23T03:34:51.439+0000] {dagbag.py:588} INFO - Filling up the DagBag from /home/airflow/.local/lib/python3.12/site-packages/airflow/example_dags/example_branch_operator_decorator.py
[2025-02-23T03:34:51.487+0000] {processor.py:925} INFO - DAG(s) 'example_branch_python_operator_decorator' retrieved from /home/airflow/.local/lib/python3.12/site-packages/airflow/example_dags/example_branch_operator_decorator.py
[2025-02-23T03:34:51.571+0000] {logging_mixin.py:190} INFO - [2025-02-23T03:34:51.571+0000] {dag.py:3239} INFO - Sync 1 DAGs
[2025-02-23T03:34:51.630+0000] {logging_mixin.py:190} INFO - [2025-02-23T03:34:51.630+0000] {dag.py:4180} INFO - Setting next_dagrun for example_branch_python_operator_decorator to 2025-02-22 00:00:00+00:00, run_after=2025-02-23 00:00:00+00:00
[2025-02-23T03:34:51.719+0000] {processor.py:208} INFO - Processing /home/airflow/.local/lib/python3.12/site-packages/airflow/example_dags/example_branch_operator_decorator.py took 0.298 seconds
[2025-02-23T03:35:21.875+0000] {processor.py:186} INFO - Started process (PID=1091) to work on /home/airflow/.local/lib/python3.12/site-packages/airflow/example_dags/example_branch_operator_decorator.py
[2025-02-23T03:35:21.877+0000] {processor.py:914} INFO - Processing file /home/airflow/.local/lib/python3.12/site-packages/airflow/example_dags/example_branch_operator_decorator.py for tasks to queue
[2025-02-23T03:35:21.882+0000] {logging_mixin.py:190} INFO - [2025-02-23T03:35:21.881+0000] {dagbag.py:588} INFO - Filling up the DagBag from /home/airflow/.local/lib/python3.12/site-packages/airflow/example_dags/example_branch_operator_decorator.py
[2025-02-23T03:35:21.925+0000] {processor.py:925} INFO - DAG(s) 'example_branch_python_operator_decorator' retrieved from /home/airflow/.local/lib/python3.12/site-packages/airflow/example_dags/example_branch_operator_decorator.py
[2025-02-23T03:35:21.982+0000] {logging_mixin.py:190} INFO - [2025-02-23T03:35:21.982+0000] {dag.py:3239} INFO - Sync 1 DAGs
[2025-02-23T03:35:22.031+0000] {logging_mixin.py:190} INFO - [2025-02-23T03:35:22.030+0000] {dag.py:4180} INFO - Setting next_dagrun for example_branch_python_operator_decorator to 2025-02-22 00:00:00+00:00, run_after=2025-02-23 00:00:00+00:00
[2025-02-23T03:35:22.115+0000] {processor.py:208} INFO - Processing /home/airflow/.local/lib/python3.12/site-packages/airflow/example_dags/example_branch_operator_decorator.py took 0.253 seconds
