[2025-02-23T03:26:54.136+0000] {processor.py:186} INFO - Started process (PID=250) to work on /home/airflow/.local/lib/python3.12/site-packages/airflow/example_dags/example_trigger_controller_dag.py
[2025-02-23T03:26:54.138+0000] {processor.py:914} INFO - Processing file /home/airflow/.local/lib/python3.12/site-packages/airflow/example_dags/example_trigger_controller_dag.py for tasks to queue
[2025-02-23T03:26:54.144+0000] {logging_mixin.py:190} INFO - [2025-02-23T03:26:54.143+0000] {dagbag.py:588} INFO - Filling up the DagBag from /home/airflow/.local/lib/python3.12/site-packages/airflow/example_dags/example_trigger_controller_dag.py
[2025-02-23T03:26:54.162+0000] {processor.py:925} INFO - DAG(s) 'example_trigger_controller_dag' retrieved from /home/airflow/.local/lib/python3.12/site-packages/airflow/example_dags/example_trigger_controller_dag.py
[2025-02-23T03:26:54.371+0000] {logging_mixin.py:190} INFO - [2025-02-23T03:26:54.369+0000] {override.py:1912} INFO - Created Permission View: can read on DAG:example_trigger_controller_dag
[2025-02-23T03:26:54.392+0000] {logging_mixin.py:190} INFO - [2025-02-23T03:26:54.391+0000] {override.py:1912} INFO - Created Permission View: can delete on DAG:example_trigger_controller_dag
[2025-02-23T03:26:54.408+0000] {logging_mixin.py:190} INFO - [2025-02-23T03:26:54.407+0000] {override.py:1912} INFO - Created Permission View: can edit on DAG:example_trigger_controller_dag
[2025-02-23T03:26:54.425+0000] {logging_mixin.py:190} INFO - [2025-02-23T03:26:54.424+0000] {override.py:1912} INFO - Created Permission View: can read on DAG Run:example_trigger_controller_dag
[2025-02-23T03:26:54.442+0000] {logging_mixin.py:190} INFO - [2025-02-23T03:26:54.442+0000] {override.py:1912} INFO - Created Permission View: menu access on DAG Run:example_trigger_controller_dag
[2025-02-23T03:26:54.457+0000] {logging_mixin.py:190} INFO - [2025-02-23T03:26:54.456+0000] {override.py:1912} INFO - Created Permission View: can delete on DAG Run:example_trigger_controller_dag
[2025-02-23T03:26:54.468+0000] {logging_mixin.py:190} INFO - [2025-02-23T03:26:54.468+0000] {override.py:1912} INFO - Created Permission View: can create on DAG Run:example_trigger_controller_dag
[2025-02-23T03:26:54.469+0000] {logging_mixin.py:190} INFO - [2025-02-23T03:26:54.469+0000] {dag.py:3239} INFO - Sync 1 DAGs
[2025-02-23T03:26:54.494+0000] {logging_mixin.py:190} INFO - [2025-02-23T03:26:54.494+0000] {dag.py:3262} INFO - Creating ORM DAG for example_trigger_controller_dag
[2025-02-23T03:26:54.510+0000] {logging_mixin.py:190} INFO - [2025-02-23T03:26:54.510+0000] {dag.py:4180} INFO - Setting next_dagrun for example_trigger_controller_dag to 2021-01-01 00:00:00+00:00, run_after=2021-01-01 00:00:00+00:00
[2025-02-23T03:26:54.548+0000] {processor.py:208} INFO - Processing /home/airflow/.local/lib/python3.12/site-packages/airflow/example_dags/example_trigger_controller_dag.py took 0.428 seconds
[2025-02-23T03:27:25.373+0000] {processor.py:186} INFO - Started process (PID=538) to work on /home/airflow/.local/lib/python3.12/site-packages/airflow/example_dags/example_trigger_controller_dag.py
[2025-02-23T03:27:25.376+0000] {processor.py:914} INFO - Processing file /home/airflow/.local/lib/python3.12/site-packages/airflow/example_dags/example_trigger_controller_dag.py for tasks to queue
[2025-02-23T03:27:25.381+0000] {logging_mixin.py:190} INFO - [2025-02-23T03:27:25.381+0000] {dagbag.py:588} INFO - Filling up the DagBag from /home/airflow/.local/lib/python3.12/site-packages/airflow/example_dags/example_trigger_controller_dag.py
[2025-02-23T03:27:25.401+0000] {processor.py:925} INFO - DAG(s) 'example_trigger_controller_dag' retrieved from /home/airflow/.local/lib/python3.12/site-packages/airflow/example_dags/example_trigger_controller_dag.py
[2025-02-23T03:27:25.444+0000] {logging_mixin.py:190} INFO - [2025-02-23T03:27:25.443+0000] {dag.py:3239} INFO - Sync 1 DAGs
[2025-02-23T03:27:25.508+0000] {logging_mixin.py:190} INFO - [2025-02-23T03:27:25.508+0000] {dag.py:4180} INFO - Setting next_dagrun for example_trigger_controller_dag to 2021-01-01 00:00:00+00:00, run_after=2021-01-01 00:00:00+00:00
[2025-02-23T03:27:25.614+0000] {processor.py:208} INFO - Processing /home/airflow/.local/lib/python3.12/site-packages/airflow/example_dags/example_trigger_controller_dag.py took 0.253 seconds
[2025-02-23T03:27:56.244+0000] {processor.py:186} INFO - Started process (PID=829) to work on /home/airflow/.local/lib/python3.12/site-packages/airflow/example_dags/example_trigger_controller_dag.py
[2025-02-23T03:27:56.247+0000] {processor.py:914} INFO - Processing file /home/airflow/.local/lib/python3.12/site-packages/airflow/example_dags/example_trigger_controller_dag.py for tasks to queue
[2025-02-23T03:27:56.252+0000] {logging_mixin.py:190} INFO - [2025-02-23T03:27:56.252+0000] {dagbag.py:588} INFO - Filling up the DagBag from /home/airflow/.local/lib/python3.12/site-packages/airflow/example_dags/example_trigger_controller_dag.py
[2025-02-23T03:27:56.267+0000] {processor.py:925} INFO - DAG(s) 'example_trigger_controller_dag' retrieved from /home/airflow/.local/lib/python3.12/site-packages/airflow/example_dags/example_trigger_controller_dag.py
[2025-02-23T03:27:56.305+0000] {logging_mixin.py:190} INFO - [2025-02-23T03:27:56.305+0000] {dag.py:3239} INFO - Sync 1 DAGs
[2025-02-23T03:27:56.353+0000] {logging_mixin.py:190} INFO - [2025-02-23T03:27:56.353+0000] {dag.py:4180} INFO - Setting next_dagrun for example_trigger_controller_dag to 2021-01-01 00:00:00+00:00, run_after=2021-01-01 00:00:00+00:00
[2025-02-23T03:27:56.395+0000] {processor.py:208} INFO - Processing /home/airflow/.local/lib/python3.12/site-packages/airflow/example_dags/example_trigger_controller_dag.py took 0.163 seconds
[2025-02-23T03:33:52.795+0000] {processor.py:186} INFO - Started process (PID=250) to work on /home/airflow/.local/lib/python3.12/site-packages/airflow/example_dags/example_trigger_controller_dag.py
[2025-02-23T03:33:52.797+0000] {processor.py:914} INFO - Processing file /home/airflow/.local/lib/python3.12/site-packages/airflow/example_dags/example_trigger_controller_dag.py for tasks to queue
[2025-02-23T03:33:52.803+0000] {logging_mixin.py:190} INFO - [2025-02-23T03:33:52.802+0000] {dagbag.py:588} INFO - Filling up the DagBag from /home/airflow/.local/lib/python3.12/site-packages/airflow/example_dags/example_trigger_controller_dag.py
[2025-02-23T03:33:52.820+0000] {processor.py:925} INFO - DAG(s) 'example_trigger_controller_dag' retrieved from /home/airflow/.local/lib/python3.12/site-packages/airflow/example_dags/example_trigger_controller_dag.py
[2025-02-23T03:33:53.041+0000] {logging_mixin.py:190} INFO - [2025-02-23T03:33:53.040+0000] {override.py:1912} INFO - Created Permission View: can read on DAG:example_trigger_controller_dag
[2025-02-23T03:33:53.063+0000] {logging_mixin.py:190} INFO - [2025-02-23T03:33:53.062+0000] {override.py:1912} INFO - Created Permission View: can edit on DAG:example_trigger_controller_dag
[2025-02-23T03:33:53.079+0000] {logging_mixin.py:190} INFO - [2025-02-23T03:33:53.078+0000] {override.py:1912} INFO - Created Permission View: can delete on DAG:example_trigger_controller_dag
[2025-02-23T03:33:53.096+0000] {logging_mixin.py:190} INFO - [2025-02-23T03:33:53.095+0000] {override.py:1912} INFO - Created Permission View: can read on DAG Run:example_trigger_controller_dag
[2025-02-23T03:33:53.115+0000] {logging_mixin.py:190} INFO - [2025-02-23T03:33:53.114+0000] {override.py:1912} INFO - Created Permission View: menu access on DAG Run:example_trigger_controller_dag
[2025-02-23T03:33:53.135+0000] {logging_mixin.py:190} INFO - [2025-02-23T03:33:53.134+0000] {override.py:1912} INFO - Created Permission View: can create on DAG Run:example_trigger_controller_dag
[2025-02-23T03:33:53.160+0000] {logging_mixin.py:190} INFO - [2025-02-23T03:33:53.159+0000] {override.py:1912} INFO - Created Permission View: can delete on DAG Run:example_trigger_controller_dag
[2025-02-23T03:33:53.162+0000] {logging_mixin.py:190} INFO - [2025-02-23T03:33:53.161+0000] {dag.py:3239} INFO - Sync 1 DAGs
[2025-02-23T03:33:53.198+0000] {logging_mixin.py:190} INFO - [2025-02-23T03:33:53.198+0000] {dag.py:3262} INFO - Creating ORM DAG for example_trigger_controller_dag
[2025-02-23T03:33:53.224+0000] {logging_mixin.py:190} INFO - [2025-02-23T03:33:53.223+0000] {dag.py:4180} INFO - Setting next_dagrun for example_trigger_controller_dag to 2021-01-01 00:00:00+00:00, run_after=2021-01-01 00:00:00+00:00
[2025-02-23T03:33:53.268+0000] {processor.py:208} INFO - Processing /home/airflow/.local/lib/python3.12/site-packages/airflow/example_dags/example_trigger_controller_dag.py took 0.486 seconds
[2025-02-23T03:34:24.021+0000] {processor.py:186} INFO - Started process (PID=539) to work on /home/airflow/.local/lib/python3.12/site-packages/airflow/example_dags/example_trigger_controller_dag.py
[2025-02-23T03:34:24.024+0000] {processor.py:914} INFO - Processing file /home/airflow/.local/lib/python3.12/site-packages/airflow/example_dags/example_trigger_controller_dag.py for tasks to queue
[2025-02-23T03:34:24.029+0000] {logging_mixin.py:190} INFO - [2025-02-23T03:34:24.029+0000] {dagbag.py:588} INFO - Filling up the DagBag from /home/airflow/.local/lib/python3.12/site-packages/airflow/example_dags/example_trigger_controller_dag.py
[2025-02-23T03:34:24.042+0000] {processor.py:925} INFO - DAG(s) 'example_trigger_controller_dag' retrieved from /home/airflow/.local/lib/python3.12/site-packages/airflow/example_dags/example_trigger_controller_dag.py
[2025-02-23T03:34:24.099+0000] {logging_mixin.py:190} INFO - [2025-02-23T03:34:24.098+0000] {dag.py:3239} INFO - Sync 1 DAGs
[2025-02-23T03:34:24.156+0000] {logging_mixin.py:190} INFO - [2025-02-23T03:34:24.155+0000] {dag.py:4180} INFO - Setting next_dagrun for example_trigger_controller_dag to 2021-01-01 00:00:00+00:00, run_after=2021-01-01 00:00:00+00:00
[2025-02-23T03:34:24.204+0000] {processor.py:208} INFO - Processing /home/airflow/.local/lib/python3.12/site-packages/airflow/example_dags/example_trigger_controller_dag.py took 0.194 seconds
[2025-02-23T03:34:54.672+0000] {processor.py:186} INFO - Started process (PID=830) to work on /home/airflow/.local/lib/python3.12/site-packages/airflow/example_dags/example_trigger_controller_dag.py
[2025-02-23T03:34:54.675+0000] {processor.py:914} INFO - Processing file /home/airflow/.local/lib/python3.12/site-packages/airflow/example_dags/example_trigger_controller_dag.py for tasks to queue
[2025-02-23T03:34:54.679+0000] {logging_mixin.py:190} INFO - [2025-02-23T03:34:54.678+0000] {dagbag.py:588} INFO - Filling up the DagBag from /home/airflow/.local/lib/python3.12/site-packages/airflow/example_dags/example_trigger_controller_dag.py
[2025-02-23T03:34:54.692+0000] {processor.py:925} INFO - DAG(s) 'example_trigger_controller_dag' retrieved from /home/airflow/.local/lib/python3.12/site-packages/airflow/example_dags/example_trigger_controller_dag.py
[2025-02-23T03:34:54.732+0000] {logging_mixin.py:190} INFO - [2025-02-23T03:34:54.732+0000] {dag.py:3239} INFO - Sync 1 DAGs
[2025-02-23T03:34:54.791+0000] {logging_mixin.py:190} INFO - [2025-02-23T03:34:54.790+0000] {dag.py:4180} INFO - Setting next_dagrun for example_trigger_controller_dag to 2021-01-01 00:00:00+00:00, run_after=2021-01-01 00:00:00+00:00
[2025-02-23T03:34:54.836+0000] {processor.py:208} INFO - Processing /home/airflow/.local/lib/python3.12/site-packages/airflow/example_dags/example_trigger_controller_dag.py took 0.176 seconds
[2025-02-23T03:35:25.060+0000] {processor.py:186} INFO - Started process (PID=1121) to work on /home/airflow/.local/lib/python3.12/site-packages/airflow/example_dags/example_trigger_controller_dag.py
[2025-02-23T03:35:25.062+0000] {processor.py:914} INFO - Processing file /home/airflow/.local/lib/python3.12/site-packages/airflow/example_dags/example_trigger_controller_dag.py for tasks to queue
[2025-02-23T03:35:25.066+0000] {logging_mixin.py:190} INFO - [2025-02-23T03:35:25.066+0000] {dagbag.py:588} INFO - Filling up the DagBag from /home/airflow/.local/lib/python3.12/site-packages/airflow/example_dags/example_trigger_controller_dag.py
[2025-02-23T03:35:25.084+0000] {processor.py:925} INFO - DAG(s) 'example_trigger_controller_dag' retrieved from /home/airflow/.local/lib/python3.12/site-packages/airflow/example_dags/example_trigger_controller_dag.py
[2025-02-23T03:35:25.125+0000] {logging_mixin.py:190} INFO - [2025-02-23T03:35:25.124+0000] {dag.py:3239} INFO - Sync 1 DAGs
[2025-02-23T03:35:25.167+0000] {logging_mixin.py:190} INFO - [2025-02-23T03:35:25.167+0000] {dag.py:4180} INFO - Setting next_dagrun for example_trigger_controller_dag to 2021-01-01 00:00:00+00:00, run_after=2021-01-01 00:00:00+00:00
[2025-02-23T03:35:25.206+0000] {processor.py:208} INFO - Processing /home/airflow/.local/lib/python3.12/site-packages/airflow/example_dags/example_trigger_controller_dag.py took 0.158 seconds
