[2025-02-23T03:26:59.196+0000] {processor.py:186} INFO - Started process (PID=320) to work on /home/airflow/.local/lib/python3.12/site-packages/airflow/example_dags/example_dataset_alias.py
[2025-02-23T03:26:59.198+0000] {processor.py:914} INFO - Processing file /home/airflow/.local/lib/python3.12/site-packages/airflow/example_dags/example_dataset_alias.py for tasks to queue
[2025-02-23T03:26:59.202+0000] {logging_mixin.py:190} INFO - [2025-02-23T03:26:59.202+0000] {dagbag.py:588} INFO - Filling up the DagBag from /home/airflow/.local/lib/python3.12/site-packages/airflow/example_dags/example_dataset_alias.py
[2025-02-23T03:26:59.946+0000] {processor.py:925} INFO - DAG(s) 'dataset_s3_bucket_consumer', 'dataset_alias_example_alias_consumer', 'dataset_s3_bucket_producer', 'dataset_alias_example_alias_producer' retrieved from /home/airflow/.local/lib/python3.12/site-packages/airflow/example_dags/example_dataset_alias.py
[2025-02-23T03:27:00.540+0000] {logging_mixin.py:190} INFO - [2025-02-23T03:27:00.538+0000] {override.py:1912} INFO - Created Permission View: can read on DAG:dataset_s3_bucket_consumer
[2025-02-23T03:27:00.569+0000] {logging_mixin.py:190} INFO - [2025-02-23T03:27:00.568+0000] {override.py:1912} INFO - Created Permission View: can delete on DAG:dataset_s3_bucket_consumer
[2025-02-23T03:27:00.591+0000] {logging_mixin.py:190} INFO - [2025-02-23T03:27:00.590+0000] {override.py:1912} INFO - Created Permission View: can edit on DAG:dataset_s3_bucket_consumer
[2025-02-23T03:27:00.613+0000] {logging_mixin.py:190} INFO - [2025-02-23T03:27:00.612+0000] {override.py:1912} INFO - Created Permission View: can read on DAG Run:dataset_s3_bucket_consumer
[2025-02-23T03:27:00.636+0000] {logging_mixin.py:190} INFO - [2025-02-23T03:27:00.635+0000] {override.py:1912} INFO - Created Permission View: menu access on DAG Run:dataset_s3_bucket_consumer
[2025-02-23T03:27:00.654+0000] {logging_mixin.py:190} INFO - [2025-02-23T03:27:00.653+0000] {override.py:1912} INFO - Created Permission View: can delete on DAG Run:dataset_s3_bucket_consumer
[2025-02-23T03:27:00.672+0000] {logging_mixin.py:190} INFO - [2025-02-23T03:27:00.671+0000] {override.py:1912} INFO - Created Permission View: can create on DAG Run:dataset_s3_bucket_consumer
[2025-02-23T03:27:00.712+0000] {logging_mixin.py:190} INFO - [2025-02-23T03:27:00.711+0000] {override.py:1912} INFO - Created Permission View: can read on DAG:dataset_alias_example_alias_consumer
[2025-02-23T03:27:00.729+0000] {logging_mixin.py:190} INFO - [2025-02-23T03:27:00.729+0000] {override.py:1912} INFO - Created Permission View: can delete on DAG:dataset_alias_example_alias_consumer
[2025-02-23T03:27:00.751+0000] {logging_mixin.py:190} INFO - [2025-02-23T03:27:00.750+0000] {override.py:1912} INFO - Created Permission View: can edit on DAG:dataset_alias_example_alias_consumer
[2025-02-23T03:27:00.774+0000] {logging_mixin.py:190} INFO - [2025-02-23T03:27:00.773+0000] {override.py:1912} INFO - Created Permission View: can read on DAG Run:dataset_alias_example_alias_consumer
[2025-02-23T03:27:00.789+0000] {logging_mixin.py:190} INFO - [2025-02-23T03:27:00.789+0000] {override.py:1912} INFO - Created Permission View: menu access on DAG Run:dataset_alias_example_alias_consumer
[2025-02-23T03:27:00.805+0000] {logging_mixin.py:190} INFO - [2025-02-23T03:27:00.804+0000] {override.py:1912} INFO - Created Permission View: can delete on DAG Run:dataset_alias_example_alias_consumer
[2025-02-23T03:27:00.819+0000] {logging_mixin.py:190} INFO - [2025-02-23T03:27:00.818+0000] {override.py:1912} INFO - Created Permission View: can create on DAG Run:dataset_alias_example_alias_consumer
[2025-02-23T03:27:00.849+0000] {logging_mixin.py:190} INFO - [2025-02-23T03:27:00.848+0000] {override.py:1912} INFO - Created Permission View: can read on DAG:dataset_s3_bucket_producer
[2025-02-23T03:27:00.867+0000] {logging_mixin.py:190} INFO - [2025-02-23T03:27:00.866+0000] {override.py:1912} INFO - Created Permission View: can delete on DAG:dataset_s3_bucket_producer
[2025-02-23T03:27:00.883+0000] {logging_mixin.py:190} INFO - [2025-02-23T03:27:00.883+0000] {override.py:1912} INFO - Created Permission View: can edit on DAG:dataset_s3_bucket_producer
[2025-02-23T03:27:00.900+0000] {logging_mixin.py:190} INFO - [2025-02-23T03:27:00.899+0000] {override.py:1912} INFO - Created Permission View: can read on DAG Run:dataset_s3_bucket_producer
[2025-02-23T03:27:00.915+0000] {logging_mixin.py:190} INFO - [2025-02-23T03:27:00.914+0000] {override.py:1912} INFO - Created Permission View: menu access on DAG Run:dataset_s3_bucket_producer
[2025-02-23T03:27:00.929+0000] {logging_mixin.py:190} INFO - [2025-02-23T03:27:00.929+0000] {override.py:1912} INFO - Created Permission View: can delete on DAG Run:dataset_s3_bucket_producer
[2025-02-23T03:27:00.943+0000] {logging_mixin.py:190} INFO - [2025-02-23T03:27:00.942+0000] {override.py:1912} INFO - Created Permission View: can create on DAG Run:dataset_s3_bucket_producer
[2025-02-23T03:27:00.978+0000] {logging_mixin.py:190} INFO - [2025-02-23T03:27:00.978+0000] {override.py:1912} INFO - Created Permission View: can read on DAG:dataset_alias_example_alias_producer
[2025-02-23T03:27:00.996+0000] {logging_mixin.py:190} INFO - [2025-02-23T03:27:00.996+0000] {override.py:1912} INFO - Created Permission View: can delete on DAG:dataset_alias_example_alias_producer
[2025-02-23T03:27:01.021+0000] {logging_mixin.py:190} INFO - [2025-02-23T03:27:01.020+0000] {override.py:1912} INFO - Created Permission View: can edit on DAG:dataset_alias_example_alias_producer
[2025-02-23T03:27:01.048+0000] {logging_mixin.py:190} INFO - [2025-02-23T03:27:01.047+0000] {override.py:1912} INFO - Created Permission View: can read on DAG Run:dataset_alias_example_alias_producer
[2025-02-23T03:27:01.066+0000] {logging_mixin.py:190} INFO - [2025-02-23T03:27:01.065+0000] {override.py:1912} INFO - Created Permission View: menu access on DAG Run:dataset_alias_example_alias_producer
[2025-02-23T03:27:01.080+0000] {logging_mixin.py:190} INFO - [2025-02-23T03:27:01.079+0000] {override.py:1912} INFO - Created Permission View: can delete on DAG Run:dataset_alias_example_alias_producer
[2025-02-23T03:27:01.094+0000] {logging_mixin.py:190} INFO - [2025-02-23T03:27:01.093+0000] {override.py:1912} INFO - Created Permission View: can create on DAG Run:dataset_alias_example_alias_producer
[2025-02-23T03:27:01.096+0000] {logging_mixin.py:190} INFO - [2025-02-23T03:27:01.095+0000] {dag.py:3239} INFO - Sync 4 DAGs
[2025-02-23T03:27:01.122+0000] {logging_mixin.py:190} INFO - [2025-02-23T03:27:01.120+0000] {dag.py:3262} INFO - Creating ORM DAG for dataset_alias_example_alias_consumer
[2025-02-23T03:27:01.123+0000] {logging_mixin.py:190} INFO - [2025-02-23T03:27:01.123+0000] {dag.py:3262} INFO - Creating ORM DAG for dataset_alias_example_alias_producer
[2025-02-23T03:27:01.125+0000] {logging_mixin.py:190} INFO - [2025-02-23T03:27:01.125+0000] {dag.py:3262} INFO - Creating ORM DAG for dataset_s3_bucket_consumer
[2025-02-23T03:27:01.127+0000] {logging_mixin.py:190} INFO - [2025-02-23T03:27:01.127+0000] {dag.py:3262} INFO - Creating ORM DAG for dataset_s3_bucket_producer
[2025-02-23T03:27:01.151+0000] {logging_mixin.py:190} INFO - [2025-02-23T03:27:01.150+0000] {dag.py:4180} INFO - Setting next_dagrun for dataset_alias_example_alias_consumer to None, run_after=None
[2025-02-23T03:27:01.153+0000] {logging_mixin.py:190} INFO - [2025-02-23T03:27:01.153+0000] {dag.py:4180} INFO - Setting next_dagrun for dataset_alias_example_alias_producer to None, run_after=None
[2025-02-23T03:27:01.155+0000] {logging_mixin.py:190} INFO - [2025-02-23T03:27:01.155+0000] {dag.py:4180} INFO - Setting next_dagrun for dataset_s3_bucket_consumer to None, run_after=None
[2025-02-23T03:27:01.156+0000] {logging_mixin.py:190} INFO - [2025-02-23T03:27:01.156+0000] {dag.py:4180} INFO - Setting next_dagrun for dataset_s3_bucket_producer to None, run_after=None
[2025-02-23T03:27:01.214+0000] {processor.py:208} INFO - Processing /home/airflow/.local/lib/python3.12/site-packages/airflow/example_dags/example_dataset_alias.py took 2.029 seconds
[2025-02-23T03:27:32.028+0000] {processor.py:186} INFO - Started process (PID=618) to work on /home/airflow/.local/lib/python3.12/site-packages/airflow/example_dags/example_dataset_alias.py
[2025-02-23T03:27:32.031+0000] {processor.py:914} INFO - Processing file /home/airflow/.local/lib/python3.12/site-packages/airflow/example_dags/example_dataset_alias.py for tasks to queue
[2025-02-23T03:27:32.035+0000] {logging_mixin.py:190} INFO - [2025-02-23T03:27:32.034+0000] {dagbag.py:588} INFO - Filling up the DagBag from /home/airflow/.local/lib/python3.12/site-packages/airflow/example_dags/example_dataset_alias.py
[2025-02-23T03:27:32.778+0000] {processor.py:925} INFO - DAG(s) 'dataset_s3_bucket_producer', 'dataset_alias_example_alias_consumer', 'dataset_s3_bucket_consumer', 'dataset_alias_example_alias_producer' retrieved from /home/airflow/.local/lib/python3.12/site-packages/airflow/example_dags/example_dataset_alias.py
[2025-02-23T03:27:32.838+0000] {logging_mixin.py:190} INFO - [2025-02-23T03:27:32.837+0000] {dag.py:3239} INFO - Sync 4 DAGs
[2025-02-23T03:27:32.895+0000] {logging_mixin.py:190} INFO - [2025-02-23T03:27:32.894+0000] {dag.py:4180} INFO - Setting next_dagrun for dataset_alias_example_alias_consumer to None, run_after=None
[2025-02-23T03:27:32.901+0000] {logging_mixin.py:190} INFO - [2025-02-23T03:27:32.901+0000] {dag.py:4180} INFO - Setting next_dagrun for dataset_alias_example_alias_producer to None, run_after=None
[2025-02-23T03:27:32.906+0000] {logging_mixin.py:190} INFO - [2025-02-23T03:27:32.906+0000] {dag.py:4180} INFO - Setting next_dagrun for dataset_s3_bucket_consumer to None, run_after=None
[2025-02-23T03:27:32.910+0000] {logging_mixin.py:190} INFO - [2025-02-23T03:27:32.910+0000] {dag.py:4180} INFO - Setting next_dagrun for dataset_s3_bucket_producer to None, run_after=None
[2025-02-23T03:27:32.972+0000] {processor.py:208} INFO - Processing /home/airflow/.local/lib/python3.12/site-packages/airflow/example_dags/example_dataset_alias.py took 0.957 seconds
[2025-02-23T03:28:03.099+0000] {processor.py:186} INFO - Started process (PID=914) to work on /home/airflow/.local/lib/python3.12/site-packages/airflow/example_dags/example_dataset_alias.py
[2025-02-23T03:28:03.102+0000] {processor.py:914} INFO - Processing file /home/airflow/.local/lib/python3.12/site-packages/airflow/example_dags/example_dataset_alias.py for tasks to queue
[2025-02-23T03:28:03.107+0000] {logging_mixin.py:190} INFO - [2025-02-23T03:28:03.106+0000] {dagbag.py:588} INFO - Filling up the DagBag from /home/airflow/.local/lib/python3.12/site-packages/airflow/example_dags/example_dataset_alias.py
[2025-02-23T03:28:04.459+0000] {processor.py:925} INFO - DAG(s) 'dataset_alias_example_alias_consumer', 'dataset_s3_bucket_consumer', 'dataset_s3_bucket_producer', 'dataset_alias_example_alias_producer' retrieved from /home/airflow/.local/lib/python3.12/site-packages/airflow/example_dags/example_dataset_alias.py
[2025-02-23T03:28:04.514+0000] {logging_mixin.py:190} INFO - [2025-02-23T03:28:04.513+0000] {dag.py:3239} INFO - Sync 4 DAGs
[2025-02-23T03:28:04.562+0000] {logging_mixin.py:190} INFO - [2025-02-23T03:28:04.561+0000] {dag.py:4180} INFO - Setting next_dagrun for dataset_alias_example_alias_consumer to None, run_after=None
[2025-02-23T03:28:04.568+0000] {logging_mixin.py:190} INFO - [2025-02-23T03:28:04.567+0000] {dag.py:4180} INFO - Setting next_dagrun for dataset_alias_example_alias_producer to None, run_after=None
[2025-02-23T03:28:04.574+0000] {logging_mixin.py:190} INFO - [2025-02-23T03:28:04.573+0000] {dag.py:4180} INFO - Setting next_dagrun for dataset_s3_bucket_consumer to None, run_after=None
[2025-02-23T03:28:04.579+0000] {logging_mixin.py:190} INFO - [2025-02-23T03:28:04.579+0000] {dag.py:4180} INFO - Setting next_dagrun for dataset_s3_bucket_producer to None, run_after=None
[2025-02-23T03:28:04.623+0000] {processor.py:208} INFO - Processing /home/airflow/.local/lib/python3.12/site-packages/airflow/example_dags/example_dataset_alias.py took 1.535 seconds
[2025-02-23T03:33:57.725+0000] {processor.py:186} INFO - Started process (PID=320) to work on /home/airflow/.local/lib/python3.12/site-packages/airflow/example_dags/example_dataset_alias.py
[2025-02-23T03:33:57.727+0000] {processor.py:914} INFO - Processing file /home/airflow/.local/lib/python3.12/site-packages/airflow/example_dags/example_dataset_alias.py for tasks to queue
[2025-02-23T03:33:57.732+0000] {logging_mixin.py:190} INFO - [2025-02-23T03:33:57.731+0000] {dagbag.py:588} INFO - Filling up the DagBag from /home/airflow/.local/lib/python3.12/site-packages/airflow/example_dags/example_dataset_alias.py
[2025-02-23T03:33:58.608+0000] {processor.py:925} INFO - DAG(s) 'dataset_alias_example_alias_producer', 'dataset_s3_bucket_consumer', 'dataset_s3_bucket_producer', 'dataset_alias_example_alias_consumer' retrieved from /home/airflow/.local/lib/python3.12/site-packages/airflow/example_dags/example_dataset_alias.py
[2025-02-23T03:33:59.218+0000] {logging_mixin.py:190} INFO - [2025-02-23T03:33:59.216+0000] {override.py:1912} INFO - Created Permission View: can read on DAG:dataset_alias_example_alias_producer
[2025-02-23T03:33:59.258+0000] {logging_mixin.py:190} INFO - [2025-02-23T03:33:59.257+0000] {override.py:1912} INFO - Created Permission View: can edit on DAG:dataset_alias_example_alias_producer
[2025-02-23T03:33:59.281+0000] {logging_mixin.py:190} INFO - [2025-02-23T03:33:59.280+0000] {override.py:1912} INFO - Created Permission View: can delete on DAG:dataset_alias_example_alias_producer
[2025-02-23T03:33:59.307+0000] {logging_mixin.py:190} INFO - [2025-02-23T03:33:59.306+0000] {override.py:1912} INFO - Created Permission View: can read on DAG Run:dataset_alias_example_alias_producer
[2025-02-23T03:33:59.332+0000] {logging_mixin.py:190} INFO - [2025-02-23T03:33:59.331+0000] {override.py:1912} INFO - Created Permission View: menu access on DAG Run:dataset_alias_example_alias_producer
[2025-02-23T03:33:59.356+0000] {logging_mixin.py:190} INFO - [2025-02-23T03:33:59.355+0000] {override.py:1912} INFO - Created Permission View: can create on DAG Run:dataset_alias_example_alias_producer
[2025-02-23T03:33:59.381+0000] {logging_mixin.py:190} INFO - [2025-02-23T03:33:59.380+0000] {override.py:1912} INFO - Created Permission View: can delete on DAG Run:dataset_alias_example_alias_producer
[2025-02-23T03:33:59.426+0000] {logging_mixin.py:190} INFO - [2025-02-23T03:33:59.425+0000] {override.py:1912} INFO - Created Permission View: can read on DAG:dataset_s3_bucket_consumer
[2025-02-23T03:33:59.446+0000] {logging_mixin.py:190} INFO - [2025-02-23T03:33:59.445+0000] {override.py:1912} INFO - Created Permission View: can edit on DAG:dataset_s3_bucket_consumer
[2025-02-23T03:33:59.464+0000] {logging_mixin.py:190} INFO - [2025-02-23T03:33:59.463+0000] {override.py:1912} INFO - Created Permission View: can delete on DAG:dataset_s3_bucket_consumer
[2025-02-23T03:33:59.483+0000] {logging_mixin.py:190} INFO - [2025-02-23T03:33:59.482+0000] {override.py:1912} INFO - Created Permission View: can read on DAG Run:dataset_s3_bucket_consumer
[2025-02-23T03:33:59.500+0000] {logging_mixin.py:190} INFO - [2025-02-23T03:33:59.500+0000] {override.py:1912} INFO - Created Permission View: menu access on DAG Run:dataset_s3_bucket_consumer
[2025-02-23T03:33:59.516+0000] {logging_mixin.py:190} INFO - [2025-02-23T03:33:59.515+0000] {override.py:1912} INFO - Created Permission View: can create on DAG Run:dataset_s3_bucket_consumer
[2025-02-23T03:33:59.532+0000] {logging_mixin.py:190} INFO - [2025-02-23T03:33:59.531+0000] {override.py:1912} INFO - Created Permission View: can delete on DAG Run:dataset_s3_bucket_consumer
[2025-02-23T03:33:59.561+0000] {logging_mixin.py:190} INFO - [2025-02-23T03:33:59.560+0000] {override.py:1912} INFO - Created Permission View: can read on DAG:dataset_s3_bucket_producer
[2025-02-23T03:33:59.577+0000] {logging_mixin.py:190} INFO - [2025-02-23T03:33:59.576+0000] {override.py:1912} INFO - Created Permission View: can edit on DAG:dataset_s3_bucket_producer
[2025-02-23T03:33:59.594+0000] {logging_mixin.py:190} INFO - [2025-02-23T03:33:59.593+0000] {override.py:1912} INFO - Created Permission View: can delete on DAG:dataset_s3_bucket_producer
[2025-02-23T03:33:59.613+0000] {logging_mixin.py:190} INFO - [2025-02-23T03:33:59.613+0000] {override.py:1912} INFO - Created Permission View: can read on DAG Run:dataset_s3_bucket_producer
[2025-02-23T03:33:59.630+0000] {logging_mixin.py:190} INFO - [2025-02-23T03:33:59.629+0000] {override.py:1912} INFO - Created Permission View: menu access on DAG Run:dataset_s3_bucket_producer
[2025-02-23T03:33:59.643+0000] {logging_mixin.py:190} INFO - [2025-02-23T03:33:59.642+0000] {override.py:1912} INFO - Created Permission View: can create on DAG Run:dataset_s3_bucket_producer
[2025-02-23T03:33:59.659+0000] {logging_mixin.py:190} INFO - [2025-02-23T03:33:59.658+0000] {override.py:1912} INFO - Created Permission View: can delete on DAG Run:dataset_s3_bucket_producer
[2025-02-23T03:33:59.688+0000] {logging_mixin.py:190} INFO - [2025-02-23T03:33:59.687+0000] {override.py:1912} INFO - Created Permission View: can read on DAG:dataset_alias_example_alias_consumer
[2025-02-23T03:33:59.706+0000] {logging_mixin.py:190} INFO - [2025-02-23T03:33:59.705+0000] {override.py:1912} INFO - Created Permission View: can edit on DAG:dataset_alias_example_alias_consumer
[2025-02-23T03:33:59.720+0000] {logging_mixin.py:190} INFO - [2025-02-23T03:33:59.719+0000] {override.py:1912} INFO - Created Permission View: can delete on DAG:dataset_alias_example_alias_consumer
[2025-02-23T03:33:59.735+0000] {logging_mixin.py:190} INFO - [2025-02-23T03:33:59.734+0000] {override.py:1912} INFO - Created Permission View: can read on DAG Run:dataset_alias_example_alias_consumer
[2025-02-23T03:33:59.749+0000] {logging_mixin.py:190} INFO - [2025-02-23T03:33:59.748+0000] {override.py:1912} INFO - Created Permission View: menu access on DAG Run:dataset_alias_example_alias_consumer
[2025-02-23T03:33:59.766+0000] {logging_mixin.py:190} INFO - [2025-02-23T03:33:59.766+0000] {override.py:1912} INFO - Created Permission View: can create on DAG Run:dataset_alias_example_alias_consumer
[2025-02-23T03:33:59.784+0000] {logging_mixin.py:190} INFO - [2025-02-23T03:33:59.784+0000] {override.py:1912} INFO - Created Permission View: can delete on DAG Run:dataset_alias_example_alias_consumer
[2025-02-23T03:33:59.786+0000] {logging_mixin.py:190} INFO - [2025-02-23T03:33:59.785+0000] {dag.py:3239} INFO - Sync 4 DAGs
[2025-02-23T03:33:59.808+0000] {logging_mixin.py:190} INFO - [2025-02-23T03:33:59.807+0000] {dag.py:3262} INFO - Creating ORM DAG for dataset_alias_example_alias_producer
[2025-02-23T03:33:59.810+0000] {logging_mixin.py:190} INFO - [2025-02-23T03:33:59.809+0000] {dag.py:3262} INFO - Creating ORM DAG for dataset_alias_example_alias_consumer
[2025-02-23T03:33:59.811+0000] {logging_mixin.py:190} INFO - [2025-02-23T03:33:59.811+0000] {dag.py:3262} INFO - Creating ORM DAG for dataset_s3_bucket_consumer
[2025-02-23T03:33:59.812+0000] {logging_mixin.py:190} INFO - [2025-02-23T03:33:59.812+0000] {dag.py:3262} INFO - Creating ORM DAG for dataset_s3_bucket_producer
[2025-02-23T03:33:59.829+0000] {logging_mixin.py:190} INFO - [2025-02-23T03:33:59.828+0000] {dag.py:4180} INFO - Setting next_dagrun for dataset_alias_example_alias_consumer to None, run_after=None
[2025-02-23T03:33:59.830+0000] {logging_mixin.py:190} INFO - [2025-02-23T03:33:59.830+0000] {dag.py:4180} INFO - Setting next_dagrun for dataset_alias_example_alias_producer to None, run_after=None
[2025-02-23T03:33:59.832+0000] {logging_mixin.py:190} INFO - [2025-02-23T03:33:59.831+0000] {dag.py:4180} INFO - Setting next_dagrun for dataset_s3_bucket_consumer to None, run_after=None
[2025-02-23T03:33:59.833+0000] {logging_mixin.py:190} INFO - [2025-02-23T03:33:59.833+0000] {dag.py:4180} INFO - Setting next_dagrun for dataset_s3_bucket_producer to None, run_after=None
[2025-02-23T03:33:59.881+0000] {processor.py:208} INFO - Processing /home/airflow/.local/lib/python3.12/site-packages/airflow/example_dags/example_dataset_alias.py took 2.169 seconds
[2025-02-23T03:34:30.419+0000] {processor.py:186} INFO - Started process (PID=619) to work on /home/airflow/.local/lib/python3.12/site-packages/airflow/example_dags/example_dataset_alias.py
[2025-02-23T03:34:30.422+0000] {processor.py:914} INFO - Processing file /home/airflow/.local/lib/python3.12/site-packages/airflow/example_dags/example_dataset_alias.py for tasks to queue
[2025-02-23T03:34:30.428+0000] {logging_mixin.py:190} INFO - [2025-02-23T03:34:30.427+0000] {dagbag.py:588} INFO - Filling up the DagBag from /home/airflow/.local/lib/python3.12/site-packages/airflow/example_dags/example_dataset_alias.py
[2025-02-23T03:34:31.341+0000] {processor.py:925} INFO - DAG(s) 'dataset_alias_example_alias_consumer', 'dataset_alias_example_alias_producer', 'dataset_s3_bucket_consumer', 'dataset_s3_bucket_producer' retrieved from /home/airflow/.local/lib/python3.12/site-packages/airflow/example_dags/example_dataset_alias.py
[2025-02-23T03:34:31.383+0000] {logging_mixin.py:190} INFO - [2025-02-23T03:34:31.381+0000] {dag.py:3239} INFO - Sync 4 DAGs
[2025-02-23T03:34:31.428+0000] {logging_mixin.py:190} INFO - [2025-02-23T03:34:31.427+0000] {dag.py:4180} INFO - Setting next_dagrun for dataset_alias_example_alias_consumer to None, run_after=None
[2025-02-23T03:34:31.434+0000] {logging_mixin.py:190} INFO - [2025-02-23T03:34:31.433+0000] {dag.py:4180} INFO - Setting next_dagrun for dataset_alias_example_alias_producer to None, run_after=None
[2025-02-23T03:34:31.437+0000] {logging_mixin.py:190} INFO - [2025-02-23T03:34:31.437+0000] {dag.py:4180} INFO - Setting next_dagrun for dataset_s3_bucket_consumer to None, run_after=None
[2025-02-23T03:34:31.440+0000] {logging_mixin.py:190} INFO - [2025-02-23T03:34:31.439+0000] {dag.py:4180} INFO - Setting next_dagrun for dataset_s3_bucket_producer to None, run_after=None
[2025-02-23T03:34:31.529+0000] {processor.py:208} INFO - Processing /home/airflow/.local/lib/python3.12/site-packages/airflow/example_dags/example_dataset_alias.py took 1.121 seconds
[2025-02-23T03:35:02.204+0000] {processor.py:186} INFO - Started process (PID=910) to work on /home/airflow/.local/lib/python3.12/site-packages/airflow/example_dags/example_dataset_alias.py
[2025-02-23T03:35:02.207+0000] {processor.py:914} INFO - Processing file /home/airflow/.local/lib/python3.12/site-packages/airflow/example_dags/example_dataset_alias.py for tasks to queue
[2025-02-23T03:35:02.214+0000] {logging_mixin.py:190} INFO - [2025-02-23T03:35:02.212+0000] {dagbag.py:588} INFO - Filling up the DagBag from /home/airflow/.local/lib/python3.12/site-packages/airflow/example_dags/example_dataset_alias.py
[2025-02-23T03:35:03.005+0000] {processor.py:925} INFO - DAG(s) 'dataset_alias_example_alias_consumer', 'dataset_s3_bucket_consumer', 'dataset_s3_bucket_producer', 'dataset_alias_example_alias_producer' retrieved from /home/airflow/.local/lib/python3.12/site-packages/airflow/example_dags/example_dataset_alias.py
[2025-02-23T03:35:03.050+0000] {logging_mixin.py:190} INFO - [2025-02-23T03:35:03.049+0000] {dag.py:3239} INFO - Sync 4 DAGs
[2025-02-23T03:35:03.096+0000] {logging_mixin.py:190} INFO - [2025-02-23T03:35:03.095+0000] {dag.py:4180} INFO - Setting next_dagrun for dataset_alias_example_alias_consumer to None, run_after=None
[2025-02-23T03:35:03.102+0000] {logging_mixin.py:190} INFO - [2025-02-23T03:35:03.101+0000] {dag.py:4180} INFO - Setting next_dagrun for dataset_alias_example_alias_producer to None, run_after=None
[2025-02-23T03:35:03.105+0000] {logging_mixin.py:190} INFO - [2025-02-23T03:35:03.104+0000] {dag.py:4180} INFO - Setting next_dagrun for dataset_s3_bucket_consumer to None, run_after=None
[2025-02-23T03:35:03.107+0000] {logging_mixin.py:190} INFO - [2025-02-23T03:35:03.107+0000] {dag.py:4180} INFO - Setting next_dagrun for dataset_s3_bucket_producer to None, run_after=None
[2025-02-23T03:35:03.195+0000] {processor.py:208} INFO - Processing /home/airflow/.local/lib/python3.12/site-packages/airflow/example_dags/example_dataset_alias.py took 1.007 seconds
[2025-02-23T03:35:33.653+0000] {processor.py:186} INFO - Started process (PID=1201) to work on /home/airflow/.local/lib/python3.12/site-packages/airflow/example_dags/example_dataset_alias.py
[2025-02-23T03:35:33.656+0000] {processor.py:914} INFO - Processing file /home/airflow/.local/lib/python3.12/site-packages/airflow/example_dags/example_dataset_alias.py for tasks to queue
[2025-02-23T03:35:33.662+0000] {logging_mixin.py:190} INFO - [2025-02-23T03:35:33.660+0000] {dagbag.py:588} INFO - Filling up the DagBag from /home/airflow/.local/lib/python3.12/site-packages/airflow/example_dags/example_dataset_alias.py
[2025-02-23T03:35:34.697+0000] {processor.py:925} INFO - DAG(s) 'dataset_s3_bucket_producer', 'dataset_s3_bucket_consumer', 'dataset_alias_example_alias_consumer', 'dataset_alias_example_alias_producer' retrieved from /home/airflow/.local/lib/python3.12/site-packages/airflow/example_dags/example_dataset_alias.py
[2025-02-23T03:35:34.745+0000] {logging_mixin.py:190} INFO - [2025-02-23T03:35:34.743+0000] {dag.py:3239} INFO - Sync 4 DAGs
[2025-02-23T03:35:34.789+0000] {logging_mixin.py:190} INFO - [2025-02-23T03:35:34.789+0000] {dag.py:4180} INFO - Setting next_dagrun for dataset_alias_example_alias_consumer to None, run_after=None
[2025-02-23T03:35:34.796+0000] {logging_mixin.py:190} INFO - [2025-02-23T03:35:34.796+0000] {dag.py:4180} INFO - Setting next_dagrun for dataset_alias_example_alias_producer to None, run_after=None
[2025-02-23T03:35:34.800+0000] {logging_mixin.py:190} INFO - [2025-02-23T03:35:34.799+0000] {dag.py:4180} INFO - Setting next_dagrun for dataset_s3_bucket_consumer to None, run_after=None
[2025-02-23T03:35:34.803+0000] {logging_mixin.py:190} INFO - [2025-02-23T03:35:34.803+0000] {dag.py:4180} INFO - Setting next_dagrun for dataset_s3_bucket_producer to None, run_after=None
[2025-02-23T03:35:34.846+0000] {processor.py:208} INFO - Processing /home/airflow/.local/lib/python3.12/site-packages/airflow/example_dags/example_dataset_alias.py took 1.204 seconds
