[2025-02-23T03:27:03.224+0000] {processor.py:186} INFO - Started process (PID=370) to work on /home/airflow/.local/lib/python3.12/site-packages/airflow/example_dags/example_python_decorator.py
[2025-02-23T03:27:03.228+0000] {processor.py:914} INFO - Processing file /home/airflow/.local/lib/python3.12/site-packages/airflow/example_dags/example_python_decorator.py for tasks to queue
[2025-02-23T03:27:03.233+0000] {logging_mixin.py:190} INFO - [2025-02-23T03:27:03.233+0000] {dagbag.py:588} INFO - Filling up the DagBag from /home/airflow/.local/lib/python3.12/site-packages/airflow/example_dags/example_python_decorator.py
[2025-02-23T03:27:03.272+0000] {processor.py:925} INFO - DAG(s) 'example_python_decorator' retrieved from /home/airflow/.local/lib/python3.12/site-packages/airflow/example_dags/example_python_decorator.py
[2025-02-23T03:27:03.593+0000] {logging_mixin.py:190} INFO - [2025-02-23T03:27:03.590+0000] {override.py:1912} INFO - Created Permission View: can read on DAG:example_python_decorator
[2025-02-23T03:27:03.617+0000] {logging_mixin.py:190} INFO - [2025-02-23T03:27:03.616+0000] {override.py:1912} INFO - Created Permission View: can delete on DAG:example_python_decorator
[2025-02-23T03:27:03.636+0000] {logging_mixin.py:190} INFO - [2025-02-23T03:27:03.635+0000] {override.py:1912} INFO - Created Permission View: can edit on DAG:example_python_decorator
[2025-02-23T03:27:03.657+0000] {logging_mixin.py:190} INFO - [2025-02-23T03:27:03.657+0000] {override.py:1912} INFO - Created Permission View: can read on DAG Run:example_python_decorator
[2025-02-23T03:27:03.673+0000] {logging_mixin.py:190} INFO - [2025-02-23T03:27:03.672+0000] {override.py:1912} INFO - Created Permission View: menu access on DAG Run:example_python_decorator
[2025-02-23T03:27:03.686+0000] {logging_mixin.py:190} INFO - [2025-02-23T03:27:03.685+0000] {override.py:1912} INFO - Created Permission View: can delete on DAG Run:example_python_decorator
[2025-02-23T03:27:03.699+0000] {logging_mixin.py:190} INFO - [2025-02-23T03:27:03.698+0000] {override.py:1912} INFO - Created Permission View: can create on DAG Run:example_python_decorator
[2025-02-23T03:27:03.700+0000] {logging_mixin.py:190} INFO - [2025-02-23T03:27:03.699+0000] {dag.py:3239} INFO - Sync 1 DAGs
[2025-02-23T03:27:03.722+0000] {logging_mixin.py:190} INFO - [2025-02-23T03:27:03.722+0000] {dag.py:3262} INFO - Creating ORM DAG for example_python_decorator
[2025-02-23T03:27:03.724+0000] {logging_mixin.py:190} INFO - [2025-02-23T03:27:03.724+0000] {dag.py:4180} INFO - Setting next_dagrun for example_python_decorator to None, run_after=None
[2025-02-23T03:27:03.753+0000] {processor.py:208} INFO - Processing /home/airflow/.local/lib/python3.12/site-packages/airflow/example_dags/example_python_decorator.py took 0.543 seconds
[2025-02-23T03:27:34.059+0000] {processor.py:186} INFO - Started process (PID=658) to work on /home/airflow/.local/lib/python3.12/site-packages/airflow/example_dags/example_python_decorator.py
[2025-02-23T03:27:34.061+0000] {processor.py:914} INFO - Processing file /home/airflow/.local/lib/python3.12/site-packages/airflow/example_dags/example_python_decorator.py for tasks to queue
[2025-02-23T03:27:34.065+0000] {logging_mixin.py:190} INFO - [2025-02-23T03:27:34.064+0000] {dagbag.py:588} INFO - Filling up the DagBag from /home/airflow/.local/lib/python3.12/site-packages/airflow/example_dags/example_python_decorator.py
[2025-02-23T03:27:34.097+0000] {processor.py:925} INFO - DAG(s) 'example_python_decorator' retrieved from /home/airflow/.local/lib/python3.12/site-packages/airflow/example_dags/example_python_decorator.py
[2025-02-23T03:27:34.145+0000] {logging_mixin.py:190} INFO - [2025-02-23T03:27:34.144+0000] {dag.py:3239} INFO - Sync 1 DAGs
[2025-02-23T03:27:34.176+0000] {logging_mixin.py:190} INFO - [2025-02-23T03:27:34.175+0000] {dag.py:4180} INFO - Setting next_dagrun for example_python_decorator to None, run_after=None
[2025-02-23T03:27:34.254+0000] {processor.py:208} INFO - Processing /home/airflow/.local/lib/python3.12/site-packages/airflow/example_dags/example_python_decorator.py took 0.208 seconds
[2025-02-23T03:28:05.795+0000] {processor.py:186} INFO - Started process (PID=947) to work on /home/airflow/.local/lib/python3.12/site-packages/airflow/example_dags/example_python_decorator.py
[2025-02-23T03:28:05.798+0000] {processor.py:914} INFO - Processing file /home/airflow/.local/lib/python3.12/site-packages/airflow/example_dags/example_python_decorator.py for tasks to queue
[2025-02-23T03:28:05.804+0000] {logging_mixin.py:190} INFO - [2025-02-23T03:28:05.803+0000] {dagbag.py:588} INFO - Filling up the DagBag from /home/airflow/.local/lib/python3.12/site-packages/airflow/example_dags/example_python_decorator.py
[2025-02-23T03:28:05.843+0000] {processor.py:925} INFO - DAG(s) 'example_python_decorator' retrieved from /home/airflow/.local/lib/python3.12/site-packages/airflow/example_dags/example_python_decorator.py
[2025-02-23T03:28:05.883+0000] {logging_mixin.py:190} INFO - [2025-02-23T03:28:05.882+0000] {dag.py:3239} INFO - Sync 1 DAGs
[2025-02-23T03:28:05.913+0000] {logging_mixin.py:190} INFO - [2025-02-23T03:28:05.912+0000] {dag.py:4180} INFO - Setting next_dagrun for example_python_decorator to None, run_after=None
[2025-02-23T03:28:05.998+0000] {processor.py:208} INFO - Processing /home/airflow/.local/lib/python3.12/site-packages/airflow/example_dags/example_python_decorator.py took 0.214 seconds
[2025-02-23T03:34:01.912+0000] {processor.py:186} INFO - Started process (PID=370) to work on /home/airflow/.local/lib/python3.12/site-packages/airflow/example_dags/example_python_decorator.py
[2025-02-23T03:34:01.915+0000] {processor.py:914} INFO - Processing file /home/airflow/.local/lib/python3.12/site-packages/airflow/example_dags/example_python_decorator.py for tasks to queue
[2025-02-23T03:34:01.924+0000] {logging_mixin.py:190} INFO - [2025-02-23T03:34:01.923+0000] {dagbag.py:588} INFO - Filling up the DagBag from /home/airflow/.local/lib/python3.12/site-packages/airflow/example_dags/example_python_decorator.py
[2025-02-23T03:34:01.954+0000] {processor.py:925} INFO - DAG(s) 'example_python_decorator' retrieved from /home/airflow/.local/lib/python3.12/site-packages/airflow/example_dags/example_python_decorator.py
[2025-02-23T03:34:02.184+0000] {logging_mixin.py:190} INFO - [2025-02-23T03:34:02.182+0000] {override.py:1912} INFO - Created Permission View: can read on DAG:example_python_decorator
[2025-02-23T03:34:02.211+0000] {logging_mixin.py:190} INFO - [2025-02-23T03:34:02.210+0000] {override.py:1912} INFO - Created Permission View: can edit on DAG:example_python_decorator
[2025-02-23T03:34:02.230+0000] {logging_mixin.py:190} INFO - [2025-02-23T03:34:02.229+0000] {override.py:1912} INFO - Created Permission View: can delete on DAG:example_python_decorator
[2025-02-23T03:34:02.251+0000] {logging_mixin.py:190} INFO - [2025-02-23T03:34:02.250+0000] {override.py:1912} INFO - Created Permission View: can read on DAG Run:example_python_decorator
[2025-02-23T03:34:02.270+0000] {logging_mixin.py:190} INFO - [2025-02-23T03:34:02.270+0000] {override.py:1912} INFO - Created Permission View: menu access on DAG Run:example_python_decorator
[2025-02-23T03:34:02.289+0000] {logging_mixin.py:190} INFO - [2025-02-23T03:34:02.288+0000] {override.py:1912} INFO - Created Permission View: can create on DAG Run:example_python_decorator
[2025-02-23T03:34:02.306+0000] {logging_mixin.py:190} INFO - [2025-02-23T03:34:02.305+0000] {override.py:1912} INFO - Created Permission View: can delete on DAG Run:example_python_decorator
[2025-02-23T03:34:02.307+0000] {logging_mixin.py:190} INFO - [2025-02-23T03:34:02.307+0000] {dag.py:3239} INFO - Sync 1 DAGs
[2025-02-23T03:34:02.337+0000] {logging_mixin.py:190} INFO - [2025-02-23T03:34:02.336+0000] {dag.py:3262} INFO - Creating ORM DAG for example_python_decorator
[2025-02-23T03:34:02.340+0000] {logging_mixin.py:190} INFO - [2025-02-23T03:34:02.339+0000] {dag.py:4180} INFO - Setting next_dagrun for example_python_decorator to None, run_after=None
[2025-02-23T03:34:02.375+0000] {processor.py:208} INFO - Processing /home/airflow/.local/lib/python3.12/site-packages/airflow/example_dags/example_python_decorator.py took 0.474 seconds
[2025-02-23T03:34:33.421+0000] {processor.py:186} INFO - Started process (PID=659) to work on /home/airflow/.local/lib/python3.12/site-packages/airflow/example_dags/example_python_decorator.py
[2025-02-23T03:34:33.427+0000] {processor.py:914} INFO - Processing file /home/airflow/.local/lib/python3.12/site-packages/airflow/example_dags/example_python_decorator.py for tasks to queue
[2025-02-23T03:34:33.434+0000] {logging_mixin.py:190} INFO - [2025-02-23T03:34:33.433+0000] {dagbag.py:588} INFO - Filling up the DagBag from /home/airflow/.local/lib/python3.12/site-packages/airflow/example_dags/example_python_decorator.py
[2025-02-23T03:34:33.468+0000] {processor.py:925} INFO - DAG(s) 'example_python_decorator' retrieved from /home/airflow/.local/lib/python3.12/site-packages/airflow/example_dags/example_python_decorator.py
[2025-02-23T03:34:33.519+0000] {logging_mixin.py:190} INFO - [2025-02-23T03:34:33.519+0000] {dag.py:3239} INFO - Sync 1 DAGs
[2025-02-23T03:34:33.547+0000] {logging_mixin.py:190} INFO - [2025-02-23T03:34:33.547+0000] {dag.py:4180} INFO - Setting next_dagrun for example_python_decorator to None, run_after=None
[2025-02-23T03:34:33.589+0000] {processor.py:208} INFO - Processing /home/airflow/.local/lib/python3.12/site-packages/airflow/example_dags/example_python_decorator.py took 0.184 seconds
[2025-02-23T03:35:04.044+0000] {processor.py:186} INFO - Started process (PID=948) to work on /home/airflow/.local/lib/python3.12/site-packages/airflow/example_dags/example_python_decorator.py
[2025-02-23T03:35:04.048+0000] {processor.py:914} INFO - Processing file /home/airflow/.local/lib/python3.12/site-packages/airflow/example_dags/example_python_decorator.py for tasks to queue
[2025-02-23T03:35:04.056+0000] {logging_mixin.py:190} INFO - [2025-02-23T03:35:04.055+0000] {dagbag.py:588} INFO - Filling up the DagBag from /home/airflow/.local/lib/python3.12/site-packages/airflow/example_dags/example_python_decorator.py
[2025-02-23T03:35:04.121+0000] {processor.py:925} INFO - DAG(s) 'example_python_decorator' retrieved from /home/airflow/.local/lib/python3.12/site-packages/airflow/example_dags/example_python_decorator.py
[2025-02-23T03:35:04.187+0000] {logging_mixin.py:190} INFO - [2025-02-23T03:35:04.186+0000] {dag.py:3239} INFO - Sync 1 DAGs
[2025-02-23T03:35:04.222+0000] {logging_mixin.py:190} INFO - [2025-02-23T03:35:04.221+0000] {dag.py:4180} INFO - Setting next_dagrun for example_python_decorator to None, run_after=None
[2025-02-23T03:35:04.280+0000] {processor.py:208} INFO - Processing /home/airflow/.local/lib/python3.12/site-packages/airflow/example_dags/example_python_decorator.py took 0.256 seconds
[2025-02-23T03:35:35.622+0000] {processor.py:186} INFO - Started process (PID=1241) to work on /home/airflow/.local/lib/python3.12/site-packages/airflow/example_dags/example_python_decorator.py
[2025-02-23T03:35:35.624+0000] {processor.py:914} INFO - Processing file /home/airflow/.local/lib/python3.12/site-packages/airflow/example_dags/example_python_decorator.py for tasks to queue
[2025-02-23T03:35:35.631+0000] {logging_mixin.py:190} INFO - [2025-02-23T03:35:35.631+0000] {dagbag.py:588} INFO - Filling up the DagBag from /home/airflow/.local/lib/python3.12/site-packages/airflow/example_dags/example_python_decorator.py
[2025-02-23T03:35:35.662+0000] {processor.py:925} INFO - DAG(s) 'example_python_decorator' retrieved from /home/airflow/.local/lib/python3.12/site-packages/airflow/example_dags/example_python_decorator.py
[2025-02-23T03:35:35.708+0000] {logging_mixin.py:190} INFO - [2025-02-23T03:35:35.708+0000] {dag.py:3239} INFO - Sync 1 DAGs
[2025-02-23T03:35:35.736+0000] {logging_mixin.py:190} INFO - [2025-02-23T03:35:35.736+0000] {dag.py:4180} INFO - Setting next_dagrun for example_python_decorator to None, run_after=None
[2025-02-23T03:35:35.805+0000] {processor.py:208} INFO - Processing /home/airflow/.local/lib/python3.12/site-packages/airflow/example_dags/example_python_decorator.py took 0.202 seconds
