[2025-02-23T03:26:58.692+0000] {processor.py:186} INFO - Started process (PID=307) to work on /home/airflow/.local/lib/python3.12/site-packages/airflow/example_dags/example_branch_python_dop_operator_3.py
[2025-02-23T03:26:58.695+0000] {processor.py:914} INFO - Processing file /home/airflow/.local/lib/python3.12/site-packages/airflow/example_dags/example_branch_python_dop_operator_3.py for tasks to queue
[2025-02-23T03:26:58.699+0000] {logging_mixin.py:190} INFO - [2025-02-23T03:26:58.699+0000] {dagbag.py:588} INFO - Filling up the DagBag from /home/airflow/.local/lib/python3.12/site-packages/airflow/example_dags/example_branch_python_dop_operator_3.py
[2025-02-23T03:26:58.722+0000] {processor.py:925} INFO - DAG(s) 'example_branch_dop_operator_v3' retrieved from /home/airflow/.local/lib/python3.12/site-packages/airflow/example_dags/example_branch_python_dop_operator_3.py
[2025-02-23T03:26:58.930+0000] {logging_mixin.py:190} INFO - [2025-02-23T03:26:58.929+0000] {override.py:1912} INFO - Created Permission View: can read on DAG:example_branch_dop_operator_v3
[2025-02-23T03:26:58.953+0000] {logging_mixin.py:190} INFO - [2025-02-23T03:26:58.952+0000] {override.py:1912} INFO - Created Permission View: can delete on DAG:example_branch_dop_operator_v3
[2025-02-23T03:26:58.970+0000] {logging_mixin.py:190} INFO - [2025-02-23T03:26:58.970+0000] {override.py:1912} INFO - Created Permission View: can edit on DAG:example_branch_dop_operator_v3
[2025-02-23T03:26:58.987+0000] {logging_mixin.py:190} INFO - [2025-02-23T03:26:58.986+0000] {override.py:1912} INFO - Created Permission View: can read on DAG Run:example_branch_dop_operator_v3
[2025-02-23T03:26:59.003+0000] {logging_mixin.py:190} INFO - [2025-02-23T03:26:59.002+0000] {override.py:1912} INFO - Created Permission View: menu access on DAG Run:example_branch_dop_operator_v3
[2025-02-23T03:26:59.018+0000] {logging_mixin.py:190} INFO - [2025-02-23T03:26:59.017+0000] {override.py:1912} INFO - Created Permission View: can delete on DAG Run:example_branch_dop_operator_v3
[2025-02-23T03:26:59.032+0000] {logging_mixin.py:190} INFO - [2025-02-23T03:26:59.031+0000] {override.py:1912} INFO - Created Permission View: can create on DAG Run:example_branch_dop_operator_v3
[2025-02-23T03:26:59.033+0000] {logging_mixin.py:190} INFO - [2025-02-23T03:26:59.033+0000] {dag.py:3239} INFO - Sync 1 DAGs
[2025-02-23T03:26:59.061+0000] {logging_mixin.py:190} INFO - [2025-02-23T03:26:59.061+0000] {dag.py:3262} INFO - Creating ORM DAG for example_branch_dop_operator_v3
[2025-02-23T03:26:59.086+0000] {logging_mixin.py:190} INFO - [2025-02-23T03:26:59.085+0000] {dag.py:4180} INFO - Setting next_dagrun for example_branch_dop_operator_v3 to 2025-02-23 03:25:00+00:00, run_after=2025-02-23 03:26:00+00:00
[2025-02-23T03:26:59.119+0000] {processor.py:208} INFO - Processing /home/airflow/.local/lib/python3.12/site-packages/airflow/example_dags/example_branch_python_dop_operator_3.py took 0.442 seconds
[2025-02-23T03:27:29.444+0000] {processor.py:186} INFO - Started process (PID=603) to work on /home/airflow/.local/lib/python3.12/site-packages/airflow/example_dags/example_branch_python_dop_operator_3.py
[2025-02-23T03:27:29.447+0000] {processor.py:914} INFO - Processing file /home/airflow/.local/lib/python3.12/site-packages/airflow/example_dags/example_branch_python_dop_operator_3.py for tasks to queue
[2025-02-23T03:27:29.456+0000] {logging_mixin.py:190} INFO - [2025-02-23T03:27:29.455+0000] {dagbag.py:588} INFO - Filling up the DagBag from /home/airflow/.local/lib/python3.12/site-packages/airflow/example_dags/example_branch_python_dop_operator_3.py
[2025-02-23T03:27:29.477+0000] {processor.py:925} INFO - DAG(s) 'example_branch_dop_operator_v3' retrieved from /home/airflow/.local/lib/python3.12/site-packages/airflow/example_dags/example_branch_python_dop_operator_3.py
[2025-02-23T03:27:29.511+0000] {logging_mixin.py:190} INFO - [2025-02-23T03:27:29.510+0000] {dag.py:3239} INFO - Sync 1 DAGs
[2025-02-23T03:27:29.560+0000] {logging_mixin.py:190} INFO - [2025-02-23T03:27:29.560+0000] {dag.py:4180} INFO - Setting next_dagrun for example_branch_dop_operator_v3 to 2025-02-23 03:26:00+00:00, run_after=2025-02-23 03:27:00+00:00
[2025-02-23T03:27:29.652+0000] {processor.py:208} INFO - Processing /home/airflow/.local/lib/python3.12/site-packages/airflow/example_dags/example_branch_python_dop_operator_3.py took 0.222 seconds
[2025-02-23T03:28:00.395+0000] {processor.py:186} INFO - Started process (PID=889) to work on /home/airflow/.local/lib/python3.12/site-packages/airflow/example_dags/example_branch_python_dop_operator_3.py
[2025-02-23T03:28:00.398+0000] {processor.py:914} INFO - Processing file /home/airflow/.local/lib/python3.12/site-packages/airflow/example_dags/example_branch_python_dop_operator_3.py for tasks to queue
[2025-02-23T03:28:00.403+0000] {logging_mixin.py:190} INFO - [2025-02-23T03:28:00.402+0000] {dagbag.py:588} INFO - Filling up the DagBag from /home/airflow/.local/lib/python3.12/site-packages/airflow/example_dags/example_branch_python_dop_operator_3.py
[2025-02-23T03:28:00.427+0000] {processor.py:925} INFO - DAG(s) 'example_branch_dop_operator_v3' retrieved from /home/airflow/.local/lib/python3.12/site-packages/airflow/example_dags/example_branch_python_dop_operator_3.py
[2025-02-23T03:28:00.473+0000] {logging_mixin.py:190} INFO - [2025-02-23T03:28:00.472+0000] {dag.py:3239} INFO - Sync 1 DAGs
[2025-02-23T03:28:00.525+0000] {logging_mixin.py:190} INFO - [2025-02-23T03:28:00.524+0000] {dag.py:4180} INFO - Setting next_dagrun for example_branch_dop_operator_v3 to 2025-02-23 03:27:00+00:00, run_after=2025-02-23 03:28:00+00:00
[2025-02-23T03:28:00.571+0000] {processor.py:208} INFO - Processing /home/airflow/.local/lib/python3.12/site-packages/airflow/example_dags/example_branch_python_dop_operator_3.py took 0.191 seconds
[2025-02-23T03:33:56.803+0000] {processor.py:186} INFO - Started process (PID=305) to work on /home/airflow/.local/lib/python3.12/site-packages/airflow/example_dags/example_branch_python_dop_operator_3.py
[2025-02-23T03:33:56.806+0000] {processor.py:914} INFO - Processing file /home/airflow/.local/lib/python3.12/site-packages/airflow/example_dags/example_branch_python_dop_operator_3.py for tasks to queue
[2025-02-23T03:33:56.812+0000] {logging_mixin.py:190} INFO - [2025-02-23T03:33:56.811+0000] {dagbag.py:588} INFO - Filling up the DagBag from /home/airflow/.local/lib/python3.12/site-packages/airflow/example_dags/example_branch_python_dop_operator_3.py
[2025-02-23T03:33:56.845+0000] {processor.py:925} INFO - DAG(s) 'example_branch_dop_operator_v3' retrieved from /home/airflow/.local/lib/python3.12/site-packages/airflow/example_dags/example_branch_python_dop_operator_3.py
[2025-02-23T03:33:57.047+0000] {logging_mixin.py:190} INFO - [2025-02-23T03:33:57.045+0000] {override.py:1912} INFO - Created Permission View: can read on DAG:example_branch_dop_operator_v3
[2025-02-23T03:33:57.070+0000] {logging_mixin.py:190} INFO - [2025-02-23T03:33:57.069+0000] {override.py:1912} INFO - Created Permission View: can edit on DAG:example_branch_dop_operator_v3
[2025-02-23T03:33:57.090+0000] {logging_mixin.py:190} INFO - [2025-02-23T03:33:57.089+0000] {override.py:1912} INFO - Created Permission View: can delete on DAG:example_branch_dop_operator_v3
[2025-02-23T03:33:57.110+0000] {logging_mixin.py:190} INFO - [2025-02-23T03:33:57.110+0000] {override.py:1912} INFO - Created Permission View: can read on DAG Run:example_branch_dop_operator_v3
[2025-02-23T03:33:57.129+0000] {logging_mixin.py:190} INFO - [2025-02-23T03:33:57.128+0000] {override.py:1912} INFO - Created Permission View: menu access on DAG Run:example_branch_dop_operator_v3
[2025-02-23T03:33:57.148+0000] {logging_mixin.py:190} INFO - [2025-02-23T03:33:57.147+0000] {override.py:1912} INFO - Created Permission View: can create on DAG Run:example_branch_dop_operator_v3
[2025-02-23T03:33:57.166+0000] {logging_mixin.py:190} INFO - [2025-02-23T03:33:57.165+0000] {override.py:1912} INFO - Created Permission View: can delete on DAG Run:example_branch_dop_operator_v3
[2025-02-23T03:33:57.168+0000] {logging_mixin.py:190} INFO - [2025-02-23T03:33:57.168+0000] {dag.py:3239} INFO - Sync 1 DAGs
[2025-02-23T03:33:57.205+0000] {logging_mixin.py:190} INFO - [2025-02-23T03:33:57.204+0000] {dag.py:3262} INFO - Creating ORM DAG for example_branch_dop_operator_v3
[2025-02-23T03:33:57.237+0000] {logging_mixin.py:190} INFO - [2025-02-23T03:33:57.237+0000] {dag.py:4180} INFO - Setting next_dagrun for example_branch_dop_operator_v3 to 2025-02-23 03:32:00+00:00, run_after=2025-02-23 03:33:00+00:00
[2025-02-23T03:33:57.275+0000] {processor.py:208} INFO - Processing /home/airflow/.local/lib/python3.12/site-packages/airflow/example_dags/example_branch_python_dop_operator_3.py took 0.485 seconds
[2025-02-23T03:34:27.666+0000] {processor.py:186} INFO - Started process (PID=597) to work on /home/airflow/.local/lib/python3.12/site-packages/airflow/example_dags/example_branch_python_dop_operator_3.py
[2025-02-23T03:34:27.668+0000] {processor.py:914} INFO - Processing file /home/airflow/.local/lib/python3.12/site-packages/airflow/example_dags/example_branch_python_dop_operator_3.py for tasks to queue
[2025-02-23T03:34:27.674+0000] {logging_mixin.py:190} INFO - [2025-02-23T03:34:27.673+0000] {dagbag.py:588} INFO - Filling up the DagBag from /home/airflow/.local/lib/python3.12/site-packages/airflow/example_dags/example_branch_python_dop_operator_3.py
[2025-02-23T03:34:27.693+0000] {processor.py:925} INFO - DAG(s) 'example_branch_dop_operator_v3' retrieved from /home/airflow/.local/lib/python3.12/site-packages/airflow/example_dags/example_branch_python_dop_operator_3.py
[2025-02-23T03:34:27.735+0000] {logging_mixin.py:190} INFO - [2025-02-23T03:34:27.735+0000] {dag.py:3239} INFO - Sync 1 DAGs
[2025-02-23T03:34:27.784+0000] {logging_mixin.py:190} INFO - [2025-02-23T03:34:27.784+0000] {dag.py:4180} INFO - Setting next_dagrun for example_branch_dop_operator_v3 to 2025-02-23 03:33:00+00:00, run_after=2025-02-23 03:34:00+00:00
[2025-02-23T03:34:27.822+0000] {processor.py:208} INFO - Processing /home/airflow/.local/lib/python3.12/site-packages/airflow/example_dags/example_branch_python_dop_operator_3.py took 0.166 seconds
[2025-02-23T03:34:58.347+0000] {processor.py:186} INFO - Started process (PID=888) to work on /home/airflow/.local/lib/python3.12/site-packages/airflow/example_dags/example_branch_python_dop_operator_3.py
[2025-02-23T03:34:58.350+0000] {processor.py:914} INFO - Processing file /home/airflow/.local/lib/python3.12/site-packages/airflow/example_dags/example_branch_python_dop_operator_3.py for tasks to queue
[2025-02-23T03:34:58.355+0000] {logging_mixin.py:190} INFO - [2025-02-23T03:34:58.354+0000] {dagbag.py:588} INFO - Filling up the DagBag from /home/airflow/.local/lib/python3.12/site-packages/airflow/example_dags/example_branch_python_dop_operator_3.py
[2025-02-23T03:34:58.378+0000] {processor.py:925} INFO - DAG(s) 'example_branch_dop_operator_v3' retrieved from /home/airflow/.local/lib/python3.12/site-packages/airflow/example_dags/example_branch_python_dop_operator_3.py
[2025-02-23T03:34:58.420+0000] {logging_mixin.py:190} INFO - [2025-02-23T03:34:58.419+0000] {dag.py:3239} INFO - Sync 1 DAGs
[2025-02-23T03:34:58.492+0000] {logging_mixin.py:190} INFO - [2025-02-23T03:34:58.492+0000] {dag.py:4180} INFO - Setting next_dagrun for example_branch_dop_operator_v3 to 2025-02-23 03:33:00+00:00, run_after=2025-02-23 03:34:00+00:00
[2025-02-23T03:34:58.578+0000] {processor.py:208} INFO - Processing /home/airflow/.local/lib/python3.12/site-packages/airflow/example_dags/example_branch_python_dop_operator_3.py took 0.244 seconds
[2025-02-23T03:35:28.685+0000] {processor.py:186} INFO - Started process (PID=1176) to work on /home/airflow/.local/lib/python3.12/site-packages/airflow/example_dags/example_branch_python_dop_operator_3.py
[2025-02-23T03:35:28.687+0000] {processor.py:914} INFO - Processing file /home/airflow/.local/lib/python3.12/site-packages/airflow/example_dags/example_branch_python_dop_operator_3.py for tasks to queue
[2025-02-23T03:35:28.691+0000] {logging_mixin.py:190} INFO - [2025-02-23T03:35:28.690+0000] {dagbag.py:588} INFO - Filling up the DagBag from /home/airflow/.local/lib/python3.12/site-packages/airflow/example_dags/example_branch_python_dop_operator_3.py
[2025-02-23T03:35:28.713+0000] {processor.py:925} INFO - DAG(s) 'example_branch_dop_operator_v3' retrieved from /home/airflow/.local/lib/python3.12/site-packages/airflow/example_dags/example_branch_python_dop_operator_3.py
[2025-02-23T03:35:28.751+0000] {logging_mixin.py:190} INFO - [2025-02-23T03:35:28.751+0000] {dag.py:3239} INFO - Sync 1 DAGs
[2025-02-23T03:35:28.805+0000] {logging_mixin.py:190} INFO - [2025-02-23T03:35:28.804+0000] {dag.py:4180} INFO - Setting next_dagrun for example_branch_dop_operator_v3 to 2025-02-23 03:34:00+00:00, run_after=2025-02-23 03:35:00+00:00
[2025-02-23T03:35:28.844+0000] {processor.py:208} INFO - Processing /home/airflow/.local/lib/python3.12/site-packages/airflow/example_dags/example_branch_python_dop_operator_3.py took 0.171 seconds
