[2025-02-23T03:27:09.797+0000] {processor.py:186} INFO - Started process (PID=445) to work on /home/airflow/.local/lib/python3.12/site-packages/airflow/example_dags/example_task_group.py
[2025-02-23T03:27:09.799+0000] {processor.py:914} INFO - Processing file /home/airflow/.local/lib/python3.12/site-packages/airflow/example_dags/example_task_group.py for tasks to queue
[2025-02-23T03:27:09.804+0000] {logging_mixin.py:190} INFO - [2025-02-23T03:27:09.803+0000] {dagbag.py:588} INFO - Filling up the DagBag from /home/airflow/.local/lib/python3.12/site-packages/airflow/example_dags/example_task_group.py
[2025-02-23T03:27:09.822+0000] {processor.py:925} INFO - DAG(s) 'example_task_group' retrieved from /home/airflow/.local/lib/python3.12/site-packages/airflow/example_dags/example_task_group.py
[2025-02-23T03:27:10.024+0000] {logging_mixin.py:190} INFO - [2025-02-23T03:27:10.023+0000] {override.py:1912} INFO - Created Permission View: can read on DAG:example_task_group
[2025-02-23T03:27:10.043+0000] {logging_mixin.py:190} INFO - [2025-02-23T03:27:10.042+0000] {override.py:1912} INFO - Created Permission View: can delete on DAG:example_task_group
[2025-02-23T03:27:10.055+0000] {logging_mixin.py:190} INFO - [2025-02-23T03:27:10.055+0000] {override.py:1912} INFO - Created Permission View: can edit on DAG:example_task_group
[2025-02-23T03:27:10.074+0000] {logging_mixin.py:190} INFO - [2025-02-23T03:27:10.074+0000] {override.py:1912} INFO - Created Permission View: can read on DAG Run:example_task_group
[2025-02-23T03:27:10.088+0000] {logging_mixin.py:190} INFO - [2025-02-23T03:27:10.088+0000] {override.py:1912} INFO - Created Permission View: menu access on DAG Run:example_task_group
[2025-02-23T03:27:10.107+0000] {logging_mixin.py:190} INFO - [2025-02-23T03:27:10.106+0000] {override.py:1912} INFO - Created Permission View: can delete on DAG Run:example_task_group
[2025-02-23T03:27:10.122+0000] {logging_mixin.py:190} INFO - [2025-02-23T03:27:10.121+0000] {override.py:1912} INFO - Created Permission View: can create on DAG Run:example_task_group
[2025-02-23T03:27:10.124+0000] {logging_mixin.py:190} INFO - [2025-02-23T03:27:10.124+0000] {dag.py:3239} INFO - Sync 1 DAGs
[2025-02-23T03:27:10.157+0000] {logging_mixin.py:190} INFO - [2025-02-23T03:27:10.156+0000] {dag.py:3262} INFO - Creating ORM DAG for example_task_group
[2025-02-23T03:27:10.160+0000] {logging_mixin.py:190} INFO - [2025-02-23T03:27:10.159+0000] {dag.py:4180} INFO - Setting next_dagrun for example_task_group to None, run_after=None
[2025-02-23T03:27:10.197+0000] {processor.py:208} INFO - Processing /home/airflow/.local/lib/python3.12/site-packages/airflow/example_dags/example_task_group.py took 0.413 seconds
[2025-02-23T03:27:40.694+0000] {processor.py:186} INFO - Started process (PID=736) to work on /home/airflow/.local/lib/python3.12/site-packages/airflow/example_dags/example_task_group.py
[2025-02-23T03:27:40.696+0000] {processor.py:914} INFO - Processing file /home/airflow/.local/lib/python3.12/site-packages/airflow/example_dags/example_task_group.py for tasks to queue
[2025-02-23T03:27:40.702+0000] {logging_mixin.py:190} INFO - [2025-02-23T03:27:40.702+0000] {dagbag.py:588} INFO - Filling up the DagBag from /home/airflow/.local/lib/python3.12/site-packages/airflow/example_dags/example_task_group.py
[2025-02-23T03:27:40.722+0000] {processor.py:925} INFO - DAG(s) 'example_task_group' retrieved from /home/airflow/.local/lib/python3.12/site-packages/airflow/example_dags/example_task_group.py
[2025-02-23T03:27:40.764+0000] {logging_mixin.py:190} INFO - [2025-02-23T03:27:40.764+0000] {dag.py:3239} INFO - Sync 1 DAGs
[2025-02-23T03:27:40.793+0000] {logging_mixin.py:190} INFO - [2025-02-23T03:27:40.793+0000] {dag.py:4180} INFO - Setting next_dagrun for example_task_group to None, run_after=None
[2025-02-23T03:27:40.879+0000] {processor.py:208} INFO - Processing /home/airflow/.local/lib/python3.12/site-packages/airflow/example_dags/example_task_group.py took 0.199 seconds
[2025-02-23T03:28:11.059+0000] {processor.py:186} INFO - Started process (PID=1027) to work on /home/airflow/.local/lib/python3.12/site-packages/airflow/example_dags/example_task_group.py
[2025-02-23T03:28:11.062+0000] {processor.py:914} INFO - Processing file /home/airflow/.local/lib/python3.12/site-packages/airflow/example_dags/example_task_group.py for tasks to queue
[2025-02-23T03:28:11.073+0000] {logging_mixin.py:190} INFO - [2025-02-23T03:28:11.072+0000] {dagbag.py:588} INFO - Filling up the DagBag from /home/airflow/.local/lib/python3.12/site-packages/airflow/example_dags/example_task_group.py
[2025-02-23T03:28:11.092+0000] {processor.py:925} INFO - DAG(s) 'example_task_group' retrieved from /home/airflow/.local/lib/python3.12/site-packages/airflow/example_dags/example_task_group.py
[2025-02-23T03:28:11.144+0000] {logging_mixin.py:190} INFO - [2025-02-23T03:28:11.143+0000] {dag.py:3239} INFO - Sync 1 DAGs
[2025-02-23T03:28:11.176+0000] {logging_mixin.py:190} INFO - [2025-02-23T03:28:11.175+0000] {dag.py:4180} INFO - Setting next_dagrun for example_task_group to None, run_after=None
[2025-02-23T03:28:11.269+0000] {processor.py:208} INFO - Processing /home/airflow/.local/lib/python3.12/site-packages/airflow/example_dags/example_task_group.py took 0.225 seconds
[2025-02-23T03:34:08.031+0000] {processor.py:186} INFO - Started process (PID=445) to work on /home/airflow/.local/lib/python3.12/site-packages/airflow/example_dags/example_task_group.py
[2025-02-23T03:34:08.033+0000] {processor.py:914} INFO - Processing file /home/airflow/.local/lib/python3.12/site-packages/airflow/example_dags/example_task_group.py for tasks to queue
[2025-02-23T03:34:08.038+0000] {logging_mixin.py:190} INFO - [2025-02-23T03:34:08.037+0000] {dagbag.py:588} INFO - Filling up the DagBag from /home/airflow/.local/lib/python3.12/site-packages/airflow/example_dags/example_task_group.py
[2025-02-23T03:34:08.057+0000] {processor.py:925} INFO - DAG(s) 'example_task_group' retrieved from /home/airflow/.local/lib/python3.12/site-packages/airflow/example_dags/example_task_group.py
[2025-02-23T03:34:08.281+0000] {logging_mixin.py:190} INFO - [2025-02-23T03:34:08.280+0000] {override.py:1912} INFO - Created Permission View: can read on DAG:example_task_group
[2025-02-23T03:34:08.307+0000] {logging_mixin.py:190} INFO - [2025-02-23T03:34:08.306+0000] {override.py:1912} INFO - Created Permission View: can edit on DAG:example_task_group
[2025-02-23T03:34:08.325+0000] {logging_mixin.py:190} INFO - [2025-02-23T03:34:08.323+0000] {override.py:1912} INFO - Created Permission View: can delete on DAG:example_task_group
[2025-02-23T03:34:08.346+0000] {logging_mixin.py:190} INFO - [2025-02-23T03:34:08.345+0000] {override.py:1912} INFO - Created Permission View: can read on DAG Run:example_task_group
[2025-02-23T03:34:08.363+0000] {logging_mixin.py:190} INFO - [2025-02-23T03:34:08.362+0000] {override.py:1912} INFO - Created Permission View: menu access on DAG Run:example_task_group
[2025-02-23T03:34:08.382+0000] {logging_mixin.py:190} INFO - [2025-02-23T03:34:08.381+0000] {override.py:1912} INFO - Created Permission View: can create on DAG Run:example_task_group
[2025-02-23T03:34:08.400+0000] {logging_mixin.py:190} INFO - [2025-02-23T03:34:08.399+0000] {override.py:1912} INFO - Created Permission View: can delete on DAG Run:example_task_group
[2025-02-23T03:34:08.402+0000] {logging_mixin.py:190} INFO - [2025-02-23T03:34:08.401+0000] {dag.py:3239} INFO - Sync 1 DAGs
[2025-02-23T03:34:08.427+0000] {logging_mixin.py:190} INFO - [2025-02-23T03:34:08.427+0000] {dag.py:3262} INFO - Creating ORM DAG for example_task_group
[2025-02-23T03:34:08.429+0000] {logging_mixin.py:190} INFO - [2025-02-23T03:34:08.429+0000] {dag.py:4180} INFO - Setting next_dagrun for example_task_group to None, run_after=None
[2025-02-23T03:34:08.463+0000] {processor.py:208} INFO - Processing /home/airflow/.local/lib/python3.12/site-packages/airflow/example_dags/example_task_group.py took 0.444 seconds
[2025-02-23T03:34:38.551+0000] {processor.py:186} INFO - Started process (PID=737) to work on /home/airflow/.local/lib/python3.12/site-packages/airflow/example_dags/example_task_group.py
[2025-02-23T03:34:38.559+0000] {processor.py:914} INFO - Processing file /home/airflow/.local/lib/python3.12/site-packages/airflow/example_dags/example_task_group.py for tasks to queue
[2025-02-23T03:34:38.564+0000] {logging_mixin.py:190} INFO - [2025-02-23T03:34:38.564+0000] {dagbag.py:588} INFO - Filling up the DagBag from /home/airflow/.local/lib/python3.12/site-packages/airflow/example_dags/example_task_group.py
[2025-02-23T03:34:38.581+0000] {processor.py:925} INFO - DAG(s) 'example_task_group' retrieved from /home/airflow/.local/lib/python3.12/site-packages/airflow/example_dags/example_task_group.py
[2025-02-23T03:34:38.622+0000] {logging_mixin.py:190} INFO - [2025-02-23T03:34:38.622+0000] {dag.py:3239} INFO - Sync 1 DAGs
[2025-02-23T03:34:38.651+0000] {logging_mixin.py:190} INFO - [2025-02-23T03:34:38.651+0000] {dag.py:4180} INFO - Setting next_dagrun for example_task_group to None, run_after=None
[2025-02-23T03:34:38.704+0000] {processor.py:208} INFO - Processing /home/airflow/.local/lib/python3.12/site-packages/airflow/example_dags/example_task_group.py took 0.163 seconds
[2025-02-23T03:35:09.196+0000] {processor.py:186} INFO - Started process (PID=1028) to work on /home/airflow/.local/lib/python3.12/site-packages/airflow/example_dags/example_task_group.py
[2025-02-23T03:35:09.198+0000] {processor.py:914} INFO - Processing file /home/airflow/.local/lib/python3.12/site-packages/airflow/example_dags/example_task_group.py for tasks to queue
[2025-02-23T03:35:09.204+0000] {logging_mixin.py:190} INFO - [2025-02-23T03:35:09.203+0000] {dagbag.py:588} INFO - Filling up the DagBag from /home/airflow/.local/lib/python3.12/site-packages/airflow/example_dags/example_task_group.py
[2025-02-23T03:35:09.229+0000] {processor.py:925} INFO - DAG(s) 'example_task_group' retrieved from /home/airflow/.local/lib/python3.12/site-packages/airflow/example_dags/example_task_group.py
[2025-02-23T03:35:09.306+0000] {logging_mixin.py:190} INFO - [2025-02-23T03:35:09.305+0000] {dag.py:3239} INFO - Sync 1 DAGs
[2025-02-23T03:35:09.356+0000] {logging_mixin.py:190} INFO - [2025-02-23T03:35:09.355+0000] {dag.py:4180} INFO - Setting next_dagrun for example_task_group to None, run_after=None
[2025-02-23T03:35:09.412+0000] {processor.py:208} INFO - Processing /home/airflow/.local/lib/python3.12/site-packages/airflow/example_dags/example_task_group.py took 0.235 seconds
[2025-02-23T03:35:39.649+0000] {processor.py:186} INFO - Started process (PID=1316) to work on /home/airflow/.local/lib/python3.12/site-packages/airflow/example_dags/example_task_group.py
[2025-02-23T03:35:39.652+0000] {processor.py:914} INFO - Processing file /home/airflow/.local/lib/python3.12/site-packages/airflow/example_dags/example_task_group.py for tasks to queue
[2025-02-23T03:35:39.657+0000] {logging_mixin.py:190} INFO - [2025-02-23T03:35:39.656+0000] {dagbag.py:588} INFO - Filling up the DagBag from /home/airflow/.local/lib/python3.12/site-packages/airflow/example_dags/example_task_group.py
[2025-02-23T03:35:39.676+0000] {processor.py:925} INFO - DAG(s) 'example_task_group' retrieved from /home/airflow/.local/lib/python3.12/site-packages/airflow/example_dags/example_task_group.py
[2025-02-23T03:35:39.719+0000] {logging_mixin.py:190} INFO - [2025-02-23T03:35:39.718+0000] {dag.py:3239} INFO - Sync 1 DAGs
[2025-02-23T03:35:39.749+0000] {logging_mixin.py:190} INFO - [2025-02-23T03:35:39.749+0000] {dag.py:4180} INFO - Setting next_dagrun for example_task_group to None, run_after=None
[2025-02-23T03:35:39.806+0000] {processor.py:208} INFO - Processing /home/airflow/.local/lib/python3.12/site-packages/airflow/example_dags/example_task_group.py took 0.171 seconds
