[2025-02-23T03:27:06.872+0000] {processor.py:186} INFO - Started process (PID=400) to work on /home/airflow/.local/lib/python3.12/site-packages/airflow/example_dags/example_dataset_alias_with_no_taskflow.py
[2025-02-23T03:27:06.874+0000] {processor.py:914} INFO - Processing file /home/airflow/.local/lib/python3.12/site-packages/airflow/example_dags/example_dataset_alias_with_no_taskflow.py for tasks to queue
[2025-02-23T03:27:06.880+0000] {logging_mixin.py:190} INFO - [2025-02-23T03:27:06.880+0000] {dagbag.py:588} INFO - Filling up the DagBag from /home/airflow/.local/lib/python3.12/site-packages/airflow/example_dags/example_dataset_alias_with_no_taskflow.py
[2025-02-23T03:27:07.592+0000] {processor.py:925} INFO - DAG(s) 'dataset_s3_bucket_producer_with_no_taskflow', 'dataset_alias_example_alias_consumer_with_no_taskflow', 'dataset_alias_example_alias_producer_with_no_taskflow', 'dataset_s3_bucket_consumer_with_no_taskflow' retrieved from /home/airflow/.local/lib/python3.12/site-packages/airflow/example_dags/example_dataset_alias_with_no_taskflow.py
[2025-02-23T03:27:08.148+0000] {logging_mixin.py:190} INFO - [2025-02-23T03:27:08.146+0000] {override.py:1912} INFO - Created Permission View: can read on DAG:dataset_s3_bucket_producer_with_no_taskflow
[2025-02-23T03:27:08.172+0000] {logging_mixin.py:190} INFO - [2025-02-23T03:27:08.171+0000] {override.py:1912} INFO - Created Permission View: can delete on DAG:dataset_s3_bucket_producer_with_no_taskflow
[2025-02-23T03:27:08.188+0000] {logging_mixin.py:190} INFO - [2025-02-23T03:27:08.188+0000] {override.py:1912} INFO - Created Permission View: can edit on DAG:dataset_s3_bucket_producer_with_no_taskflow
[2025-02-23T03:27:08.205+0000] {logging_mixin.py:190} INFO - [2025-02-23T03:27:08.204+0000] {override.py:1912} INFO - Created Permission View: can read on DAG Run:dataset_s3_bucket_producer_with_no_taskflow
[2025-02-23T03:27:08.220+0000] {logging_mixin.py:190} INFO - [2025-02-23T03:27:08.219+0000] {override.py:1912} INFO - Created Permission View: menu access on DAG Run:dataset_s3_bucket_producer_with_no_taskflow
[2025-02-23T03:27:08.235+0000] {logging_mixin.py:190} INFO - [2025-02-23T03:27:08.234+0000] {override.py:1912} INFO - Created Permission View: can delete on DAG Run:dataset_s3_bucket_producer_with_no_taskflow
[2025-02-23T03:27:08.253+0000] {logging_mixin.py:190} INFO - [2025-02-23T03:27:08.252+0000] {override.py:1912} INFO - Created Permission View: can create on DAG Run:dataset_s3_bucket_producer_with_no_taskflow
[2025-02-23T03:27:08.281+0000] {logging_mixin.py:190} INFO - [2025-02-23T03:27:08.281+0000] {override.py:1912} INFO - Created Permission View: can read on DAG:dataset_alias_example_alias_consumer_with_no_taskflow
[2025-02-23T03:27:08.294+0000] {logging_mixin.py:190} INFO - [2025-02-23T03:27:08.293+0000] {override.py:1912} INFO - Created Permission View: can delete on DAG:dataset_alias_example_alias_consumer_with_no_taskflow
[2025-02-23T03:27:08.308+0000] {logging_mixin.py:190} INFO - [2025-02-23T03:27:08.308+0000] {override.py:1912} INFO - Created Permission View: can edit on DAG:dataset_alias_example_alias_consumer_with_no_taskflow
[2025-02-23T03:27:08.328+0000] {logging_mixin.py:190} INFO - [2025-02-23T03:27:08.327+0000] {override.py:1912} INFO - Created Permission View: can read on DAG Run:dataset_alias_example_alias_consumer_with_no_taskflow
[2025-02-23T03:27:08.343+0000] {logging_mixin.py:190} INFO - [2025-02-23T03:27:08.342+0000] {override.py:1912} INFO - Created Permission View: menu access on DAG Run:dataset_alias_example_alias_consumer_with_no_taskflow
[2025-02-23T03:27:08.356+0000] {logging_mixin.py:190} INFO - [2025-02-23T03:27:08.356+0000] {override.py:1912} INFO - Created Permission View: can delete on DAG Run:dataset_alias_example_alias_consumer_with_no_taskflow
[2025-02-23T03:27:08.371+0000] {logging_mixin.py:190} INFO - [2025-02-23T03:27:08.370+0000] {override.py:1912} INFO - Created Permission View: can create on DAG Run:dataset_alias_example_alias_consumer_with_no_taskflow
[2025-02-23T03:27:08.399+0000] {logging_mixin.py:190} INFO - [2025-02-23T03:27:08.399+0000] {override.py:1912} INFO - Created Permission View: can read on DAG:dataset_alias_example_alias_producer_with_no_taskflow
[2025-02-23T03:27:08.415+0000] {logging_mixin.py:190} INFO - [2025-02-23T03:27:08.415+0000] {override.py:1912} INFO - Created Permission View: can delete on DAG:dataset_alias_example_alias_producer_with_no_taskflow
[2025-02-23T03:27:08.430+0000] {logging_mixin.py:190} INFO - [2025-02-23T03:27:08.429+0000] {override.py:1912} INFO - Created Permission View: can edit on DAG:dataset_alias_example_alias_producer_with_no_taskflow
[2025-02-23T03:27:08.453+0000] {logging_mixin.py:190} INFO - [2025-02-23T03:27:08.452+0000] {override.py:1912} INFO - Created Permission View: can read on DAG Run:dataset_alias_example_alias_producer_with_no_taskflow
[2025-02-23T03:27:08.467+0000] {logging_mixin.py:190} INFO - [2025-02-23T03:27:08.466+0000] {override.py:1912} INFO - Created Permission View: menu access on DAG Run:dataset_alias_example_alias_producer_with_no_taskflow
[2025-02-23T03:27:08.481+0000] {logging_mixin.py:190} INFO - [2025-02-23T03:27:08.481+0000] {override.py:1912} INFO - Created Permission View: can delete on DAG Run:dataset_alias_example_alias_producer_with_no_taskflow
[2025-02-23T03:27:08.497+0000] {logging_mixin.py:190} INFO - [2025-02-23T03:27:08.496+0000] {override.py:1912} INFO - Created Permission View: can create on DAG Run:dataset_alias_example_alias_producer_with_no_taskflow
[2025-02-23T03:27:08.531+0000] {logging_mixin.py:190} INFO - [2025-02-23T03:27:08.530+0000] {override.py:1912} INFO - Created Permission View: can read on DAG:dataset_s3_bucket_consumer_with_no_taskflow
[2025-02-23T03:27:08.546+0000] {logging_mixin.py:190} INFO - [2025-02-23T03:27:08.545+0000] {override.py:1912} INFO - Created Permission View: can delete on DAG:dataset_s3_bucket_consumer_with_no_taskflow
[2025-02-23T03:27:08.560+0000] {logging_mixin.py:190} INFO - [2025-02-23T03:27:08.559+0000] {override.py:1912} INFO - Created Permission View: can edit on DAG:dataset_s3_bucket_consumer_with_no_taskflow
[2025-02-23T03:27:08.577+0000] {logging_mixin.py:190} INFO - [2025-02-23T03:27:08.576+0000] {override.py:1912} INFO - Created Permission View: can read on DAG Run:dataset_s3_bucket_consumer_with_no_taskflow
[2025-02-23T03:27:08.591+0000] {logging_mixin.py:190} INFO - [2025-02-23T03:27:08.590+0000] {override.py:1912} INFO - Created Permission View: menu access on DAG Run:dataset_s3_bucket_consumer_with_no_taskflow
[2025-02-23T03:27:08.607+0000] {logging_mixin.py:190} INFO - [2025-02-23T03:27:08.606+0000] {override.py:1912} INFO - Created Permission View: can delete on DAG Run:dataset_s3_bucket_consumer_with_no_taskflow
[2025-02-23T03:27:08.620+0000] {logging_mixin.py:190} INFO - [2025-02-23T03:27:08.619+0000] {override.py:1912} INFO - Created Permission View: can create on DAG Run:dataset_s3_bucket_consumer_with_no_taskflow
[2025-02-23T03:27:08.622+0000] {logging_mixin.py:190} INFO - [2025-02-23T03:27:08.621+0000] {dag.py:3239} INFO - Sync 4 DAGs
[2025-02-23T03:27:08.651+0000] {logging_mixin.py:190} INFO - [2025-02-23T03:27:08.650+0000] {dag.py:3262} INFO - Creating ORM DAG for dataset_alias_example_alias_consumer_with_no_taskflow
[2025-02-23T03:27:08.653+0000] {logging_mixin.py:190} INFO - [2025-02-23T03:27:08.652+0000] {dag.py:3262} INFO - Creating ORM DAG for dataset_s3_bucket_producer_with_no_taskflow
[2025-02-23T03:27:08.655+0000] {logging_mixin.py:190} INFO - [2025-02-23T03:27:08.654+0000] {dag.py:3262} INFO - Creating ORM DAG for dataset_alias_example_alias_producer_with_no_taskflow
[2025-02-23T03:27:08.656+0000] {logging_mixin.py:190} INFO - [2025-02-23T03:27:08.656+0000] {dag.py:3262} INFO - Creating ORM DAG for dataset_s3_bucket_consumer_with_no_taskflow
[2025-02-23T03:27:08.679+0000] {logging_mixin.py:190} INFO - [2025-02-23T03:27:08.678+0000] {dag.py:4180} INFO - Setting next_dagrun for dataset_alias_example_alias_consumer_with_no_taskflow to None, run_after=None
[2025-02-23T03:27:08.682+0000] {logging_mixin.py:190} INFO - [2025-02-23T03:27:08.681+0000] {dag.py:4180} INFO - Setting next_dagrun for dataset_alias_example_alias_producer_with_no_taskflow to None, run_after=None
[2025-02-23T03:27:08.683+0000] {logging_mixin.py:190} INFO - [2025-02-23T03:27:08.683+0000] {dag.py:4180} INFO - Setting next_dagrun for dataset_s3_bucket_consumer_with_no_taskflow to None, run_after=None
[2025-02-23T03:27:08.685+0000] {logging_mixin.py:190} INFO - [2025-02-23T03:27:08.684+0000] {dag.py:4180} INFO - Setting next_dagrun for dataset_s3_bucket_producer_with_no_taskflow to None, run_after=None
[2025-02-23T03:27:08.750+0000] {processor.py:208} INFO - Processing /home/airflow/.local/lib/python3.12/site-packages/airflow/example_dags/example_dataset_alias_with_no_taskflow.py took 1.889 seconds
[2025-02-23T03:27:39.378+0000] {processor.py:186} INFO - Started process (PID=708) to work on /home/airflow/.local/lib/python3.12/site-packages/airflow/example_dags/example_dataset_alias_with_no_taskflow.py
[2025-02-23T03:27:39.381+0000] {processor.py:914} INFO - Processing file /home/airflow/.local/lib/python3.12/site-packages/airflow/example_dags/example_dataset_alias_with_no_taskflow.py for tasks to queue
[2025-02-23T03:27:39.385+0000] {logging_mixin.py:190} INFO - [2025-02-23T03:27:39.384+0000] {dagbag.py:588} INFO - Filling up the DagBag from /home/airflow/.local/lib/python3.12/site-packages/airflow/example_dags/example_dataset_alias_with_no_taskflow.py
[2025-02-23T03:27:40.151+0000] {processor.py:925} INFO - DAG(s) 'dataset_s3_bucket_producer_with_no_taskflow', 'dataset_alias_example_alias_producer_with_no_taskflow', 'dataset_alias_example_alias_consumer_with_no_taskflow', 'dataset_s3_bucket_consumer_with_no_taskflow' retrieved from /home/airflow/.local/lib/python3.12/site-packages/airflow/example_dags/example_dataset_alias_with_no_taskflow.py
[2025-02-23T03:27:40.199+0000] {logging_mixin.py:190} INFO - [2025-02-23T03:27:40.198+0000] {dag.py:3239} INFO - Sync 4 DAGs
[2025-02-23T03:27:40.257+0000] {logging_mixin.py:190} INFO - [2025-02-23T03:27:40.256+0000] {dag.py:4180} INFO - Setting next_dagrun for dataset_alias_example_alias_consumer_with_no_taskflow to None, run_after=None
[2025-02-23T03:27:40.263+0000] {logging_mixin.py:190} INFO - [2025-02-23T03:27:40.263+0000] {dag.py:4180} INFO - Setting next_dagrun for dataset_alias_example_alias_producer_with_no_taskflow to None, run_after=None
[2025-02-23T03:27:40.599+0000] {logging_mixin.py:190} INFO - [2025-02-23T03:27:40.599+0000] {dag.py:4180} INFO - Setting next_dagrun for dataset_s3_bucket_consumer_with_no_taskflow to None, run_after=None
[2025-02-23T03:27:40.604+0000] {logging_mixin.py:190} INFO - [2025-02-23T03:27:40.604+0000] {dag.py:4180} INFO - Setting next_dagrun for dataset_s3_bucket_producer_with_no_taskflow to None, run_after=None
[2025-02-23T03:27:40.654+0000] {processor.py:208} INFO - Processing /home/airflow/.local/lib/python3.12/site-packages/airflow/example_dags/example_dataset_alias_with_no_taskflow.py took 1.292 seconds
[2025-02-23T03:28:11.048+0000] {processor.py:186} INFO - Started process (PID=1024) to work on /home/airflow/.local/lib/python3.12/site-packages/airflow/example_dags/example_dataset_alias_with_no_taskflow.py
[2025-02-23T03:28:11.051+0000] {processor.py:914} INFO - Processing file /home/airflow/.local/lib/python3.12/site-packages/airflow/example_dags/example_dataset_alias_with_no_taskflow.py for tasks to queue
[2025-02-23T03:28:11.059+0000] {logging_mixin.py:190} INFO - [2025-02-23T03:28:11.058+0000] {dagbag.py:588} INFO - Filling up the DagBag from /home/airflow/.local/lib/python3.12/site-packages/airflow/example_dags/example_dataset_alias_with_no_taskflow.py
[2025-02-23T03:28:11.862+0000] {processor.py:925} INFO - DAG(s) 'dataset_alias_example_alias_consumer_with_no_taskflow', 'dataset_s3_bucket_consumer_with_no_taskflow', 'dataset_s3_bucket_producer_with_no_taskflow', 'dataset_alias_example_alias_producer_with_no_taskflow' retrieved from /home/airflow/.local/lib/python3.12/site-packages/airflow/example_dags/example_dataset_alias_with_no_taskflow.py
[2025-02-23T03:28:11.909+0000] {logging_mixin.py:190} INFO - [2025-02-23T03:28:11.907+0000] {dag.py:3239} INFO - Sync 4 DAGs
[2025-02-23T03:28:11.961+0000] {logging_mixin.py:190} INFO - [2025-02-23T03:28:11.960+0000] {dag.py:4180} INFO - Setting next_dagrun for dataset_alias_example_alias_consumer_with_no_taskflow to None, run_after=None
[2025-02-23T03:28:11.967+0000] {logging_mixin.py:190} INFO - [2025-02-23T03:28:11.967+0000] {dag.py:4180} INFO - Setting next_dagrun for dataset_alias_example_alias_producer_with_no_taskflow to None, run_after=None
[2025-02-23T03:28:12.248+0000] {logging_mixin.py:190} INFO - [2025-02-23T03:28:12.248+0000] {dag.py:4180} INFO - Setting next_dagrun for dataset_s3_bucket_consumer_with_no_taskflow to None, run_after=None
[2025-02-23T03:28:12.253+0000] {logging_mixin.py:190} INFO - [2025-02-23T03:28:12.253+0000] {dag.py:4180} INFO - Setting next_dagrun for dataset_s3_bucket_producer_with_no_taskflow to None, run_after=None
[2025-02-23T03:28:12.296+0000] {processor.py:208} INFO - Processing /home/airflow/.local/lib/python3.12/site-packages/airflow/example_dags/example_dataset_alias_with_no_taskflow.py took 1.265 seconds
[2025-02-23T03:34:05.026+0000] {processor.py:186} INFO - Started process (PID=402) to work on /home/airflow/.local/lib/python3.12/site-packages/airflow/example_dags/example_dataset_alias_with_no_taskflow.py
[2025-02-23T03:34:05.028+0000] {processor.py:914} INFO - Processing file /home/airflow/.local/lib/python3.12/site-packages/airflow/example_dags/example_dataset_alias_with_no_taskflow.py for tasks to queue
[2025-02-23T03:34:05.034+0000] {logging_mixin.py:190} INFO - [2025-02-23T03:34:05.034+0000] {dagbag.py:588} INFO - Filling up the DagBag from /home/airflow/.local/lib/python3.12/site-packages/airflow/example_dags/example_dataset_alias_with_no_taskflow.py
[2025-02-23T03:34:05.780+0000] {processor.py:925} INFO - DAG(s) 'dataset_alias_example_alias_producer_with_no_taskflow', 'dataset_alias_example_alias_consumer_with_no_taskflow', 'dataset_s3_bucket_producer_with_no_taskflow', 'dataset_s3_bucket_consumer_with_no_taskflow' retrieved from /home/airflow/.local/lib/python3.12/site-packages/airflow/example_dags/example_dataset_alias_with_no_taskflow.py
[2025-02-23T03:34:06.287+0000] {logging_mixin.py:190} INFO - [2025-02-23T03:34:06.286+0000] {override.py:1912} INFO - Created Permission View: can read on DAG:dataset_alias_example_alias_producer_with_no_taskflow
[2025-02-23T03:34:06.314+0000] {logging_mixin.py:190} INFO - [2025-02-23T03:34:06.314+0000] {override.py:1912} INFO - Created Permission View: can edit on DAG:dataset_alias_example_alias_producer_with_no_taskflow
[2025-02-23T03:34:06.333+0000] {logging_mixin.py:190} INFO - [2025-02-23T03:34:06.332+0000] {override.py:1912} INFO - Created Permission View: can delete on DAG:dataset_alias_example_alias_producer_with_no_taskflow
[2025-02-23T03:34:06.352+0000] {logging_mixin.py:190} INFO - [2025-02-23T03:34:06.351+0000] {override.py:1912} INFO - Created Permission View: can read on DAG Run:dataset_alias_example_alias_producer_with_no_taskflow
[2025-02-23T03:34:06.367+0000] {logging_mixin.py:190} INFO - [2025-02-23T03:34:06.366+0000] {override.py:1912} INFO - Created Permission View: menu access on DAG Run:dataset_alias_example_alias_producer_with_no_taskflow
[2025-02-23T03:34:06.387+0000] {logging_mixin.py:190} INFO - [2025-02-23T03:34:06.386+0000] {override.py:1912} INFO - Created Permission View: can create on DAG Run:dataset_alias_example_alias_producer_with_no_taskflow
[2025-02-23T03:34:06.406+0000] {logging_mixin.py:190} INFO - [2025-02-23T03:34:06.406+0000] {override.py:1912} INFO - Created Permission View: can delete on DAG Run:dataset_alias_example_alias_producer_with_no_taskflow
[2025-02-23T03:34:06.445+0000] {logging_mixin.py:190} INFO - [2025-02-23T03:34:06.444+0000] {override.py:1912} INFO - Created Permission View: can read on DAG:dataset_alias_example_alias_consumer_with_no_taskflow
[2025-02-23T03:34:06.465+0000] {logging_mixin.py:190} INFO - [2025-02-23T03:34:06.465+0000] {override.py:1912} INFO - Created Permission View: can edit on DAG:dataset_alias_example_alias_consumer_with_no_taskflow
[2025-02-23T03:34:06.483+0000] {logging_mixin.py:190} INFO - [2025-02-23T03:34:06.483+0000] {override.py:1912} INFO - Created Permission View: can delete on DAG:dataset_alias_example_alias_consumer_with_no_taskflow
[2025-02-23T03:34:06.504+0000] {logging_mixin.py:190} INFO - [2025-02-23T03:34:06.503+0000] {override.py:1912} INFO - Created Permission View: can read on DAG Run:dataset_alias_example_alias_consumer_with_no_taskflow
[2025-02-23T03:34:06.523+0000] {logging_mixin.py:190} INFO - [2025-02-23T03:34:06.522+0000] {override.py:1912} INFO - Created Permission View: menu access on DAG Run:dataset_alias_example_alias_consumer_with_no_taskflow
[2025-02-23T03:34:06.542+0000] {logging_mixin.py:190} INFO - [2025-02-23T03:34:06.541+0000] {override.py:1912} INFO - Created Permission View: can create on DAG Run:dataset_alias_example_alias_consumer_with_no_taskflow
[2025-02-23T03:34:06.560+0000] {logging_mixin.py:190} INFO - [2025-02-23T03:34:06.559+0000] {override.py:1912} INFO - Created Permission View: can delete on DAG Run:dataset_alias_example_alias_consumer_with_no_taskflow
[2025-02-23T03:34:06.590+0000] {logging_mixin.py:190} INFO - [2025-02-23T03:34:06.589+0000] {override.py:1912} INFO - Created Permission View: can read on DAG:dataset_s3_bucket_producer_with_no_taskflow
[2025-02-23T03:34:06.606+0000] {logging_mixin.py:190} INFO - [2025-02-23T03:34:06.605+0000] {override.py:1912} INFO - Created Permission View: can edit on DAG:dataset_s3_bucket_producer_with_no_taskflow
[2025-02-23T03:34:06.622+0000] {logging_mixin.py:190} INFO - [2025-02-23T03:34:06.621+0000] {override.py:1912} INFO - Created Permission View: can delete on DAG:dataset_s3_bucket_producer_with_no_taskflow
[2025-02-23T03:34:06.642+0000] {logging_mixin.py:190} INFO - [2025-02-23T03:34:06.641+0000] {override.py:1912} INFO - Created Permission View: can read on DAG Run:dataset_s3_bucket_producer_with_no_taskflow
[2025-02-23T03:34:06.658+0000] {logging_mixin.py:190} INFO - [2025-02-23T03:34:06.657+0000] {override.py:1912} INFO - Created Permission View: menu access on DAG Run:dataset_s3_bucket_producer_with_no_taskflow
[2025-02-23T03:34:06.674+0000] {logging_mixin.py:190} INFO - [2025-02-23T03:34:06.673+0000] {override.py:1912} INFO - Created Permission View: can create on DAG Run:dataset_s3_bucket_producer_with_no_taskflow
[2025-02-23T03:34:06.691+0000] {logging_mixin.py:190} INFO - [2025-02-23T03:34:06.690+0000] {override.py:1912} INFO - Created Permission View: can delete on DAG Run:dataset_s3_bucket_producer_with_no_taskflow
[2025-02-23T03:34:06.720+0000] {logging_mixin.py:190} INFO - [2025-02-23T03:34:06.720+0000] {override.py:1912} INFO - Created Permission View: can read on DAG:dataset_s3_bucket_consumer_with_no_taskflow
[2025-02-23T03:34:06.739+0000] {logging_mixin.py:190} INFO - [2025-02-23T03:34:06.737+0000] {override.py:1912} INFO - Created Permission View: can edit on DAG:dataset_s3_bucket_consumer_with_no_taskflow
[2025-02-23T03:34:06.758+0000] {logging_mixin.py:190} INFO - [2025-02-23T03:34:06.757+0000] {override.py:1912} INFO - Created Permission View: can delete on DAG:dataset_s3_bucket_consumer_with_no_taskflow
[2025-02-23T03:34:06.776+0000] {logging_mixin.py:190} INFO - [2025-02-23T03:34:06.775+0000] {override.py:1912} INFO - Created Permission View: can read on DAG Run:dataset_s3_bucket_consumer_with_no_taskflow
[2025-02-23T03:34:06.790+0000] {logging_mixin.py:190} INFO - [2025-02-23T03:34:06.789+0000] {override.py:1912} INFO - Created Permission View: menu access on DAG Run:dataset_s3_bucket_consumer_with_no_taskflow
[2025-02-23T03:34:06.805+0000] {logging_mixin.py:190} INFO - [2025-02-23T03:34:06.804+0000] {override.py:1912} INFO - Created Permission View: can create on DAG Run:dataset_s3_bucket_consumer_with_no_taskflow
[2025-02-23T03:34:06.822+0000] {logging_mixin.py:190} INFO - [2025-02-23T03:34:06.821+0000] {override.py:1912} INFO - Created Permission View: can delete on DAG Run:dataset_s3_bucket_consumer_with_no_taskflow
[2025-02-23T03:34:06.824+0000] {logging_mixin.py:190} INFO - [2025-02-23T03:34:06.823+0000] {dag.py:3239} INFO - Sync 4 DAGs
[2025-02-23T03:34:06.853+0000] {logging_mixin.py:190} INFO - [2025-02-23T03:34:06.852+0000] {dag.py:3262} INFO - Creating ORM DAG for dataset_alias_example_alias_consumer_with_no_taskflow
[2025-02-23T03:34:06.856+0000] {logging_mixin.py:190} INFO - [2025-02-23T03:34:06.855+0000] {dag.py:3262} INFO - Creating ORM DAG for dataset_s3_bucket_producer_with_no_taskflow
[2025-02-23T03:34:06.858+0000] {logging_mixin.py:190} INFO - [2025-02-23T03:34:06.857+0000] {dag.py:3262} INFO - Creating ORM DAG for dataset_s3_bucket_consumer_with_no_taskflow
[2025-02-23T03:34:06.859+0000] {logging_mixin.py:190} INFO - [2025-02-23T03:34:06.859+0000] {dag.py:3262} INFO - Creating ORM DAG for dataset_alias_example_alias_producer_with_no_taskflow
[2025-02-23T03:34:06.879+0000] {logging_mixin.py:190} INFO - [2025-02-23T03:34:06.879+0000] {dag.py:4180} INFO - Setting next_dagrun for dataset_alias_example_alias_consumer_with_no_taskflow to None, run_after=None
[2025-02-23T03:34:06.881+0000] {logging_mixin.py:190} INFO - [2025-02-23T03:34:06.881+0000] {dag.py:4180} INFO - Setting next_dagrun for dataset_alias_example_alias_producer_with_no_taskflow to None, run_after=None
[2025-02-23T03:34:06.883+0000] {logging_mixin.py:190} INFO - [2025-02-23T03:34:06.883+0000] {dag.py:4180} INFO - Setting next_dagrun for dataset_s3_bucket_consumer_with_no_taskflow to None, run_after=None
[2025-02-23T03:34:06.884+0000] {logging_mixin.py:190} INFO - [2025-02-23T03:34:06.884+0000] {dag.py:4180} INFO - Setting next_dagrun for dataset_s3_bucket_producer_with_no_taskflow to None, run_after=None
[2025-02-23T03:34:06.942+0000] {processor.py:208} INFO - Processing /home/airflow/.local/lib/python3.12/site-packages/airflow/example_dags/example_dataset_alias_with_no_taskflow.py took 1.935 seconds
[2025-02-23T03:34:37.273+0000] {processor.py:186} INFO - Started process (PID=704) to work on /home/airflow/.local/lib/python3.12/site-packages/airflow/example_dags/example_dataset_alias_with_no_taskflow.py
[2025-02-23T03:34:37.276+0000] {processor.py:914} INFO - Processing file /home/airflow/.local/lib/python3.12/site-packages/airflow/example_dags/example_dataset_alias_with_no_taskflow.py for tasks to queue
[2025-02-23T03:34:37.281+0000] {logging_mixin.py:190} INFO - [2025-02-23T03:34:37.280+0000] {dagbag.py:588} INFO - Filling up the DagBag from /home/airflow/.local/lib/python3.12/site-packages/airflow/example_dags/example_dataset_alias_with_no_taskflow.py
[2025-02-23T03:34:38.039+0000] {processor.py:925} INFO - DAG(s) 'dataset_s3_bucket_producer_with_no_taskflow', 'dataset_s3_bucket_consumer_with_no_taskflow', 'dataset_alias_example_alias_producer_with_no_taskflow', 'dataset_alias_example_alias_consumer_with_no_taskflow' retrieved from /home/airflow/.local/lib/python3.12/site-packages/airflow/example_dags/example_dataset_alias_with_no_taskflow.py
[2025-02-23T03:34:38.083+0000] {logging_mixin.py:190} INFO - [2025-02-23T03:34:38.082+0000] {dag.py:3239} INFO - Sync 4 DAGs
[2025-02-23T03:34:38.409+0000] {logging_mixin.py:190} INFO - [2025-02-23T03:34:38.408+0000] {dag.py:4180} INFO - Setting next_dagrun for dataset_alias_example_alias_consumer_with_no_taskflow to None, run_after=None
[2025-02-23T03:34:38.416+0000] {logging_mixin.py:190} INFO - [2025-02-23T03:34:38.415+0000] {dag.py:4180} INFO - Setting next_dagrun for dataset_alias_example_alias_producer_with_no_taskflow to None, run_after=None
[2025-02-23T03:34:38.419+0000] {logging_mixin.py:190} INFO - [2025-02-23T03:34:38.418+0000] {dag.py:4180} INFO - Setting next_dagrun for dataset_s3_bucket_consumer_with_no_taskflow to None, run_after=None
[2025-02-23T03:34:38.423+0000] {logging_mixin.py:190} INFO - [2025-02-23T03:34:38.422+0000] {dag.py:4180} INFO - Setting next_dagrun for dataset_s3_bucket_producer_with_no_taskflow to None, run_after=None
[2025-02-23T03:34:38.467+0000] {processor.py:208} INFO - Processing /home/airflow/.local/lib/python3.12/site-packages/airflow/example_dags/example_dataset_alias_with_no_taskflow.py took 1.204 seconds
[2025-02-23T03:35:08.649+0000] {processor.py:186} INFO - Started process (PID=1013) to work on /home/airflow/.local/lib/python3.12/site-packages/airflow/example_dags/example_dataset_alias_with_no_taskflow.py
[2025-02-23T03:35:08.652+0000] {processor.py:914} INFO - Processing file /home/airflow/.local/lib/python3.12/site-packages/airflow/example_dags/example_dataset_alias_with_no_taskflow.py for tasks to queue
[2025-02-23T03:35:08.658+0000] {logging_mixin.py:190} INFO - [2025-02-23T03:35:08.657+0000] {dagbag.py:588} INFO - Filling up the DagBag from /home/airflow/.local/lib/python3.12/site-packages/airflow/example_dags/example_dataset_alias_with_no_taskflow.py
[2025-02-23T03:35:09.606+0000] {processor.py:925} INFO - DAG(s) 'dataset_alias_example_alias_producer_with_no_taskflow', 'dataset_s3_bucket_consumer_with_no_taskflow', 'dataset_alias_example_alias_consumer_with_no_taskflow', 'dataset_s3_bucket_producer_with_no_taskflow' retrieved from /home/airflow/.local/lib/python3.12/site-packages/airflow/example_dags/example_dataset_alias_with_no_taskflow.py
[2025-02-23T03:35:09.658+0000] {logging_mixin.py:190} INFO - [2025-02-23T03:35:09.657+0000] {dag.py:3239} INFO - Sync 4 DAGs
[2025-02-23T03:35:10.057+0000] {logging_mixin.py:190} INFO - [2025-02-23T03:35:10.056+0000] {dag.py:4180} INFO - Setting next_dagrun for dataset_alias_example_alias_consumer_with_no_taskflow to None, run_after=None
[2025-02-23T03:35:10.063+0000] {logging_mixin.py:190} INFO - [2025-02-23T03:35:10.062+0000] {dag.py:4180} INFO - Setting next_dagrun for dataset_alias_example_alias_producer_with_no_taskflow to None, run_after=None
[2025-02-23T03:35:10.067+0000] {logging_mixin.py:190} INFO - [2025-02-23T03:35:10.066+0000] {dag.py:4180} INFO - Setting next_dagrun for dataset_s3_bucket_consumer_with_no_taskflow to None, run_after=None
[2025-02-23T03:35:10.071+0000] {logging_mixin.py:190} INFO - [2025-02-23T03:35:10.071+0000] {dag.py:4180} INFO - Setting next_dagrun for dataset_s3_bucket_producer_with_no_taskflow to None, run_after=None
[2025-02-23T03:35:10.115+0000] {processor.py:208} INFO - Processing /home/airflow/.local/lib/python3.12/site-packages/airflow/example_dags/example_dataset_alias_with_no_taskflow.py took 1.482 seconds
[2025-02-23T03:35:40.423+0000] {processor.py:186} INFO - Started process (PID=1331) to work on /home/airflow/.local/lib/python3.12/site-packages/airflow/example_dags/example_dataset_alias_with_no_taskflow.py
[2025-02-23T03:35:40.426+0000] {processor.py:914} INFO - Processing file /home/airflow/.local/lib/python3.12/site-packages/airflow/example_dags/example_dataset_alias_with_no_taskflow.py for tasks to queue
[2025-02-23T03:35:40.431+0000] {logging_mixin.py:190} INFO - [2025-02-23T03:35:40.431+0000] {dagbag.py:588} INFO - Filling up the DagBag from /home/airflow/.local/lib/python3.12/site-packages/airflow/example_dags/example_dataset_alias_with_no_taskflow.py
[2025-02-23T03:35:41.224+0000] {processor.py:925} INFO - DAG(s) 'dataset_s3_bucket_producer_with_no_taskflow', 'dataset_alias_example_alias_consumer_with_no_taskflow', 'dataset_s3_bucket_consumer_with_no_taskflow', 'dataset_alias_example_alias_producer_with_no_taskflow' retrieved from /home/airflow/.local/lib/python3.12/site-packages/airflow/example_dags/example_dataset_alias_with_no_taskflow.py
[2025-02-23T03:35:41.277+0000] {logging_mixin.py:190} INFO - [2025-02-23T03:35:41.275+0000] {dag.py:3239} INFO - Sync 4 DAGs
[2025-02-23T03:35:41.333+0000] {logging_mixin.py:190} INFO - [2025-02-23T03:35:41.332+0000] {dag.py:4180} INFO - Setting next_dagrun for dataset_alias_example_alias_consumer_with_no_taskflow to None, run_after=None
[2025-02-23T03:35:41.340+0000] {logging_mixin.py:190} INFO - [2025-02-23T03:35:41.339+0000] {dag.py:4180} INFO - Setting next_dagrun for dataset_alias_example_alias_producer_with_no_taskflow to None, run_after=None
[2025-02-23T03:35:41.718+0000] {logging_mixin.py:190} INFO - [2025-02-23T03:35:41.718+0000] {dag.py:4180} INFO - Setting next_dagrun for dataset_s3_bucket_consumer_with_no_taskflow to None, run_after=None
[2025-02-23T03:35:41.722+0000] {logging_mixin.py:190} INFO - [2025-02-23T03:35:41.722+0000] {dag.py:4180} INFO - Setting next_dagrun for dataset_s3_bucket_producer_with_no_taskflow to None, run_after=None
[2025-02-23T03:35:41.804+0000] {processor.py:208} INFO - Processing /home/airflow/.local/lib/python3.12/site-packages/airflow/example_dags/example_dataset_alias_with_no_taskflow.py took 1.398 seconds
