[2025-02-23T03:26:55.570+0000] {processor.py:186} INFO - Started process (PID=265) to work on /home/airflow/.local/lib/python3.12/site-packages/airflow/example_dags/example_workday_timetable.py
[2025-02-23T03:26:55.573+0000] {processor.py:914} INFO - Processing file /home/airflow/.local/lib/python3.12/site-packages/airflow/example_dags/example_workday_timetable.py for tasks to queue
[2025-02-23T03:26:55.577+0000] {logging_mixin.py:190} INFO - [2025-02-23T03:26:55.576+0000] {dagbag.py:588} INFO - Filling up the DagBag from /home/airflow/.local/lib/python3.12/site-packages/airflow/example_dags/example_workday_timetable.py
[2025-02-23T03:26:55.587+0000] {processor.py:925} INFO - DAG(s) 'example_workday_timetable' retrieved from /home/airflow/.local/lib/python3.12/site-packages/airflow/example_dags/example_workday_timetable.py
[2025-02-23T03:26:55.758+0000] {logging_mixin.py:190} INFO - [2025-02-23T03:26:55.757+0000] {override.py:1912} INFO - Created Permission View: can read on DAG:example_workday_timetable
[2025-02-23T03:26:55.776+0000] {logging_mixin.py:190} INFO - [2025-02-23T03:26:55.776+0000] {override.py:1912} INFO - Created Permission View: can delete on DAG:example_workday_timetable
[2025-02-23T03:26:55.789+0000] {logging_mixin.py:190} INFO - [2025-02-23T03:26:55.788+0000] {override.py:1912} INFO - Created Permission View: can edit on DAG:example_workday_timetable
[2025-02-23T03:26:55.806+0000] {logging_mixin.py:190} INFO - [2025-02-23T03:26:55.805+0000] {override.py:1912} INFO - Created Permission View: can read on DAG Run:example_workday_timetable
[2025-02-23T03:26:55.817+0000] {logging_mixin.py:190} INFO - [2025-02-23T03:26:55.816+0000] {override.py:1912} INFO - Created Permission View: menu access on DAG Run:example_workday_timetable
[2025-02-23T03:26:55.829+0000] {logging_mixin.py:190} INFO - [2025-02-23T03:26:55.829+0000] {override.py:1912} INFO - Created Permission View: can delete on DAG Run:example_workday_timetable
[2025-02-23T03:26:55.843+0000] {logging_mixin.py:190} INFO - [2025-02-23T03:26:55.842+0000] {override.py:1912} INFO - Created Permission View: can create on DAG Run:example_workday_timetable
[2025-02-23T03:26:55.844+0000] {logging_mixin.py:190} INFO - [2025-02-23T03:26:55.844+0000] {dag.py:3239} INFO - Sync 1 DAGs
[2025-02-23T03:26:55.867+0000] {logging_mixin.py:190} INFO - [2025-02-23T03:26:55.867+0000] {dag.py:3262} INFO - Creating ORM DAG for example_workday_timetable
[2025-02-23T03:26:55.976+0000] {logging_mixin.py:190} INFO - [2025-02-23T03:26:55.976+0000] {dag.py:4180} INFO - Setting next_dagrun for example_workday_timetable to 2021-01-04 00:00:00+00:00, run_after=2021-01-05 00:00:00+00:00
[2025-02-23T03:26:56.009+0000] {processor.py:208} INFO - Processing /home/airflow/.local/lib/python3.12/site-packages/airflow/example_dags/example_workday_timetable.py took 0.449 seconds
[2025-02-23T03:27:26.745+0000] {processor.py:186} INFO - Started process (PID=556) to work on /home/airflow/.local/lib/python3.12/site-packages/airflow/example_dags/example_workday_timetable.py
[2025-02-23T03:27:26.748+0000] {processor.py:914} INFO - Processing file /home/airflow/.local/lib/python3.12/site-packages/airflow/example_dags/example_workday_timetable.py for tasks to queue
[2025-02-23T03:27:26.753+0000] {logging_mixin.py:190} INFO - [2025-02-23T03:27:26.753+0000] {dagbag.py:588} INFO - Filling up the DagBag from /home/airflow/.local/lib/python3.12/site-packages/airflow/example_dags/example_workday_timetable.py
[2025-02-23T03:27:26.766+0000] {processor.py:925} INFO - DAG(s) 'example_workday_timetable' retrieved from /home/airflow/.local/lib/python3.12/site-packages/airflow/example_dags/example_workday_timetable.py
[2025-02-23T03:27:26.811+0000] {logging_mixin.py:190} INFO - [2025-02-23T03:27:26.810+0000] {dag.py:3239} INFO - Sync 1 DAGs
[2025-02-23T03:27:26.925+0000] {logging_mixin.py:190} INFO - [2025-02-23T03:27:26.924+0000] {dag.py:4180} INFO - Setting next_dagrun for example_workday_timetable to 2021-01-04 00:00:00+00:00, run_after=2021-01-05 00:00:00+00:00
[2025-02-23T03:27:27.009+0000] {processor.py:208} INFO - Processing /home/airflow/.local/lib/python3.12/site-packages/airflow/example_dags/example_workday_timetable.py took 0.276 seconds
[2025-02-23T03:27:57.505+0000] {processor.py:186} INFO - Started process (PID=844) to work on /home/airflow/.local/lib/python3.12/site-packages/airflow/example_dags/example_workday_timetable.py
[2025-02-23T03:27:57.507+0000] {processor.py:914} INFO - Processing file /home/airflow/.local/lib/python3.12/site-packages/airflow/example_dags/example_workday_timetable.py for tasks to queue
[2025-02-23T03:27:57.511+0000] {logging_mixin.py:190} INFO - [2025-02-23T03:27:57.511+0000] {dagbag.py:588} INFO - Filling up the DagBag from /home/airflow/.local/lib/python3.12/site-packages/airflow/example_dags/example_workday_timetable.py
[2025-02-23T03:27:57.523+0000] {processor.py:925} INFO - DAG(s) 'example_workday_timetable' retrieved from /home/airflow/.local/lib/python3.12/site-packages/airflow/example_dags/example_workday_timetable.py
[2025-02-23T03:27:57.565+0000] {logging_mixin.py:190} INFO - [2025-02-23T03:27:57.564+0000] {dag.py:3239} INFO - Sync 1 DAGs
[2025-02-23T03:27:57.677+0000] {logging_mixin.py:190} INFO - [2025-02-23T03:27:57.677+0000] {dag.py:4180} INFO - Setting next_dagrun for example_workday_timetable to 2021-01-04 00:00:00+00:00, run_after=2021-01-05 00:00:00+00:00
[2025-02-23T03:27:57.712+0000] {processor.py:208} INFO - Processing /home/airflow/.local/lib/python3.12/site-packages/airflow/example_dags/example_workday_timetable.py took 0.220 seconds
[2025-02-23T03:33:54.412+0000] {processor.py:186} INFO - Started process (PID=265) to work on /home/airflow/.local/lib/python3.12/site-packages/airflow/example_dags/example_workday_timetable.py
[2025-02-23T03:33:54.414+0000] {processor.py:914} INFO - Processing file /home/airflow/.local/lib/python3.12/site-packages/airflow/example_dags/example_workday_timetable.py for tasks to queue
[2025-02-23T03:33:54.420+0000] {logging_mixin.py:190} INFO - [2025-02-23T03:33:54.419+0000] {dagbag.py:588} INFO - Filling up the DagBag from /home/airflow/.local/lib/python3.12/site-packages/airflow/example_dags/example_workday_timetable.py
[2025-02-23T03:33:54.434+0000] {processor.py:925} INFO - DAG(s) 'example_workday_timetable' retrieved from /home/airflow/.local/lib/python3.12/site-packages/airflow/example_dags/example_workday_timetable.py
[2025-02-23T03:33:54.637+0000] {logging_mixin.py:190} INFO - [2025-02-23T03:33:54.636+0000] {override.py:1912} INFO - Created Permission View: can read on DAG:example_workday_timetable
[2025-02-23T03:33:54.657+0000] {logging_mixin.py:190} INFO - [2025-02-23T03:33:54.656+0000] {override.py:1912} INFO - Created Permission View: can edit on DAG:example_workday_timetable
[2025-02-23T03:33:54.672+0000] {logging_mixin.py:190} INFO - [2025-02-23T03:33:54.671+0000] {override.py:1912} INFO - Created Permission View: can delete on DAG:example_workday_timetable
[2025-02-23T03:33:54.687+0000] {logging_mixin.py:190} INFO - [2025-02-23T03:33:54.686+0000] {override.py:1912} INFO - Created Permission View: can read on DAG Run:example_workday_timetable
[2025-02-23T03:33:54.713+0000] {logging_mixin.py:190} INFO - [2025-02-23T03:33:54.712+0000] {override.py:1912} INFO - Created Permission View: menu access on DAG Run:example_workday_timetable
[2025-02-23T03:33:54.734+0000] {logging_mixin.py:190} INFO - [2025-02-23T03:33:54.733+0000] {override.py:1912} INFO - Created Permission View: can create on DAG Run:example_workday_timetable
[2025-02-23T03:33:54.753+0000] {logging_mixin.py:190} INFO - [2025-02-23T03:33:54.753+0000] {override.py:1912} INFO - Created Permission View: can delete on DAG Run:example_workday_timetable
[2025-02-23T03:33:54.755+0000] {logging_mixin.py:190} INFO - [2025-02-23T03:33:54.754+0000] {dag.py:3239} INFO - Sync 1 DAGs
[2025-02-23T03:33:54.784+0000] {logging_mixin.py:190} INFO - [2025-02-23T03:33:54.784+0000] {dag.py:3262} INFO - Creating ORM DAG for example_workday_timetable
[2025-02-23T03:33:54.914+0000] {logging_mixin.py:190} INFO - [2025-02-23T03:33:54.913+0000] {dag.py:4180} INFO - Setting next_dagrun for example_workday_timetable to 2021-01-04 00:00:00+00:00, run_after=2021-01-05 00:00:00+00:00
[2025-02-23T03:33:54.960+0000] {processor.py:208} INFO - Processing /home/airflow/.local/lib/python3.12/site-packages/airflow/example_dags/example_workday_timetable.py took 0.562 seconds
[2025-02-23T03:34:25.651+0000] {processor.py:186} INFO - Started process (PID=557) to work on /home/airflow/.local/lib/python3.12/site-packages/airflow/example_dags/example_workday_timetable.py
[2025-02-23T03:34:25.653+0000] {processor.py:914} INFO - Processing file /home/airflow/.local/lib/python3.12/site-packages/airflow/example_dags/example_workday_timetable.py for tasks to queue
[2025-02-23T03:34:25.659+0000] {logging_mixin.py:190} INFO - [2025-02-23T03:34:25.658+0000] {dagbag.py:588} INFO - Filling up the DagBag from /home/airflow/.local/lib/python3.12/site-packages/airflow/example_dags/example_workday_timetable.py
[2025-02-23T03:34:25.678+0000] {processor.py:925} INFO - DAG(s) 'example_workday_timetable' retrieved from /home/airflow/.local/lib/python3.12/site-packages/airflow/example_dags/example_workday_timetable.py
[2025-02-23T03:34:25.732+0000] {logging_mixin.py:190} INFO - [2025-02-23T03:34:25.731+0000] {dag.py:3239} INFO - Sync 1 DAGs
[2025-02-23T03:34:25.888+0000] {logging_mixin.py:190} INFO - [2025-02-23T03:34:25.888+0000] {dag.py:4180} INFO - Setting next_dagrun for example_workday_timetable to 2021-01-04 00:00:00+00:00, run_after=2021-01-05 00:00:00+00:00
[2025-02-23T03:34:25.935+0000] {processor.py:208} INFO - Processing /home/airflow/.local/lib/python3.12/site-packages/airflow/example_dags/example_workday_timetable.py took 0.299 seconds
[2025-02-23T03:34:56.103+0000] {processor.py:186} INFO - Started process (PID=845) to work on /home/airflow/.local/lib/python3.12/site-packages/airflow/example_dags/example_workday_timetable.py
[2025-02-23T03:34:56.105+0000] {processor.py:914} INFO - Processing file /home/airflow/.local/lib/python3.12/site-packages/airflow/example_dags/example_workday_timetable.py for tasks to queue
[2025-02-23T03:34:56.111+0000] {logging_mixin.py:190} INFO - [2025-02-23T03:34:56.110+0000] {dagbag.py:588} INFO - Filling up the DagBag from /home/airflow/.local/lib/python3.12/site-packages/airflow/example_dags/example_workday_timetable.py
[2025-02-23T03:34:56.122+0000] {processor.py:925} INFO - DAG(s) 'example_workday_timetable' retrieved from /home/airflow/.local/lib/python3.12/site-packages/airflow/example_dags/example_workday_timetable.py
[2025-02-23T03:34:56.160+0000] {logging_mixin.py:190} INFO - [2025-02-23T03:34:56.160+0000] {dag.py:3239} INFO - Sync 1 DAGs
[2025-02-23T03:34:56.281+0000] {logging_mixin.py:190} INFO - [2025-02-23T03:34:56.280+0000] {dag.py:4180} INFO - Setting next_dagrun for example_workday_timetable to 2021-01-04 00:00:00+00:00, run_after=2021-01-05 00:00:00+00:00
[2025-02-23T03:34:56.315+0000] {processor.py:208} INFO - Processing /home/airflow/.local/lib/python3.12/site-packages/airflow/example_dags/example_workday_timetable.py took 0.226 seconds
[2025-02-23T03:35:26.639+0000] {processor.py:186} INFO - Started process (PID=1136) to work on /home/airflow/.local/lib/python3.12/site-packages/airflow/example_dags/example_workday_timetable.py
[2025-02-23T03:35:26.641+0000] {processor.py:914} INFO - Processing file /home/airflow/.local/lib/python3.12/site-packages/airflow/example_dags/example_workday_timetable.py for tasks to queue
[2025-02-23T03:35:26.645+0000] {logging_mixin.py:190} INFO - [2025-02-23T03:35:26.644+0000] {dagbag.py:588} INFO - Filling up the DagBag from /home/airflow/.local/lib/python3.12/site-packages/airflow/example_dags/example_workday_timetable.py
[2025-02-23T03:35:26.655+0000] {processor.py:925} INFO - DAG(s) 'example_workday_timetable' retrieved from /home/airflow/.local/lib/python3.12/site-packages/airflow/example_dags/example_workday_timetable.py
[2025-02-23T03:35:26.691+0000] {logging_mixin.py:190} INFO - [2025-02-23T03:35:26.690+0000] {dag.py:3239} INFO - Sync 1 DAGs
[2025-02-23T03:35:26.822+0000] {logging_mixin.py:190} INFO - [2025-02-23T03:35:26.822+0000] {dag.py:4180} INFO - Setting next_dagrun for example_workday_timetable to 2021-01-04 00:00:00+00:00, run_after=2021-01-05 00:00:00+00:00
[2025-02-23T03:35:26.916+0000] {processor.py:208} INFO - Processing /home/airflow/.local/lib/python3.12/site-packages/airflow/example_dags/example_workday_timetable.py took 0.290 seconds
