[2025-02-23T03:27:03.826+0000] {processor.py:186} INFO - Started process (PID=375) to work on /home/airflow/.local/lib/python3.12/site-packages/airflow/example_dags/example_branch_datetime_operator.py
[2025-02-23T03:27:03.828+0000] {processor.py:914} INFO - Processing file /home/airflow/.local/lib/python3.12/site-packages/airflow/example_dags/example_branch_datetime_operator.py for tasks to queue
[2025-02-23T03:27:03.834+0000] {logging_mixin.py:190} INFO - [2025-02-23T03:27:03.833+0000] {dagbag.py:588} INFO - Filling up the DagBag from /home/airflow/.local/lib/python3.12/site-packages/airflow/example_dags/example_branch_datetime_operator.py
[2025-02-23T03:27:03.861+0000] {processor.py:925} INFO - DAG(s) 'example_branch_datetime_operator', 'example_branch_datetime_operator_2', 'example_branch_datetime_operator_3' retrieved from /home/airflow/.local/lib/python3.12/site-packages/airflow/example_dags/example_branch_datetime_operator.py
[2025-02-23T03:27:04.071+0000] {logging_mixin.py:190} INFO - [2025-02-23T03:27:04.069+0000] {override.py:1912} INFO - Created Permission View: can read on DAG:example_branch_datetime_operator
[2025-02-23T03:27:04.098+0000] {logging_mixin.py:190} INFO - [2025-02-23T03:27:04.097+0000] {override.py:1912} INFO - Created Permission View: can delete on DAG:example_branch_datetime_operator
[2025-02-23T03:27:04.116+0000] {logging_mixin.py:190} INFO - [2025-02-23T03:27:04.115+0000] {override.py:1912} INFO - Created Permission View: can edit on DAG:example_branch_datetime_operator
[2025-02-23T03:27:04.137+0000] {logging_mixin.py:190} INFO - [2025-02-23T03:27:04.137+0000] {override.py:1912} INFO - Created Permission View: can read on DAG Run:example_branch_datetime_operator
[2025-02-23T03:27:04.157+0000] {logging_mixin.py:190} INFO - [2025-02-23T03:27:04.156+0000] {override.py:1912} INFO - Created Permission View: menu access on DAG Run:example_branch_datetime_operator
[2025-02-23T03:27:04.174+0000] {logging_mixin.py:190} INFO - [2025-02-23T03:27:04.173+0000] {override.py:1912} INFO - Created Permission View: can delete on DAG Run:example_branch_datetime_operator
[2025-02-23T03:27:04.199+0000] {logging_mixin.py:190} INFO - [2025-02-23T03:27:04.198+0000] {override.py:1912} INFO - Created Permission View: can create on DAG Run:example_branch_datetime_operator
[2025-02-23T03:27:04.277+0000] {logging_mixin.py:190} INFO - [2025-02-23T03:27:04.276+0000] {override.py:1912} INFO - Created Permission View: can read on DAG:example_branch_datetime_operator_2
[2025-02-23T03:27:04.294+0000] {logging_mixin.py:190} INFO - [2025-02-23T03:27:04.294+0000] {override.py:1912} INFO - Created Permission View: can delete on DAG:example_branch_datetime_operator_2
[2025-02-23T03:27:04.314+0000] {logging_mixin.py:190} INFO - [2025-02-23T03:27:04.313+0000] {override.py:1912} INFO - Created Permission View: can edit on DAG:example_branch_datetime_operator_2
[2025-02-23T03:27:04.338+0000] {logging_mixin.py:190} INFO - [2025-02-23T03:27:04.337+0000] {override.py:1912} INFO - Created Permission View: can read on DAG Run:example_branch_datetime_operator_2
[2025-02-23T03:27:04.355+0000] {logging_mixin.py:190} INFO - [2025-02-23T03:27:04.354+0000] {override.py:1912} INFO - Created Permission View: menu access on DAG Run:example_branch_datetime_operator_2
[2025-02-23T03:27:04.371+0000] {logging_mixin.py:190} INFO - [2025-02-23T03:27:04.370+0000] {override.py:1912} INFO - Created Permission View: can delete on DAG Run:example_branch_datetime_operator_2
[2025-02-23T03:27:04.389+0000] {logging_mixin.py:190} INFO - [2025-02-23T03:27:04.389+0000] {override.py:1912} INFO - Created Permission View: can create on DAG Run:example_branch_datetime_operator_2
[2025-02-23T03:27:04.419+0000] {logging_mixin.py:190} INFO - [2025-02-23T03:27:04.419+0000] {override.py:1912} INFO - Created Permission View: can read on DAG:example_branch_datetime_operator_3
[2025-02-23T03:27:04.442+0000] {logging_mixin.py:190} INFO - [2025-02-23T03:27:04.442+0000] {override.py:1912} INFO - Created Permission View: can delete on DAG:example_branch_datetime_operator_3
[2025-02-23T03:27:04.456+0000] {logging_mixin.py:190} INFO - [2025-02-23T03:27:04.456+0000] {override.py:1912} INFO - Created Permission View: can edit on DAG:example_branch_datetime_operator_3
[2025-02-23T03:27:04.474+0000] {logging_mixin.py:190} INFO - [2025-02-23T03:27:04.474+0000] {override.py:1912} INFO - Created Permission View: can read on DAG Run:example_branch_datetime_operator_3
[2025-02-23T03:27:04.489+0000] {logging_mixin.py:190} INFO - [2025-02-23T03:27:04.488+0000] {override.py:1912} INFO - Created Permission View: menu access on DAG Run:example_branch_datetime_operator_3
[2025-02-23T03:27:04.509+0000] {logging_mixin.py:190} INFO - [2025-02-23T03:27:04.508+0000] {override.py:1912} INFO - Created Permission View: can delete on DAG Run:example_branch_datetime_operator_3
[2025-02-23T03:27:04.525+0000] {logging_mixin.py:190} INFO - [2025-02-23T03:27:04.524+0000] {override.py:1912} INFO - Created Permission View: can create on DAG Run:example_branch_datetime_operator_3
[2025-02-23T03:27:04.526+0000] {logging_mixin.py:190} INFO - [2025-02-23T03:27:04.526+0000] {dag.py:3239} INFO - Sync 3 DAGs
[2025-02-23T03:27:04.558+0000] {logging_mixin.py:190} INFO - [2025-02-23T03:27:04.557+0000] {dag.py:3262} INFO - Creating ORM DAG for example_branch_datetime_operator_2
[2025-02-23T03:27:04.560+0000] {logging_mixin.py:190} INFO - [2025-02-23T03:27:04.559+0000] {dag.py:3262} INFO - Creating ORM DAG for example_branch_datetime_operator
[2025-02-23T03:27:04.562+0000] {logging_mixin.py:190} INFO - [2025-02-23T03:27:04.561+0000] {dag.py:3262} INFO - Creating ORM DAG for example_branch_datetime_operator_3
[2025-02-23T03:27:04.592+0000] {logging_mixin.py:190} INFO - [2025-02-23T03:27:04.591+0000] {dag.py:4180} INFO - Setting next_dagrun for example_branch_datetime_operator to 2025-02-22 00:00:00+00:00, run_after=2025-02-23 00:00:00+00:00
[2025-02-23T03:27:04.598+0000] {logging_mixin.py:190} INFO - [2025-02-23T03:27:04.597+0000] {dag.py:4180} INFO - Setting next_dagrun for example_branch_datetime_operator_2 to 2025-02-22 00:00:00+00:00, run_after=2025-02-23 00:00:00+00:00
[2025-02-23T03:27:04.602+0000] {logging_mixin.py:190} INFO - [2025-02-23T03:27:04.601+0000] {dag.py:4180} INFO - Setting next_dagrun for example_branch_datetime_operator_3 to 2025-02-22 00:00:00+00:00, run_after=2025-02-23 00:00:00+00:00
[2025-02-23T03:27:04.687+0000] {processor.py:208} INFO - Processing /home/airflow/.local/lib/python3.12/site-packages/airflow/example_dags/example_branch_datetime_operator.py took 0.873 seconds
[2025-02-23T03:27:35.107+0000] {processor.py:186} INFO - Started process (PID=663) to work on /home/airflow/.local/lib/python3.12/site-packages/airflow/example_dags/example_branch_datetime_operator.py
[2025-02-23T03:27:35.109+0000] {processor.py:914} INFO - Processing file /home/airflow/.local/lib/python3.12/site-packages/airflow/example_dags/example_branch_datetime_operator.py for tasks to queue
[2025-02-23T03:27:35.114+0000] {logging_mixin.py:190} INFO - [2025-02-23T03:27:35.114+0000] {dagbag.py:588} INFO - Filling up the DagBag from /home/airflow/.local/lib/python3.12/site-packages/airflow/example_dags/example_branch_datetime_operator.py
[2025-02-23T03:27:35.137+0000] {processor.py:925} INFO - DAG(s) 'example_branch_datetime_operator_2', 'example_branch_datetime_operator', 'example_branch_datetime_operator_3' retrieved from /home/airflow/.local/lib/python3.12/site-packages/airflow/example_dags/example_branch_datetime_operator.py
[2025-02-23T03:27:35.195+0000] {logging_mixin.py:190} INFO - [2025-02-23T03:27:35.195+0000] {dag.py:3239} INFO - Sync 3 DAGs
[2025-02-23T03:27:35.254+0000] {logging_mixin.py:190} INFO - [2025-02-23T03:27:35.254+0000] {dag.py:4180} INFO - Setting next_dagrun for example_branch_datetime_operator to 2025-02-22 00:00:00+00:00, run_after=2025-02-23 00:00:00+00:00
[2025-02-23T03:27:35.269+0000] {logging_mixin.py:190} INFO - [2025-02-23T03:27:35.268+0000] {dag.py:4180} INFO - Setting next_dagrun for example_branch_datetime_operator_2 to 2025-02-22 00:00:00+00:00, run_after=2025-02-23 00:00:00+00:00
[2025-02-23T03:27:35.288+0000] {logging_mixin.py:190} INFO - [2025-02-23T03:27:35.288+0000] {dag.py:4180} INFO - Setting next_dagrun for example_branch_datetime_operator_3 to 2025-02-22 00:00:00+00:00, run_after=2025-02-23 00:00:00+00:00
[2025-02-23T03:27:35.333+0000] {processor.py:208} INFO - Processing /home/airflow/.local/lib/python3.12/site-packages/airflow/example_dags/example_branch_datetime_operator.py took 0.241 seconds
[2025-02-23T03:28:05.880+0000] {processor.py:186} INFO - Started process (PID=952) to work on /home/airflow/.local/lib/python3.12/site-packages/airflow/example_dags/example_branch_datetime_operator.py
[2025-02-23T03:28:05.882+0000] {processor.py:914} INFO - Processing file /home/airflow/.local/lib/python3.12/site-packages/airflow/example_dags/example_branch_datetime_operator.py for tasks to queue
[2025-02-23T03:28:05.887+0000] {logging_mixin.py:190} INFO - [2025-02-23T03:28:05.886+0000] {dagbag.py:588} INFO - Filling up the DagBag from /home/airflow/.local/lib/python3.12/site-packages/airflow/example_dags/example_branch_datetime_operator.py
[2025-02-23T03:28:05.913+0000] {processor.py:925} INFO - DAG(s) 'example_branch_datetime_operator_2', 'example_branch_datetime_operator', 'example_branch_datetime_operator_3' retrieved from /home/airflow/.local/lib/python3.12/site-packages/airflow/example_dags/example_branch_datetime_operator.py
[2025-02-23T03:28:05.975+0000] {logging_mixin.py:190} INFO - [2025-02-23T03:28:05.974+0000] {dag.py:3239} INFO - Sync 3 DAGs
[2025-02-23T03:28:06.041+0000] {logging_mixin.py:190} INFO - [2025-02-23T03:28:06.040+0000] {dag.py:4180} INFO - Setting next_dagrun for example_branch_datetime_operator to 2025-02-22 00:00:00+00:00, run_after=2025-02-23 00:00:00+00:00
[2025-02-23T03:28:06.052+0000] {logging_mixin.py:190} INFO - [2025-02-23T03:28:06.052+0000] {dag.py:4180} INFO - Setting next_dagrun for example_branch_datetime_operator_2 to 2025-02-22 00:00:00+00:00, run_after=2025-02-23 00:00:00+00:00
[2025-02-23T03:28:06.058+0000] {logging_mixin.py:190} INFO - [2025-02-23T03:28:06.058+0000] {dag.py:4180} INFO - Setting next_dagrun for example_branch_datetime_operator_3 to 2025-02-22 00:00:00+00:00, run_after=2025-02-23 00:00:00+00:00
[2025-02-23T03:28:06.094+0000] {processor.py:208} INFO - Processing /home/airflow/.local/lib/python3.12/site-packages/airflow/example_dags/example_branch_datetime_operator.py took 0.225 seconds
[2025-02-23T03:34:02.445+0000] {processor.py:186} INFO - Started process (PID=375) to work on /home/airflow/.local/lib/python3.12/site-packages/airflow/example_dags/example_branch_datetime_operator.py
[2025-02-23T03:34:02.447+0000] {processor.py:914} INFO - Processing file /home/airflow/.local/lib/python3.12/site-packages/airflow/example_dags/example_branch_datetime_operator.py for tasks to queue
[2025-02-23T03:34:02.452+0000] {logging_mixin.py:190} INFO - [2025-02-23T03:34:02.451+0000] {dagbag.py:588} INFO - Filling up the DagBag from /home/airflow/.local/lib/python3.12/site-packages/airflow/example_dags/example_branch_datetime_operator.py
[2025-02-23T03:34:02.481+0000] {processor.py:925} INFO - DAG(s) 'example_branch_datetime_operator_2', 'example_branch_datetime_operator_3', 'example_branch_datetime_operator' retrieved from /home/airflow/.local/lib/python3.12/site-packages/airflow/example_dags/example_branch_datetime_operator.py
[2025-02-23T03:34:02.720+0000] {logging_mixin.py:190} INFO - [2025-02-23T03:34:02.718+0000] {override.py:1912} INFO - Created Permission View: can read on DAG:example_branch_datetime_operator_2
[2025-02-23T03:34:02.750+0000] {logging_mixin.py:190} INFO - [2025-02-23T03:34:02.749+0000] {override.py:1912} INFO - Created Permission View: can edit on DAG:example_branch_datetime_operator_2
[2025-02-23T03:34:02.769+0000] {logging_mixin.py:190} INFO - [2025-02-23T03:34:02.768+0000] {override.py:1912} INFO - Created Permission View: can delete on DAG:example_branch_datetime_operator_2
[2025-02-23T03:34:02.890+0000] {logging_mixin.py:190} INFO - [2025-02-23T03:34:02.889+0000] {override.py:1912} INFO - Created Permission View: can read on DAG Run:example_branch_datetime_operator_2
[2025-02-23T03:34:02.954+0000] {logging_mixin.py:190} INFO - [2025-02-23T03:34:02.953+0000] {override.py:1912} INFO - Created Permission View: menu access on DAG Run:example_branch_datetime_operator_2
[2025-02-23T03:34:02.983+0000] {logging_mixin.py:190} INFO - [2025-02-23T03:34:02.982+0000] {override.py:1912} INFO - Created Permission View: can create on DAG Run:example_branch_datetime_operator_2
[2025-02-23T03:34:03.007+0000] {logging_mixin.py:190} INFO - [2025-02-23T03:34:03.006+0000] {override.py:1912} INFO - Created Permission View: can delete on DAG Run:example_branch_datetime_operator_2
[2025-02-23T03:34:03.046+0000] {logging_mixin.py:190} INFO - [2025-02-23T03:34:03.045+0000] {override.py:1912} INFO - Created Permission View: can read on DAG:example_branch_datetime_operator_3
[2025-02-23T03:34:03.062+0000] {logging_mixin.py:190} INFO - [2025-02-23T03:34:03.061+0000] {override.py:1912} INFO - Created Permission View: can edit on DAG:example_branch_datetime_operator_3
[2025-02-23T03:34:03.077+0000] {logging_mixin.py:190} INFO - [2025-02-23T03:34:03.077+0000] {override.py:1912} INFO - Created Permission View: can delete on DAG:example_branch_datetime_operator_3
[2025-02-23T03:34:03.095+0000] {logging_mixin.py:190} INFO - [2025-02-23T03:34:03.094+0000] {override.py:1912} INFO - Created Permission View: can read on DAG Run:example_branch_datetime_operator_3
[2025-02-23T03:34:03.109+0000] {logging_mixin.py:190} INFO - [2025-02-23T03:34:03.108+0000] {override.py:1912} INFO - Created Permission View: menu access on DAG Run:example_branch_datetime_operator_3
[2025-02-23T03:34:03.124+0000] {logging_mixin.py:190} INFO - [2025-02-23T03:34:03.124+0000] {override.py:1912} INFO - Created Permission View: can create on DAG Run:example_branch_datetime_operator_3
[2025-02-23T03:34:03.139+0000] {logging_mixin.py:190} INFO - [2025-02-23T03:34:03.138+0000] {override.py:1912} INFO - Created Permission View: can delete on DAG Run:example_branch_datetime_operator_3
[2025-02-23T03:34:03.166+0000] {logging_mixin.py:190} INFO - [2025-02-23T03:34:03.166+0000] {override.py:1912} INFO - Created Permission View: can read on DAG:example_branch_datetime_operator
[2025-02-23T03:34:03.182+0000] {logging_mixin.py:190} INFO - [2025-02-23T03:34:03.180+0000] {override.py:1912} INFO - Created Permission View: can edit on DAG:example_branch_datetime_operator
[2025-02-23T03:34:03.198+0000] {logging_mixin.py:190} INFO - [2025-02-23T03:34:03.197+0000] {override.py:1912} INFO - Created Permission View: can delete on DAG:example_branch_datetime_operator
[2025-02-23T03:34:03.216+0000] {logging_mixin.py:190} INFO - [2025-02-23T03:34:03.215+0000] {override.py:1912} INFO - Created Permission View: can read on DAG Run:example_branch_datetime_operator
[2025-02-23T03:34:03.231+0000] {logging_mixin.py:190} INFO - [2025-02-23T03:34:03.231+0000] {override.py:1912} INFO - Created Permission View: menu access on DAG Run:example_branch_datetime_operator
[2025-02-23T03:34:03.248+0000] {logging_mixin.py:190} INFO - [2025-02-23T03:34:03.247+0000] {override.py:1912} INFO - Created Permission View: can create on DAG Run:example_branch_datetime_operator
[2025-02-23T03:34:03.264+0000] {logging_mixin.py:190} INFO - [2025-02-23T03:34:03.263+0000] {override.py:1912} INFO - Created Permission View: can delete on DAG Run:example_branch_datetime_operator
[2025-02-23T03:34:03.266+0000] {logging_mixin.py:190} INFO - [2025-02-23T03:34:03.266+0000] {dag.py:3239} INFO - Sync 3 DAGs
[2025-02-23T03:34:03.295+0000] {logging_mixin.py:190} INFO - [2025-02-23T03:34:03.294+0000] {dag.py:3262} INFO - Creating ORM DAG for example_branch_datetime_operator
[2025-02-23T03:34:03.297+0000] {logging_mixin.py:190} INFO - [2025-02-23T03:34:03.296+0000] {dag.py:3262} INFO - Creating ORM DAG for example_branch_datetime_operator_3
[2025-02-23T03:34:03.299+0000] {logging_mixin.py:190} INFO - [2025-02-23T03:34:03.298+0000] {dag.py:3262} INFO - Creating ORM DAG for example_branch_datetime_operator_2
[2025-02-23T03:34:03.327+0000] {logging_mixin.py:190} INFO - [2025-02-23T03:34:03.327+0000] {dag.py:4180} INFO - Setting next_dagrun for example_branch_datetime_operator to 2025-02-22 00:00:00+00:00, run_after=2025-02-23 00:00:00+00:00
[2025-02-23T03:34:03.331+0000] {logging_mixin.py:190} INFO - [2025-02-23T03:34:03.331+0000] {dag.py:4180} INFO - Setting next_dagrun for example_branch_datetime_operator_2 to 2025-02-22 00:00:00+00:00, run_after=2025-02-23 00:00:00+00:00
[2025-02-23T03:34:03.336+0000] {logging_mixin.py:190} INFO - [2025-02-23T03:34:03.335+0000] {dag.py:4180} INFO - Setting next_dagrun for example_branch_datetime_operator_3 to 2025-02-22 00:00:00+00:00, run_after=2025-02-23 00:00:00+00:00
[2025-02-23T03:34:03.390+0000] {processor.py:208} INFO - Processing /home/airflow/.local/lib/python3.12/site-packages/airflow/example_dags/example_branch_datetime_operator.py took 0.957 seconds
[2025-02-23T03:34:33.695+0000] {processor.py:186} INFO - Started process (PID=664) to work on /home/airflow/.local/lib/python3.12/site-packages/airflow/example_dags/example_branch_datetime_operator.py
[2025-02-23T03:34:33.697+0000] {processor.py:914} INFO - Processing file /home/airflow/.local/lib/python3.12/site-packages/airflow/example_dags/example_branch_datetime_operator.py for tasks to queue
[2025-02-23T03:34:33.701+0000] {logging_mixin.py:190} INFO - [2025-02-23T03:34:33.701+0000] {dagbag.py:588} INFO - Filling up the DagBag from /home/airflow/.local/lib/python3.12/site-packages/airflow/example_dags/example_branch_datetime_operator.py
[2025-02-23T03:34:33.732+0000] {processor.py:925} INFO - DAG(s) 'example_branch_datetime_operator_3', 'example_branch_datetime_operator_2', 'example_branch_datetime_operator' retrieved from /home/airflow/.local/lib/python3.12/site-packages/airflow/example_dags/example_branch_datetime_operator.py
[2025-02-23T03:34:33.790+0000] {logging_mixin.py:190} INFO - [2025-02-23T03:34:33.789+0000] {dag.py:3239} INFO - Sync 3 DAGs
[2025-02-23T03:34:33.846+0000] {logging_mixin.py:190} INFO - [2025-02-23T03:34:33.845+0000] {dag.py:4180} INFO - Setting next_dagrun for example_branch_datetime_operator to 2025-02-22 00:00:00+00:00, run_after=2025-02-23 00:00:00+00:00
[2025-02-23T03:34:33.856+0000] {logging_mixin.py:190} INFO - [2025-02-23T03:34:33.856+0000] {dag.py:4180} INFO - Setting next_dagrun for example_branch_datetime_operator_2 to 2025-02-22 00:00:00+00:00, run_after=2025-02-23 00:00:00+00:00
[2025-02-23T03:34:33.861+0000] {logging_mixin.py:190} INFO - [2025-02-23T03:34:33.861+0000] {dag.py:4180} INFO - Setting next_dagrun for example_branch_datetime_operator_3 to 2025-02-22 00:00:00+00:00, run_after=2025-02-23 00:00:00+00:00
[2025-02-23T03:34:33.926+0000] {processor.py:208} INFO - Processing /home/airflow/.local/lib/python3.12/site-packages/airflow/example_dags/example_branch_datetime_operator.py took 0.246 seconds
[2025-02-23T03:35:04.377+0000] {processor.py:186} INFO - Started process (PID=955) to work on /home/airflow/.local/lib/python3.12/site-packages/airflow/example_dags/example_branch_datetime_operator.py
[2025-02-23T03:35:04.380+0000] {processor.py:914} INFO - Processing file /home/airflow/.local/lib/python3.12/site-packages/airflow/example_dags/example_branch_datetime_operator.py for tasks to queue
[2025-02-23T03:35:04.385+0000] {logging_mixin.py:190} INFO - [2025-02-23T03:35:04.385+0000] {dagbag.py:588} INFO - Filling up the DagBag from /home/airflow/.local/lib/python3.12/site-packages/airflow/example_dags/example_branch_datetime_operator.py
[2025-02-23T03:35:04.412+0000] {processor.py:925} INFO - DAG(s) 'example_branch_datetime_operator', 'example_branch_datetime_operator_3', 'example_branch_datetime_operator_2' retrieved from /home/airflow/.local/lib/python3.12/site-packages/airflow/example_dags/example_branch_datetime_operator.py
[2025-02-23T03:35:04.475+0000] {logging_mixin.py:190} INFO - [2025-02-23T03:35:04.475+0000] {dag.py:3239} INFO - Sync 3 DAGs
[2025-02-23T03:35:04.526+0000] {logging_mixin.py:190} INFO - [2025-02-23T03:35:04.526+0000] {dag.py:4180} INFO - Setting next_dagrun for example_branch_datetime_operator to 2025-02-22 00:00:00+00:00, run_after=2025-02-23 00:00:00+00:00
[2025-02-23T03:35:04.540+0000] {logging_mixin.py:190} INFO - [2025-02-23T03:35:04.539+0000] {dag.py:4180} INFO - Setting next_dagrun for example_branch_datetime_operator_2 to 2025-02-22 00:00:00+00:00, run_after=2025-02-23 00:00:00+00:00
[2025-02-23T03:35:04.546+0000] {logging_mixin.py:190} INFO - [2025-02-23T03:35:04.545+0000] {dag.py:4180} INFO - Setting next_dagrun for example_branch_datetime_operator_3 to 2025-02-22 00:00:00+00:00, run_after=2025-02-23 00:00:00+00:00
[2025-02-23T03:35:04.620+0000] {processor.py:208} INFO - Processing /home/airflow/.local/lib/python3.12/site-packages/airflow/example_dags/example_branch_datetime_operator.py took 0.256 seconds
[2025-02-23T03:35:35.884+0000] {processor.py:186} INFO - Started process (PID=1246) to work on /home/airflow/.local/lib/python3.12/site-packages/airflow/example_dags/example_branch_datetime_operator.py
[2025-02-23T03:35:35.886+0000] {processor.py:914} INFO - Processing file /home/airflow/.local/lib/python3.12/site-packages/airflow/example_dags/example_branch_datetime_operator.py for tasks to queue
[2025-02-23T03:35:35.891+0000] {logging_mixin.py:190} INFO - [2025-02-23T03:35:35.890+0000] {dagbag.py:588} INFO - Filling up the DagBag from /home/airflow/.local/lib/python3.12/site-packages/airflow/example_dags/example_branch_datetime_operator.py
[2025-02-23T03:35:35.912+0000] {processor.py:925} INFO - DAG(s) 'example_branch_datetime_operator', 'example_branch_datetime_operator_3', 'example_branch_datetime_operator_2' retrieved from /home/airflow/.local/lib/python3.12/site-packages/airflow/example_dags/example_branch_datetime_operator.py
[2025-02-23T03:35:35.971+0000] {logging_mixin.py:190} INFO - [2025-02-23T03:35:35.971+0000] {dag.py:3239} INFO - Sync 3 DAGs
[2025-02-23T03:35:36.023+0000] {logging_mixin.py:190} INFO - [2025-02-23T03:35:36.023+0000] {dag.py:4180} INFO - Setting next_dagrun for example_branch_datetime_operator to 2025-02-22 00:00:00+00:00, run_after=2025-02-23 00:00:00+00:00
[2025-02-23T03:35:36.033+0000] {logging_mixin.py:190} INFO - [2025-02-23T03:35:36.033+0000] {dag.py:4180} INFO - Setting next_dagrun for example_branch_datetime_operator_2 to 2025-02-22 00:00:00+00:00, run_after=2025-02-23 00:00:00+00:00
[2025-02-23T03:35:36.038+0000] {logging_mixin.py:190} INFO - [2025-02-23T03:35:36.037+0000] {dag.py:4180} INFO - Setting next_dagrun for example_branch_datetime_operator_3 to 2025-02-22 00:00:00+00:00, run_after=2025-02-23 00:00:00+00:00
[2025-02-23T03:35:36.075+0000] {processor.py:208} INFO - Processing /home/airflow/.local/lib/python3.12/site-packages/airflow/example_dags/example_branch_datetime_operator.py took 0.202 seconds
