[2025-02-23T03:27:08.332+0000] {processor.py:186} INFO - Started process (PID=420) to work on /home/airflow/.local/lib/python3.12/site-packages/airflow/example_dags/example_params_ui_tutorial.py
[2025-02-23T03:27:08.334+0000] {processor.py:914} INFO - Processing file /home/airflow/.local/lib/python3.12/site-packages/airflow/example_dags/example_params_ui_tutorial.py for tasks to queue
[2025-02-23T03:27:08.340+0000] {logging_mixin.py:190} INFO - [2025-02-23T03:27:08.339+0000] {dagbag.py:588} INFO - Filling up the DagBag from /home/airflow/.local/lib/python3.12/site-packages/airflow/example_dags/example_params_ui_tutorial.py
[2025-02-23T03:27:08.361+0000] {processor.py:925} INFO - DAG(s) 'example_params_ui_tutorial' retrieved from /home/airflow/.local/lib/python3.12/site-packages/airflow/example_dags/example_params_ui_tutorial.py
[2025-02-23T03:27:08.618+0000] {logging_mixin.py:190} INFO - [2025-02-23T03:27:08.616+0000] {override.py:1912} INFO - Created Permission View: can read on DAG:example_params_ui_tutorial
[2025-02-23T03:27:08.637+0000] {logging_mixin.py:190} INFO - [2025-02-23T03:27:08.637+0000] {override.py:1912} INFO - Created Permission View: can delete on DAG:example_params_ui_tutorial
[2025-02-23T03:27:08.653+0000] {logging_mixin.py:190} INFO - [2025-02-23T03:27:08.653+0000] {override.py:1912} INFO - Created Permission View: can edit on DAG:example_params_ui_tutorial
[2025-02-23T03:27:08.671+0000] {logging_mixin.py:190} INFO - [2025-02-23T03:27:08.670+0000] {override.py:1912} INFO - Created Permission View: can read on DAG Run:example_params_ui_tutorial
[2025-02-23T03:27:08.689+0000] {logging_mixin.py:190} INFO - [2025-02-23T03:27:08.688+0000] {override.py:1912} INFO - Created Permission View: menu access on DAG Run:example_params_ui_tutorial
[2025-02-23T03:27:08.706+0000] {logging_mixin.py:190} INFO - [2025-02-23T03:27:08.706+0000] {override.py:1912} INFO - Created Permission View: can delete on DAG Run:example_params_ui_tutorial
[2025-02-23T03:27:08.722+0000] {logging_mixin.py:190} INFO - [2025-02-23T03:27:08.722+0000] {override.py:1912} INFO - Created Permission View: can create on DAG Run:example_params_ui_tutorial
[2025-02-23T03:27:08.724+0000] {logging_mixin.py:190} INFO - [2025-02-23T03:27:08.724+0000] {dag.py:3239} INFO - Sync 1 DAGs
[2025-02-23T03:27:08.752+0000] {logging_mixin.py:190} INFO - [2025-02-23T03:27:08.752+0000] {dag.py:3262} INFO - Creating ORM DAG for example_params_ui_tutorial
[2025-02-23T03:27:08.754+0000] {logging_mixin.py:190} INFO - [2025-02-23T03:27:08.754+0000] {dag.py:4180} INFO - Setting next_dagrun for example_params_ui_tutorial to None, run_after=None
[2025-02-23T03:27:08.794+0000] {processor.py:208} INFO - Processing /home/airflow/.local/lib/python3.12/site-packages/airflow/example_dags/example_params_ui_tutorial.py took 0.472 seconds
[2025-02-23T03:27:39.379+0000] {processor.py:186} INFO - Started process (PID=711) to work on /home/airflow/.local/lib/python3.12/site-packages/airflow/example_dags/example_params_ui_tutorial.py
[2025-02-23T03:27:39.381+0000] {processor.py:914} INFO - Processing file /home/airflow/.local/lib/python3.12/site-packages/airflow/example_dags/example_params_ui_tutorial.py for tasks to queue
[2025-02-23T03:27:39.385+0000] {logging_mixin.py:190} INFO - [2025-02-23T03:27:39.385+0000] {dagbag.py:588} INFO - Filling up the DagBag from /home/airflow/.local/lib/python3.12/site-packages/airflow/example_dags/example_params_ui_tutorial.py
[2025-02-23T03:27:39.409+0000] {processor.py:925} INFO - DAG(s) 'example_params_ui_tutorial' retrieved from /home/airflow/.local/lib/python3.12/site-packages/airflow/example_dags/example_params_ui_tutorial.py
[2025-02-23T03:27:39.504+0000] {logging_mixin.py:190} INFO - [2025-02-23T03:27:39.503+0000] {dag.py:3239} INFO - Sync 1 DAGs
[2025-02-23T03:27:39.537+0000] {logging_mixin.py:190} INFO - [2025-02-23T03:27:39.536+0000] {dag.py:4180} INFO - Setting next_dagrun for example_params_ui_tutorial to None, run_after=None
[2025-02-23T03:27:39.619+0000] {processor.py:208} INFO - Processing /home/airflow/.local/lib/python3.12/site-packages/airflow/example_dags/example_params_ui_tutorial.py took 0.251 seconds
[2025-02-23T03:28:09.900+0000] {processor.py:186} INFO - Started process (PID=999) to work on /home/airflow/.local/lib/python3.12/site-packages/airflow/example_dags/example_params_ui_tutorial.py
[2025-02-23T03:28:09.903+0000] {processor.py:914} INFO - Processing file /home/airflow/.local/lib/python3.12/site-packages/airflow/example_dags/example_params_ui_tutorial.py for tasks to queue
[2025-02-23T03:28:09.910+0000] {logging_mixin.py:190} INFO - [2025-02-23T03:28:09.909+0000] {dagbag.py:588} INFO - Filling up the DagBag from /home/airflow/.local/lib/python3.12/site-packages/airflow/example_dags/example_params_ui_tutorial.py
[2025-02-23T03:28:09.928+0000] {processor.py:925} INFO - DAG(s) 'example_params_ui_tutorial' retrieved from /home/airflow/.local/lib/python3.12/site-packages/airflow/example_dags/example_params_ui_tutorial.py
[2025-02-23T03:28:10.027+0000] {logging_mixin.py:190} INFO - [2025-02-23T03:28:10.026+0000] {dag.py:3239} INFO - Sync 1 DAGs
[2025-02-23T03:28:10.061+0000] {logging_mixin.py:190} INFO - [2025-02-23T03:28:10.061+0000] {dag.py:4180} INFO - Setting next_dagrun for example_params_ui_tutorial to None, run_after=None
[2025-02-23T03:28:10.120+0000] {processor.py:208} INFO - Processing /home/airflow/.local/lib/python3.12/site-packages/airflow/example_dags/example_params_ui_tutorial.py took 0.233 seconds
[2025-02-23T03:34:06.560+0000] {processor.py:186} INFO - Started process (PID=420) to work on /home/airflow/.local/lib/python3.12/site-packages/airflow/example_dags/example_params_ui_tutorial.py
[2025-02-23T03:34:06.562+0000] {processor.py:914} INFO - Processing file /home/airflow/.local/lib/python3.12/site-packages/airflow/example_dags/example_params_ui_tutorial.py for tasks to queue
[2025-02-23T03:34:06.568+0000] {logging_mixin.py:190} INFO - [2025-02-23T03:34:06.567+0000] {dagbag.py:588} INFO - Filling up the DagBag from /home/airflow/.local/lib/python3.12/site-packages/airflow/example_dags/example_params_ui_tutorial.py
[2025-02-23T03:34:06.593+0000] {processor.py:925} INFO - DAG(s) 'example_params_ui_tutorial' retrieved from /home/airflow/.local/lib/python3.12/site-packages/airflow/example_dags/example_params_ui_tutorial.py
[2025-02-23T03:34:06.888+0000] {logging_mixin.py:190} INFO - [2025-02-23T03:34:06.887+0000] {override.py:1912} INFO - Created Permission View: can read on DAG:example_params_ui_tutorial
[2025-02-23T03:34:06.910+0000] {logging_mixin.py:190} INFO - [2025-02-23T03:34:06.909+0000] {override.py:1912} INFO - Created Permission View: can edit on DAG:example_params_ui_tutorial
[2025-02-23T03:34:06.924+0000] {logging_mixin.py:190} INFO - [2025-02-23T03:34:06.923+0000] {override.py:1912} INFO - Created Permission View: can delete on DAG:example_params_ui_tutorial
[2025-02-23T03:34:06.946+0000] {logging_mixin.py:190} INFO - [2025-02-23T03:34:06.945+0000] {override.py:1912} INFO - Created Permission View: can read on DAG Run:example_params_ui_tutorial
[2025-02-23T03:34:06.963+0000] {logging_mixin.py:190} INFO - [2025-02-23T03:34:06.963+0000] {override.py:1912} INFO - Created Permission View: menu access on DAG Run:example_params_ui_tutorial
[2025-02-23T03:34:06.978+0000] {logging_mixin.py:190} INFO - [2025-02-23T03:34:06.978+0000] {override.py:1912} INFO - Created Permission View: can create on DAG Run:example_params_ui_tutorial
[2025-02-23T03:34:06.992+0000] {logging_mixin.py:190} INFO - [2025-02-23T03:34:06.992+0000] {override.py:1912} INFO - Created Permission View: can delete on DAG Run:example_params_ui_tutorial
[2025-02-23T03:34:06.994+0000] {logging_mixin.py:190} INFO - [2025-02-23T03:34:06.994+0000] {dag.py:3239} INFO - Sync 1 DAGs
[2025-02-23T03:34:07.021+0000] {logging_mixin.py:190} INFO - [2025-02-23T03:34:07.020+0000] {dag.py:3262} INFO - Creating ORM DAG for example_params_ui_tutorial
[2025-02-23T03:34:07.023+0000] {logging_mixin.py:190} INFO - [2025-02-23T03:34:07.023+0000] {dag.py:4180} INFO - Setting next_dagrun for example_params_ui_tutorial to None, run_after=None
[2025-02-23T03:34:07.055+0000] {processor.py:208} INFO - Processing /home/airflow/.local/lib/python3.12/site-packages/airflow/example_dags/example_params_ui_tutorial.py took 0.509 seconds
[2025-02-23T03:34:37.565+0000] {processor.py:186} INFO - Started process (PID=712) to work on /home/airflow/.local/lib/python3.12/site-packages/airflow/example_dags/example_params_ui_tutorial.py
[2025-02-23T03:34:37.568+0000] {processor.py:914} INFO - Processing file /home/airflow/.local/lib/python3.12/site-packages/airflow/example_dags/example_params_ui_tutorial.py for tasks to queue
[2025-02-23T03:34:37.575+0000] {logging_mixin.py:190} INFO - [2025-02-23T03:34:37.574+0000] {dagbag.py:588} INFO - Filling up the DagBag from /home/airflow/.local/lib/python3.12/site-packages/airflow/example_dags/example_params_ui_tutorial.py
[2025-02-23T03:34:37.595+0000] {processor.py:925} INFO - DAG(s) 'example_params_ui_tutorial' retrieved from /home/airflow/.local/lib/python3.12/site-packages/airflow/example_dags/example_params_ui_tutorial.py
[2025-02-23T03:34:37.684+0000] {logging_mixin.py:190} INFO - [2025-02-23T03:34:37.683+0000] {dag.py:3239} INFO - Sync 1 DAGs
[2025-02-23T03:34:37.715+0000] {logging_mixin.py:190} INFO - [2025-02-23T03:34:37.714+0000] {dag.py:4180} INFO - Setting next_dagrun for example_params_ui_tutorial to None, run_after=None
[2025-02-23T03:34:37.752+0000] {processor.py:208} INFO - Processing /home/airflow/.local/lib/python3.12/site-packages/airflow/example_dags/example_params_ui_tutorial.py took 0.201 seconds
[2025-02-23T03:35:08.110+0000] {processor.py:186} INFO - Started process (PID=998) to work on /home/airflow/.local/lib/python3.12/site-packages/airflow/example_dags/example_params_ui_tutorial.py
[2025-02-23T03:35:08.112+0000] {processor.py:914} INFO - Processing file /home/airflow/.local/lib/python3.12/site-packages/airflow/example_dags/example_params_ui_tutorial.py for tasks to queue
[2025-02-23T03:35:08.124+0000] {logging_mixin.py:190} INFO - [2025-02-23T03:35:08.122+0000] {dagbag.py:588} INFO - Filling up the DagBag from /home/airflow/.local/lib/python3.12/site-packages/airflow/example_dags/example_params_ui_tutorial.py
[2025-02-23T03:35:08.148+0000] {processor.py:925} INFO - DAG(s) 'example_params_ui_tutorial' retrieved from /home/airflow/.local/lib/python3.12/site-packages/airflow/example_dags/example_params_ui_tutorial.py
[2025-02-23T03:35:08.264+0000] {logging_mixin.py:190} INFO - [2025-02-23T03:35:08.263+0000] {dag.py:3239} INFO - Sync 1 DAGs
[2025-02-23T03:35:08.301+0000] {logging_mixin.py:190} INFO - [2025-02-23T03:35:08.300+0000] {dag.py:4180} INFO - Setting next_dagrun for example_params_ui_tutorial to None, run_after=None
[2025-02-23T03:35:08.349+0000] {processor.py:208} INFO - Processing /home/airflow/.local/lib/python3.12/site-packages/airflow/example_dags/example_params_ui_tutorial.py took 0.260 seconds
[2025-02-23T03:35:38.725+0000] {processor.py:186} INFO - Started process (PID=1289) to work on /home/airflow/.local/lib/python3.12/site-packages/airflow/example_dags/example_params_ui_tutorial.py
[2025-02-23T03:35:38.728+0000] {processor.py:914} INFO - Processing file /home/airflow/.local/lib/python3.12/site-packages/airflow/example_dags/example_params_ui_tutorial.py for tasks to queue
[2025-02-23T03:35:38.732+0000] {logging_mixin.py:190} INFO - [2025-02-23T03:35:38.731+0000] {dagbag.py:588} INFO - Filling up the DagBag from /home/airflow/.local/lib/python3.12/site-packages/airflow/example_dags/example_params_ui_tutorial.py
[2025-02-23T03:35:38.752+0000] {processor.py:925} INFO - DAG(s) 'example_params_ui_tutorial' retrieved from /home/airflow/.local/lib/python3.12/site-packages/airflow/example_dags/example_params_ui_tutorial.py
[2025-02-23T03:35:38.863+0000] {logging_mixin.py:190} INFO - [2025-02-23T03:35:38.862+0000] {dag.py:3239} INFO - Sync 1 DAGs
[2025-02-23T03:35:38.897+0000] {logging_mixin.py:190} INFO - [2025-02-23T03:35:38.896+0000] {dag.py:4180} INFO - Setting next_dagrun for example_params_ui_tutorial to None, run_after=None
[2025-02-23T03:35:38.944+0000] {processor.py:208} INFO - Processing /home/airflow/.local/lib/python3.12/site-packages/airflow/example_dags/example_params_ui_tutorial.py took 0.232 seconds
