[2025-02-23T03:26:59.671+0000] {processor.py:186} INFO - Started process (PID=325) to work on /home/airflow/.local/lib/python3.12/site-packages/airflow/example_dags/example_subdag_operator.py
[2025-02-23T03:26:59.673+0000] {processor.py:914} INFO - Processing file /home/airflow/.local/lib/python3.12/site-packages/airflow/example_dags/example_subdag_operator.py for tasks to queue
[2025-02-23T03:26:59.677+0000] {logging_mixin.py:190} INFO - [2025-02-23T03:26:59.677+0000] {dagbag.py:588} INFO - Filling up the DagBag from /home/airflow/.local/lib/python3.12/site-packages/airflow/example_dags/example_subdag_operator.py
[2025-02-23T03:26:59.729+0000] {processor.py:925} INFO - DAG(s) 'example_subdag_operator.section-1', 'example_subdag_operator.section-2', 'example_subdag_operator' retrieved from /home/airflow/.local/lib/python3.12/site-packages/airflow/example_dags/example_subdag_operator.py
[2025-02-23T03:26:59.901+0000] {logging_mixin.py:190} INFO - [2025-02-23T03:26:59.899+0000] {override.py:1912} INFO - Created Permission View: can read on DAG:example_subdag_operator
[2025-02-23T03:26:59.920+0000] {logging_mixin.py:190} INFO - [2025-02-23T03:26:59.919+0000] {override.py:1912} INFO - Created Permission View: can delete on DAG:example_subdag_operator
[2025-02-23T03:26:59.933+0000] {logging_mixin.py:190} INFO - [2025-02-23T03:26:59.932+0000] {override.py:1912} INFO - Created Permission View: can edit on DAG:example_subdag_operator
[2025-02-23T03:26:59.951+0000] {logging_mixin.py:190} INFO - [2025-02-23T03:26:59.950+0000] {override.py:1912} INFO - Created Permission View: can read on DAG Run:example_subdag_operator
[2025-02-23T03:26:59.963+0000] {logging_mixin.py:190} INFO - [2025-02-23T03:26:59.963+0000] {override.py:1912} INFO - Created Permission View: menu access on DAG Run:example_subdag_operator
[2025-02-23T03:26:59.976+0000] {logging_mixin.py:190} INFO - [2025-02-23T03:26:59.975+0000] {override.py:1912} INFO - Created Permission View: can delete on DAG Run:example_subdag_operator
[2025-02-23T03:26:59.992+0000] {logging_mixin.py:190} INFO - [2025-02-23T03:26:59.990+0000] {override.py:1912} INFO - Created Permission View: can create on DAG Run:example_subdag_operator
[2025-02-23T03:26:59.993+0000] {logging_mixin.py:190} INFO - [2025-02-23T03:26:59.993+0000] {dag.py:3239} INFO - Sync 3 DAGs
[2025-02-23T03:27:00.032+0000] {logging_mixin.py:190} INFO - [2025-02-23T03:27:00.032+0000] {dag.py:3262} INFO - Creating ORM DAG for example_subdag_operator.section-2
[2025-02-23T03:27:00.038+0000] {logging_mixin.py:190} INFO - [2025-02-23T03:27:00.036+0000] {dag.py:3262} INFO - Creating ORM DAG for example_subdag_operator
[2025-02-23T03:27:00.045+0000] {logging_mixin.py:190} INFO - [2025-02-23T03:27:00.043+0000] {dag.py:3262} INFO - Creating ORM DAG for example_subdag_operator.section-1
[2025-02-23T03:27:00.072+0000] {logging_mixin.py:190} INFO - [2025-02-23T03:27:00.072+0000] {dag.py:4180} INFO - Setting next_dagrun for example_subdag_operator to 2022-01-01 00:00:00+00:00, run_after=2022-01-01 00:00:00+00:00
[2025-02-23T03:27:00.076+0000] {logging_mixin.py:190} INFO - [2025-02-23T03:27:00.075+0000] {dag.py:4180} INFO - Setting next_dagrun for example_subdag_operator.section-1 to None, run_after=None
[2025-02-23T03:27:00.078+0000] {logging_mixin.py:190} INFO - [2025-02-23T03:27:00.077+0000] {dag.py:4180} INFO - Setting next_dagrun for example_subdag_operator.section-2 to None, run_after=None
[2025-02-23T03:27:00.102+0000] {logging_mixin.py:190} INFO - [2025-02-23T03:27:00.101+0000] {dag.py:3239} INFO - Sync 2 DAGs
[2025-02-23T03:27:00.118+0000] {logging_mixin.py:190} INFO - [2025-02-23T03:27:00.118+0000] {dag.py:4180} INFO - Setting next_dagrun for example_subdag_operator.section-1 to None, run_after=None
[2025-02-23T03:27:00.126+0000] {logging_mixin.py:190} INFO - [2025-02-23T03:27:00.126+0000] {dag.py:4180} INFO - Setting next_dagrun for example_subdag_operator.section-2 to None, run_after=None
[2025-02-23T03:27:00.162+0000] {processor.py:208} INFO - Processing /home/airflow/.local/lib/python3.12/site-packages/airflow/example_dags/example_subdag_operator.py took 0.503 seconds
[2025-02-23T03:27:30.805+0000] {processor.py:186} INFO - Started process (PID=613) to work on /home/airflow/.local/lib/python3.12/site-packages/airflow/example_dags/example_subdag_operator.py
[2025-02-23T03:27:30.807+0000] {processor.py:914} INFO - Processing file /home/airflow/.local/lib/python3.12/site-packages/airflow/example_dags/example_subdag_operator.py for tasks to queue
[2025-02-23T03:27:30.813+0000] {logging_mixin.py:190} INFO - [2025-02-23T03:27:30.812+0000] {dagbag.py:588} INFO - Filling up the DagBag from /home/airflow/.local/lib/python3.12/site-packages/airflow/example_dags/example_subdag_operator.py
[2025-02-23T03:27:30.869+0000] {processor.py:925} INFO - DAG(s) 'example_subdag_operator.section-1', 'example_subdag_operator.section-2', 'example_subdag_operator' retrieved from /home/airflow/.local/lib/python3.12/site-packages/airflow/example_dags/example_subdag_operator.py
[2025-02-23T03:27:30.908+0000] {logging_mixin.py:190} INFO - [2025-02-23T03:27:30.908+0000] {dag.py:3239} INFO - Sync 3 DAGs
[2025-02-23T03:27:30.958+0000] {logging_mixin.py:190} INFO - [2025-02-23T03:27:30.957+0000] {dag.py:4180} INFO - Setting next_dagrun for example_subdag_operator to 2022-01-01 00:00:00+00:00, run_after=2022-01-01 00:00:00+00:00
[2025-02-23T03:27:30.970+0000] {logging_mixin.py:190} INFO - [2025-02-23T03:27:30.970+0000] {dag.py:4180} INFO - Setting next_dagrun for example_subdag_operator.section-1 to None, run_after=None
[2025-02-23T03:27:30.974+0000] {logging_mixin.py:190} INFO - [2025-02-23T03:27:30.974+0000] {dag.py:4180} INFO - Setting next_dagrun for example_subdag_operator.section-2 to None, run_after=None
[2025-02-23T03:27:30.989+0000] {logging_mixin.py:190} INFO - [2025-02-23T03:27:30.989+0000] {dag.py:3239} INFO - Sync 2 DAGs
[2025-02-23T03:27:31.000+0000] {logging_mixin.py:190} INFO - [2025-02-23T03:27:31.000+0000] {dag.py:4180} INFO - Setting next_dagrun for example_subdag_operator.section-1 to None, run_after=None
[2025-02-23T03:27:31.002+0000] {logging_mixin.py:190} INFO - [2025-02-23T03:27:31.001+0000] {dag.py:4180} INFO - Setting next_dagrun for example_subdag_operator.section-2 to None, run_after=None
[2025-02-23T03:27:31.028+0000] {processor.py:208} INFO - Processing /home/airflow/.local/lib/python3.12/site-packages/airflow/example_dags/example_subdag_operator.py took 0.237 seconds
[2025-02-23T03:28:01.684+0000] {processor.py:186} INFO - Started process (PID=904) to work on /home/airflow/.local/lib/python3.12/site-packages/airflow/example_dags/example_subdag_operator.py
[2025-02-23T03:28:01.686+0000] {processor.py:914} INFO - Processing file /home/airflow/.local/lib/python3.12/site-packages/airflow/example_dags/example_subdag_operator.py for tasks to queue
[2025-02-23T03:28:01.692+0000] {logging_mixin.py:190} INFO - [2025-02-23T03:28:01.691+0000] {dagbag.py:588} INFO - Filling up the DagBag from /home/airflow/.local/lib/python3.12/site-packages/airflow/example_dags/example_subdag_operator.py
[2025-02-23T03:28:01.744+0000] {processor.py:925} INFO - DAG(s) 'example_subdag_operator.section-1', 'example_subdag_operator.section-2', 'example_subdag_operator' retrieved from /home/airflow/.local/lib/python3.12/site-packages/airflow/example_dags/example_subdag_operator.py
[2025-02-23T03:28:01.778+0000] {logging_mixin.py:190} INFO - [2025-02-23T03:28:01.777+0000] {dag.py:3239} INFO - Sync 3 DAGs
[2025-02-23T03:28:01.828+0000] {logging_mixin.py:190} INFO - [2025-02-23T03:28:01.827+0000] {dag.py:4180} INFO - Setting next_dagrun for example_subdag_operator to 2022-01-01 00:00:00+00:00, run_after=2022-01-01 00:00:00+00:00
[2025-02-23T03:28:01.836+0000] {logging_mixin.py:190} INFO - [2025-02-23T03:28:01.835+0000] {dag.py:4180} INFO - Setting next_dagrun for example_subdag_operator.section-1 to None, run_after=None
[2025-02-23T03:28:01.841+0000] {logging_mixin.py:190} INFO - [2025-02-23T03:28:01.841+0000] {dag.py:4180} INFO - Setting next_dagrun for example_subdag_operator.section-2 to None, run_after=None
[2025-02-23T03:28:01.856+0000] {logging_mixin.py:190} INFO - [2025-02-23T03:28:01.856+0000] {dag.py:3239} INFO - Sync 2 DAGs
[2025-02-23T03:28:01.870+0000] {logging_mixin.py:190} INFO - [2025-02-23T03:28:01.870+0000] {dag.py:4180} INFO - Setting next_dagrun for example_subdag_operator.section-1 to None, run_after=None
[2025-02-23T03:28:01.872+0000] {logging_mixin.py:190} INFO - [2025-02-23T03:28:01.872+0000] {dag.py:4180} INFO - Setting next_dagrun for example_subdag_operator.section-2 to None, run_after=None
[2025-02-23T03:28:01.945+0000] {processor.py:208} INFO - Processing /home/airflow/.local/lib/python3.12/site-packages/airflow/example_dags/example_subdag_operator.py took 0.273 seconds
[2025-02-23T03:33:57.803+0000] {processor.py:186} INFO - Started process (PID=325) to work on /home/airflow/.local/lib/python3.12/site-packages/airflow/example_dags/example_subdag_operator.py
[2025-02-23T03:33:57.806+0000] {processor.py:914} INFO - Processing file /home/airflow/.local/lib/python3.12/site-packages/airflow/example_dags/example_subdag_operator.py for tasks to queue
[2025-02-23T03:33:57.811+0000] {logging_mixin.py:190} INFO - [2025-02-23T03:33:57.810+0000] {dagbag.py:588} INFO - Filling up the DagBag from /home/airflow/.local/lib/python3.12/site-packages/airflow/example_dags/example_subdag_operator.py
[2025-02-23T03:33:57.868+0000] {processor.py:925} INFO - DAG(s) 'example_subdag_operator.section-1', 'example_subdag_operator.section-2', 'example_subdag_operator' retrieved from /home/airflow/.local/lib/python3.12/site-packages/airflow/example_dags/example_subdag_operator.py
[2025-02-23T03:33:58.042+0000] {logging_mixin.py:190} INFO - [2025-02-23T03:33:58.041+0000] {override.py:1912} INFO - Created Permission View: can read on DAG:example_subdag_operator
[2025-02-23T03:33:58.065+0000] {logging_mixin.py:190} INFO - [2025-02-23T03:33:58.065+0000] {override.py:1912} INFO - Created Permission View: can edit on DAG:example_subdag_operator
[2025-02-23T03:33:58.082+0000] {logging_mixin.py:190} INFO - [2025-02-23T03:33:58.082+0000] {override.py:1912} INFO - Created Permission View: can delete on DAG:example_subdag_operator
[2025-02-23T03:33:58.107+0000] {logging_mixin.py:190} INFO - [2025-02-23T03:33:58.106+0000] {override.py:1912} INFO - Created Permission View: can read on DAG Run:example_subdag_operator
[2025-02-23T03:33:58.126+0000] {logging_mixin.py:190} INFO - [2025-02-23T03:33:58.125+0000] {override.py:1912} INFO - Created Permission View: menu access on DAG Run:example_subdag_operator
[2025-02-23T03:33:58.144+0000] {logging_mixin.py:190} INFO - [2025-02-23T03:33:58.142+0000] {override.py:1912} INFO - Created Permission View: can create on DAG Run:example_subdag_operator
[2025-02-23T03:33:58.160+0000] {logging_mixin.py:190} INFO - [2025-02-23T03:33:58.160+0000] {override.py:1912} INFO - Created Permission View: can delete on DAG Run:example_subdag_operator
[2025-02-23T03:33:58.162+0000] {logging_mixin.py:190} INFO - [2025-02-23T03:33:58.161+0000] {dag.py:3239} INFO - Sync 3 DAGs
[2025-02-23T03:33:58.195+0000] {logging_mixin.py:190} INFO - [2025-02-23T03:33:58.194+0000] {dag.py:3262} INFO - Creating ORM DAG for example_subdag_operator.section-1
[2025-02-23T03:33:58.197+0000] {logging_mixin.py:190} INFO - [2025-02-23T03:33:58.196+0000] {dag.py:3262} INFO - Creating ORM DAG for example_subdag_operator.section-2
[2025-02-23T03:33:58.198+0000] {logging_mixin.py:190} INFO - [2025-02-23T03:33:58.198+0000] {dag.py:3262} INFO - Creating ORM DAG for example_subdag_operator
[2025-02-23T03:33:58.217+0000] {logging_mixin.py:190} INFO - [2025-02-23T03:33:58.217+0000] {dag.py:4180} INFO - Setting next_dagrun for example_subdag_operator to 2022-01-01 00:00:00+00:00, run_after=2022-01-01 00:00:00+00:00
[2025-02-23T03:33:58.220+0000] {logging_mixin.py:190} INFO - [2025-02-23T03:33:58.220+0000] {dag.py:4180} INFO - Setting next_dagrun for example_subdag_operator.section-1 to None, run_after=None
[2025-02-23T03:33:58.222+0000] {logging_mixin.py:190} INFO - [2025-02-23T03:33:58.221+0000] {dag.py:4180} INFO - Setting next_dagrun for example_subdag_operator.section-2 to None, run_after=None
[2025-02-23T03:33:58.242+0000] {logging_mixin.py:190} INFO - [2025-02-23T03:33:58.241+0000] {dag.py:3239} INFO - Sync 2 DAGs
[2025-02-23T03:33:58.255+0000] {logging_mixin.py:190} INFO - [2025-02-23T03:33:58.255+0000] {dag.py:4180} INFO - Setting next_dagrun for example_subdag_operator.section-1 to None, run_after=None
[2025-02-23T03:33:58.266+0000] {logging_mixin.py:190} INFO - [2025-02-23T03:33:58.264+0000] {dag.py:4180} INFO - Setting next_dagrun for example_subdag_operator.section-2 to None, run_after=None
[2025-02-23T03:33:58.312+0000] {processor.py:208} INFO - Processing /home/airflow/.local/lib/python3.12/site-packages/airflow/example_dags/example_subdag_operator.py took 0.521 seconds
[2025-02-23T03:34:29.179+0000] {processor.py:186} INFO - Started process (PID=614) to work on /home/airflow/.local/lib/python3.12/site-packages/airflow/example_dags/example_subdag_operator.py
[2025-02-23T03:34:29.182+0000] {processor.py:914} INFO - Processing file /home/airflow/.local/lib/python3.12/site-packages/airflow/example_dags/example_subdag_operator.py for tasks to queue
[2025-02-23T03:34:29.189+0000] {logging_mixin.py:190} INFO - [2025-02-23T03:34:29.188+0000] {dagbag.py:588} INFO - Filling up the DagBag from /home/airflow/.local/lib/python3.12/site-packages/airflow/example_dags/example_subdag_operator.py
[2025-02-23T03:34:29.274+0000] {processor.py:925} INFO - DAG(s) 'example_subdag_operator.section-1', 'example_subdag_operator.section-2', 'example_subdag_operator' retrieved from /home/airflow/.local/lib/python3.12/site-packages/airflow/example_dags/example_subdag_operator.py
[2025-02-23T03:34:29.324+0000] {logging_mixin.py:190} INFO - [2025-02-23T03:34:29.323+0000] {dag.py:3239} INFO - Sync 3 DAGs
[2025-02-23T03:34:29.397+0000] {logging_mixin.py:190} INFO - [2025-02-23T03:34:29.396+0000] {dag.py:4180} INFO - Setting next_dagrun for example_subdag_operator to 2022-01-01 00:00:00+00:00, run_after=2022-01-01 00:00:00+00:00
[2025-02-23T03:34:29.418+0000] {logging_mixin.py:190} INFO - [2025-02-23T03:34:29.417+0000] {dag.py:4180} INFO - Setting next_dagrun for example_subdag_operator.section-1 to None, run_after=None
[2025-02-23T03:34:29.422+0000] {logging_mixin.py:190} INFO - [2025-02-23T03:34:29.421+0000] {dag.py:4180} INFO - Setting next_dagrun for example_subdag_operator.section-2 to None, run_after=None
[2025-02-23T03:34:29.453+0000] {logging_mixin.py:190} INFO - [2025-02-23T03:34:29.452+0000] {dag.py:3239} INFO - Sync 2 DAGs
[2025-02-23T03:34:29.476+0000] {logging_mixin.py:190} INFO - [2025-02-23T03:34:29.475+0000] {dag.py:4180} INFO - Setting next_dagrun for example_subdag_operator.section-1 to None, run_after=None
[2025-02-23T03:34:29.479+0000] {logging_mixin.py:190} INFO - [2025-02-23T03:34:29.478+0000] {dag.py:4180} INFO - Setting next_dagrun for example_subdag_operator.section-2 to None, run_after=None
[2025-02-23T03:34:29.559+0000] {processor.py:208} INFO - Processing /home/airflow/.local/lib/python3.12/site-packages/airflow/example_dags/example_subdag_operator.py took 0.395 seconds
[2025-02-23T03:34:59.971+0000] {processor.py:186} INFO - Started process (PID=905) to work on /home/airflow/.local/lib/python3.12/site-packages/airflow/example_dags/example_subdag_operator.py
[2025-02-23T03:34:59.973+0000] {processor.py:914} INFO - Processing file /home/airflow/.local/lib/python3.12/site-packages/airflow/example_dags/example_subdag_operator.py for tasks to queue
[2025-02-23T03:34:59.978+0000] {logging_mixin.py:190} INFO - [2025-02-23T03:34:59.977+0000] {dagbag.py:588} INFO - Filling up the DagBag from /home/airflow/.local/lib/python3.12/site-packages/airflow/example_dags/example_subdag_operator.py
[2025-02-23T03:35:00.032+0000] {processor.py:925} INFO - DAG(s) 'example_subdag_operator.section-1', 'example_subdag_operator.section-2', 'example_subdag_operator' retrieved from /home/airflow/.local/lib/python3.12/site-packages/airflow/example_dags/example_subdag_operator.py
[2025-02-23T03:35:00.066+0000] {logging_mixin.py:190} INFO - [2025-02-23T03:35:00.065+0000] {dag.py:3239} INFO - Sync 3 DAGs
[2025-02-23T03:35:00.112+0000] {logging_mixin.py:190} INFO - [2025-02-23T03:35:00.111+0000] {dag.py:4180} INFO - Setting next_dagrun for example_subdag_operator to 2022-01-01 00:00:00+00:00, run_after=2022-01-01 00:00:00+00:00
[2025-02-23T03:35:00.120+0000] {logging_mixin.py:190} INFO - [2025-02-23T03:35:00.119+0000] {dag.py:4180} INFO - Setting next_dagrun for example_subdag_operator.section-1 to None, run_after=None
[2025-02-23T03:35:00.126+0000] {logging_mixin.py:190} INFO - [2025-02-23T03:35:00.125+0000] {dag.py:4180} INFO - Setting next_dagrun for example_subdag_operator.section-2 to None, run_after=None
[2025-02-23T03:35:00.140+0000] {logging_mixin.py:190} INFO - [2025-02-23T03:35:00.140+0000] {dag.py:3239} INFO - Sync 2 DAGs
[2025-02-23T03:35:00.152+0000] {logging_mixin.py:190} INFO - [2025-02-23T03:35:00.151+0000] {dag.py:4180} INFO - Setting next_dagrun for example_subdag_operator.section-1 to None, run_after=None
[2025-02-23T03:35:00.154+0000] {logging_mixin.py:190} INFO - [2025-02-23T03:35:00.153+0000] {dag.py:4180} INFO - Setting next_dagrun for example_subdag_operator.section-2 to None, run_after=None
[2025-02-23T03:35:00.188+0000] {processor.py:208} INFO - Processing /home/airflow/.local/lib/python3.12/site-packages/airflow/example_dags/example_subdag_operator.py took 0.230 seconds
[2025-02-23T03:35:30.467+0000] {processor.py:186} INFO - Started process (PID=1194) to work on /home/airflow/.local/lib/python3.12/site-packages/airflow/example_dags/example_subdag_operator.py
[2025-02-23T03:35:30.470+0000] {processor.py:914} INFO - Processing file /home/airflow/.local/lib/python3.12/site-packages/airflow/example_dags/example_subdag_operator.py for tasks to queue
[2025-02-23T03:35:30.476+0000] {logging_mixin.py:190} INFO - [2025-02-23T03:35:30.475+0000] {dagbag.py:588} INFO - Filling up the DagBag from /home/airflow/.local/lib/python3.12/site-packages/airflow/example_dags/example_subdag_operator.py
[2025-02-23T03:35:30.548+0000] {processor.py:925} INFO - DAG(s) 'example_subdag_operator.section-1', 'example_subdag_operator.section-2', 'example_subdag_operator' retrieved from /home/airflow/.local/lib/python3.12/site-packages/airflow/example_dags/example_subdag_operator.py
[2025-02-23T03:35:30.577+0000] {logging_mixin.py:190} INFO - [2025-02-23T03:35:30.577+0000] {dag.py:3239} INFO - Sync 3 DAGs
[2025-02-23T03:35:30.626+0000] {logging_mixin.py:190} INFO - [2025-02-23T03:35:30.626+0000] {dag.py:4180} INFO - Setting next_dagrun for example_subdag_operator to 2022-01-01 00:00:00+00:00, run_after=2022-01-01 00:00:00+00:00
[2025-02-23T03:35:30.635+0000] {logging_mixin.py:190} INFO - [2025-02-23T03:35:30.634+0000] {dag.py:4180} INFO - Setting next_dagrun for example_subdag_operator.section-1 to None, run_after=None
[2025-02-23T03:35:30.638+0000] {logging_mixin.py:190} INFO - [2025-02-23T03:35:30.638+0000] {dag.py:4180} INFO - Setting next_dagrun for example_subdag_operator.section-2 to None, run_after=None
[2025-02-23T03:35:30.652+0000] {logging_mixin.py:190} INFO - [2025-02-23T03:35:30.652+0000] {dag.py:3239} INFO - Sync 2 DAGs
[2025-02-23T03:35:30.675+0000] {logging_mixin.py:190} INFO - [2025-02-23T03:35:30.674+0000] {dag.py:4180} INFO - Setting next_dagrun for example_subdag_operator.section-1 to None, run_after=None
[2025-02-23T03:35:30.678+0000] {logging_mixin.py:190} INFO - [2025-02-23T03:35:30.678+0000] {dag.py:4180} INFO - Setting next_dagrun for example_subdag_operator.section-2 to None, run_after=None
[2025-02-23T03:35:30.723+0000] {processor.py:208} INFO - Processing /home/airflow/.local/lib/python3.12/site-packages/airflow/example_dags/example_subdag_operator.py took 0.271 seconds
