[2025-02-23T03:26:59.189+0000] {processor.py:186} INFO - Started process (PID=317) to work on /home/airflow/.local/lib/python3.12/site-packages/airflow/example_dags/example_trigger_target_dag.py
[2025-02-23T03:26:59.192+0000] {processor.py:914} INFO - Processing file /home/airflow/.local/lib/python3.12/site-packages/airflow/example_dags/example_trigger_target_dag.py for tasks to queue
[2025-02-23T03:26:59.197+0000] {logging_mixin.py:190} INFO - [2025-02-23T03:26:59.196+0000] {dagbag.py:588} INFO - Filling up the DagBag from /home/airflow/.local/lib/python3.12/site-packages/airflow/example_dags/example_trigger_target_dag.py
[2025-02-23T03:26:59.213+0000] {processor.py:925} INFO - DAG(s) 'example_trigger_target_dag' retrieved from /home/airflow/.local/lib/python3.12/site-packages/airflow/example_dags/example_trigger_target_dag.py
[2025-02-23T03:26:59.427+0000] {logging_mixin.py:190} INFO - [2025-02-23T03:26:59.424+0000] {override.py:1912} INFO - Created Permission View: can read on DAG:example_trigger_target_dag
[2025-02-23T03:26:59.453+0000] {logging_mixin.py:190} INFO - [2025-02-23T03:26:59.452+0000] {override.py:1912} INFO - Created Permission View: can delete on DAG:example_trigger_target_dag
[2025-02-23T03:26:59.469+0000] {logging_mixin.py:190} INFO - [2025-02-23T03:26:59.468+0000] {override.py:1912} INFO - Created Permission View: can edit on DAG:example_trigger_target_dag
[2025-02-23T03:26:59.488+0000] {logging_mixin.py:190} INFO - [2025-02-23T03:26:59.488+0000] {override.py:1912} INFO - Created Permission View: can read on DAG Run:example_trigger_target_dag
[2025-02-23T03:26:59.505+0000] {logging_mixin.py:190} INFO - [2025-02-23T03:26:59.504+0000] {override.py:1912} INFO - Created Permission View: menu access on DAG Run:example_trigger_target_dag
[2025-02-23T03:26:59.524+0000] {logging_mixin.py:190} INFO - [2025-02-23T03:26:59.523+0000] {override.py:1912} INFO - Created Permission View: can delete on DAG Run:example_trigger_target_dag
[2025-02-23T03:26:59.537+0000] {logging_mixin.py:190} INFO - [2025-02-23T03:26:59.537+0000] {override.py:1912} INFO - Created Permission View: can create on DAG Run:example_trigger_target_dag
[2025-02-23T03:26:59.539+0000] {logging_mixin.py:190} INFO - [2025-02-23T03:26:59.539+0000] {dag.py:3239} INFO - Sync 1 DAGs
[2025-02-23T03:26:59.565+0000] {logging_mixin.py:190} INFO - [2025-02-23T03:26:59.564+0000] {dag.py:3262} INFO - Creating ORM DAG for example_trigger_target_dag
[2025-02-23T03:26:59.567+0000] {logging_mixin.py:190} INFO - [2025-02-23T03:26:59.566+0000] {dag.py:4180} INFO - Setting next_dagrun for example_trigger_target_dag to None, run_after=None
[2025-02-23T03:26:59.600+0000] {processor.py:208} INFO - Processing /home/airflow/.local/lib/python3.12/site-packages/airflow/example_dags/example_trigger_target_dag.py took 0.423 seconds
[2025-02-23T03:27:29.747+0000] {processor.py:186} INFO - Started process (PID=608) to work on /home/airflow/.local/lib/python3.12/site-packages/airflow/example_dags/example_trigger_target_dag.py
[2025-02-23T03:27:29.750+0000] {processor.py:914} INFO - Processing file /home/airflow/.local/lib/python3.12/site-packages/airflow/example_dags/example_trigger_target_dag.py for tasks to queue
[2025-02-23T03:27:29.755+0000] {logging_mixin.py:190} INFO - [2025-02-23T03:27:29.754+0000] {dagbag.py:588} INFO - Filling up the DagBag from /home/airflow/.local/lib/python3.12/site-packages/airflow/example_dags/example_trigger_target_dag.py
[2025-02-23T03:27:29.769+0000] {processor.py:925} INFO - DAG(s) 'example_trigger_target_dag' retrieved from /home/airflow/.local/lib/python3.12/site-packages/airflow/example_dags/example_trigger_target_dag.py
[2025-02-23T03:27:29.804+0000] {logging_mixin.py:190} INFO - [2025-02-23T03:27:29.803+0000] {dag.py:3239} INFO - Sync 1 DAGs
[2025-02-23T03:27:29.832+0000] {logging_mixin.py:190} INFO - [2025-02-23T03:27:29.832+0000] {dag.py:4180} INFO - Setting next_dagrun for example_trigger_target_dag to None, run_after=None
[2025-02-23T03:27:29.911+0000] {processor.py:208} INFO - Processing /home/airflow/.local/lib/python3.12/site-packages/airflow/example_dags/example_trigger_target_dag.py took 0.176 seconds
[2025-02-23T03:28:00.628+0000] {processor.py:186} INFO - Started process (PID=899) to work on /home/airflow/.local/lib/python3.12/site-packages/airflow/example_dags/example_trigger_target_dag.py
[2025-02-23T03:28:00.630+0000] {processor.py:914} INFO - Processing file /home/airflow/.local/lib/python3.12/site-packages/airflow/example_dags/example_trigger_target_dag.py for tasks to queue
[2025-02-23T03:28:00.635+0000] {logging_mixin.py:190} INFO - [2025-02-23T03:28:00.634+0000] {dagbag.py:588} INFO - Filling up the DagBag from /home/airflow/.local/lib/python3.12/site-packages/airflow/example_dags/example_trigger_target_dag.py
[2025-02-23T03:28:00.650+0000] {processor.py:925} INFO - DAG(s) 'example_trigger_target_dag' retrieved from /home/airflow/.local/lib/python3.12/site-packages/airflow/example_dags/example_trigger_target_dag.py
[2025-02-23T03:28:00.692+0000] {logging_mixin.py:190} INFO - [2025-02-23T03:28:00.692+0000] {dag.py:3239} INFO - Sync 1 DAGs
[2025-02-23T03:28:00.723+0000] {logging_mixin.py:190} INFO - [2025-02-23T03:28:00.723+0000] {dag.py:4180} INFO - Setting next_dagrun for example_trigger_target_dag to None, run_after=None
[2025-02-23T03:28:00.759+0000] {processor.py:208} INFO - Processing /home/airflow/.local/lib/python3.12/site-packages/airflow/example_dags/example_trigger_target_dag.py took 0.143 seconds
[2025-02-23T03:33:57.349+0000] {processor.py:186} INFO - Started process (PID=315) to work on /home/airflow/.local/lib/python3.12/site-packages/airflow/example_dags/example_trigger_target_dag.py
[2025-02-23T03:33:57.351+0000] {processor.py:914} INFO - Processing file /home/airflow/.local/lib/python3.12/site-packages/airflow/example_dags/example_trigger_target_dag.py for tasks to queue
[2025-02-23T03:33:57.356+0000] {logging_mixin.py:190} INFO - [2025-02-23T03:33:57.355+0000] {dagbag.py:588} INFO - Filling up the DagBag from /home/airflow/.local/lib/python3.12/site-packages/airflow/example_dags/example_trigger_target_dag.py
[2025-02-23T03:33:57.372+0000] {processor.py:925} INFO - DAG(s) 'example_trigger_target_dag' retrieved from /home/airflow/.local/lib/python3.12/site-packages/airflow/example_dags/example_trigger_target_dag.py
[2025-02-23T03:33:57.571+0000] {logging_mixin.py:190} INFO - [2025-02-23T03:33:57.570+0000] {override.py:1912} INFO - Created Permission View: can read on DAG:example_trigger_target_dag
[2025-02-23T03:33:57.592+0000] {logging_mixin.py:190} INFO - [2025-02-23T03:33:57.591+0000] {override.py:1912} INFO - Created Permission View: can edit on DAG:example_trigger_target_dag
[2025-02-23T03:33:57.605+0000] {logging_mixin.py:190} INFO - [2025-02-23T03:33:57.605+0000] {override.py:1912} INFO - Created Permission View: can delete on DAG:example_trigger_target_dag
[2025-02-23T03:33:57.622+0000] {logging_mixin.py:190} INFO - [2025-02-23T03:33:57.622+0000] {override.py:1912} INFO - Created Permission View: can read on DAG Run:example_trigger_target_dag
[2025-02-23T03:33:57.638+0000] {logging_mixin.py:190} INFO - [2025-02-23T03:33:57.638+0000] {override.py:1912} INFO - Created Permission View: menu access on DAG Run:example_trigger_target_dag
[2025-02-23T03:33:57.653+0000] {logging_mixin.py:190} INFO - [2025-02-23T03:33:57.652+0000] {override.py:1912} INFO - Created Permission View: can create on DAG Run:example_trigger_target_dag
[2025-02-23T03:33:57.667+0000] {logging_mixin.py:190} INFO - [2025-02-23T03:33:57.666+0000] {override.py:1912} INFO - Created Permission View: can delete on DAG Run:example_trigger_target_dag
[2025-02-23T03:33:57.669+0000] {logging_mixin.py:190} INFO - [2025-02-23T03:33:57.668+0000] {dag.py:3239} INFO - Sync 1 DAGs
[2025-02-23T03:33:57.698+0000] {logging_mixin.py:190} INFO - [2025-02-23T03:33:57.697+0000] {dag.py:3262} INFO - Creating ORM DAG for example_trigger_target_dag
[2025-02-23T03:33:57.700+0000] {logging_mixin.py:190} INFO - [2025-02-23T03:33:57.700+0000] {dag.py:4180} INFO - Setting next_dagrun for example_trigger_target_dag to None, run_after=None
[2025-02-23T03:33:57.734+0000] {processor.py:208} INFO - Processing /home/airflow/.local/lib/python3.12/site-packages/airflow/example_dags/example_trigger_target_dag.py took 0.396 seconds
[2025-02-23T03:34:28.109+0000] {processor.py:186} INFO - Started process (PID=609) to work on /home/airflow/.local/lib/python3.12/site-packages/airflow/example_dags/example_trigger_target_dag.py
[2025-02-23T03:34:28.111+0000] {processor.py:914} INFO - Processing file /home/airflow/.local/lib/python3.12/site-packages/airflow/example_dags/example_trigger_target_dag.py for tasks to queue
[2025-02-23T03:34:28.116+0000] {logging_mixin.py:190} INFO - [2025-02-23T03:34:28.115+0000] {dagbag.py:588} INFO - Filling up the DagBag from /home/airflow/.local/lib/python3.12/site-packages/airflow/example_dags/example_trigger_target_dag.py
[2025-02-23T03:34:28.131+0000] {processor.py:925} INFO - DAG(s) 'example_trigger_target_dag' retrieved from /home/airflow/.local/lib/python3.12/site-packages/airflow/example_dags/example_trigger_target_dag.py
[2025-02-23T03:34:28.172+0000] {logging_mixin.py:190} INFO - [2025-02-23T03:34:28.172+0000] {dag.py:3239} INFO - Sync 1 DAGs
[2025-02-23T03:34:28.200+0000] {logging_mixin.py:190} INFO - [2025-02-23T03:34:28.200+0000] {dag.py:4180} INFO - Setting next_dagrun for example_trigger_target_dag to None, run_after=None
[2025-02-23T03:34:28.277+0000] {processor.py:208} INFO - Processing /home/airflow/.local/lib/python3.12/site-packages/airflow/example_dags/example_trigger_target_dag.py took 0.179 seconds
[2025-02-23T03:34:58.876+0000] {processor.py:186} INFO - Started process (PID=900) to work on /home/airflow/.local/lib/python3.12/site-packages/airflow/example_dags/example_trigger_target_dag.py
[2025-02-23T03:34:58.878+0000] {processor.py:914} INFO - Processing file /home/airflow/.local/lib/python3.12/site-packages/airflow/example_dags/example_trigger_target_dag.py for tasks to queue
[2025-02-23T03:34:58.882+0000] {logging_mixin.py:190} INFO - [2025-02-23T03:34:58.882+0000] {dagbag.py:588} INFO - Filling up the DagBag from /home/airflow/.local/lib/python3.12/site-packages/airflow/example_dags/example_trigger_target_dag.py
[2025-02-23T03:34:58.898+0000] {processor.py:925} INFO - DAG(s) 'example_trigger_target_dag' retrieved from /home/airflow/.local/lib/python3.12/site-packages/airflow/example_dags/example_trigger_target_dag.py
[2025-02-23T03:34:58.934+0000] {logging_mixin.py:190} INFO - [2025-02-23T03:34:58.934+0000] {dag.py:3239} INFO - Sync 1 DAGs
[2025-02-23T03:34:58.961+0000] {logging_mixin.py:190} INFO - [2025-02-23T03:34:58.961+0000] {dag.py:4180} INFO - Setting next_dagrun for example_trigger_target_dag to None, run_after=None
[2025-02-23T03:34:59.041+0000] {processor.py:208} INFO - Processing /home/airflow/.local/lib/python3.12/site-packages/airflow/example_dags/example_trigger_target_dag.py took 0.176 seconds
[2025-02-23T03:35:29.154+0000] {processor.py:186} INFO - Started process (PID=1189) to work on /home/airflow/.local/lib/python3.12/site-packages/airflow/example_dags/example_trigger_target_dag.py
[2025-02-23T03:35:29.158+0000] {processor.py:914} INFO - Processing file /home/airflow/.local/lib/python3.12/site-packages/airflow/example_dags/example_trigger_target_dag.py for tasks to queue
[2025-02-23T03:35:29.165+0000] {logging_mixin.py:190} INFO - [2025-02-23T03:35:29.164+0000] {dagbag.py:588} INFO - Filling up the DagBag from /home/airflow/.local/lib/python3.12/site-packages/airflow/example_dags/example_trigger_target_dag.py
[2025-02-23T03:35:29.189+0000] {processor.py:925} INFO - DAG(s) 'example_trigger_target_dag' retrieved from /home/airflow/.local/lib/python3.12/site-packages/airflow/example_dags/example_trigger_target_dag.py
[2025-02-23T03:35:29.246+0000] {logging_mixin.py:190} INFO - [2025-02-23T03:35:29.244+0000] {dag.py:3239} INFO - Sync 1 DAGs
[2025-02-23T03:35:29.283+0000] {logging_mixin.py:190} INFO - [2025-02-23T03:35:29.282+0000] {dag.py:4180} INFO - Setting next_dagrun for example_trigger_target_dag to None, run_after=None
[2025-02-23T03:35:29.363+0000] {processor.py:208} INFO - Processing /home/airflow/.local/lib/python3.12/site-packages/airflow/example_dags/example_trigger_target_dag.py took 0.226 seconds
