[2025-02-23T03:27:09.849+0000] {processor.py:186} INFO - Started process (PID=450) to work on /home/airflow/.local/lib/python3.12/site-packages/airflow/example_dags/tutorial_objectstorage.py
[2025-02-23T03:27:09.858+0000] {processor.py:914} INFO - Processing file /home/airflow/.local/lib/python3.12/site-packages/airflow/example_dags/tutorial_objectstorage.py for tasks to queue
[2025-02-23T03:27:09.863+0000] {logging_mixin.py:190} INFO - [2025-02-23T03:27:09.863+0000] {dagbag.py:588} INFO - Filling up the DagBag from /home/airflow/.local/lib/python3.12/site-packages/airflow/example_dags/tutorial_objectstorage.py
[2025-02-23T03:27:09.884+0000] {processor.py:925} INFO - DAG(s) 'tutorial_objectstorage' retrieved from /home/airflow/.local/lib/python3.12/site-packages/airflow/example_dags/tutorial_objectstorage.py
[2025-02-23T03:27:10.070+0000] {logging_mixin.py:190} INFO - [2025-02-23T03:27:10.069+0000] {override.py:1912} INFO - Created Permission View: can read on DAG:tutorial_objectstorage
[2025-02-23T03:27:10.092+0000] {logging_mixin.py:190} INFO - [2025-02-23T03:27:10.090+0000] {override.py:1912} INFO - Created Permission View: can delete on DAG:tutorial_objectstorage
[2025-02-23T03:27:10.109+0000] {logging_mixin.py:190} INFO - [2025-02-23T03:27:10.109+0000] {override.py:1912} INFO - Created Permission View: can edit on DAG:tutorial_objectstorage
[2025-02-23T03:27:10.126+0000] {logging_mixin.py:190} INFO - [2025-02-23T03:27:10.125+0000] {override.py:1912} INFO - Created Permission View: can read on DAG Run:tutorial_objectstorage
[2025-02-23T03:27:10.143+0000] {logging_mixin.py:190} INFO - [2025-02-23T03:27:10.143+0000] {override.py:1912} INFO - Created Permission View: menu access on DAG Run:tutorial_objectstorage
[2025-02-23T03:27:10.160+0000] {logging_mixin.py:190} INFO - [2025-02-23T03:27:10.160+0000] {override.py:1912} INFO - Created Permission View: can delete on DAG Run:tutorial_objectstorage
[2025-02-23T03:27:10.176+0000] {logging_mixin.py:190} INFO - [2025-02-23T03:27:10.176+0000] {override.py:1912} INFO - Created Permission View: can create on DAG Run:tutorial_objectstorage
[2025-02-23T03:27:10.178+0000] {logging_mixin.py:190} INFO - [2025-02-23T03:27:10.178+0000] {dag.py:3239} INFO - Sync 1 DAGs
[2025-02-23T03:27:10.204+0000] {logging_mixin.py:190} INFO - [2025-02-23T03:27:10.203+0000] {dag.py:3262} INFO - Creating ORM DAG for tutorial_objectstorage
[2025-02-23T03:27:10.206+0000] {logging_mixin.py:190} INFO - [2025-02-23T03:27:10.206+0000] {dag.py:4180} INFO - Setting next_dagrun for tutorial_objectstorage to None, run_after=None
[2025-02-23T03:27:10.242+0000] {processor.py:208} INFO - Processing /home/airflow/.local/lib/python3.12/site-packages/airflow/example_dags/tutorial_objectstorage.py took 0.406 seconds
[2025-02-23T03:27:40.744+0000] {processor.py:186} INFO - Started process (PID=741) to work on /home/airflow/.local/lib/python3.12/site-packages/airflow/example_dags/tutorial_objectstorage.py
[2025-02-23T03:27:40.750+0000] {processor.py:914} INFO - Processing file /home/airflow/.local/lib/python3.12/site-packages/airflow/example_dags/tutorial_objectstorage.py for tasks to queue
[2025-02-23T03:27:40.756+0000] {logging_mixin.py:190} INFO - [2025-02-23T03:27:40.756+0000] {dagbag.py:588} INFO - Filling up the DagBag from /home/airflow/.local/lib/python3.12/site-packages/airflow/example_dags/tutorial_objectstorage.py
[2025-02-23T03:27:40.778+0000] {processor.py:925} INFO - DAG(s) 'tutorial_objectstorage' retrieved from /home/airflow/.local/lib/python3.12/site-packages/airflow/example_dags/tutorial_objectstorage.py
[2025-02-23T03:27:40.818+0000] {logging_mixin.py:190} INFO - [2025-02-23T03:27:40.818+0000] {dag.py:3239} INFO - Sync 1 DAGs
[2025-02-23T03:27:40.848+0000] {logging_mixin.py:190} INFO - [2025-02-23T03:27:40.848+0000] {dag.py:4180} INFO - Setting next_dagrun for tutorial_objectstorage to None, run_after=None
[2025-02-23T03:27:40.895+0000] {processor.py:208} INFO - Processing /home/airflow/.local/lib/python3.12/site-packages/airflow/example_dags/tutorial_objectstorage.py took 0.164 seconds
[2025-02-23T03:28:11.374+0000] {processor.py:186} INFO - Started process (PID=1032) to work on /home/airflow/.local/lib/python3.12/site-packages/airflow/example_dags/tutorial_objectstorage.py
[2025-02-23T03:28:11.378+0000] {processor.py:914} INFO - Processing file /home/airflow/.local/lib/python3.12/site-packages/airflow/example_dags/tutorial_objectstorage.py for tasks to queue
[2025-02-23T03:28:11.385+0000] {logging_mixin.py:190} INFO - [2025-02-23T03:28:11.384+0000] {dagbag.py:588} INFO - Filling up the DagBag from /home/airflow/.local/lib/python3.12/site-packages/airflow/example_dags/tutorial_objectstorage.py
[2025-02-23T03:28:11.405+0000] {processor.py:925} INFO - DAG(s) 'tutorial_objectstorage' retrieved from /home/airflow/.local/lib/python3.12/site-packages/airflow/example_dags/tutorial_objectstorage.py
[2025-02-23T03:28:11.444+0000] {logging_mixin.py:190} INFO - [2025-02-23T03:28:11.444+0000] {dag.py:3239} INFO - Sync 1 DAGs
[2025-02-23T03:28:11.474+0000] {logging_mixin.py:190} INFO - [2025-02-23T03:28:11.473+0000] {dag.py:4180} INFO - Setting next_dagrun for tutorial_objectstorage to None, run_after=None
[2025-02-23T03:28:11.517+0000] {processor.py:208} INFO - Processing /home/airflow/.local/lib/python3.12/site-packages/airflow/example_dags/tutorial_objectstorage.py took 0.156 seconds
[2025-02-23T03:34:08.137+0000] {processor.py:186} INFO - Started process (PID=450) to work on /home/airflow/.local/lib/python3.12/site-packages/airflow/example_dags/tutorial_objectstorage.py
[2025-02-23T03:34:08.140+0000] {processor.py:914} INFO - Processing file /home/airflow/.local/lib/python3.12/site-packages/airflow/example_dags/tutorial_objectstorage.py for tasks to queue
[2025-02-23T03:34:08.145+0000] {logging_mixin.py:190} INFO - [2025-02-23T03:34:08.145+0000] {dagbag.py:588} INFO - Filling up the DagBag from /home/airflow/.local/lib/python3.12/site-packages/airflow/example_dags/tutorial_objectstorage.py
[2025-02-23T03:34:08.165+0000] {processor.py:925} INFO - DAG(s) 'tutorial_objectstorage' retrieved from /home/airflow/.local/lib/python3.12/site-packages/airflow/example_dags/tutorial_objectstorage.py
[2025-02-23T03:34:08.367+0000] {logging_mixin.py:190} INFO - [2025-02-23T03:34:08.365+0000] {override.py:1912} INFO - Created Permission View: can read on DAG:tutorial_objectstorage
[2025-02-23T03:34:08.390+0000] {logging_mixin.py:190} INFO - [2025-02-23T03:34:08.389+0000] {override.py:1912} INFO - Created Permission View: can edit on DAG:tutorial_objectstorage
[2025-02-23T03:34:08.405+0000] {logging_mixin.py:190} INFO - [2025-02-23T03:34:08.405+0000] {override.py:1912} INFO - Created Permission View: can delete on DAG:tutorial_objectstorage
[2025-02-23T03:34:08.425+0000] {logging_mixin.py:190} INFO - [2025-02-23T03:34:08.425+0000] {override.py:1912} INFO - Created Permission View: can read on DAG Run:tutorial_objectstorage
[2025-02-23T03:34:08.441+0000] {logging_mixin.py:190} INFO - [2025-02-23T03:34:08.440+0000] {override.py:1912} INFO - Created Permission View: menu access on DAG Run:tutorial_objectstorage
[2025-02-23T03:34:08.456+0000] {logging_mixin.py:190} INFO - [2025-02-23T03:34:08.455+0000] {override.py:1912} INFO - Created Permission View: can create on DAG Run:tutorial_objectstorage
[2025-02-23T03:34:08.476+0000] {logging_mixin.py:190} INFO - [2025-02-23T03:34:08.475+0000] {override.py:1912} INFO - Created Permission View: can delete on DAG Run:tutorial_objectstorage
[2025-02-23T03:34:08.477+0000] {logging_mixin.py:190} INFO - [2025-02-23T03:34:08.477+0000] {dag.py:3239} INFO - Sync 1 DAGs
[2025-02-23T03:34:08.505+0000] {logging_mixin.py:190} INFO - [2025-02-23T03:34:08.505+0000] {dag.py:3262} INFO - Creating ORM DAG for tutorial_objectstorage
[2025-02-23T03:34:08.507+0000] {logging_mixin.py:190} INFO - [2025-02-23T03:34:08.507+0000] {dag.py:4180} INFO - Setting next_dagrun for tutorial_objectstorage to None, run_after=None
[2025-02-23T03:34:08.543+0000] {processor.py:208} INFO - Processing /home/airflow/.local/lib/python3.12/site-packages/airflow/example_dags/tutorial_objectstorage.py took 0.418 seconds
[2025-02-23T03:34:38.822+0000] {processor.py:186} INFO - Started process (PID=744) to work on /home/airflow/.local/lib/python3.12/site-packages/airflow/example_dags/tutorial_objectstorage.py
[2025-02-23T03:34:38.834+0000] {processor.py:914} INFO - Processing file /home/airflow/.local/lib/python3.12/site-packages/airflow/example_dags/tutorial_objectstorage.py for tasks to queue
[2025-02-23T03:34:38.845+0000] {logging_mixin.py:190} INFO - [2025-02-23T03:34:38.844+0000] {dagbag.py:588} INFO - Filling up the DagBag from /home/airflow/.local/lib/python3.12/site-packages/airflow/example_dags/tutorial_objectstorage.py
[2025-02-23T03:34:38.869+0000] {processor.py:925} INFO - DAG(s) 'tutorial_objectstorage' retrieved from /home/airflow/.local/lib/python3.12/site-packages/airflow/example_dags/tutorial_objectstorage.py
[2025-02-23T03:34:38.908+0000] {logging_mixin.py:190} INFO - [2025-02-23T03:34:38.907+0000] {dag.py:3239} INFO - Sync 1 DAGs
[2025-02-23T03:34:38.939+0000] {logging_mixin.py:190} INFO - [2025-02-23T03:34:38.939+0000] {dag.py:4180} INFO - Setting next_dagrun for tutorial_objectstorage to None, run_after=None
[2025-02-23T03:34:39.022+0000] {processor.py:208} INFO - Processing /home/airflow/.local/lib/python3.12/site-packages/airflow/example_dags/tutorial_objectstorage.py took 0.215 seconds
[2025-02-23T03:35:09.509+0000] {processor.py:186} INFO - Started process (PID=1033) to work on /home/airflow/.local/lib/python3.12/site-packages/airflow/example_dags/tutorial_objectstorage.py
[2025-02-23T03:35:09.511+0000] {processor.py:914} INFO - Processing file /home/airflow/.local/lib/python3.12/site-packages/airflow/example_dags/tutorial_objectstorage.py for tasks to queue
[2025-02-23T03:35:09.516+0000] {logging_mixin.py:190} INFO - [2025-02-23T03:35:09.516+0000] {dagbag.py:588} INFO - Filling up the DagBag from /home/airflow/.local/lib/python3.12/site-packages/airflow/example_dags/tutorial_objectstorage.py
[2025-02-23T03:35:09.546+0000] {processor.py:925} INFO - DAG(s) 'tutorial_objectstorage' retrieved from /home/airflow/.local/lib/python3.12/site-packages/airflow/example_dags/tutorial_objectstorage.py
[2025-02-23T03:35:09.594+0000] {logging_mixin.py:190} INFO - [2025-02-23T03:35:09.594+0000] {dag.py:3239} INFO - Sync 1 DAGs
[2025-02-23T03:35:09.631+0000] {logging_mixin.py:190} INFO - [2025-02-23T03:35:09.630+0000] {dag.py:4180} INFO - Setting next_dagrun for tutorial_objectstorage to None, run_after=None
[2025-02-23T03:35:09.673+0000] {processor.py:208} INFO - Processing /home/airflow/.local/lib/python3.12/site-packages/airflow/example_dags/tutorial_objectstorage.py took 0.183 seconds
[2025-02-23T03:35:39.880+0000] {processor.py:186} INFO - Started process (PID=1321) to work on /home/airflow/.local/lib/python3.12/site-packages/airflow/example_dags/tutorial_objectstorage.py
[2025-02-23T03:35:39.882+0000] {processor.py:914} INFO - Processing file /home/airflow/.local/lib/python3.12/site-packages/airflow/example_dags/tutorial_objectstorage.py for tasks to queue
[2025-02-23T03:35:39.887+0000] {logging_mixin.py:190} INFO - [2025-02-23T03:35:39.886+0000] {dagbag.py:588} INFO - Filling up the DagBag from /home/airflow/.local/lib/python3.12/site-packages/airflow/example_dags/tutorial_objectstorage.py
[2025-02-23T03:35:39.906+0000] {processor.py:925} INFO - DAG(s) 'tutorial_objectstorage' retrieved from /home/airflow/.local/lib/python3.12/site-packages/airflow/example_dags/tutorial_objectstorage.py
[2025-02-23T03:35:39.943+0000] {logging_mixin.py:190} INFO - [2025-02-23T03:35:39.942+0000] {dag.py:3239} INFO - Sync 1 DAGs
[2025-02-23T03:35:39.971+0000] {logging_mixin.py:190} INFO - [2025-02-23T03:35:39.970+0000] {dag.py:4180} INFO - Setting next_dagrun for tutorial_objectstorage to None, run_after=None
[2025-02-23T03:35:40.044+0000] {processor.py:208} INFO - Processing /home/airflow/.local/lib/python3.12/site-packages/airflow/example_dags/tutorial_objectstorage.py took 0.176 seconds
