[2025-02-23T03:27:10.774+0000] {processor.py:186} INFO - Started process (PID=465) to work on /home/airflow/.local/lib/python3.12/site-packages/airflow/example_dags/tutorial_taskflow_api_virtualenv.py
[2025-02-23T03:27:10.776+0000] {processor.py:914} INFO - Processing file /home/airflow/.local/lib/python3.12/site-packages/airflow/example_dags/tutorial_taskflow_api_virtualenv.py for tasks to queue
[2025-02-23T03:27:10.781+0000] {logging_mixin.py:190} INFO - [2025-02-23T03:27:10.780+0000] {dagbag.py:588} INFO - Filling up the DagBag from /home/airflow/.local/lib/python3.12/site-packages/airflow/example_dags/tutorial_taskflow_api_virtualenv.py
[2025-02-23T03:27:10.806+0000] {processor.py:925} INFO - DAG(s) 'tutorial_taskflow_api_virtualenv' retrieved from /home/airflow/.local/lib/python3.12/site-packages/airflow/example_dags/tutorial_taskflow_api_virtualenv.py
[2025-02-23T03:27:11.016+0000] {logging_mixin.py:190} INFO - [2025-02-23T03:27:11.015+0000] {override.py:1912} INFO - Created Permission View: can read on DAG:tutorial_taskflow_api_virtualenv
[2025-02-23T03:27:11.039+0000] {logging_mixin.py:190} INFO - [2025-02-23T03:27:11.038+0000] {override.py:1912} INFO - Created Permission View: can delete on DAG:tutorial_taskflow_api_virtualenv
[2025-02-23T03:27:11.053+0000] {logging_mixin.py:190} INFO - [2025-02-23T03:27:11.053+0000] {override.py:1912} INFO - Created Permission View: can edit on DAG:tutorial_taskflow_api_virtualenv
[2025-02-23T03:27:11.072+0000] {logging_mixin.py:190} INFO - [2025-02-23T03:27:11.072+0000] {override.py:1912} INFO - Created Permission View: can read on DAG Run:tutorial_taskflow_api_virtualenv
[2025-02-23T03:27:11.088+0000] {logging_mixin.py:190} INFO - [2025-02-23T03:27:11.088+0000] {override.py:1912} INFO - Created Permission View: menu access on DAG Run:tutorial_taskflow_api_virtualenv
[2025-02-23T03:27:11.101+0000] {logging_mixin.py:190} INFO - [2025-02-23T03:27:11.100+0000] {override.py:1912} INFO - Created Permission View: can delete on DAG Run:tutorial_taskflow_api_virtualenv
[2025-02-23T03:27:11.114+0000] {logging_mixin.py:190} INFO - [2025-02-23T03:27:11.114+0000] {override.py:1912} INFO - Created Permission View: can create on DAG Run:tutorial_taskflow_api_virtualenv
[2025-02-23T03:27:11.116+0000] {logging_mixin.py:190} INFO - [2025-02-23T03:27:11.116+0000] {dag.py:3239} INFO - Sync 1 DAGs
[2025-02-23T03:27:11.141+0000] {logging_mixin.py:190} INFO - [2025-02-23T03:27:11.141+0000] {dag.py:3262} INFO - Creating ORM DAG for tutorial_taskflow_api_virtualenv
[2025-02-23T03:27:11.143+0000] {logging_mixin.py:190} INFO - [2025-02-23T03:27:11.143+0000] {dag.py:4180} INFO - Setting next_dagrun for tutorial_taskflow_api_virtualenv to None, run_after=None
[2025-02-23T03:27:11.176+0000] {processor.py:208} INFO - Processing /home/airflow/.local/lib/python3.12/site-packages/airflow/example_dags/tutorial_taskflow_api_virtualenv.py took 0.413 seconds
[2025-02-23T03:27:41.355+0000] {processor.py:186} INFO - Started process (PID=761) to work on /home/airflow/.local/lib/python3.12/site-packages/airflow/example_dags/tutorial_taskflow_api_virtualenv.py
[2025-02-23T03:27:41.357+0000] {processor.py:914} INFO - Processing file /home/airflow/.local/lib/python3.12/site-packages/airflow/example_dags/tutorial_taskflow_api_virtualenv.py for tasks to queue
[2025-02-23T03:27:41.362+0000] {logging_mixin.py:190} INFO - [2025-02-23T03:27:41.361+0000] {dagbag.py:588} INFO - Filling up the DagBag from /home/airflow/.local/lib/python3.12/site-packages/airflow/example_dags/tutorial_taskflow_api_virtualenv.py
[2025-02-23T03:27:41.385+0000] {processor.py:925} INFO - DAG(s) 'tutorial_taskflow_api_virtualenv' retrieved from /home/airflow/.local/lib/python3.12/site-packages/airflow/example_dags/tutorial_taskflow_api_virtualenv.py
[2025-02-23T03:27:41.420+0000] {logging_mixin.py:190} INFO - [2025-02-23T03:27:41.419+0000] {dag.py:3239} INFO - Sync 1 DAGs
[2025-02-23T03:27:41.449+0000] {logging_mixin.py:190} INFO - [2025-02-23T03:27:41.448+0000] {dag.py:4180} INFO - Setting next_dagrun for tutorial_taskflow_api_virtualenv to None, run_after=None
[2025-02-23T03:27:41.483+0000] {processor.py:208} INFO - Processing /home/airflow/.local/lib/python3.12/site-packages/airflow/example_dags/tutorial_taskflow_api_virtualenv.py took 0.140 seconds
[2025-02-23T03:28:12.067+0000] {processor.py:186} INFO - Started process (PID=1047) to work on /home/airflow/.local/lib/python3.12/site-packages/airflow/example_dags/tutorial_taskflow_api_virtualenv.py
[2025-02-23T03:28:12.069+0000] {processor.py:914} INFO - Processing file /home/airflow/.local/lib/python3.12/site-packages/airflow/example_dags/tutorial_taskflow_api_virtualenv.py for tasks to queue
[2025-02-23T03:28:12.074+0000] {logging_mixin.py:190} INFO - [2025-02-23T03:28:12.073+0000] {dagbag.py:588} INFO - Filling up the DagBag from /home/airflow/.local/lib/python3.12/site-packages/airflow/example_dags/tutorial_taskflow_api_virtualenv.py
[2025-02-23T03:28:12.100+0000] {processor.py:925} INFO - DAG(s) 'tutorial_taskflow_api_virtualenv' retrieved from /home/airflow/.local/lib/python3.12/site-packages/airflow/example_dags/tutorial_taskflow_api_virtualenv.py
[2025-02-23T03:28:12.146+0000] {logging_mixin.py:190} INFO - [2025-02-23T03:28:12.145+0000] {dag.py:3239} INFO - Sync 1 DAGs
[2025-02-23T03:28:12.176+0000] {logging_mixin.py:190} INFO - [2025-02-23T03:28:12.175+0000] {dag.py:4180} INFO - Setting next_dagrun for tutorial_taskflow_api_virtualenv to None, run_after=None
[2025-02-23T03:28:12.257+0000] {processor.py:208} INFO - Processing /home/airflow/.local/lib/python3.12/site-packages/airflow/example_dags/tutorial_taskflow_api_virtualenv.py took 0.203 seconds
[2025-02-23T03:34:09.110+0000] {processor.py:186} INFO - Started process (PID=465) to work on /home/airflow/.local/lib/python3.12/site-packages/airflow/example_dags/tutorial_taskflow_api_virtualenv.py
[2025-02-23T03:34:09.113+0000] {processor.py:914} INFO - Processing file /home/airflow/.local/lib/python3.12/site-packages/airflow/example_dags/tutorial_taskflow_api_virtualenv.py for tasks to queue
[2025-02-23T03:34:09.121+0000] {logging_mixin.py:190} INFO - [2025-02-23T03:34:09.120+0000] {dagbag.py:588} INFO - Filling up the DagBag from /home/airflow/.local/lib/python3.12/site-packages/airflow/example_dags/tutorial_taskflow_api_virtualenv.py
[2025-02-23T03:34:09.157+0000] {processor.py:925} INFO - DAG(s) 'tutorial_taskflow_api_virtualenv' retrieved from /home/airflow/.local/lib/python3.12/site-packages/airflow/example_dags/tutorial_taskflow_api_virtualenv.py
[2025-02-23T03:34:09.472+0000] {logging_mixin.py:190} INFO - [2025-02-23T03:34:09.470+0000] {override.py:1912} INFO - Created Permission View: can read on DAG:tutorial_taskflow_api_virtualenv
[2025-02-23T03:34:09.500+0000] {logging_mixin.py:190} INFO - [2025-02-23T03:34:09.499+0000] {override.py:1912} INFO - Created Permission View: can edit on DAG:tutorial_taskflow_api_virtualenv
[2025-02-23T03:34:09.519+0000] {logging_mixin.py:190} INFO - [2025-02-23T03:34:09.518+0000] {override.py:1912} INFO - Created Permission View: can delete on DAG:tutorial_taskflow_api_virtualenv
[2025-02-23T03:34:09.537+0000] {logging_mixin.py:190} INFO - [2025-02-23T03:34:09.537+0000] {override.py:1912} INFO - Created Permission View: can read on DAG Run:tutorial_taskflow_api_virtualenv
[2025-02-23T03:34:09.552+0000] {logging_mixin.py:190} INFO - [2025-02-23T03:34:09.551+0000] {override.py:1912} INFO - Created Permission View: menu access on DAG Run:tutorial_taskflow_api_virtualenv
[2025-02-23T03:34:09.566+0000] {logging_mixin.py:190} INFO - [2025-02-23T03:34:09.565+0000] {override.py:1912} INFO - Created Permission View: can create on DAG Run:tutorial_taskflow_api_virtualenv
[2025-02-23T03:34:09.583+0000] {logging_mixin.py:190} INFO - [2025-02-23T03:34:09.583+0000] {override.py:1912} INFO - Created Permission View: can delete on DAG Run:tutorial_taskflow_api_virtualenv
[2025-02-23T03:34:09.585+0000] {logging_mixin.py:190} INFO - [2025-02-23T03:34:09.584+0000] {dag.py:3239} INFO - Sync 1 DAGs
[2025-02-23T03:34:09.610+0000] {logging_mixin.py:190} INFO - [2025-02-23T03:34:09.610+0000] {dag.py:3262} INFO - Creating ORM DAG for tutorial_taskflow_api_virtualenv
[2025-02-23T03:34:09.612+0000] {logging_mixin.py:190} INFO - [2025-02-23T03:34:09.612+0000] {dag.py:4180} INFO - Setting next_dagrun for tutorial_taskflow_api_virtualenv to None, run_after=None
[2025-02-23T03:34:09.650+0000] {processor.py:208} INFO - Processing /home/airflow/.local/lib/python3.12/site-packages/airflow/example_dags/tutorial_taskflow_api_virtualenv.py took 0.559 seconds
[2025-02-23T03:34:39.901+0000] {processor.py:186} INFO - Started process (PID=774) to work on /home/airflow/.local/lib/python3.12/site-packages/airflow/example_dags/tutorial_taskflow_api_virtualenv.py
[2025-02-23T03:34:39.904+0000] {processor.py:914} INFO - Processing file /home/airflow/.local/lib/python3.12/site-packages/airflow/example_dags/tutorial_taskflow_api_virtualenv.py for tasks to queue
[2025-02-23T03:34:39.909+0000] {logging_mixin.py:190} INFO - [2025-02-23T03:34:39.909+0000] {dagbag.py:588} INFO - Filling up the DagBag from /home/airflow/.local/lib/python3.12/site-packages/airflow/example_dags/tutorial_taskflow_api_virtualenv.py
[2025-02-23T03:34:39.936+0000] {processor.py:925} INFO - DAG(s) 'tutorial_taskflow_api_virtualenv' retrieved from /home/airflow/.local/lib/python3.12/site-packages/airflow/example_dags/tutorial_taskflow_api_virtualenv.py
[2025-02-23T03:34:39.977+0000] {logging_mixin.py:190} INFO - [2025-02-23T03:34:39.977+0000] {dag.py:3239} INFO - Sync 1 DAGs
[2025-02-23T03:34:40.006+0000] {logging_mixin.py:190} INFO - [2025-02-23T03:34:40.005+0000] {dag.py:4180} INFO - Setting next_dagrun for tutorial_taskflow_api_virtualenv to None, run_after=None
[2025-02-23T03:34:40.090+0000] {processor.py:208} INFO - Processing /home/airflow/.local/lib/python3.12/site-packages/airflow/example_dags/tutorial_taskflow_api_virtualenv.py took 0.200 seconds
[2025-02-23T03:35:10.494+0000] {processor.py:186} INFO - Started process (PID=1065) to work on /home/airflow/.local/lib/python3.12/site-packages/airflow/example_dags/tutorial_taskflow_api_virtualenv.py
[2025-02-23T03:35:10.497+0000] {processor.py:914} INFO - Processing file /home/airflow/.local/lib/python3.12/site-packages/airflow/example_dags/tutorial_taskflow_api_virtualenv.py for tasks to queue
[2025-02-23T03:35:10.503+0000] {logging_mixin.py:190} INFO - [2025-02-23T03:35:10.502+0000] {dagbag.py:588} INFO - Filling up the DagBag from /home/airflow/.local/lib/python3.12/site-packages/airflow/example_dags/tutorial_taskflow_api_virtualenv.py
[2025-02-23T03:35:10.528+0000] {processor.py:925} INFO - DAG(s) 'tutorial_taskflow_api_virtualenv' retrieved from /home/airflow/.local/lib/python3.12/site-packages/airflow/example_dags/tutorial_taskflow_api_virtualenv.py
[2025-02-23T03:35:10.573+0000] {logging_mixin.py:190} INFO - [2025-02-23T03:35:10.572+0000] {dag.py:3239} INFO - Sync 1 DAGs
[2025-02-23T03:35:10.606+0000] {logging_mixin.py:190} INFO - [2025-02-23T03:35:10.606+0000] {dag.py:4180} INFO - Setting next_dagrun for tutorial_taskflow_api_virtualenv to None, run_after=None
[2025-02-23T03:35:10.646+0000] {processor.py:208} INFO - Processing /home/airflow/.local/lib/python3.12/site-packages/airflow/example_dags/tutorial_taskflow_api_virtualenv.py took 0.166 seconds
[2025-02-23T03:35:40.805+0000] {processor.py:186} INFO - Started process (PID=1344) to work on /home/airflow/.local/lib/python3.12/site-packages/airflow/example_dags/tutorial_taskflow_api_virtualenv.py
[2025-02-23T03:35:40.809+0000] {processor.py:914} INFO - Processing file /home/airflow/.local/lib/python3.12/site-packages/airflow/example_dags/tutorial_taskflow_api_virtualenv.py for tasks to queue
[2025-02-23T03:35:40.816+0000] {logging_mixin.py:190} INFO - [2025-02-23T03:35:40.815+0000] {dagbag.py:588} INFO - Filling up the DagBag from /home/airflow/.local/lib/python3.12/site-packages/airflow/example_dags/tutorial_taskflow_api_virtualenv.py
[2025-02-23T03:35:40.848+0000] {processor.py:925} INFO - DAG(s) 'tutorial_taskflow_api_virtualenv' retrieved from /home/airflow/.local/lib/python3.12/site-packages/airflow/example_dags/tutorial_taskflow_api_virtualenv.py
[2025-02-23T03:35:40.895+0000] {logging_mixin.py:190} INFO - [2025-02-23T03:35:40.895+0000] {dag.py:3239} INFO - Sync 1 DAGs
[2025-02-23T03:35:40.928+0000] {logging_mixin.py:190} INFO - [2025-02-23T03:35:40.928+0000] {dag.py:4180} INFO - Setting next_dagrun for tutorial_taskflow_api_virtualenv to None, run_after=None
[2025-02-23T03:35:40.974+0000] {processor.py:208} INFO - Processing /home/airflow/.local/lib/python3.12/site-packages/airflow/example_dags/tutorial_taskflow_api_virtualenv.py took 0.182 seconds
