[2025-02-23T04:35:08.578+0000] {local_task_job_runner.py:123} INFO - ::group::Pre task execution logs
[2025-02-23T04:35:08.625+0000] {taskinstance.py:2614} INFO - Dependencies all met for dep_context=non-requeueable deps ti=<TaskInstance: our_first_dag_v1.second_task scheduled__2021-11-23T00:00:00+00:00 [queued]>
[2025-02-23T04:35:08.646+0000] {taskinstance.py:2614} INFO - Dependencies all met for dep_context=requeueable deps ti=<TaskInstance: our_first_dag_v1.second_task scheduled__2021-11-23T00:00:00+00:00 [queued]>
[2025-02-23T04:35:08.649+0000] {taskinstance.py:2867} INFO - Starting attempt 1 of 6
[2025-02-23T04:35:08.706+0000] {taskinstance.py:2890} INFO - Executing <Task(BashOperator): second_task> on 2021-11-23 00:00:00+00:00
[2025-02-23T04:35:08.721+0000] {logging_mixin.py:190} WARNING - /home/***/.local/lib/python3.12/site-packages/***/task/task_runner/standard_task_runner.py:70 DeprecationWarning: This process (pid=5438) is multi-threaded, use of fork() may lead to deadlocks in the child.
[2025-02-23T04:35:08.724+0000] {standard_task_runner.py:72} INFO - Started process 5448 to run task
[2025-02-23T04:35:08.721+0000] {standard_task_runner.py:104} INFO - Running: ['***', 'tasks', 'run', 'our_first_dag_v1', 'second_task', 'scheduled__2021-11-23T00:00:00+00:00', '--job-id', '1213', '--raw', '--subdir', 'DAGS_FOLDER/our_first_dag.py', '--cfg-path', '/tmp/tmp4vmj44l1']
[2025-02-23T04:35:08.725+0000] {standard_task_runner.py:105} INFO - Job 1213: Subtask second_task
[2025-02-23T04:35:08.815+0000] {task_command.py:467} INFO - Running <TaskInstance: our_first_dag_v1.second_task scheduled__2021-11-23T00:00:00+00:00 [running]> on host f66dd6409c88
[2025-02-23T04:35:08.989+0000] {taskinstance.py:3134} INFO - Exporting env vars: AIRFLOW_CTX_DAG_OWNER='vn5705j' AIRFLOW_CTX_DAG_ID='our_first_dag_v1' AIRFLOW_CTX_TASK_ID='second_task' AIRFLOW_CTX_EXECUTION_DATE='2021-11-23T00:00:00+00:00' AIRFLOW_CTX_TRY_NUMBER='1' AIRFLOW_CTX_DAG_RUN_ID='scheduled__2021-11-23T00:00:00+00:00'
[2025-02-23T04:35:08.990+0000] {taskinstance.py:732} INFO - ::endgroup::
[2025-02-23T04:35:09.019+0000] {subprocess.py:78} INFO - Tmp dir root location: /tmp
[2025-02-23T04:35:09.021+0000] {subprocess.py:88} INFO - Running command: ['/usr/bin/bash', '-c', 'echo Second task will run after first task']
[2025-02-23T04:35:09.036+0000] {subprocess.py:99} INFO - Output:
[2025-02-23T04:35:09.040+0000] {subprocess.py:106} INFO - Second task will run after first task
[2025-02-23T04:35:09.041+0000] {subprocess.py:110} INFO - Command exited with return code 0
[2025-02-23T04:35:09.084+0000] {taskinstance.py:341} INFO - ::group::Post task execution logs
[2025-02-23T04:35:09.085+0000] {taskinstance.py:353} INFO - Marking task as SUCCESS. dag_id=our_first_dag_v1, task_id=second_task, run_id=scheduled__2021-11-23T00:00:00+00:00, execution_date=20211123T000000, start_date=20250223T043508, end_date=20250223T043509
[2025-02-23T04:35:09.143+0000] {local_task_job_runner.py:266} INFO - Task exited with return code 0
[2025-02-23T04:35:09.173+0000] {taskinstance.py:3901} INFO - 0 downstream tasks scheduled from follow-on schedule check
[2025-02-23T04:35:09.176+0000] {local_task_job_runner.py:245} INFO - ::endgroup::
