[2025-02-23T04:38:22.556+0000] {local_task_job_runner.py:123} INFO - ::group::Pre task execution logs
[2025-02-23T04:38:22.596+0000] {taskinstance.py:2614} INFO - Dependencies all met for dep_context=non-requeueable deps ti=<TaskInstance: our_first_dag_v1.second_task scheduled__2022-11-13T00:00:00+00:00 [queued]>
[2025-02-23T04:38:22.621+0000] {taskinstance.py:2614} INFO - Dependencies all met for dep_context=requeueable deps ti=<TaskInstance: our_first_dag_v1.second_task scheduled__2022-11-13T00:00:00+00:00 [queued]>
[2025-02-23T04:38:22.622+0000] {taskinstance.py:2867} INFO - Starting attempt 1 of 6
[2025-02-23T04:38:22.653+0000] {taskinstance.py:2890} INFO - Executing <Task(BashOperator): second_task> on 2022-11-13 00:00:00+00:00
[2025-02-23T04:38:22.670+0000] {logging_mixin.py:190} WARNING - /home/***/.local/lib/python3.12/site-packages/***/task/task_runner/standard_task_runner.py:70 DeprecationWarning: This process (pid=8346) is multi-threaded, use of fork() may lead to deadlocks in the child.
[2025-02-23T04:38:22.669+0000] {standard_task_runner.py:104} INFO - Running: ['***', 'tasks', 'run', 'our_first_dag_v1', 'second_task', 'scheduled__2022-11-13T00:00:00+00:00', '--job-id', '1922', '--raw', '--subdir', 'DAGS_FOLDER/our_first_dag.py', '--cfg-path', '/tmp/tmpcde1g755']
[2025-02-23T04:38:22.678+0000] {standard_task_runner.py:72} INFO - Started process 8355 to run task
[2025-02-23T04:38:22.681+0000] {standard_task_runner.py:105} INFO - Job 1922: Subtask second_task
[2025-02-23T04:38:22.789+0000] {task_command.py:467} INFO - Running <TaskInstance: our_first_dag_v1.second_task scheduled__2022-11-13T00:00:00+00:00 [running]> on host f66dd6409c88
[2025-02-23T04:38:22.965+0000] {taskinstance.py:3134} INFO - Exporting env vars: AIRFLOW_CTX_DAG_OWNER='vn5705j' AIRFLOW_CTX_DAG_ID='our_first_dag_v1' AIRFLOW_CTX_TASK_ID='second_task' AIRFLOW_CTX_EXECUTION_DATE='2022-11-13T00:00:00+00:00' AIRFLOW_CTX_TRY_NUMBER='1' AIRFLOW_CTX_DAG_RUN_ID='scheduled__2022-11-13T00:00:00+00:00'
[2025-02-23T04:38:22.967+0000] {taskinstance.py:732} INFO - ::endgroup::
[2025-02-23T04:38:23.003+0000] {subprocess.py:78} INFO - Tmp dir root location: /tmp
[2025-02-23T04:38:23.004+0000] {subprocess.py:88} INFO - Running command: ['/usr/bin/bash', '-c', 'echo Second task will run after first task']
[2025-02-23T04:38:23.020+0000] {subprocess.py:99} INFO - Output:
[2025-02-23T04:38:23.022+0000] {subprocess.py:106} INFO - Second task will run after first task
[2025-02-23T04:38:23.023+0000] {subprocess.py:110} INFO - Command exited with return code 0
[2025-02-23T04:38:23.076+0000] {taskinstance.py:341} INFO - ::group::Post task execution logs
[2025-02-23T04:38:23.078+0000] {taskinstance.py:353} INFO - Marking task as SUCCESS. dag_id=our_first_dag_v1, task_id=second_task, run_id=scheduled__2022-11-13T00:00:00+00:00, execution_date=20221113T000000, start_date=20250223T043822, end_date=20250223T043823
[2025-02-23T04:38:23.184+0000] {local_task_job_runner.py:266} INFO - Task exited with return code 0
[2025-02-23T04:38:23.217+0000] {taskinstance.py:3901} INFO - 0 downstream tasks scheduled from follow-on schedule check
[2025-02-23T04:38:23.222+0000] {local_task_job_runner.py:245} INFO - ::endgroup::
