[2025-02-23T04:34:54.981+0000] {local_task_job_runner.py:123} INFO - ::group::Pre task execution logs
[2025-02-23T04:34:55.024+0000] {taskinstance.py:2614} INFO - Dependencies all met for dep_context=non-requeueable deps ti=<TaskInstance: our_first_dag_v1.second_task scheduled__2021-10-28T00:00:00+00:00 [queued]>
[2025-02-23T04:34:55.046+0000] {taskinstance.py:2614} INFO - Dependencies all met for dep_context=requeueable deps ti=<TaskInstance: our_first_dag_v1.second_task scheduled__2021-10-28T00:00:00+00:00 [queued]>
[2025-02-23T04:34:55.047+0000] {taskinstance.py:2867} INFO - Starting attempt 1 of 6
[2025-02-23T04:34:55.091+0000] {taskinstance.py:2890} INFO - Executing <Task(BashOperator): second_task> on 2021-10-28 00:00:00+00:00
[2025-02-23T04:34:55.104+0000] {logging_mixin.py:190} WARNING - /home/***/.local/lib/python3.12/site-packages/***/task/task_runner/standard_task_runner.py:70 DeprecationWarning: This process (pid=5223) is multi-threaded, use of fork() may lead to deadlocks in the child.
[2025-02-23T04:34:55.107+0000] {standard_task_runner.py:72} INFO - Started process 5234 to run task
[2025-02-23T04:34:55.104+0000] {standard_task_runner.py:104} INFO - Running: ['***', 'tasks', 'run', 'our_first_dag_v1', 'second_task', 'scheduled__2021-10-28T00:00:00+00:00', '--job-id', '1161', '--raw', '--subdir', 'DAGS_FOLDER/our_first_dag.py', '--cfg-path', '/tmp/tmp0i7vaore']
[2025-02-23T04:34:55.109+0000] {standard_task_runner.py:105} INFO - Job 1161: Subtask second_task
[2025-02-23T04:34:55.207+0000] {task_command.py:467} INFO - Running <TaskInstance: our_first_dag_v1.second_task scheduled__2021-10-28T00:00:00+00:00 [running]> on host f66dd6409c88
[2025-02-23T04:34:55.421+0000] {taskinstance.py:3134} INFO - Exporting env vars: AIRFLOW_CTX_DAG_OWNER='vn5705j' AIRFLOW_CTX_DAG_ID='our_first_dag_v1' AIRFLOW_CTX_TASK_ID='second_task' AIRFLOW_CTX_EXECUTION_DATE='2021-10-28T00:00:00+00:00' AIRFLOW_CTX_TRY_NUMBER='1' AIRFLOW_CTX_DAG_RUN_ID='scheduled__2021-10-28T00:00:00+00:00'
[2025-02-23T04:34:55.423+0000] {taskinstance.py:732} INFO - ::endgroup::
[2025-02-23T04:34:55.456+0000] {subprocess.py:78} INFO - Tmp dir root location: /tmp
[2025-02-23T04:34:55.458+0000] {subprocess.py:88} INFO - Running command: ['/usr/bin/bash', '-c', 'echo Second task will run after first task']
[2025-02-23T04:34:55.480+0000] {subprocess.py:99} INFO - Output:
[2025-02-23T04:34:55.483+0000] {subprocess.py:106} INFO - Second task will run after first task
[2025-02-23T04:34:55.485+0000] {subprocess.py:110} INFO - Command exited with return code 0
[2025-02-23T04:34:55.538+0000] {taskinstance.py:341} INFO - ::group::Post task execution logs
[2025-02-23T04:34:55.540+0000] {taskinstance.py:353} INFO - Marking task as SUCCESS. dag_id=our_first_dag_v1, task_id=second_task, run_id=scheduled__2021-10-28T00:00:00+00:00, execution_date=20211028T000000, start_date=20250223T043455, end_date=20250223T043455
[2025-02-23T04:34:55.649+0000] {local_task_job_runner.py:266} INFO - Task exited with return code 0
[2025-02-23T04:34:55.668+0000] {local_task_job_runner.py:245} INFO - ::endgroup::
