[2025-02-23T04:36:21.354+0000] {local_task_job_runner.py:123} INFO - ::group::Pre task execution logs
[2025-02-23T04:36:21.406+0000] {taskinstance.py:2614} INFO - Dependencies all met for dep_context=non-requeueable deps ti=<TaskInstance: our_first_dag_v1.second_task scheduled__2022-04-05T00:00:00+00:00 [queued]>
[2025-02-23T04:36:21.427+0000] {taskinstance.py:2614} INFO - Dependencies all met for dep_context=requeueable deps ti=<TaskInstance: our_first_dag_v1.second_task scheduled__2022-04-05T00:00:00+00:00 [queued]>
[2025-02-23T04:36:21.430+0000] {taskinstance.py:2867} INFO - Starting attempt 1 of 6
[2025-02-23T04:36:21.563+0000] {taskinstance.py:2890} INFO - Executing <Task(BashOperator): second_task> on 2022-04-05 00:00:00+00:00
[2025-02-23T04:36:21.579+0000] {logging_mixin.py:190} WARNING - /home/***/.local/lib/python3.12/site-packages/***/task/task_runner/standard_task_runner.py:70 DeprecationWarning: This process (pid=6533) is multi-threaded, use of fork() may lead to deadlocks in the child.
[2025-02-23T04:36:21.582+0000] {standard_task_runner.py:72} INFO - Started process 6547 to run task
[2025-02-23T04:36:21.579+0000] {standard_task_runner.py:104} INFO - Running: ['***', 'tasks', 'run', 'our_first_dag_v1', 'second_task', 'scheduled__2022-04-05T00:00:00+00:00', '--job-id', '1482', '--raw', '--subdir', 'DAGS_FOLDER/our_first_dag.py', '--cfg-path', '/tmp/tmpxxpgvxze']
[2025-02-23T04:36:21.584+0000] {standard_task_runner.py:105} INFO - Job 1482: Subtask second_task
[2025-02-23T04:36:21.693+0000] {task_command.py:467} INFO - Running <TaskInstance: our_first_dag_v1.second_task scheduled__2022-04-05T00:00:00+00:00 [running]> on host f66dd6409c88
[2025-02-23T04:36:21.866+0000] {taskinstance.py:3134} INFO - Exporting env vars: AIRFLOW_CTX_DAG_OWNER='vn5705j' AIRFLOW_CTX_DAG_ID='our_first_dag_v1' AIRFLOW_CTX_TASK_ID='second_task' AIRFLOW_CTX_EXECUTION_DATE='2022-04-05T00:00:00+00:00' AIRFLOW_CTX_TRY_NUMBER='1' AIRFLOW_CTX_DAG_RUN_ID='scheduled__2022-04-05T00:00:00+00:00'
[2025-02-23T04:36:21.870+0000] {taskinstance.py:732} INFO - ::endgroup::
[2025-02-23T04:36:21.906+0000] {subprocess.py:78} INFO - Tmp dir root location: /tmp
[2025-02-23T04:36:21.909+0000] {subprocess.py:88} INFO - Running command: ['/usr/bin/bash', '-c', 'echo Second task will run after first task']
[2025-02-23T04:36:21.933+0000] {subprocess.py:99} INFO - Output:
[2025-02-23T04:36:21.937+0000] {subprocess.py:106} INFO - Second task will run after first task
[2025-02-23T04:36:21.938+0000] {subprocess.py:110} INFO - Command exited with return code 0
[2025-02-23T04:36:22.015+0000] {taskinstance.py:341} INFO - ::group::Post task execution logs
[2025-02-23T04:36:22.017+0000] {taskinstance.py:353} INFO - Marking task as SUCCESS. dag_id=our_first_dag_v1, task_id=second_task, run_id=scheduled__2022-04-05T00:00:00+00:00, execution_date=20220405T000000, start_date=20250223T043621, end_date=20250223T043622
[2025-02-23T04:36:22.208+0000] {local_task_job_runner.py:266} INFO - Task exited with return code 0
[2025-02-23T04:36:22.250+0000] {taskinstance.py:3901} INFO - 0 downstream tasks scheduled from follow-on schedule check
[2025-02-23T04:36:22.254+0000] {local_task_job_runner.py:245} INFO - ::endgroup::
