[2025-02-23T04:12:18.110+0000] {processor.py:186} INFO - Started process (PID=204) to work on /opt/airflow/dags/our_first_dag.py
[2025-02-23T04:12:18.112+0000] {processor.py:914} INFO - Processing file /opt/airflow/dags/our_first_dag.py for tasks to queue
[2025-02-23T04:12:18.117+0000] {logging_mixin.py:190} INFO - [2025-02-23T04:12:18.117+0000] {dagbag.py:588} INFO - Filling up the DagBag from /opt/airflow/dags/our_first_dag.py
[2025-02-23T04:12:18.191+0000] {logging_mixin.py:190} INFO - [2025-02-23T04:12:18.176+0000] {dagbag.py:387} ERROR - Failed to import: /opt/airflow/dags/our_first_dag.py
Traceback (most recent call last):
  File "/home/airflow/.local/lib/python3.12/site-packages/airflow/models/dagbag.py", line 383, in parse
    loader.exec_module(new_module)
  File "<frozen importlib._bootstrap_external>", line 999, in exec_module
  File "<frozen importlib._bootstrap>", line 488, in _call_with_frames_removed
  File "/opt/airflow/dags/our_first_dag.py", line 11, in <module>
    "retry_delay": timedelta(minutes=2)
                   ^^^^^^^^^
NameError: name 'timedelta' is not defined
[2025-02-23T04:12:18.200+0000] {processor.py:927} WARNING - No viable dags retrieved from /opt/airflow/dags/our_first_dag.py
[2025-02-23T04:12:18.239+0000] {processor.py:208} INFO - Processing /opt/airflow/dags/our_first_dag.py took 0.141 seconds
[2025-02-23T04:12:48.565+0000] {processor.py:186} INFO - Started process (PID=215) to work on /opt/airflow/dags/our_first_dag.py
[2025-02-23T04:12:48.567+0000] {processor.py:914} INFO - Processing file /opt/airflow/dags/our_first_dag.py for tasks to queue
[2025-02-23T04:12:48.571+0000] {logging_mixin.py:190} INFO - [2025-02-23T04:12:48.571+0000] {dagbag.py:588} INFO - Filling up the DagBag from /opt/airflow/dags/our_first_dag.py
[2025-02-23T04:12:48.631+0000] {logging_mixin.py:190} INFO - [2025-02-23T04:12:48.616+0000] {dagbag.py:387} ERROR - Failed to import: /opt/airflow/dags/our_first_dag.py
Traceback (most recent call last):
  File "/home/airflow/.local/lib/python3.12/site-packages/airflow/models/dagbag.py", line 383, in parse
    loader.exec_module(new_module)
  File "<frozen importlib._bootstrap_external>", line 999, in exec_module
  File "<frozen importlib._bootstrap>", line 488, in _call_with_frames_removed
  File "/opt/airflow/dags/our_first_dag.py", line 11, in <module>
    "retry_delay": timedelta(minutes=2)
                   ^^^^^^^^^
NameError: name 'timedelta' is not defined
[2025-02-23T04:12:48.639+0000] {processor.py:927} WARNING - No viable dags retrieved from /opt/airflow/dags/our_first_dag.py
[2025-02-23T04:12:48.732+0000] {processor.py:208} INFO - Processing /opt/airflow/dags/our_first_dag.py took 0.184 seconds
[2025-02-23T04:13:19.159+0000] {processor.py:186} INFO - Started process (PID=226) to work on /opt/airflow/dags/our_first_dag.py
[2025-02-23T04:13:19.161+0000] {processor.py:914} INFO - Processing file /opt/airflow/dags/our_first_dag.py for tasks to queue
[2025-02-23T04:13:19.169+0000] {logging_mixin.py:190} INFO - [2025-02-23T04:13:19.168+0000] {dagbag.py:588} INFO - Filling up the DagBag from /opt/airflow/dags/our_first_dag.py
[2025-02-23T04:13:19.247+0000] {logging_mixin.py:190} INFO - [2025-02-23T04:13:19.220+0000] {dagbag.py:387} ERROR - Failed to import: /opt/airflow/dags/our_first_dag.py
Traceback (most recent call last):
  File "/home/airflow/.local/lib/python3.12/site-packages/airflow/models/dagbag.py", line 383, in parse
    loader.exec_module(new_module)
  File "<frozen importlib._bootstrap_external>", line 999, in exec_module
  File "<frozen importlib._bootstrap>", line 488, in _call_with_frames_removed
  File "/opt/airflow/dags/our_first_dag.py", line 11, in <module>
    "retry_delay": timedelta(minutes=2)
                   ^^^^^^^^^
NameError: name 'timedelta' is not defined
[2025-02-23T04:13:19.261+0000] {processor.py:927} WARNING - No viable dags retrieved from /opt/airflow/dags/our_first_dag.py
[2025-02-23T04:13:19.347+0000] {processor.py:208} INFO - Processing /opt/airflow/dags/our_first_dag.py took 0.209 seconds
[2025-02-23T04:13:49.669+0000] {processor.py:186} INFO - Started process (PID=237) to work on /opt/airflow/dags/our_first_dag.py
[2025-02-23T04:13:49.671+0000] {processor.py:914} INFO - Processing file /opt/airflow/dags/our_first_dag.py for tasks to queue
[2025-02-23T04:13:49.677+0000] {logging_mixin.py:190} INFO - [2025-02-23T04:13:49.676+0000] {dagbag.py:588} INFO - Filling up the DagBag from /opt/airflow/dags/our_first_dag.py
[2025-02-23T04:13:49.746+0000] {logging_mixin.py:190} INFO - [2025-02-23T04:13:49.730+0000] {dagbag.py:387} ERROR - Failed to import: /opt/airflow/dags/our_first_dag.py
Traceback (most recent call last):
  File "/home/airflow/.local/lib/python3.12/site-packages/airflow/models/dagbag.py", line 383, in parse
    loader.exec_module(new_module)
  File "<frozen importlib._bootstrap_external>", line 999, in exec_module
  File "<frozen importlib._bootstrap>", line 488, in _call_with_frames_removed
  File "/opt/airflow/dags/our_first_dag.py", line 11, in <module>
    "retry_delay": timedelta(minutes=2)
                   ^^^^^^^^^
NameError: name 'timedelta' is not defined
[2025-02-23T04:13:49.754+0000] {processor.py:927} WARNING - No viable dags retrieved from /opt/airflow/dags/our_first_dag.py
[2025-02-23T04:13:49.841+0000] {processor.py:208} INFO - Processing /opt/airflow/dags/our_first_dag.py took 0.184 seconds
[2025-02-23T04:14:20.345+0000] {processor.py:186} INFO - Started process (PID=253) to work on /opt/airflow/dags/our_first_dag.py
[2025-02-23T04:14:20.348+0000] {processor.py:914} INFO - Processing file /opt/airflow/dags/our_first_dag.py for tasks to queue
[2025-02-23T04:14:20.354+0000] {logging_mixin.py:190} INFO - [2025-02-23T04:14:20.353+0000] {dagbag.py:588} INFO - Filling up the DagBag from /opt/airflow/dags/our_first_dag.py
[2025-02-23T04:14:20.405+0000] {logging_mixin.py:190} INFO - [2025-02-23T04:14:20.388+0000] {dagbag.py:387} ERROR - Failed to import: /opt/airflow/dags/our_first_dag.py
Traceback (most recent call last):
  File "/home/airflow/.local/lib/python3.12/site-packages/airflow/models/dagbag.py", line 383, in parse
    loader.exec_module(new_module)
  File "<frozen importlib._bootstrap_external>", line 999, in exec_module
  File "<frozen importlib._bootstrap>", line 488, in _call_with_frames_removed
  File "/opt/airflow/dags/our_first_dag.py", line 11, in <module>
    "retry_delay": timedelta(minutes=2)
                   ^^^^^^^^^
NameError: name 'timedelta' is not defined
[2025-02-23T04:14:20.415+0000] {processor.py:927} WARNING - No viable dags retrieved from /opt/airflow/dags/our_first_dag.py
[2025-02-23T04:14:20.500+0000] {processor.py:208} INFO - Processing /opt/airflow/dags/our_first_dag.py took 0.168 seconds
[2025-02-23T04:14:50.810+0000] {processor.py:186} INFO - Started process (PID=264) to work on /opt/airflow/dags/our_first_dag.py
[2025-02-23T04:14:50.813+0000] {processor.py:914} INFO - Processing file /opt/airflow/dags/our_first_dag.py for tasks to queue
[2025-02-23T04:14:50.818+0000] {logging_mixin.py:190} INFO - [2025-02-23T04:14:50.818+0000] {dagbag.py:588} INFO - Filling up the DagBag from /opt/airflow/dags/our_first_dag.py
[2025-02-23T04:14:50.883+0000] {logging_mixin.py:190} INFO - [2025-02-23T04:14:50.863+0000] {dagbag.py:387} ERROR - Failed to import: /opt/airflow/dags/our_first_dag.py
Traceback (most recent call last):
  File "/home/airflow/.local/lib/python3.12/site-packages/airflow/models/dagbag.py", line 383, in parse
    loader.exec_module(new_module)
  File "<frozen importlib._bootstrap_external>", line 999, in exec_module
  File "<frozen importlib._bootstrap>", line 488, in _call_with_frames_removed
  File "/opt/airflow/dags/our_first_dag.py", line 11, in <module>
    "retry_delay": timedelta(minutes=2)
                   ^^^^^^^^^
NameError: name 'timedelta' is not defined
[2025-02-23T04:14:50.896+0000] {processor.py:927} WARNING - No viable dags retrieved from /opt/airflow/dags/our_first_dag.py
[2025-02-23T04:14:50.977+0000] {processor.py:208} INFO - Processing /opt/airflow/dags/our_first_dag.py took 0.179 seconds
[2025-02-23T04:15:21.532+0000] {processor.py:186} INFO - Started process (PID=276) to work on /opt/airflow/dags/our_first_dag.py
[2025-02-23T04:15:21.538+0000] {processor.py:914} INFO - Processing file /opt/airflow/dags/our_first_dag.py for tasks to queue
[2025-02-23T04:15:21.547+0000] {logging_mixin.py:190} INFO - [2025-02-23T04:15:21.546+0000] {dagbag.py:588} INFO - Filling up the DagBag from /opt/airflow/dags/our_first_dag.py
[2025-02-23T04:15:21.644+0000] {logging_mixin.py:190} INFO - [2025-02-23T04:15:21.633+0000] {dagbag.py:387} ERROR - Failed to import: /opt/airflow/dags/our_first_dag.py
Traceback (most recent call last):
  File "/home/airflow/.local/lib/python3.12/site-packages/airflow/models/dagbag.py", line 383, in parse
    loader.exec_module(new_module)
  File "<frozen importlib._bootstrap_external>", line 999, in exec_module
  File "<frozen importlib._bootstrap>", line 488, in _call_with_frames_removed
  File "/opt/airflow/dags/our_first_dag.py", line 11, in <module>
    "retry_delay": timedelta(minutes=2)
                   ^^^^^^^^^
NameError: name 'timedelta' is not defined
[2025-02-23T04:15:21.660+0000] {processor.py:927} WARNING - No viable dags retrieved from /opt/airflow/dags/our_first_dag.py
[2025-02-23T04:15:21.758+0000] {processor.py:208} INFO - Processing /opt/airflow/dags/our_first_dag.py took 0.238 seconds
[2025-02-23T04:15:52.044+0000] {processor.py:186} INFO - Started process (PID=287) to work on /opt/airflow/dags/our_first_dag.py
[2025-02-23T04:15:52.046+0000] {processor.py:914} INFO - Processing file /opt/airflow/dags/our_first_dag.py for tasks to queue
[2025-02-23T04:15:52.051+0000] {logging_mixin.py:190} INFO - [2025-02-23T04:15:52.051+0000] {dagbag.py:588} INFO - Filling up the DagBag from /opt/airflow/dags/our_first_dag.py
[2025-02-23T04:15:52.101+0000] {logging_mixin.py:190} INFO - [2025-02-23T04:15:52.086+0000] {dagbag.py:387} ERROR - Failed to import: /opt/airflow/dags/our_first_dag.py
Traceback (most recent call last):
  File "/home/airflow/.local/lib/python3.12/site-packages/airflow/models/dagbag.py", line 383, in parse
    loader.exec_module(new_module)
  File "<frozen importlib._bootstrap_external>", line 999, in exec_module
  File "<frozen importlib._bootstrap>", line 488, in _call_with_frames_removed
  File "/opt/airflow/dags/our_first_dag.py", line 11, in <module>
    "retry_delay": timedelta(minutes=2)
                   ^^^^^^^^^
NameError: name 'timedelta' is not defined
[2025-02-23T04:15:52.111+0000] {processor.py:927} WARNING - No viable dags retrieved from /opt/airflow/dags/our_first_dag.py
[2025-02-23T04:15:52.151+0000] {processor.py:208} INFO - Processing /opt/airflow/dags/our_first_dag.py took 0.120 seconds
[2025-02-23T04:16:22.549+0000] {processor.py:186} INFO - Started process (PID=298) to work on /opt/airflow/dags/our_first_dag.py
[2025-02-23T04:16:22.551+0000] {processor.py:914} INFO - Processing file /opt/airflow/dags/our_first_dag.py for tasks to queue
[2025-02-23T04:16:22.556+0000] {logging_mixin.py:190} INFO - [2025-02-23T04:16:22.555+0000] {dagbag.py:588} INFO - Filling up the DagBag from /opt/airflow/dags/our_first_dag.py
[2025-02-23T04:16:22.604+0000] {logging_mixin.py:190} INFO - [2025-02-23T04:16:22.587+0000] {dagbag.py:387} ERROR - Failed to import: /opt/airflow/dags/our_first_dag.py
Traceback (most recent call last):
  File "/home/airflow/.local/lib/python3.12/site-packages/airflow/models/dagbag.py", line 383, in parse
    loader.exec_module(new_module)
  File "<frozen importlib._bootstrap_external>", line 999, in exec_module
  File "<frozen importlib._bootstrap>", line 488, in _call_with_frames_removed
  File "/opt/airflow/dags/our_first_dag.py", line 11, in <module>
    "retry_delay": timedelta(minutes=2)
                   ^^^^^^^^^
NameError: name 'timedelta' is not defined
[2025-02-23T04:16:22.612+0000] {processor.py:927} WARNING - No viable dags retrieved from /opt/airflow/dags/our_first_dag.py
[2025-02-23T04:16:22.691+0000] {processor.py:208} INFO - Processing /opt/airflow/dags/our_first_dag.py took 0.156 seconds
[2025-02-23T04:16:53.199+0000] {processor.py:186} INFO - Started process (PID=308) to work on /opt/airflow/dags/our_first_dag.py
[2025-02-23T04:16:53.217+0000] {processor.py:914} INFO - Processing file /opt/airflow/dags/our_first_dag.py for tasks to queue
[2025-02-23T04:16:53.223+0000] {logging_mixin.py:190} INFO - [2025-02-23T04:16:53.222+0000] {dagbag.py:588} INFO - Filling up the DagBag from /opt/airflow/dags/our_first_dag.py
[2025-02-23T04:16:53.266+0000] {logging_mixin.py:190} INFO - [2025-02-23T04:16:53.254+0000] {dagbag.py:387} ERROR - Failed to import: /opt/airflow/dags/our_first_dag.py
Traceback (most recent call last):
  File "/home/airflow/.local/lib/python3.12/site-packages/airflow/models/dagbag.py", line 383, in parse
    loader.exec_module(new_module)
  File "<frozen importlib._bootstrap_external>", line 999, in exec_module
  File "<frozen importlib._bootstrap>", line 488, in _call_with_frames_removed
  File "/opt/airflow/dags/our_first_dag.py", line 11, in <module>
    "retry_delay": timedelta(minutes=2)
                   ^^^^^^^^^
NameError: name 'timedelta' is not defined
[2025-02-23T04:16:53.275+0000] {processor.py:927} WARNING - No viable dags retrieved from /opt/airflow/dags/our_first_dag.py
[2025-02-23T04:16:53.356+0000] {processor.py:208} INFO - Processing /opt/airflow/dags/our_first_dag.py took 0.172 seconds
[2025-02-23T04:18:02.356+0000] {processor.py:186} INFO - Started process (PID=313) to work on /opt/airflow/dags/our_first_dag.py
[2025-02-23T04:18:02.359+0000] {processor.py:914} INFO - Processing file /opt/airflow/dags/our_first_dag.py for tasks to queue
[2025-02-23T04:18:02.364+0000] {logging_mixin.py:190} INFO - [2025-02-23T04:18:02.363+0000] {dagbag.py:588} INFO - Filling up the DagBag from /opt/airflow/dags/our_first_dag.py
[2025-02-23T04:18:02.425+0000] {logging_mixin.py:190} INFO - [2025-02-23T04:18:02.402+0000] {dagbag.py:387} ERROR - Failed to import: /opt/airflow/dags/our_first_dag.py
Traceback (most recent call last):
  File "/home/airflow/.local/lib/python3.12/site-packages/airflow/models/dagbag.py", line 383, in parse
    loader.exec_module(new_module)
  File "<frozen importlib._bootstrap_external>", line 999, in exec_module
  File "<frozen importlib._bootstrap>", line 488, in _call_with_frames_removed
  File "/opt/airflow/dags/our_first_dag.py", line 11, in <module>
    "retry_delay": timedelta(minutes=2)
                   ^^^^^^^^^
NameError: name 'timedelta' is not defined
[2025-02-23T04:18:02.434+0000] {processor.py:927} WARNING - No viable dags retrieved from /opt/airflow/dags/our_first_dag.py
[2025-02-23T04:18:02.512+0000] {processor.py:208} INFO - Processing /opt/airflow/dags/our_first_dag.py took 0.169 seconds
[2025-02-23T04:18:32.800+0000] {processor.py:186} INFO - Started process (PID=325) to work on /opt/airflow/dags/our_first_dag.py
[2025-02-23T04:18:32.807+0000] {processor.py:914} INFO - Processing file /opt/airflow/dags/our_first_dag.py for tasks to queue
[2025-02-23T04:18:32.814+0000] {logging_mixin.py:190} INFO - [2025-02-23T04:18:32.812+0000] {dagbag.py:588} INFO - Filling up the DagBag from /opt/airflow/dags/our_first_dag.py
[2025-02-23T04:18:32.864+0000] {logging_mixin.py:190} INFO - [2025-02-23T04:18:32.851+0000] {dagbag.py:387} ERROR - Failed to import: /opt/airflow/dags/our_first_dag.py
Traceback (most recent call last):
  File "/home/airflow/.local/lib/python3.12/site-packages/airflow/models/dagbag.py", line 383, in parse
    loader.exec_module(new_module)
  File "<frozen importlib._bootstrap_external>", line 999, in exec_module
  File "<frozen importlib._bootstrap>", line 488, in _call_with_frames_removed
  File "/opt/airflow/dags/our_first_dag.py", line 11, in <module>
    "retry_delay": timedelta(minutes=2)
                   ^^^^^^^^^
NameError: name 'timedelta' is not defined
[2025-02-23T04:18:32.873+0000] {processor.py:927} WARNING - No viable dags retrieved from /opt/airflow/dags/our_first_dag.py
[2025-02-23T04:18:32.922+0000] {processor.py:208} INFO - Processing /opt/airflow/dags/our_first_dag.py took 0.138 seconds
[2025-02-23T04:19:03.336+0000] {processor.py:186} INFO - Started process (PID=336) to work on /opt/airflow/dags/our_first_dag.py
[2025-02-23T04:19:03.339+0000] {processor.py:914} INFO - Processing file /opt/airflow/dags/our_first_dag.py for tasks to queue
[2025-02-23T04:19:03.346+0000] {logging_mixin.py:190} INFO - [2025-02-23T04:19:03.345+0000] {dagbag.py:588} INFO - Filling up the DagBag from /opt/airflow/dags/our_first_dag.py
[2025-02-23T04:19:03.409+0000] {logging_mixin.py:190} INFO - [2025-02-23T04:19:03.392+0000] {dagbag.py:387} ERROR - Failed to import: /opt/airflow/dags/our_first_dag.py
Traceback (most recent call last):
  File "/home/airflow/.local/lib/python3.12/site-packages/airflow/models/dagbag.py", line 383, in parse
    loader.exec_module(new_module)
  File "<frozen importlib._bootstrap_external>", line 999, in exec_module
  File "<frozen importlib._bootstrap>", line 488, in _call_with_frames_removed
  File "/opt/airflow/dags/our_first_dag.py", line 11, in <module>
    "retry_delay": timedelta(minutes=2)
                   ^^^^^^^^^
NameError: name 'timedelta' is not defined
[2025-02-23T04:19:03.419+0000] {processor.py:927} WARNING - No viable dags retrieved from /opt/airflow/dags/our_first_dag.py
[2025-02-23T04:19:03.485+0000] {processor.py:208} INFO - Processing /opt/airflow/dags/our_first_dag.py took 0.165 seconds
[2025-02-23T04:19:33.920+0000] {processor.py:186} INFO - Started process (PID=347) to work on /opt/airflow/dags/our_first_dag.py
[2025-02-23T04:19:33.924+0000] {processor.py:914} INFO - Processing file /opt/airflow/dags/our_first_dag.py for tasks to queue
[2025-02-23T04:19:33.929+0000] {logging_mixin.py:190} INFO - [2025-02-23T04:19:33.928+0000] {dagbag.py:588} INFO - Filling up the DagBag from /opt/airflow/dags/our_first_dag.py
[2025-02-23T04:19:33.970+0000] {logging_mixin.py:190} INFO - [2025-02-23T04:19:33.957+0000] {dagbag.py:387} ERROR - Failed to import: /opt/airflow/dags/our_first_dag.py
Traceback (most recent call last):
  File "/home/airflow/.local/lib/python3.12/site-packages/airflow/models/dagbag.py", line 383, in parse
    loader.exec_module(new_module)
  File "<frozen importlib._bootstrap_external>", line 999, in exec_module
  File "<frozen importlib._bootstrap>", line 488, in _call_with_frames_removed
  File "/opt/airflow/dags/our_first_dag.py", line 11, in <module>
    "retry_delay": timedelta(minutes=2)
                   ^^^^^^^^^
NameError: name 'timedelta' is not defined
[2025-02-23T04:19:33.978+0000] {processor.py:927} WARNING - No viable dags retrieved from /opt/airflow/dags/our_first_dag.py
[2025-02-23T04:19:34.050+0000] {processor.py:208} INFO - Processing /opt/airflow/dags/our_first_dag.py took 0.145 seconds
[2025-02-23T04:20:04.512+0000] {processor.py:186} INFO - Started process (PID=358) to work on /opt/airflow/dags/our_first_dag.py
[2025-02-23T04:20:04.515+0000] {processor.py:914} INFO - Processing file /opt/airflow/dags/our_first_dag.py for tasks to queue
[2025-02-23T04:20:04.522+0000] {logging_mixin.py:190} INFO - [2025-02-23T04:20:04.521+0000] {dagbag.py:588} INFO - Filling up the DagBag from /opt/airflow/dags/our_first_dag.py
[2025-02-23T04:20:04.588+0000] {logging_mixin.py:190} INFO - [2025-02-23T04:20:04.567+0000] {dagbag.py:387} ERROR - Failed to import: /opt/airflow/dags/our_first_dag.py
Traceback (most recent call last):
  File "/home/airflow/.local/lib/python3.12/site-packages/airflow/models/dagbag.py", line 383, in parse
    loader.exec_module(new_module)
  File "<frozen importlib._bootstrap_external>", line 999, in exec_module
  File "<frozen importlib._bootstrap>", line 488, in _call_with_frames_removed
  File "/opt/airflow/dags/our_first_dag.py", line 11, in <module>
    "retry_delay": timedelta(minutes=2)
                   ^^^^^^^^^
NameError: name 'timedelta' is not defined
[2025-02-23T04:20:04.598+0000] {processor.py:927} WARNING - No viable dags retrieved from /opt/airflow/dags/our_first_dag.py
[2025-02-23T04:20:04.680+0000] {processor.py:208} INFO - Processing /opt/airflow/dags/our_first_dag.py took 0.182 seconds
[2025-02-23T04:20:35.092+0000] {processor.py:186} INFO - Started process (PID=369) to work on /opt/airflow/dags/our_first_dag.py
[2025-02-23T04:20:35.094+0000] {processor.py:914} INFO - Processing file /opt/airflow/dags/our_first_dag.py for tasks to queue
[2025-02-23T04:20:35.099+0000] {logging_mixin.py:190} INFO - [2025-02-23T04:20:35.098+0000] {dagbag.py:588} INFO - Filling up the DagBag from /opt/airflow/dags/our_first_dag.py
[2025-02-23T04:20:35.162+0000] {logging_mixin.py:190} INFO - [2025-02-23T04:20:35.147+0000] {dagbag.py:387} ERROR - Failed to import: /opt/airflow/dags/our_first_dag.py
Traceback (most recent call last):
  File "/home/airflow/.local/lib/python3.12/site-packages/airflow/models/dagbag.py", line 383, in parse
    loader.exec_module(new_module)
  File "<frozen importlib._bootstrap_external>", line 999, in exec_module
  File "<frozen importlib._bootstrap>", line 488, in _call_with_frames_removed
  File "/opt/airflow/dags/our_first_dag.py", line 11, in <module>
    "retry_delay": timedelta(minutes=2)
                   ^^^^^^^^^
NameError: name 'timedelta' is not defined
[2025-02-23T04:20:35.175+0000] {processor.py:927} WARNING - No viable dags retrieved from /opt/airflow/dags/our_first_dag.py
[2025-02-23T04:20:35.251+0000] {processor.py:208} INFO - Processing /opt/airflow/dags/our_first_dag.py took 0.172 seconds
[2025-02-23T04:21:08.430+0000] {processor.py:186} INFO - Started process (PID=380) to work on /opt/airflow/dags/our_first_dag.py
[2025-02-23T04:21:08.432+0000] {processor.py:914} INFO - Processing file /opt/airflow/dags/our_first_dag.py for tasks to queue
[2025-02-23T04:21:08.436+0000] {logging_mixin.py:190} INFO - [2025-02-23T04:21:08.435+0000] {dagbag.py:588} INFO - Filling up the DagBag from /opt/airflow/dags/our_first_dag.py
[2025-02-23T04:21:08.504+0000] {logging_mixin.py:190} INFO - [2025-02-23T04:21:08.488+0000] {dagbag.py:387} ERROR - Failed to import: /opt/airflow/dags/our_first_dag.py
Traceback (most recent call last):
  File "/home/airflow/.local/lib/python3.12/site-packages/airflow/models/dagbag.py", line 383, in parse
    loader.exec_module(new_module)
  File "<frozen importlib._bootstrap_external>", line 999, in exec_module
  File "<frozen importlib._bootstrap>", line 488, in _call_with_frames_removed
  File "/opt/airflow/dags/our_first_dag.py", line 11, in <module>
    "retry_delay": timedelta(minutes=2)
                   ^^^^^^^^^
NameError: name 'timedelta' is not defined
[2025-02-23T04:21:08.516+0000] {processor.py:927} WARNING - No viable dags retrieved from /opt/airflow/dags/our_first_dag.py
[2025-02-23T04:21:08.585+0000] {processor.py:208} INFO - Processing /opt/airflow/dags/our_first_dag.py took 0.173 seconds
[2025-02-23T04:25:27.213+0000] {processor.py:186} INFO - Started process (PID=385) to work on /opt/airflow/dags/our_first_dag.py
[2025-02-23T04:25:27.215+0000] {processor.py:914} INFO - Processing file /opt/airflow/dags/our_first_dag.py for tasks to queue
[2025-02-23T04:25:27.222+0000] {logging_mixin.py:190} INFO - [2025-02-23T04:25:27.221+0000] {dagbag.py:588} INFO - Filling up the DagBag from /opt/airflow/dags/our_first_dag.py
[2025-02-23T04:25:27.282+0000] {logging_mixin.py:190} INFO - [2025-02-23T04:25:27.262+0000] {dagbag.py:387} ERROR - Failed to import: /opt/airflow/dags/our_first_dag.py
Traceback (most recent call last):
  File "/home/airflow/.local/lib/python3.12/site-packages/airflow/models/dagbag.py", line 383, in parse
    loader.exec_module(new_module)
  File "<frozen importlib._bootstrap_external>", line 999, in exec_module
  File "<frozen importlib._bootstrap>", line 488, in _call_with_frames_removed
  File "/opt/airflow/dags/our_first_dag.py", line 11, in <module>
    "retry_delay": timedelta(minutes=2)
                   ^^^^^^^^^
NameError: name 'timedelta' is not defined
[2025-02-23T04:25:27.292+0000] {processor.py:927} WARNING - No viable dags retrieved from /opt/airflow/dags/our_first_dag.py
[2025-02-23T04:25:27.336+0000] {processor.py:208} INFO - Processing /opt/airflow/dags/our_first_dag.py took 0.138 seconds
[2025-02-23T04:25:57.749+0000] {processor.py:186} INFO - Started process (PID=396) to work on /opt/airflow/dags/our_first_dag.py
[2025-02-23T04:25:57.751+0000] {processor.py:914} INFO - Processing file /opt/airflow/dags/our_first_dag.py for tasks to queue
[2025-02-23T04:25:57.756+0000] {logging_mixin.py:190} INFO - [2025-02-23T04:25:57.755+0000] {dagbag.py:588} INFO - Filling up the DagBag from /opt/airflow/dags/our_first_dag.py
[2025-02-23T04:25:57.804+0000] {logging_mixin.py:190} INFO - [2025-02-23T04:25:57.787+0000] {dagbag.py:387} ERROR - Failed to import: /opt/airflow/dags/our_first_dag.py
Traceback (most recent call last):
  File "/home/airflow/.local/lib/python3.12/site-packages/airflow/models/dagbag.py", line 383, in parse
    loader.exec_module(new_module)
  File "<frozen importlib._bootstrap_external>", line 999, in exec_module
  File "<frozen importlib._bootstrap>", line 488, in _call_with_frames_removed
  File "/opt/airflow/dags/our_first_dag.py", line 11, in <module>
    "retry_delay": timedelta(minutes=2)
                   ^^^^^^^^^
NameError: name 'timedelta' is not defined
[2025-02-23T04:25:57.820+0000] {processor.py:927} WARNING - No viable dags retrieved from /opt/airflow/dags/our_first_dag.py
[2025-02-23T04:25:57.869+0000] {processor.py:208} INFO - Processing /opt/airflow/dags/our_first_dag.py took 0.136 seconds
[2025-02-23T04:26:28.297+0000] {processor.py:186} INFO - Started process (PID=407) to work on /opt/airflow/dags/our_first_dag.py
[2025-02-23T04:26:28.299+0000] {processor.py:914} INFO - Processing file /opt/airflow/dags/our_first_dag.py for tasks to queue
[2025-02-23T04:26:28.307+0000] {logging_mixin.py:190} INFO - [2025-02-23T04:26:28.306+0000] {dagbag.py:588} INFO - Filling up the DagBag from /opt/airflow/dags/our_first_dag.py
[2025-02-23T04:26:28.367+0000] {logging_mixin.py:190} INFO - [2025-02-23T04:26:28.347+0000] {dagbag.py:387} ERROR - Failed to import: /opt/airflow/dags/our_first_dag.py
Traceback (most recent call last):
  File "/home/airflow/.local/lib/python3.12/site-packages/airflow/models/dagbag.py", line 383, in parse
    loader.exec_module(new_module)
  File "<frozen importlib._bootstrap_external>", line 999, in exec_module
  File "<frozen importlib._bootstrap>", line 488, in _call_with_frames_removed
  File "/opt/airflow/dags/our_first_dag.py", line 11, in <module>
    "retry_delay": timedelta(minutes=2)
                   ^^^^^^^^^
NameError: name 'timedelta' is not defined
[2025-02-23T04:26:28.378+0000] {processor.py:927} WARNING - No viable dags retrieved from /opt/airflow/dags/our_first_dag.py
[2025-02-23T04:26:28.464+0000] {processor.py:208} INFO - Processing /opt/airflow/dags/our_first_dag.py took 0.181 seconds
[2025-02-23T04:26:55.869+0000] {processor.py:186} INFO - Started process (PID=418) to work on /opt/airflow/dags/our_first_dag.py
[2025-02-23T04:26:55.872+0000] {processor.py:914} INFO - Processing file /opt/airflow/dags/our_first_dag.py for tasks to queue
[2025-02-23T04:26:55.877+0000] {logging_mixin.py:190} INFO - [2025-02-23T04:26:55.877+0000] {dagbag.py:588} INFO - Filling up the DagBag from /opt/airflow/dags/our_first_dag.py
[2025-02-23T04:26:55.987+0000] {processor.py:925} INFO - DAG(s) 'our_first_dag' retrieved from /opt/airflow/dags/our_first_dag.py
[2025-02-23T04:26:56.503+0000] {logging_mixin.py:190} INFO - [2025-02-23T04:26:56.501+0000] {override.py:1912} INFO - Created Permission View: can read on DAG:our_first_dag
[2025-02-23T04:26:56.522+0000] {logging_mixin.py:190} INFO - [2025-02-23T04:26:56.521+0000] {override.py:1912} INFO - Created Permission View: can edit on DAG:our_first_dag
[2025-02-23T04:26:56.534+0000] {logging_mixin.py:190} INFO - [2025-02-23T04:26:56.533+0000] {override.py:1912} INFO - Created Permission View: can delete on DAG:our_first_dag
[2025-02-23T04:26:56.550+0000] {logging_mixin.py:190} INFO - [2025-02-23T04:26:56.549+0000] {override.py:1912} INFO - Created Permission View: can read on DAG Run:our_first_dag
[2025-02-23T04:26:56.563+0000] {logging_mixin.py:190} INFO - [2025-02-23T04:26:56.562+0000] {override.py:1912} INFO - Created Permission View: can delete on DAG Run:our_first_dag
[2025-02-23T04:26:56.577+0000] {logging_mixin.py:190} INFO - [2025-02-23T04:26:56.576+0000] {override.py:1912} INFO - Created Permission View: can create on DAG Run:our_first_dag
[2025-02-23T04:26:56.589+0000] {logging_mixin.py:190} INFO - [2025-02-23T04:26:56.589+0000] {override.py:1912} INFO - Created Permission View: menu access on DAG Run:our_first_dag
[2025-02-23T04:26:56.591+0000] {logging_mixin.py:190} INFO - [2025-02-23T04:26:56.591+0000] {dag.py:3239} INFO - Sync 1 DAGs
[2025-02-23T04:26:56.618+0000] {logging_mixin.py:190} INFO - [2025-02-23T04:26:56.617+0000] {dag.py:3262} INFO - Creating ORM DAG for our_first_dag
[2025-02-23T04:26:56.642+0000] {logging_mixin.py:190} INFO - [2025-02-23T04:26:56.642+0000] {dag.py:4180} INFO - Setting next_dagrun for our_first_dag to 2021-02-02 00:00:00+00:00, run_after=2021-02-03 00:00:00+00:00
[2025-02-23T04:26:56.682+0000] {processor.py:208} INFO - Processing /opt/airflow/dags/our_first_dag.py took 0.827 seconds
[2025-02-23T04:27:27.226+0000] {processor.py:186} INFO - Started process (PID=505) to work on /opt/airflow/dags/our_first_dag.py
[2025-02-23T04:27:27.229+0000] {processor.py:914} INFO - Processing file /opt/airflow/dags/our_first_dag.py for tasks to queue
[2025-02-23T04:27:27.237+0000] {logging_mixin.py:190} INFO - [2025-02-23T04:27:27.236+0000] {dagbag.py:588} INFO - Filling up the DagBag from /opt/airflow/dags/our_first_dag.py
[2025-02-23T04:27:27.280+0000] {processor.py:925} INFO - DAG(s) 'our_first_dag' retrieved from /opt/airflow/dags/our_first_dag.py
[2025-02-23T04:27:27.357+0000] {logging_mixin.py:190} INFO - [2025-02-23T04:27:27.356+0000] {dag.py:3239} INFO - Sync 1 DAGs
[2025-02-23T04:27:27.418+0000] {logging_mixin.py:190} INFO - [2025-02-23T04:27:27.417+0000] {dag.py:4180} INFO - Setting next_dagrun for our_first_dag to 2021-02-26 00:00:00+00:00, run_after=2021-02-27 00:00:00+00:00
[2025-02-23T04:27:27.461+0000] {processor.py:208} INFO - Processing /opt/airflow/dags/our_first_dag.py took 0.250 seconds
[2025-02-23T04:27:57.796+0000] {processor.py:186} INFO - Started process (PID=795) to work on /opt/airflow/dags/our_first_dag.py
[2025-02-23T04:27:57.799+0000] {processor.py:914} INFO - Processing file /opt/airflow/dags/our_first_dag.py for tasks to queue
[2025-02-23T04:27:57.806+0000] {logging_mixin.py:190} INFO - [2025-02-23T04:27:57.805+0000] {dagbag.py:588} INFO - Filling up the DagBag from /opt/airflow/dags/our_first_dag.py
[2025-02-23T04:27:57.843+0000] {processor.py:925} INFO - DAG(s) 'our_first_dag' retrieved from /opt/airflow/dags/our_first_dag.py
[2025-02-23T04:27:57.894+0000] {logging_mixin.py:190} INFO - [2025-02-23T04:27:57.893+0000] {dag.py:3239} INFO - Sync 1 DAGs
[2025-02-23T04:27:57.944+0000] {logging_mixin.py:190} INFO - [2025-02-23T04:27:57.943+0000] {dag.py:4180} INFO - Setting next_dagrun for our_first_dag to 2021-05-03 00:00:00+00:00, run_after=2021-05-04 00:00:00+00:00
[2025-02-23T04:27:57.994+0000] {processor.py:208} INFO - Processing /opt/airflow/dags/our_first_dag.py took 0.211 seconds
[2025-02-23T04:28:28.262+0000] {processor.py:186} INFO - Started process (PID=1039) to work on /opt/airflow/dags/our_first_dag.py
[2025-02-23T04:28:28.265+0000] {processor.py:914} INFO - Processing file /opt/airflow/dags/our_first_dag.py for tasks to queue
[2025-02-23T04:28:28.271+0000] {logging_mixin.py:190} INFO - [2025-02-23T04:28:28.271+0000] {dagbag.py:588} INFO - Filling up the DagBag from /opt/airflow/dags/our_first_dag.py
[2025-02-23T04:28:28.327+0000] {processor.py:925} INFO - DAG(s) 'our_first_dag' retrieved from /opt/airflow/dags/our_first_dag.py
[2025-02-23T04:28:28.393+0000] {logging_mixin.py:190} INFO - [2025-02-23T04:28:28.392+0000] {dag.py:3239} INFO - Sync 1 DAGs
[2025-02-23T04:28:28.451+0000] {logging_mixin.py:190} INFO - [2025-02-23T04:28:28.450+0000] {dag.py:4180} INFO - Setting next_dagrun for our_first_dag to 2021-06-29 00:00:00+00:00, run_after=2021-06-30 00:00:00+00:00
[2025-02-23T04:28:28.533+0000] {processor.py:208} INFO - Processing /opt/airflow/dags/our_first_dag.py took 0.287 seconds
[2025-02-23T04:28:58.862+0000] {processor.py:186} INFO - Started process (PID=1327) to work on /opt/airflow/dags/our_first_dag.py
[2025-02-23T04:28:58.864+0000] {processor.py:914} INFO - Processing file /opt/airflow/dags/our_first_dag.py for tasks to queue
[2025-02-23T04:28:58.870+0000] {logging_mixin.py:190} INFO - [2025-02-23T04:28:58.869+0000] {dagbag.py:588} INFO - Filling up the DagBag from /opt/airflow/dags/our_first_dag.py
[2025-02-23T04:28:58.906+0000] {processor.py:925} INFO - DAG(s) 'our_first_dag' retrieved from /opt/airflow/dags/our_first_dag.py
[2025-02-23T04:28:58.963+0000] {logging_mixin.py:190} INFO - [2025-02-23T04:28:58.963+0000] {dag.py:3239} INFO - Sync 1 DAGs
[2025-02-23T04:28:59.027+0000] {logging_mixin.py:190} INFO - [2025-02-23T04:28:59.026+0000] {dag.py:4180} INFO - Setting next_dagrun for our_first_dag to 2021-09-11 00:00:00+00:00, run_after=2021-09-12 00:00:00+00:00
[2025-02-23T04:28:59.068+0000] {processor.py:208} INFO - Processing /opt/airflow/dags/our_first_dag.py took 0.218 seconds
[2025-02-23T04:29:29.334+0000] {processor.py:186} INFO - Started process (PID=1634) to work on /opt/airflow/dags/our_first_dag.py
[2025-02-23T04:29:29.336+0000] {processor.py:914} INFO - Processing file /opt/airflow/dags/our_first_dag.py for tasks to queue
[2025-02-23T04:29:29.340+0000] {logging_mixin.py:190} INFO - [2025-02-23T04:29:29.340+0000] {dagbag.py:588} INFO - Filling up the DagBag from /opt/airflow/dags/our_first_dag.py
[2025-02-23T04:29:29.389+0000] {processor.py:925} INFO - DAG(s) 'our_first_dag' retrieved from /opt/airflow/dags/our_first_dag.py
[2025-02-23T04:29:29.448+0000] {logging_mixin.py:190} INFO - [2025-02-23T04:29:29.447+0000] {dag.py:3239} INFO - Sync 1 DAGs
[2025-02-23T04:29:29.502+0000] {logging_mixin.py:190} INFO - [2025-02-23T04:29:29.501+0000] {dag.py:4180} INFO - Setting next_dagrun for our_first_dag to 2021-11-19 00:00:00+00:00, run_after=2021-11-20 00:00:00+00:00
[2025-02-23T04:29:29.585+0000] {processor.py:208} INFO - Processing /opt/airflow/dags/our_first_dag.py took 0.264 seconds
[2025-02-23T04:29:59.962+0000] {processor.py:186} INFO - Started process (PID=1909) to work on /opt/airflow/dags/our_first_dag.py
[2025-02-23T04:29:59.966+0000] {processor.py:914} INFO - Processing file /opt/airflow/dags/our_first_dag.py for tasks to queue
[2025-02-23T04:29:59.973+0000] {logging_mixin.py:190} INFO - [2025-02-23T04:29:59.972+0000] {dagbag.py:588} INFO - Filling up the DagBag from /opt/airflow/dags/our_first_dag.py
[2025-02-23T04:30:00.036+0000] {processor.py:925} INFO - DAG(s) 'our_first_dag' retrieved from /opt/airflow/dags/our_first_dag.py
[2025-02-23T04:30:00.100+0000] {logging_mixin.py:190} INFO - [2025-02-23T04:30:00.099+0000] {dag.py:3239} INFO - Sync 1 DAGs
[2025-02-23T04:30:00.154+0000] {logging_mixin.py:190} INFO - [2025-02-23T04:30:00.153+0000] {dag.py:4180} INFO - Setting next_dagrun for our_first_dag to 2022-01-24 00:00:00+00:00, run_after=2022-01-25 00:00:00+00:00
[2025-02-23T04:30:00.206+0000] {processor.py:208} INFO - Processing /opt/airflow/dags/our_first_dag.py took 0.258 seconds
[2025-02-23T04:30:30.517+0000] {processor.py:186} INFO - Started process (PID=2184) to work on /opt/airflow/dags/our_first_dag.py
[2025-02-23T04:30:30.521+0000] {processor.py:914} INFO - Processing file /opt/airflow/dags/our_first_dag.py for tasks to queue
[2025-02-23T04:30:30.527+0000] {logging_mixin.py:190} INFO - [2025-02-23T04:30:30.526+0000] {dagbag.py:588} INFO - Filling up the DagBag from /opt/airflow/dags/our_first_dag.py
[2025-02-23T04:30:30.615+0000] {processor.py:925} INFO - DAG(s) 'our_first_dag' retrieved from /opt/airflow/dags/our_first_dag.py
[2025-02-23T04:30:30.670+0000] {logging_mixin.py:190} INFO - [2025-02-23T04:30:30.669+0000] {dag.py:3239} INFO - Sync 1 DAGs
[2025-02-23T04:30:30.729+0000] {logging_mixin.py:190} INFO - [2025-02-23T04:30:30.728+0000] {dag.py:4180} INFO - Setting next_dagrun for our_first_dag to 2022-03-31 00:00:00+00:00, run_after=2022-04-01 00:00:00+00:00
[2025-02-23T04:30:30.776+0000] {processor.py:208} INFO - Processing /opt/airflow/dags/our_first_dag.py took 0.273 seconds
[2025-02-23T04:31:01.060+0000] {processor.py:186} INFO - Started process (PID=2461) to work on /opt/airflow/dags/our_first_dag.py
[2025-02-23T04:31:01.063+0000] {processor.py:914} INFO - Processing file /opt/airflow/dags/our_first_dag.py for tasks to queue
[2025-02-23T04:31:01.071+0000] {logging_mixin.py:190} INFO - [2025-02-23T04:31:01.070+0000] {dagbag.py:588} INFO - Filling up the DagBag from /opt/airflow/dags/our_first_dag.py
[2025-02-23T04:31:01.123+0000] {processor.py:925} INFO - DAG(s) 'our_first_dag' retrieved from /opt/airflow/dags/our_first_dag.py
[2025-02-23T04:31:01.189+0000] {logging_mixin.py:190} INFO - [2025-02-23T04:31:01.188+0000] {dag.py:3239} INFO - Sync 1 DAGs
[2025-02-23T04:31:01.249+0000] {logging_mixin.py:190} INFO - [2025-02-23T04:31:01.248+0000] {dag.py:4180} INFO - Setting next_dagrun for our_first_dag to 2022-06-09 00:00:00+00:00, run_after=2022-06-10 00:00:00+00:00
[2025-02-23T04:31:01.295+0000] {processor.py:208} INFO - Processing /opt/airflow/dags/our_first_dag.py took 0.253 seconds
[2025-02-23T04:31:31.591+0000] {processor.py:186} INFO - Started process (PID=2715) to work on /opt/airflow/dags/our_first_dag.py
[2025-02-23T04:31:31.594+0000] {processor.py:914} INFO - Processing file /opt/airflow/dags/our_first_dag.py for tasks to queue
[2025-02-23T04:31:31.600+0000] {logging_mixin.py:190} INFO - [2025-02-23T04:31:31.600+0000] {dagbag.py:588} INFO - Filling up the DagBag from /opt/airflow/dags/our_first_dag.py
[2025-02-23T04:31:31.651+0000] {processor.py:925} INFO - DAG(s) 'our_first_dag' retrieved from /opt/airflow/dags/our_first_dag.py
[2025-02-23T04:31:31.736+0000] {logging_mixin.py:190} INFO - [2025-02-23T04:31:31.736+0000] {dag.py:3239} INFO - Sync 1 DAGs
[2025-02-23T04:31:31.788+0000] {logging_mixin.py:190} INFO - [2025-02-23T04:31:31.788+0000] {dag.py:4180} INFO - Setting next_dagrun for our_first_dag to 2022-08-10 00:00:00+00:00, run_after=2022-08-11 00:00:00+00:00
[2025-02-23T04:31:31.829+0000] {processor.py:208} INFO - Processing /opt/airflow/dags/our_first_dag.py took 0.250 seconds
[2025-02-23T04:32:02.211+0000] {processor.py:186} INFO - Started process (PID=2997) to work on /opt/airflow/dags/our_first_dag.py
[2025-02-23T04:32:02.213+0000] {processor.py:914} INFO - Processing file /opt/airflow/dags/our_first_dag.py for tasks to queue
[2025-02-23T04:32:02.219+0000] {logging_mixin.py:190} INFO - [2025-02-23T04:32:02.218+0000] {dagbag.py:588} INFO - Filling up the DagBag from /opt/airflow/dags/our_first_dag.py
[2025-02-23T04:32:02.291+0000] {processor.py:925} INFO - DAG(s) 'our_first_dag' retrieved from /opt/airflow/dags/our_first_dag.py
[2025-02-23T04:32:02.378+0000] {logging_mixin.py:190} INFO - [2025-02-23T04:32:02.377+0000] {dag.py:3239} INFO - Sync 1 DAGs
[2025-02-23T04:32:02.447+0000] {logging_mixin.py:190} INFO - [2025-02-23T04:32:02.447+0000] {dag.py:4180} INFO - Setting next_dagrun for our_first_dag to 2022-10-12 00:00:00+00:00, run_after=2022-10-13 00:00:00+00:00
[2025-02-23T04:32:02.546+0000] {processor.py:208} INFO - Processing /opt/airflow/dags/our_first_dag.py took 0.348 seconds
[2025-02-23T04:32:08.373+0000] {processor.py:186} INFO - Started process (PID=3008) to work on /opt/airflow/dags/our_first_dag.py
[2025-02-23T04:32:08.375+0000] {processor.py:914} INFO - Processing file /opt/airflow/dags/our_first_dag.py for tasks to queue
[2025-02-23T04:32:08.379+0000] {logging_mixin.py:190} INFO - [2025-02-23T04:32:08.379+0000] {dagbag.py:588} INFO - Filling up the DagBag from /opt/airflow/dags/our_first_dag.py
[2025-02-23T04:32:08.460+0000] {processor.py:925} INFO - DAG(s) 'our_first_dag_v1' retrieved from /opt/airflow/dags/our_first_dag.py
[2025-02-23T04:32:08.717+0000] {logging_mixin.py:190} INFO - [2025-02-23T04:32:08.715+0000] {override.py:1912} INFO - Created Permission View: can read on DAG:our_first_dag_v1
[2025-02-23T04:32:08.742+0000] {logging_mixin.py:190} INFO - [2025-02-23T04:32:08.741+0000] {override.py:1912} INFO - Created Permission View: can edit on DAG:our_first_dag_v1
[2025-02-23T04:32:08.763+0000] {logging_mixin.py:190} INFO - [2025-02-23T04:32:08.762+0000] {override.py:1912} INFO - Created Permission View: can delete on DAG:our_first_dag_v1
[2025-02-23T04:32:08.785+0000] {logging_mixin.py:190} INFO - [2025-02-23T04:32:08.784+0000] {override.py:1912} INFO - Created Permission View: can read on DAG Run:our_first_dag_v1
[2025-02-23T04:32:08.801+0000] {logging_mixin.py:190} INFO - [2025-02-23T04:32:08.800+0000] {override.py:1912} INFO - Created Permission View: can delete on DAG Run:our_first_dag_v1
[2025-02-23T04:32:08.819+0000] {logging_mixin.py:190} INFO - [2025-02-23T04:32:08.818+0000] {override.py:1912} INFO - Created Permission View: can create on DAG Run:our_first_dag_v1
[2025-02-23T04:32:08.834+0000] {logging_mixin.py:190} INFO - [2025-02-23T04:32:08.833+0000] {override.py:1912} INFO - Created Permission View: menu access on DAG Run:our_first_dag_v1
[2025-02-23T04:32:08.835+0000] {logging_mixin.py:190} INFO - [2025-02-23T04:32:08.835+0000] {dag.py:3239} INFO - Sync 1 DAGs
[2025-02-23T04:32:08.862+0000] {logging_mixin.py:190} INFO - [2025-02-23T04:32:08.861+0000] {dag.py:3262} INFO - Creating ORM DAG for our_first_dag_v1
[2025-02-23T04:32:08.882+0000] {logging_mixin.py:190} INFO - [2025-02-23T04:32:08.881+0000] {dag.py:4180} INFO - Setting next_dagrun for our_first_dag_v1 to 2021-02-02 00:00:00+00:00, run_after=2021-02-03 00:00:00+00:00
[2025-02-23T04:32:08.932+0000] {processor.py:208} INFO - Processing /opt/airflow/dags/our_first_dag.py took 0.572 seconds
[2025-02-23T04:32:39.121+0000] {processor.py:186} INFO - Started process (PID=3317) to work on /opt/airflow/dags/our_first_dag.py
[2025-02-23T04:32:39.123+0000] {processor.py:914} INFO - Processing file /opt/airflow/dags/our_first_dag.py for tasks to queue
[2025-02-23T04:32:39.127+0000] {logging_mixin.py:190} INFO - [2025-02-23T04:32:39.126+0000] {dagbag.py:588} INFO - Filling up the DagBag from /opt/airflow/dags/our_first_dag.py
[2025-02-23T04:32:39.168+0000] {processor.py:925} INFO - DAG(s) 'our_first_dag_v1' retrieved from /opt/airflow/dags/our_first_dag.py
[2025-02-23T04:32:39.220+0000] {logging_mixin.py:190} INFO - [2025-02-23T04:32:39.220+0000] {dag.py:3239} INFO - Sync 1 DAGs
[2025-02-23T04:32:39.275+0000] {logging_mixin.py:190} INFO - [2025-02-23T04:32:39.275+0000] {dag.py:4180} INFO - Setting next_dagrun for our_first_dag_v1 to 2021-03-17 00:00:00+00:00, run_after=2021-03-18 00:00:00+00:00
[2025-02-23T04:32:39.323+0000] {processor.py:208} INFO - Processing /opt/airflow/dags/our_first_dag.py took 0.217 seconds
[2025-02-23T04:33:09.550+0000] {processor.py:186} INFO - Started process (PID=3689) to work on /opt/airflow/dags/our_first_dag.py
[2025-02-23T04:33:09.553+0000] {processor.py:914} INFO - Processing file /opt/airflow/dags/our_first_dag.py for tasks to queue
[2025-02-23T04:33:09.558+0000] {logging_mixin.py:190} INFO - [2025-02-23T04:33:09.557+0000] {dagbag.py:588} INFO - Filling up the DagBag from /opt/airflow/dags/our_first_dag.py
[2025-02-23T04:33:09.611+0000] {processor.py:925} INFO - DAG(s) 'our_first_dag_v1' retrieved from /opt/airflow/dags/our_first_dag.py
[2025-02-23T04:33:09.685+0000] {logging_mixin.py:190} INFO - [2025-02-23T04:33:09.684+0000] {dag.py:3239} INFO - Sync 1 DAGs
[2025-02-23T04:33:09.740+0000] {logging_mixin.py:190} INFO - [2025-02-23T04:33:09.740+0000] {dag.py:4180} INFO - Setting next_dagrun for our_first_dag_v1 to 2021-04-30 00:00:00+00:00, run_after=2021-05-01 00:00:00+00:00
[2025-02-23T04:33:09.788+0000] {processor.py:208} INFO - Processing /opt/airflow/dags/our_first_dag.py took 0.253 seconds
[2025-02-23T04:33:40.270+0000] {processor.py:186} INFO - Started process (PID=4174) to work on /opt/airflow/dags/our_first_dag.py
[2025-02-23T04:33:40.273+0000] {processor.py:914} INFO - Processing file /opt/airflow/dags/our_first_dag.py for tasks to queue
[2025-02-23T04:33:40.279+0000] {logging_mixin.py:190} INFO - [2025-02-23T04:33:40.278+0000] {dagbag.py:588} INFO - Filling up the DagBag from /opt/airflow/dags/our_first_dag.py
[2025-02-23T04:33:40.336+0000] {processor.py:925} INFO - DAG(s) 'our_first_dag_v1' retrieved from /opt/airflow/dags/our_first_dag.py
[2025-02-23T04:33:40.422+0000] {logging_mixin.py:190} INFO - [2025-02-23T04:33:40.420+0000] {dag.py:3239} INFO - Sync 1 DAGs
[2025-02-23T04:33:40.500+0000] {logging_mixin.py:190} INFO - [2025-02-23T04:33:40.499+0000] {dag.py:4180} INFO - Setting next_dagrun for our_first_dag_v1 to 2021-06-25 00:00:00+00:00, run_after=2021-06-26 00:00:00+00:00
[2025-02-23T04:33:40.558+0000] {processor.py:208} INFO - Processing /opt/airflow/dags/our_first_dag.py took 0.307 seconds
[2025-02-23T04:34:10.677+0000] {processor.py:186} INFO - Started process (PID=4572) to work on /opt/airflow/dags/our_first_dag.py
[2025-02-23T04:34:10.680+0000] {processor.py:914} INFO - Processing file /opt/airflow/dags/our_first_dag.py for tasks to queue
[2025-02-23T04:34:10.683+0000] {logging_mixin.py:190} INFO - [2025-02-23T04:34:10.682+0000] {dagbag.py:588} INFO - Filling up the DagBag from /opt/airflow/dags/our_first_dag.py
[2025-02-23T04:34:10.732+0000] {processor.py:925} INFO - DAG(s) 'our_first_dag_v1' retrieved from /opt/airflow/dags/our_first_dag.py
[2025-02-23T04:34:10.789+0000] {logging_mixin.py:190} INFO - [2025-02-23T04:34:10.788+0000] {dag.py:3239} INFO - Sync 1 DAGs
[2025-02-23T04:34:10.841+0000] {logging_mixin.py:190} INFO - [2025-02-23T04:34:10.841+0000] {dag.py:4180} INFO - Setting next_dagrun for our_first_dag_v1 to 2021-08-11 00:00:00+00:00, run_after=2021-08-12 00:00:00+00:00
[2025-02-23T04:34:10.886+0000] {processor.py:208} INFO - Processing /opt/airflow/dags/our_first_dag.py took 0.223 seconds
[2025-02-23T04:34:41.065+0000] {processor.py:186} INFO - Started process (PID=5022) to work on /opt/airflow/dags/our_first_dag.py
[2025-02-23T04:34:41.067+0000] {processor.py:914} INFO - Processing file /opt/airflow/dags/our_first_dag.py for tasks to queue
[2025-02-23T04:34:41.073+0000] {logging_mixin.py:190} INFO - [2025-02-23T04:34:41.072+0000] {dagbag.py:588} INFO - Filling up the DagBag from /opt/airflow/dags/our_first_dag.py
[2025-02-23T04:34:41.129+0000] {processor.py:925} INFO - DAG(s) 'our_first_dag_v1' retrieved from /opt/airflow/dags/our_first_dag.py
[2025-02-23T04:34:41.183+0000] {logging_mixin.py:190} INFO - [2025-02-23T04:34:41.183+0000] {dag.py:3239} INFO - Sync 1 DAGs
[2025-02-23T04:34:41.255+0000] {logging_mixin.py:190} INFO - [2025-02-23T04:34:41.254+0000] {dag.py:4180} INFO - Setting next_dagrun for our_first_dag_v1 to 2021-10-09 00:00:00+00:00, run_after=2021-10-10 00:00:00+00:00
[2025-02-23T04:34:41.311+0000] {processor.py:208} INFO - Processing /opt/airflow/dags/our_first_dag.py took 0.261 seconds
[2025-02-23T04:35:11.721+0000] {processor.py:186} INFO - Started process (PID=5475) to work on /opt/airflow/dags/our_first_dag.py
[2025-02-23T04:35:11.723+0000] {processor.py:914} INFO - Processing file /opt/airflow/dags/our_first_dag.py for tasks to queue
[2025-02-23T04:35:11.725+0000] {logging_mixin.py:190} INFO - [2025-02-23T04:35:11.725+0000] {dagbag.py:588} INFO - Filling up the DagBag from /opt/airflow/dags/our_first_dag.py
[2025-02-23T04:35:11.823+0000] {processor.py:925} INFO - DAG(s) 'our_first_dag_v1' retrieved from /opt/airflow/dags/our_first_dag.py
[2025-02-23T04:35:11.881+0000] {logging_mixin.py:190} INFO - [2025-02-23T04:35:11.880+0000] {dag.py:3239} INFO - Sync 1 DAGs
[2025-02-23T04:35:11.936+0000] {logging_mixin.py:190} INFO - [2025-02-23T04:35:11.936+0000] {dag.py:4180} INFO - Setting next_dagrun for our_first_dag_v1 to 2021-11-29 00:00:00+00:00, run_after=2021-11-30 00:00:00+00:00
[2025-02-23T04:35:12.018+0000] {processor.py:208} INFO - Processing /opt/airflow/dags/our_first_dag.py took 0.310 seconds
[2025-02-23T04:35:42.252+0000] {processor.py:186} INFO - Started process (PID=5929) to work on /opt/airflow/dags/our_first_dag.py
[2025-02-23T04:35:42.265+0000] {processor.py:914} INFO - Processing file /opt/airflow/dags/our_first_dag.py for tasks to queue
[2025-02-23T04:35:42.272+0000] {logging_mixin.py:190} INFO - [2025-02-23T04:35:42.271+0000] {dagbag.py:588} INFO - Filling up the DagBag from /opt/airflow/dags/our_first_dag.py
[2025-02-23T04:35:42.327+0000] {processor.py:925} INFO - DAG(s) 'our_first_dag_v1' retrieved from /opt/airflow/dags/our_first_dag.py
[2025-02-23T04:35:42.390+0000] {logging_mixin.py:190} INFO - [2025-02-23T04:35:42.389+0000] {dag.py:3239} INFO - Sync 1 DAGs
[2025-02-23T04:35:42.459+0000] {logging_mixin.py:190} INFO - [2025-02-23T04:35:42.458+0000] {dag.py:4180} INFO - Setting next_dagrun for our_first_dag_v1 to 2022-01-29 00:00:00+00:00, run_after=2022-01-30 00:00:00+00:00
[2025-02-23T04:35:42.517+0000] {processor.py:208} INFO - Processing /opt/airflow/dags/our_first_dag.py took 0.286 seconds
[2025-02-23T04:36:12.832+0000] {processor.py:186} INFO - Started process (PID=6388) to work on /opt/airflow/dags/our_first_dag.py
[2025-02-23T04:36:12.835+0000] {processor.py:914} INFO - Processing file /opt/airflow/dags/our_first_dag.py for tasks to queue
[2025-02-23T04:36:12.839+0000] {logging_mixin.py:190} INFO - [2025-02-23T04:36:12.838+0000] {dagbag.py:588} INFO - Filling up the DagBag from /opt/airflow/dags/our_first_dag.py
[2025-02-23T04:36:12.904+0000] {processor.py:925} INFO - DAG(s) 'our_first_dag_v1' retrieved from /opt/airflow/dags/our_first_dag.py
[2025-02-23T04:36:12.971+0000] {logging_mixin.py:190} INFO - [2025-02-23T04:36:12.970+0000] {dag.py:3239} INFO - Sync 1 DAGs
[2025-02-23T04:36:13.053+0000] {logging_mixin.py:190} INFO - [2025-02-23T04:36:13.052+0000] {dag.py:4180} INFO - Setting next_dagrun for our_first_dag_v1 to 2022-03-25 00:00:00+00:00, run_after=2022-03-26 00:00:00+00:00
[2025-02-23T04:36:13.106+0000] {processor.py:208} INFO - Processing /opt/airflow/dags/our_first_dag.py took 0.295 seconds
[2025-02-23T04:36:43.279+0000] {processor.py:186} INFO - Started process (PID=6914) to work on /opt/airflow/dags/our_first_dag.py
[2025-02-23T04:36:43.281+0000] {processor.py:914} INFO - Processing file /opt/airflow/dags/our_first_dag.py for tasks to queue
[2025-02-23T04:36:43.284+0000] {logging_mixin.py:190} INFO - [2025-02-23T04:36:43.283+0000] {dagbag.py:588} INFO - Filling up the DagBag from /opt/airflow/dags/our_first_dag.py
[2025-02-23T04:36:43.332+0000] {processor.py:925} INFO - DAG(s) 'our_first_dag_v1' retrieved from /opt/airflow/dags/our_first_dag.py
[2025-02-23T04:36:43.397+0000] {logging_mixin.py:190} INFO - [2025-02-23T04:36:43.396+0000] {dag.py:3239} INFO - Sync 1 DAGs
[2025-02-23T04:36:43.471+0000] {logging_mixin.py:190} INFO - [2025-02-23T04:36:43.471+0000] {dag.py:4180} INFO - Setting next_dagrun for our_first_dag_v1 to 2022-05-24 00:00:00+00:00, run_after=2022-05-25 00:00:00+00:00
[2025-02-23T04:36:43.520+0000] {processor.py:208} INFO - Processing /opt/airflow/dags/our_first_dag.py took 0.255 seconds
[2025-02-23T04:37:13.963+0000] {processor.py:186} INFO - Started process (PID=7321) to work on /opt/airflow/dags/our_first_dag.py
[2025-02-23T04:37:13.965+0000] {processor.py:914} INFO - Processing file /opt/airflow/dags/our_first_dag.py for tasks to queue
[2025-02-23T04:37:13.969+0000] {logging_mixin.py:190} INFO - [2025-02-23T04:37:13.967+0000] {dagbag.py:588} INFO - Filling up the DagBag from /opt/airflow/dags/our_first_dag.py
[2025-02-23T04:37:14.028+0000] {processor.py:925} INFO - DAG(s) 'our_first_dag_v1' retrieved from /opt/airflow/dags/our_first_dag.py
[2025-02-23T04:37:14.084+0000] {logging_mixin.py:190} INFO - [2025-02-23T04:37:14.083+0000] {dag.py:3239} INFO - Sync 1 DAGs
[2025-02-23T04:37:14.175+0000] {logging_mixin.py:190} INFO - [2025-02-23T04:37:14.174+0000] {dag.py:4180} INFO - Setting next_dagrun for our_first_dag_v1 to 2022-07-18 00:00:00+00:00, run_after=2022-07-19 00:00:00+00:00
[2025-02-23T04:37:14.229+0000] {processor.py:208} INFO - Processing /opt/airflow/dags/our_first_dag.py took 0.281 seconds
[2025-02-23T04:37:44.392+0000] {processor.py:186} INFO - Started process (PID=7770) to work on /opt/airflow/dags/our_first_dag.py
[2025-02-23T04:37:44.395+0000] {processor.py:914} INFO - Processing file /opt/airflow/dags/our_first_dag.py for tasks to queue
[2025-02-23T04:37:44.399+0000] {logging_mixin.py:190} INFO - [2025-02-23T04:37:44.398+0000] {dagbag.py:588} INFO - Filling up the DagBag from /opt/airflow/dags/our_first_dag.py
[2025-02-23T04:37:44.456+0000] {processor.py:925} INFO - DAG(s) 'our_first_dag_v1' retrieved from /opt/airflow/dags/our_first_dag.py
[2025-02-23T04:37:44.511+0000] {logging_mixin.py:190} INFO - [2025-02-23T04:37:44.510+0000] {dag.py:3239} INFO - Sync 1 DAGs
[2025-02-23T04:37:44.578+0000] {logging_mixin.py:190} INFO - [2025-02-23T04:37:44.578+0000] {dag.py:4180} INFO - Setting next_dagrun for our_first_dag_v1 to 2022-09-08 00:00:00+00:00, run_after=2022-09-09 00:00:00+00:00
[2025-02-23T04:37:44.628+0000] {processor.py:208} INFO - Processing /opt/airflow/dags/our_first_dag.py took 0.249 seconds
[2025-02-23T04:38:15.051+0000] {processor.py:186} INFO - Started process (PID=8226) to work on /opt/airflow/dags/our_first_dag.py
[2025-02-23T04:38:15.054+0000] {processor.py:914} INFO - Processing file /opt/airflow/dags/our_first_dag.py for tasks to queue
[2025-02-23T04:38:15.057+0000] {logging_mixin.py:190} INFO - [2025-02-23T04:38:15.056+0000] {dagbag.py:588} INFO - Filling up the DagBag from /opt/airflow/dags/our_first_dag.py
[2025-02-23T04:38:15.099+0000] {processor.py:925} INFO - DAG(s) 'our_first_dag_v1' retrieved from /opt/airflow/dags/our_first_dag.py
[2025-02-23T04:38:15.155+0000] {logging_mixin.py:190} INFO - [2025-02-23T04:38:15.154+0000] {dag.py:3239} INFO - Sync 1 DAGs
[2025-02-23T04:38:15.226+0000] {logging_mixin.py:190} INFO - [2025-02-23T04:38:15.225+0000] {dag.py:4180} INFO - Setting next_dagrun for our_first_dag_v1 to 2022-11-04 00:00:00+00:00, run_after=2022-11-05 00:00:00+00:00
[2025-02-23T04:38:15.264+0000] {processor.py:208} INFO - Processing /opt/airflow/dags/our_first_dag.py took 0.226 seconds
[2025-02-23T04:38:45.521+0000] {processor.py:186} INFO - Started process (PID=8471) to work on /opt/airflow/dags/our_first_dag.py
[2025-02-23T04:38:45.524+0000] {processor.py:914} INFO - Processing file /opt/airflow/dags/our_first_dag.py for tasks to queue
[2025-02-23T04:38:45.528+0000] {logging_mixin.py:190} INFO - [2025-02-23T04:38:45.527+0000] {dagbag.py:588} INFO - Filling up the DagBag from /opt/airflow/dags/our_first_dag.py
[2025-02-23T04:38:45.603+0000] {processor.py:925} INFO - DAG(s) 'our_first_dag_v1' retrieved from /opt/airflow/dags/our_first_dag.py
[2025-02-23T04:38:45.676+0000] {logging_mixin.py:190} INFO - [2025-02-23T04:38:45.675+0000] {dag.py:3239} INFO - Sync 1 DAGs
[2025-02-23T04:38:45.758+0000] {logging_mixin.py:190} INFO - [2025-02-23T04:38:45.757+0000] {dag.py:4180} INFO - Setting next_dagrun for our_first_dag_v1 to 2022-11-29 00:00:00+00:00, run_after=2022-11-30 00:00:00+00:00
[2025-02-23T04:38:45.818+0000] {processor.py:208} INFO - Processing /opt/airflow/dags/our_first_dag.py took 0.314 seconds
[2025-02-23T04:39:16.268+0000] {processor.py:186} INFO - Started process (PID=8482) to work on /opt/airflow/dags/our_first_dag.py
[2025-02-23T04:39:16.272+0000] {processor.py:914} INFO - Processing file /opt/airflow/dags/our_first_dag.py for tasks to queue
[2025-02-23T04:39:16.275+0000] {logging_mixin.py:190} INFO - [2025-02-23T04:39:16.274+0000] {dagbag.py:588} INFO - Filling up the DagBag from /opt/airflow/dags/our_first_dag.py
[2025-02-23T04:39:16.337+0000] {processor.py:925} INFO - DAG(s) 'our_first_dag_v1' retrieved from /opt/airflow/dags/our_first_dag.py
[2025-02-23T04:39:16.389+0000] {logging_mixin.py:190} INFO - [2025-02-23T04:39:16.389+0000] {dag.py:3239} INFO - Sync 1 DAGs
[2025-02-23T04:39:16.436+0000] {logging_mixin.py:190} INFO - [2025-02-23T04:39:16.435+0000] {dag.py:4180} INFO - Setting next_dagrun for our_first_dag_v1 to 2022-11-29 00:00:00+00:00, run_after=2022-11-30 00:00:00+00:00
[2025-02-23T04:39:16.481+0000] {processor.py:208} INFO - Processing /opt/airflow/dags/our_first_dag.py took 0.229 seconds
[2025-02-23T04:39:46.921+0000] {processor.py:186} INFO - Started process (PID=8493) to work on /opt/airflow/dags/our_first_dag.py
[2025-02-23T04:39:46.924+0000] {processor.py:914} INFO - Processing file /opt/airflow/dags/our_first_dag.py for tasks to queue
[2025-02-23T04:39:46.927+0000] {logging_mixin.py:190} INFO - [2025-02-23T04:39:46.926+0000] {dagbag.py:588} INFO - Filling up the DagBag from /opt/airflow/dags/our_first_dag.py
[2025-02-23T04:39:46.974+0000] {processor.py:925} INFO - DAG(s) 'our_first_dag_v1' retrieved from /opt/airflow/dags/our_first_dag.py
[2025-02-23T04:39:47.037+0000] {logging_mixin.py:190} INFO - [2025-02-23T04:39:47.036+0000] {dag.py:3239} INFO - Sync 1 DAGs
[2025-02-23T04:39:47.089+0000] {logging_mixin.py:190} INFO - [2025-02-23T04:39:47.088+0000] {dag.py:4180} INFO - Setting next_dagrun for our_first_dag_v1 to 2022-11-29 00:00:00+00:00, run_after=2022-11-30 00:00:00+00:00
[2025-02-23T04:39:47.176+0000] {processor.py:208} INFO - Processing /opt/airflow/dags/our_first_dag.py took 0.270 seconds
[2025-02-23T04:40:17.533+0000] {processor.py:186} INFO - Started process (PID=8504) to work on /opt/airflow/dags/our_first_dag.py
[2025-02-23T04:40:17.536+0000] {processor.py:914} INFO - Processing file /opt/airflow/dags/our_first_dag.py for tasks to queue
[2025-02-23T04:40:17.538+0000] {logging_mixin.py:190} INFO - [2025-02-23T04:40:17.537+0000] {dagbag.py:588} INFO - Filling up the DagBag from /opt/airflow/dags/our_first_dag.py
[2025-02-23T04:40:17.594+0000] {processor.py:925} INFO - DAG(s) 'our_first_dag_v1' retrieved from /opt/airflow/dags/our_first_dag.py
[2025-02-23T04:40:17.654+0000] {logging_mixin.py:190} INFO - [2025-02-23T04:40:17.652+0000] {dag.py:3239} INFO - Sync 1 DAGs
[2025-02-23T04:40:17.720+0000] {logging_mixin.py:190} INFO - [2025-02-23T04:40:17.718+0000] {dag.py:4180} INFO - Setting next_dagrun for our_first_dag_v1 to 2022-11-29 00:00:00+00:00, run_after=2022-11-30 00:00:00+00:00
[2025-02-23T04:40:17.766+0000] {processor.py:208} INFO - Processing /opt/airflow/dags/our_first_dag.py took 0.246 seconds
[2025-02-23T04:40:48.327+0000] {processor.py:186} INFO - Started process (PID=8515) to work on /opt/airflow/dags/our_first_dag.py
[2025-02-23T04:40:48.331+0000] {processor.py:914} INFO - Processing file /opt/airflow/dags/our_first_dag.py for tasks to queue
[2025-02-23T04:40:48.334+0000] {logging_mixin.py:190} INFO - [2025-02-23T04:40:48.333+0000] {dagbag.py:588} INFO - Filling up the DagBag from /opt/airflow/dags/our_first_dag.py
[2025-02-23T04:40:48.390+0000] {processor.py:925} INFO - DAG(s) 'our_first_dag_v1' retrieved from /opt/airflow/dags/our_first_dag.py
[2025-02-23T04:40:48.438+0000] {logging_mixin.py:190} INFO - [2025-02-23T04:40:48.438+0000] {dag.py:3239} INFO - Sync 1 DAGs
[2025-02-23T04:40:48.492+0000] {logging_mixin.py:190} INFO - [2025-02-23T04:40:48.491+0000] {dag.py:4180} INFO - Setting next_dagrun for our_first_dag_v1 to 2022-11-29 00:00:00+00:00, run_after=2022-11-30 00:00:00+00:00
[2025-02-23T04:40:48.538+0000] {processor.py:208} INFO - Processing /opt/airflow/dags/our_first_dag.py took 0.226 seconds
[2025-02-23T04:41:18.913+0000] {processor.py:186} INFO - Started process (PID=8526) to work on /opt/airflow/dags/our_first_dag.py
[2025-02-23T04:41:18.916+0000] {processor.py:914} INFO - Processing file /opt/airflow/dags/our_first_dag.py for tasks to queue
[2025-02-23T04:41:18.920+0000] {logging_mixin.py:190} INFO - [2025-02-23T04:41:18.919+0000] {dagbag.py:588} INFO - Filling up the DagBag from /opt/airflow/dags/our_first_dag.py
[2025-02-23T04:41:18.963+0000] {processor.py:925} INFO - DAG(s) 'our_first_dag_v1' retrieved from /opt/airflow/dags/our_first_dag.py
[2025-02-23T04:41:19.015+0000] {logging_mixin.py:190} INFO - [2025-02-23T04:41:19.014+0000] {dag.py:3239} INFO - Sync 1 DAGs
[2025-02-23T04:41:19.067+0000] {logging_mixin.py:190} INFO - [2025-02-23T04:41:19.066+0000] {dag.py:4180} INFO - Setting next_dagrun for our_first_dag_v1 to 2022-11-29 00:00:00+00:00, run_after=2022-11-30 00:00:00+00:00
[2025-02-23T04:41:19.149+0000] {processor.py:208} INFO - Processing /opt/airflow/dags/our_first_dag.py took 0.249 seconds
[2025-02-23T04:41:49.531+0000] {processor.py:186} INFO - Started process (PID=8537) to work on /opt/airflow/dags/our_first_dag.py
[2025-02-23T04:41:49.534+0000] {processor.py:914} INFO - Processing file /opt/airflow/dags/our_first_dag.py for tasks to queue
[2025-02-23T04:41:49.541+0000] {logging_mixin.py:190} INFO - [2025-02-23T04:41:49.540+0000] {dagbag.py:588} INFO - Filling up the DagBag from /opt/airflow/dags/our_first_dag.py
[2025-02-23T04:41:49.599+0000] {processor.py:925} INFO - DAG(s) 'our_first_dag_v1' retrieved from /opt/airflow/dags/our_first_dag.py
[2025-02-23T04:41:49.662+0000] {logging_mixin.py:190} INFO - [2025-02-23T04:41:49.662+0000] {dag.py:3239} INFO - Sync 1 DAGs
[2025-02-23T04:41:49.729+0000] {logging_mixin.py:190} INFO - [2025-02-23T04:41:49.729+0000] {dag.py:4180} INFO - Setting next_dagrun for our_first_dag_v1 to 2022-11-29 00:00:00+00:00, run_after=2022-11-30 00:00:00+00:00
[2025-02-23T04:41:49.808+0000] {processor.py:208} INFO - Processing /opt/airflow/dags/our_first_dag.py took 0.294 seconds
[2025-02-23T04:42:20.291+0000] {processor.py:186} INFO - Started process (PID=8548) to work on /opt/airflow/dags/our_first_dag.py
[2025-02-23T04:42:20.298+0000] {processor.py:914} INFO - Processing file /opt/airflow/dags/our_first_dag.py for tasks to queue
[2025-02-23T04:42:20.304+0000] {logging_mixin.py:190} INFO - [2025-02-23T04:42:20.303+0000] {dagbag.py:588} INFO - Filling up the DagBag from /opt/airflow/dags/our_first_dag.py
[2025-02-23T04:42:20.349+0000] {processor.py:925} INFO - DAG(s) 'our_first_dag_v1' retrieved from /opt/airflow/dags/our_first_dag.py
[2025-02-23T04:42:20.404+0000] {logging_mixin.py:190} INFO - [2025-02-23T04:42:20.404+0000] {dag.py:3239} INFO - Sync 1 DAGs
[2025-02-23T04:42:20.454+0000] {logging_mixin.py:190} INFO - [2025-02-23T04:42:20.453+0000] {dag.py:4180} INFO - Setting next_dagrun for our_first_dag_v1 to 2022-11-29 00:00:00+00:00, run_after=2022-11-30 00:00:00+00:00
[2025-02-23T04:42:20.537+0000] {processor.py:208} INFO - Processing /opt/airflow/dags/our_first_dag.py took 0.262 seconds
[2025-02-23T04:42:50.944+0000] {processor.py:186} INFO - Started process (PID=8559) to work on /opt/airflow/dags/our_first_dag.py
[2025-02-23T04:42:50.948+0000] {processor.py:914} INFO - Processing file /opt/airflow/dags/our_first_dag.py for tasks to queue
[2025-02-23T04:42:50.950+0000] {logging_mixin.py:190} INFO - [2025-02-23T04:42:50.949+0000] {dagbag.py:588} INFO - Filling up the DagBag from /opt/airflow/dags/our_first_dag.py
[2025-02-23T04:42:51.019+0000] {processor.py:925} INFO - DAG(s) 'our_first_dag_v1' retrieved from /opt/airflow/dags/our_first_dag.py
[2025-02-23T04:42:51.073+0000] {logging_mixin.py:190} INFO - [2025-02-23T04:42:51.073+0000] {dag.py:3239} INFO - Sync 1 DAGs
[2025-02-23T04:42:51.131+0000] {logging_mixin.py:190} INFO - [2025-02-23T04:42:51.130+0000] {dag.py:4180} INFO - Setting next_dagrun for our_first_dag_v1 to 2022-11-29 00:00:00+00:00, run_after=2022-11-30 00:00:00+00:00
[2025-02-23T04:42:51.212+0000] {processor.py:208} INFO - Processing /opt/airflow/dags/our_first_dag.py took 0.281 seconds
[2025-02-23T04:43:21.660+0000] {processor.py:186} INFO - Started process (PID=8570) to work on /opt/airflow/dags/our_first_dag.py
[2025-02-23T04:43:21.663+0000] {processor.py:914} INFO - Processing file /opt/airflow/dags/our_first_dag.py for tasks to queue
[2025-02-23T04:43:21.666+0000] {logging_mixin.py:190} INFO - [2025-02-23T04:43:21.665+0000] {dagbag.py:588} INFO - Filling up the DagBag from /opt/airflow/dags/our_first_dag.py
[2025-02-23T04:43:21.761+0000] {processor.py:925} INFO - DAG(s) 'our_first_dag_v1' retrieved from /opt/airflow/dags/our_first_dag.py
[2025-02-23T04:43:21.821+0000] {logging_mixin.py:190} INFO - [2025-02-23T04:43:21.820+0000] {dag.py:3239} INFO - Sync 1 DAGs
[2025-02-23T04:43:21.878+0000] {logging_mixin.py:190} INFO - [2025-02-23T04:43:21.877+0000] {dag.py:4180} INFO - Setting next_dagrun for our_first_dag_v1 to 2022-11-29 00:00:00+00:00, run_after=2022-11-30 00:00:00+00:00
[2025-02-23T04:43:21.964+0000] {processor.py:208} INFO - Processing /opt/airflow/dags/our_first_dag.py took 0.320 seconds
[2025-02-23T04:43:52.200+0000] {processor.py:186} INFO - Started process (PID=8581) to work on /opt/airflow/dags/our_first_dag.py
[2025-02-23T04:43:52.204+0000] {processor.py:914} INFO - Processing file /opt/airflow/dags/our_first_dag.py for tasks to queue
[2025-02-23T04:43:52.206+0000] {logging_mixin.py:190} INFO - [2025-02-23T04:43:52.206+0000] {dagbag.py:588} INFO - Filling up the DagBag from /opt/airflow/dags/our_first_dag.py
[2025-02-23T04:43:52.256+0000] {processor.py:925} INFO - DAG(s) 'our_first_dag_v1' retrieved from /opt/airflow/dags/our_first_dag.py
[2025-02-23T04:43:52.317+0000] {logging_mixin.py:190} INFO - [2025-02-23T04:43:52.317+0000] {dag.py:3239} INFO - Sync 1 DAGs
[2025-02-23T04:43:52.380+0000] {logging_mixin.py:190} INFO - [2025-02-23T04:43:52.379+0000] {dag.py:4180} INFO - Setting next_dagrun for our_first_dag_v1 to 2022-11-29 00:00:00+00:00, run_after=2022-11-30 00:00:00+00:00
[2025-02-23T04:43:52.475+0000] {processor.py:208} INFO - Processing /opt/airflow/dags/our_first_dag.py took 0.287 seconds
[2025-02-23T04:44:22.906+0000] {processor.py:186} INFO - Started process (PID=8592) to work on /opt/airflow/dags/our_first_dag.py
[2025-02-23T04:44:22.908+0000] {processor.py:914} INFO - Processing file /opt/airflow/dags/our_first_dag.py for tasks to queue
[2025-02-23T04:44:22.911+0000] {logging_mixin.py:190} INFO - [2025-02-23T04:44:22.910+0000] {dagbag.py:588} INFO - Filling up the DagBag from /opt/airflow/dags/our_first_dag.py
[2025-02-23T04:44:22.964+0000] {processor.py:925} INFO - DAG(s) 'our_first_dag_v1' retrieved from /opt/airflow/dags/our_first_dag.py
[2025-02-23T04:44:23.015+0000] {logging_mixin.py:190} INFO - [2025-02-23T04:44:23.014+0000] {dag.py:3239} INFO - Sync 1 DAGs
[2025-02-23T04:44:23.064+0000] {logging_mixin.py:190} INFO - [2025-02-23T04:44:23.064+0000] {dag.py:4180} INFO - Setting next_dagrun for our_first_dag_v1 to 2022-11-29 00:00:00+00:00, run_after=2022-11-30 00:00:00+00:00
[2025-02-23T04:44:23.156+0000] {processor.py:208} INFO - Processing /opt/airflow/dags/our_first_dag.py took 0.263 seconds
[2025-02-23T04:44:53.394+0000] {processor.py:186} INFO - Started process (PID=8604) to work on /opt/airflow/dags/our_first_dag.py
[2025-02-23T04:44:53.396+0000] {processor.py:914} INFO - Processing file /opt/airflow/dags/our_first_dag.py for tasks to queue
[2025-02-23T04:44:53.399+0000] {logging_mixin.py:190} INFO - [2025-02-23T04:44:53.398+0000] {dagbag.py:588} INFO - Filling up the DagBag from /opt/airflow/dags/our_first_dag.py
[2025-02-23T04:44:53.463+0000] {processor.py:925} INFO - DAG(s) 'our_first_dag_v1' retrieved from /opt/airflow/dags/our_first_dag.py
[2025-02-23T04:44:53.524+0000] {logging_mixin.py:190} INFO - [2025-02-23T04:44:53.523+0000] {dag.py:3239} INFO - Sync 1 DAGs
[2025-02-23T04:44:53.593+0000] {logging_mixin.py:190} INFO - [2025-02-23T04:44:53.592+0000] {dag.py:4180} INFO - Setting next_dagrun for our_first_dag_v1 to 2022-11-29 00:00:00+00:00, run_after=2022-11-30 00:00:00+00:00
[2025-02-23T04:44:53.674+0000] {processor.py:208} INFO - Processing /opt/airflow/dags/our_first_dag.py took 0.293 seconds
[2025-02-23T04:45:24.155+0000] {processor.py:186} INFO - Started process (PID=8615) to work on /opt/airflow/dags/our_first_dag.py
[2025-02-23T04:45:24.158+0000] {processor.py:914} INFO - Processing file /opt/airflow/dags/our_first_dag.py for tasks to queue
[2025-02-23T04:45:24.161+0000] {logging_mixin.py:190} INFO - [2025-02-23T04:45:24.160+0000] {dagbag.py:588} INFO - Filling up the DagBag from /opt/airflow/dags/our_first_dag.py
[2025-02-23T04:45:24.220+0000] {processor.py:925} INFO - DAG(s) 'our_first_dag_v1' retrieved from /opt/airflow/dags/our_first_dag.py
[2025-02-23T04:45:24.277+0000] {logging_mixin.py:190} INFO - [2025-02-23T04:45:24.276+0000] {dag.py:3239} INFO - Sync 1 DAGs
[2025-02-23T04:45:24.338+0000] {logging_mixin.py:190} INFO - [2025-02-23T04:45:24.338+0000] {dag.py:4180} INFO - Setting next_dagrun for our_first_dag_v1 to 2022-11-29 00:00:00+00:00, run_after=2022-11-30 00:00:00+00:00
[2025-02-23T04:45:24.427+0000] {processor.py:208} INFO - Processing /opt/airflow/dags/our_first_dag.py took 0.287 seconds
[2025-02-23T04:45:54.729+0000] {processor.py:186} INFO - Started process (PID=8626) to work on /opt/airflow/dags/our_first_dag.py
[2025-02-23T04:45:54.731+0000] {processor.py:914} INFO - Processing file /opt/airflow/dags/our_first_dag.py for tasks to queue
[2025-02-23T04:45:54.736+0000] {logging_mixin.py:190} INFO - [2025-02-23T04:45:54.735+0000] {dagbag.py:588} INFO - Filling up the DagBag from /opt/airflow/dags/our_first_dag.py
[2025-02-23T04:45:54.796+0000] {processor.py:925} INFO - DAG(s) 'our_first_dag_v1' retrieved from /opt/airflow/dags/our_first_dag.py
[2025-02-23T04:45:54.862+0000] {logging_mixin.py:190} INFO - [2025-02-23T04:45:54.861+0000] {dag.py:3239} INFO - Sync 1 DAGs
[2025-02-23T04:45:54.921+0000] {logging_mixin.py:190} INFO - [2025-02-23T04:45:54.921+0000] {dag.py:4180} INFO - Setting next_dagrun for our_first_dag_v1 to 2022-11-29 00:00:00+00:00, run_after=2022-11-30 00:00:00+00:00
[2025-02-23T04:45:54.965+0000] {processor.py:208} INFO - Processing /opt/airflow/dags/our_first_dag.py took 0.250 seconds
[2025-02-23T04:46:25.350+0000] {processor.py:186} INFO - Started process (PID=8637) to work on /opt/airflow/dags/our_first_dag.py
[2025-02-23T04:46:25.352+0000] {processor.py:914} INFO - Processing file /opt/airflow/dags/our_first_dag.py for tasks to queue
[2025-02-23T04:46:25.355+0000] {logging_mixin.py:190} INFO - [2025-02-23T04:46:25.354+0000] {dagbag.py:588} INFO - Filling up the DagBag from /opt/airflow/dags/our_first_dag.py
[2025-02-23T04:46:25.403+0000] {processor.py:925} INFO - DAG(s) 'our_first_dag_v1' retrieved from /opt/airflow/dags/our_first_dag.py
[2025-02-23T04:46:25.450+0000] {logging_mixin.py:190} INFO - [2025-02-23T04:46:25.450+0000] {dag.py:3239} INFO - Sync 1 DAGs
[2025-02-23T04:46:25.507+0000] {logging_mixin.py:190} INFO - [2025-02-23T04:46:25.506+0000] {dag.py:4180} INFO - Setting next_dagrun for our_first_dag_v1 to 2022-11-29 00:00:00+00:00, run_after=2022-11-30 00:00:00+00:00
[2025-02-23T04:46:25.595+0000] {processor.py:208} INFO - Processing /opt/airflow/dags/our_first_dag.py took 0.263 seconds
[2025-02-23T04:46:56.004+0000] {processor.py:186} INFO - Started process (PID=8647) to work on /opt/airflow/dags/our_first_dag.py
[2025-02-23T04:46:56.006+0000] {processor.py:914} INFO - Processing file /opt/airflow/dags/our_first_dag.py for tasks to queue
[2025-02-23T04:46:56.010+0000] {logging_mixin.py:190} INFO - [2025-02-23T04:46:56.009+0000] {dagbag.py:588} INFO - Filling up the DagBag from /opt/airflow/dags/our_first_dag.py
[2025-02-23T04:46:56.072+0000] {processor.py:925} INFO - DAG(s) 'our_first_dag_v1' retrieved from /opt/airflow/dags/our_first_dag.py
[2025-02-23T04:46:56.148+0000] {logging_mixin.py:190} INFO - [2025-02-23T04:46:56.147+0000] {dag.py:3239} INFO - Sync 1 DAGs
[2025-02-23T04:46:56.219+0000] {logging_mixin.py:190} INFO - [2025-02-23T04:46:56.219+0000] {dag.py:4180} INFO - Setting next_dagrun for our_first_dag_v1 to 2022-11-29 00:00:00+00:00, run_after=2022-11-30 00:00:00+00:00
[2025-02-23T04:46:56.265+0000] {processor.py:208} INFO - Processing /opt/airflow/dags/our_first_dag.py took 0.280 seconds
[2025-02-23T04:47:26.625+0000] {processor.py:186} INFO - Started process (PID=8658) to work on /opt/airflow/dags/our_first_dag.py
[2025-02-23T04:47:26.628+0000] {processor.py:914} INFO - Processing file /opt/airflow/dags/our_first_dag.py for tasks to queue
[2025-02-23T04:47:26.635+0000] {logging_mixin.py:190} INFO - [2025-02-23T04:47:26.634+0000] {dagbag.py:588} INFO - Filling up the DagBag from /opt/airflow/dags/our_first_dag.py
[2025-02-23T04:47:26.690+0000] {processor.py:925} INFO - DAG(s) 'our_first_dag_v1' retrieved from /opt/airflow/dags/our_first_dag.py
[2025-02-23T04:47:26.748+0000] {logging_mixin.py:190} INFO - [2025-02-23T04:47:26.748+0000] {dag.py:3239} INFO - Sync 1 DAGs
[2025-02-23T04:47:26.807+0000] {logging_mixin.py:190} INFO - [2025-02-23T04:47:26.806+0000] {dag.py:4180} INFO - Setting next_dagrun for our_first_dag_v1 to 2022-11-29 00:00:00+00:00, run_after=2022-11-30 00:00:00+00:00
[2025-02-23T04:47:26.853+0000] {processor.py:208} INFO - Processing /opt/airflow/dags/our_first_dag.py took 0.243 seconds
[2025-02-23T04:47:57.237+0000] {processor.py:186} INFO - Started process (PID=8669) to work on /opt/airflow/dags/our_first_dag.py
[2025-02-23T04:47:57.241+0000] {processor.py:914} INFO - Processing file /opt/airflow/dags/our_first_dag.py for tasks to queue
[2025-02-23T04:47:57.244+0000] {logging_mixin.py:190} INFO - [2025-02-23T04:47:57.243+0000] {dagbag.py:588} INFO - Filling up the DagBag from /opt/airflow/dags/our_first_dag.py
[2025-02-23T04:47:57.299+0000] {processor.py:925} INFO - DAG(s) 'our_first_dag_v1' retrieved from /opt/airflow/dags/our_first_dag.py
[2025-02-23T04:47:57.353+0000] {logging_mixin.py:190} INFO - [2025-02-23T04:47:57.352+0000] {dag.py:3239} INFO - Sync 1 DAGs
[2025-02-23T04:47:57.416+0000] {logging_mixin.py:190} INFO - [2025-02-23T04:47:57.415+0000] {dag.py:4180} INFO - Setting next_dagrun for our_first_dag_v1 to 2022-11-29 00:00:00+00:00, run_after=2022-11-30 00:00:00+00:00
[2025-02-23T04:47:57.464+0000] {processor.py:208} INFO - Processing /opt/airflow/dags/our_first_dag.py took 0.241 seconds
[2025-02-23T04:48:27.807+0000] {processor.py:186} INFO - Started process (PID=8680) to work on /opt/airflow/dags/our_first_dag.py
[2025-02-23T04:48:27.810+0000] {processor.py:914} INFO - Processing file /opt/airflow/dags/our_first_dag.py for tasks to queue
[2025-02-23T04:48:27.812+0000] {logging_mixin.py:190} INFO - [2025-02-23T04:48:27.812+0000] {dagbag.py:588} INFO - Filling up the DagBag from /opt/airflow/dags/our_first_dag.py
[2025-02-23T04:48:27.888+0000] {processor.py:925} INFO - DAG(s) 'our_first_dag_v1' retrieved from /opt/airflow/dags/our_first_dag.py
[2025-02-23T04:48:27.947+0000] {logging_mixin.py:190} INFO - [2025-02-23T04:48:27.947+0000] {dag.py:3239} INFO - Sync 1 DAGs
[2025-02-23T04:48:28.004+0000] {logging_mixin.py:190} INFO - [2025-02-23T04:48:28.004+0000] {dag.py:4180} INFO - Setting next_dagrun for our_first_dag_v1 to 2022-11-29 00:00:00+00:00, run_after=2022-11-30 00:00:00+00:00
[2025-02-23T04:48:28.094+0000] {processor.py:208} INFO - Processing /opt/airflow/dags/our_first_dag.py took 0.299 seconds
[2025-02-23T04:48:58.441+0000] {processor.py:186} INFO - Started process (PID=8691) to work on /opt/airflow/dags/our_first_dag.py
[2025-02-23T04:48:58.443+0000] {processor.py:914} INFO - Processing file /opt/airflow/dags/our_first_dag.py for tasks to queue
[2025-02-23T04:48:58.447+0000] {logging_mixin.py:190} INFO - [2025-02-23T04:48:58.446+0000] {dagbag.py:588} INFO - Filling up the DagBag from /opt/airflow/dags/our_first_dag.py
[2025-02-23T04:48:58.500+0000] {processor.py:925} INFO - DAG(s) 'our_first_dag_v1' retrieved from /opt/airflow/dags/our_first_dag.py
[2025-02-23T04:48:58.564+0000] {logging_mixin.py:190} INFO - [2025-02-23T04:48:58.564+0000] {dag.py:3239} INFO - Sync 1 DAGs
[2025-02-23T04:48:58.620+0000] {logging_mixin.py:190} INFO - [2025-02-23T04:48:58.619+0000] {dag.py:4180} INFO - Setting next_dagrun for our_first_dag_v1 to 2022-11-29 00:00:00+00:00, run_after=2022-11-30 00:00:00+00:00
[2025-02-23T04:48:58.706+0000] {processor.py:208} INFO - Processing /opt/airflow/dags/our_first_dag.py took 0.281 seconds
[2025-02-23T04:49:29.120+0000] {processor.py:186} INFO - Started process (PID=8702) to work on /opt/airflow/dags/our_first_dag.py
[2025-02-23T04:49:29.123+0000] {processor.py:914} INFO - Processing file /opt/airflow/dags/our_first_dag.py for tasks to queue
[2025-02-23T04:49:29.126+0000] {logging_mixin.py:190} INFO - [2025-02-23T04:49:29.125+0000] {dagbag.py:588} INFO - Filling up the DagBag from /opt/airflow/dags/our_first_dag.py
[2025-02-23T04:49:29.181+0000] {processor.py:925} INFO - DAG(s) 'our_first_dag_v1' retrieved from /opt/airflow/dags/our_first_dag.py
[2025-02-23T04:49:29.236+0000] {logging_mixin.py:190} INFO - [2025-02-23T04:49:29.236+0000] {dag.py:3239} INFO - Sync 1 DAGs
[2025-02-23T04:49:29.290+0000] {logging_mixin.py:190} INFO - [2025-02-23T04:49:29.290+0000] {dag.py:4180} INFO - Setting next_dagrun for our_first_dag_v1 to 2022-11-29 00:00:00+00:00, run_after=2022-11-30 00:00:00+00:00
[2025-02-23T04:49:29.380+0000] {processor.py:208} INFO - Processing /opt/airflow/dags/our_first_dag.py took 0.274 seconds
[2025-02-23T04:50:10.605+0000] {processor.py:186} INFO - Started process (PID=8713) to work on /opt/airflow/dags/our_first_dag.py
[2025-02-23T04:50:10.608+0000] {processor.py:914} INFO - Processing file /opt/airflow/dags/our_first_dag.py for tasks to queue
[2025-02-23T04:50:10.611+0000] {logging_mixin.py:190} INFO - [2025-02-23T04:50:10.610+0000] {dagbag.py:588} INFO - Filling up the DagBag from /opt/airflow/dags/our_first_dag.py
[2025-02-23T04:50:10.680+0000] {processor.py:925} INFO - DAG(s) 'our_first_dag_v1' retrieved from /opt/airflow/dags/our_first_dag.py
[2025-02-23T04:50:10.752+0000] {logging_mixin.py:190} INFO - [2025-02-23T04:50:10.752+0000] {dag.py:3239} INFO - Sync 1 DAGs
[2025-02-23T04:50:10.823+0000] {logging_mixin.py:190} INFO - [2025-02-23T04:50:10.822+0000] {dag.py:4180} INFO - Setting next_dagrun for our_first_dag_v1 to 2022-11-29 00:00:00+00:00, run_after=2022-11-30 00:00:00+00:00
[2025-02-23T04:50:10.877+0000] {processor.py:208} INFO - Processing /opt/airflow/dags/our_first_dag.py took 0.289 seconds
[2025-02-23T04:50:41.220+0000] {processor.py:186} INFO - Started process (PID=8724) to work on /opt/airflow/dags/our_first_dag.py
[2025-02-23T04:50:41.224+0000] {processor.py:914} INFO - Processing file /opt/airflow/dags/our_first_dag.py for tasks to queue
[2025-02-23T04:50:41.229+0000] {logging_mixin.py:190} INFO - [2025-02-23T04:50:41.228+0000] {dagbag.py:588} INFO - Filling up the DagBag from /opt/airflow/dags/our_first_dag.py
[2025-02-23T04:50:41.348+0000] {processor.py:925} INFO - DAG(s) 'our_first_dag_v1' retrieved from /opt/airflow/dags/our_first_dag.py
[2025-02-23T04:50:41.403+0000] {logging_mixin.py:190} INFO - [2025-02-23T04:50:41.402+0000] {dag.py:3239} INFO - Sync 1 DAGs
[2025-02-23T04:50:41.462+0000] {logging_mixin.py:190} INFO - [2025-02-23T04:50:41.461+0000] {dag.py:4180} INFO - Setting next_dagrun for our_first_dag_v1 to 2022-11-29 00:00:00+00:00, run_after=2022-11-30 00:00:00+00:00
[2025-02-23T04:50:41.547+0000] {processor.py:208} INFO - Processing /opt/airflow/dags/our_first_dag.py took 0.341 seconds
[2025-02-23T04:51:12.027+0000] {processor.py:186} INFO - Started process (PID=8735) to work on /opt/airflow/dags/our_first_dag.py
[2025-02-23T04:51:12.031+0000] {processor.py:914} INFO - Processing file /opt/airflow/dags/our_first_dag.py for tasks to queue
[2025-02-23T04:51:12.037+0000] {logging_mixin.py:190} INFO - [2025-02-23T04:51:12.036+0000] {dagbag.py:588} INFO - Filling up the DagBag from /opt/airflow/dags/our_first_dag.py
[2025-02-23T04:51:12.096+0000] {processor.py:925} INFO - DAG(s) 'our_first_dag_v1' retrieved from /opt/airflow/dags/our_first_dag.py
[2025-02-23T04:51:12.151+0000] {logging_mixin.py:190} INFO - [2025-02-23T04:51:12.150+0000] {dag.py:3239} INFO - Sync 1 DAGs
[2025-02-23T04:51:12.207+0000] {logging_mixin.py:190} INFO - [2025-02-23T04:51:12.206+0000] {dag.py:4180} INFO - Setting next_dagrun for our_first_dag_v1 to 2022-11-29 00:00:00+00:00, run_after=2022-11-30 00:00:00+00:00
[2025-02-23T04:51:12.256+0000] {processor.py:208} INFO - Processing /opt/airflow/dags/our_first_dag.py took 0.244 seconds
[2025-02-23T04:51:42.600+0000] {processor.py:186} INFO - Started process (PID=8746) to work on /opt/airflow/dags/our_first_dag.py
[2025-02-23T04:51:42.606+0000] {processor.py:914} INFO - Processing file /opt/airflow/dags/our_first_dag.py for tasks to queue
[2025-02-23T04:51:42.609+0000] {logging_mixin.py:190} INFO - [2025-02-23T04:51:42.609+0000] {dagbag.py:588} INFO - Filling up the DagBag from /opt/airflow/dags/our_first_dag.py
[2025-02-23T04:51:42.659+0000] {processor.py:925} INFO - DAG(s) 'our_first_dag_v1' retrieved from /opt/airflow/dags/our_first_dag.py
[2025-02-23T04:51:42.710+0000] {logging_mixin.py:190} INFO - [2025-02-23T04:51:42.709+0000] {dag.py:3239} INFO - Sync 1 DAGs
[2025-02-23T04:51:42.761+0000] {logging_mixin.py:190} INFO - [2025-02-23T04:51:42.760+0000] {dag.py:4180} INFO - Setting next_dagrun for our_first_dag_v1 to 2022-11-29 00:00:00+00:00, run_after=2022-11-30 00:00:00+00:00
[2025-02-23T04:51:42.857+0000] {processor.py:208} INFO - Processing /opt/airflow/dags/our_first_dag.py took 0.270 seconds
[2025-02-23T04:52:13.186+0000] {processor.py:186} INFO - Started process (PID=8757) to work on /opt/airflow/dags/our_first_dag.py
[2025-02-23T04:52:13.188+0000] {processor.py:914} INFO - Processing file /opt/airflow/dags/our_first_dag.py for tasks to queue
[2025-02-23T04:52:13.191+0000] {logging_mixin.py:190} INFO - [2025-02-23T04:52:13.191+0000] {dagbag.py:588} INFO - Filling up the DagBag from /opt/airflow/dags/our_first_dag.py
[2025-02-23T04:52:13.253+0000] {processor.py:925} INFO - DAG(s) 'our_first_dag_v1' retrieved from /opt/airflow/dags/our_first_dag.py
[2025-02-23T04:52:13.326+0000] {logging_mixin.py:190} INFO - [2025-02-23T04:52:13.325+0000] {dag.py:3239} INFO - Sync 1 DAGs
[2025-02-23T04:52:13.403+0000] {logging_mixin.py:190} INFO - [2025-02-23T04:52:13.402+0000] {dag.py:4180} INFO - Setting next_dagrun for our_first_dag_v1 to 2022-11-29 00:00:00+00:00, run_after=2022-11-30 00:00:00+00:00
[2025-02-23T04:52:13.457+0000] {processor.py:208} INFO - Processing /opt/airflow/dags/our_first_dag.py took 0.285 seconds
