[2025-02-23T04:30:40.112+0000] {local_task_job_runner.py:123} INFO - ::group::Pre task execution logs
[2025-02-23T04:30:40.146+0000] {taskinstance.py:2614} INFO - Dependencies all met for dep_context=non-requeueable deps ti=<TaskInstance: our_first_dag.first_task scheduled__2022-04-20T00:00:00+00:00 [queued]>
[2025-02-23T04:30:40.164+0000] {taskinstance.py:2614} INFO - Dependencies all met for dep_context=requeueable deps ti=<TaskInstance: our_first_dag.first_task scheduled__2022-04-20T00:00:00+00:00 [queued]>
[2025-02-23T04:30:40.165+0000] {taskinstance.py:2867} INFO - Starting attempt 1 of 6
[2025-02-23T04:30:40.248+0000] {taskinstance.py:2890} INFO - Executing <Task(BashOperator): first_task> on 2022-04-20 00:00:00+00:00
[2025-02-23T04:30:40.261+0000] {standard_task_runner.py:104} INFO - Running: ['***', 'tasks', 'run', 'our_first_dag', 'first_task', 'scheduled__2022-04-20T00:00:00+00:00', '--job-id', '445', '--raw', '--subdir', 'DAGS_FOLDER/our_first_dag.py', '--cfg-path', '/tmp/tmp7w_kzpxk']
[2025-02-23T04:30:40.263+0000] {logging_mixin.py:190} WARNING - /home/***/.local/lib/python3.12/site-packages/***/task/task_runner/standard_task_runner.py:70 DeprecationWarning: This process (pid=2266) is multi-threaded, use of fork() may lead to deadlocks in the child.
[2025-02-23T04:30:40.265+0000] {standard_task_runner.py:105} INFO - Job 445: Subtask first_task
[2025-02-23T04:30:40.265+0000] {standard_task_runner.py:72} INFO - Started process 2276 to run task
[2025-02-23T04:30:40.361+0000] {task_command.py:467} INFO - Running <TaskInstance: our_first_dag.first_task scheduled__2022-04-20T00:00:00+00:00 [running]> on host f66dd6409c88
[2025-02-23T04:30:40.533+0000] {taskinstance.py:3134} INFO - Exporting env vars: AIRFLOW_CTX_DAG_OWNER='vn5705j' AIRFLOW_CTX_DAG_ID='our_first_dag' AIRFLOW_CTX_TASK_ID='first_task' AIRFLOW_CTX_EXECUTION_DATE='2022-04-20T00:00:00+00:00' AIRFLOW_CTX_TRY_NUMBER='1' AIRFLOW_CTX_DAG_RUN_ID='scheduled__2022-04-20T00:00:00+00:00'
[2025-02-23T04:30:40.534+0000] {taskinstance.py:732} INFO - ::endgroup::
[2025-02-23T04:30:40.575+0000] {subprocess.py:78} INFO - Tmp dir root location: /tmp
[2025-02-23T04:30:40.577+0000] {subprocess.py:88} INFO - Running command: ['/usr/bin/bash', '-c', "echo 'Hello World!' This is the first Task"]
[2025-02-23T04:30:40.593+0000] {subprocess.py:99} INFO - Output:
[2025-02-23T04:30:40.596+0000] {subprocess.py:106} INFO - Hello World! This is the first Task
[2025-02-23T04:30:40.598+0000] {subprocess.py:110} INFO - Command exited with return code 0
[2025-02-23T04:30:40.644+0000] {taskinstance.py:341} INFO - ::group::Post task execution logs
[2025-02-23T04:30:40.646+0000] {taskinstance.py:353} INFO - Marking task as SUCCESS. dag_id=our_first_dag, task_id=first_task, run_id=scheduled__2022-04-20T00:00:00+00:00, execution_date=20220420T000000, start_date=20250223T043040, end_date=20250223T043040
[2025-02-23T04:30:40.725+0000] {local_task_job_runner.py:266} INFO - Task exited with return code 0
[2025-02-23T04:30:40.760+0000] {taskinstance.py:3901} INFO - 0 downstream tasks scheduled from follow-on schedule check
[2025-02-23T04:30:40.764+0000] {local_task_job_runner.py:245} INFO - ::endgroup::
