[2025-02-23T04:28:17.250+0000] {local_task_job_runner.py:123} INFO - ::group::Pre task execution logs
[2025-02-23T04:28:17.287+0000] {taskinstance.py:2614} INFO - Dependencies all met for dep_context=non-requeueable deps ti=<TaskInstance: our_first_dag.first_task scheduled__2021-06-06T00:00:00+00:00 [queued]>
[2025-02-23T04:28:17.307+0000] {taskinstance.py:2614} INFO - Dependencies all met for dep_context=requeueable deps ti=<TaskInstance: our_first_dag.first_task scheduled__2021-06-06T00:00:00+00:00 [queued]>
[2025-02-23T04:28:17.308+0000] {taskinstance.py:2867} INFO - Starting attempt 1 of 6
[2025-02-23T04:28:17.363+0000] {taskinstance.py:2890} INFO - Executing <Task(BashOperator): first_task> on 2021-06-06 00:00:00+00:00
[2025-02-23T04:28:17.378+0000] {logging_mixin.py:190} WARNING - /home/***/.local/lib/python3.12/site-packages/***/task/task_runner/standard_task_runner.py:70 DeprecationWarning: This process (pid=944) is multi-threaded, use of fork() may lead to deadlocks in the child.
[2025-02-23T04:28:17.381+0000] {standard_task_runner.py:72} INFO - Started process 950 to run task
[2025-02-23T04:28:17.378+0000] {standard_task_runner.py:104} INFO - Running: ['***', 'tasks', 'run', 'our_first_dag', 'first_task', 'scheduled__2021-06-06T00:00:00+00:00', '--job-id', '127', '--raw', '--subdir', 'DAGS_FOLDER/our_first_dag.py', '--cfg-path', '/tmp/tmpjgey7l_o']
[2025-02-23T04:28:17.383+0000] {standard_task_runner.py:105} INFO - Job 127: Subtask first_task
[2025-02-23T04:28:17.514+0000] {task_command.py:467} INFO - Running <TaskInstance: our_first_dag.first_task scheduled__2021-06-06T00:00:00+00:00 [running]> on host f66dd6409c88
[2025-02-23T04:28:17.720+0000] {taskinstance.py:3134} INFO - Exporting env vars: AIRFLOW_CTX_DAG_OWNER='vn5705j' AIRFLOW_CTX_DAG_ID='our_first_dag' AIRFLOW_CTX_TASK_ID='first_task' AIRFLOW_CTX_EXECUTION_DATE='2021-06-06T00:00:00+00:00' AIRFLOW_CTX_TRY_NUMBER='1' AIRFLOW_CTX_DAG_RUN_ID='scheduled__2021-06-06T00:00:00+00:00'
[2025-02-23T04:28:17.721+0000] {taskinstance.py:732} INFO - ::endgroup::
[2025-02-23T04:28:17.753+0000] {subprocess.py:78} INFO - Tmp dir root location: /tmp
[2025-02-23T04:28:17.758+0000] {subprocess.py:88} INFO - Running command: ['/usr/bin/bash', '-c', "echo 'Hello World!' This is the first Task"]
[2025-02-23T04:28:17.775+0000] {subprocess.py:99} INFO - Output:
[2025-02-23T04:28:17.778+0000] {subprocess.py:106} INFO - Hello World! This is the first Task
[2025-02-23T04:28:17.780+0000] {subprocess.py:110} INFO - Command exited with return code 0
[2025-02-23T04:28:17.872+0000] {taskinstance.py:341} INFO - ::group::Post task execution logs
[2025-02-23T04:28:17.874+0000] {taskinstance.py:353} INFO - Marking task as SUCCESS. dag_id=our_first_dag, task_id=first_task, run_id=scheduled__2021-06-06T00:00:00+00:00, execution_date=20210606T000000, start_date=20250223T042817, end_date=20250223T042817
[2025-02-23T04:28:18.006+0000] {local_task_job_runner.py:266} INFO - Task exited with return code 0
[2025-02-23T04:28:18.057+0000] {taskinstance.py:3901} INFO - 0 downstream tasks scheduled from follow-on schedule check
[2025-02-23T04:28:18.064+0000] {local_task_job_runner.py:245} INFO - ::endgroup::
