[2025-02-23T04:37:55.070+0000] {local_task_job_runner.py:123} INFO - ::group::Pre task execution logs
[2025-02-23T04:37:55.112+0000] {taskinstance.py:2614} INFO - Dependencies all met for dep_context=non-requeueable deps ti=<TaskInstance: our_first_dag_v1.second_task scheduled__2022-09-24T00:00:00+00:00 [queued]>
[2025-02-23T04:37:55.134+0000] {taskinstance.py:2614} INFO - Dependencies all met for dep_context=requeueable deps ti=<TaskInstance: our_first_dag_v1.second_task scheduled__2022-09-24T00:00:00+00:00 [queued]>
[2025-02-23T04:37:55.136+0000] {taskinstance.py:2867} INFO - Starting attempt 1 of 6
[2025-02-23T04:37:55.165+0000] {taskinstance.py:2890} INFO - Executing <Task(BashOperator): second_task> on 2022-09-24 00:00:00+00:00
[2025-02-23T04:37:55.179+0000] {logging_mixin.py:190} WARNING - /home/***/.local/lib/python3.12/site-packages/***/task/task_runner/standard_task_runner.py:70 DeprecationWarning: This process (pid=7935) is multi-threaded, use of fork() may lead to deadlocks in the child.
[2025-02-23T04:37:55.178+0000] {standard_task_runner.py:104} INFO - Running: ['***', 'tasks', 'run', 'our_first_dag_v1', 'second_task', 'scheduled__2022-09-24T00:00:00+00:00', '--job-id', '1823', '--raw', '--subdir', 'DAGS_FOLDER/our_first_dag.py', '--cfg-path', '/tmp/tmpkl8nruej']
[2025-02-23T04:37:55.183+0000] {standard_task_runner.py:105} INFO - Job 1823: Subtask second_task
[2025-02-23T04:37:55.182+0000] {standard_task_runner.py:72} INFO - Started process 7947 to run task
[2025-02-23T04:37:55.268+0000] {task_command.py:467} INFO - Running <TaskInstance: our_first_dag_v1.second_task scheduled__2022-09-24T00:00:00+00:00 [running]> on host f66dd6409c88
[2025-02-23T04:37:55.455+0000] {taskinstance.py:3134} INFO - Exporting env vars: AIRFLOW_CTX_DAG_OWNER='vn5705j' AIRFLOW_CTX_DAG_ID='our_first_dag_v1' AIRFLOW_CTX_TASK_ID='second_task' AIRFLOW_CTX_EXECUTION_DATE='2022-09-24T00:00:00+00:00' AIRFLOW_CTX_TRY_NUMBER='1' AIRFLOW_CTX_DAG_RUN_ID='scheduled__2022-09-24T00:00:00+00:00'
[2025-02-23T04:37:55.459+0000] {taskinstance.py:732} INFO - ::endgroup::
[2025-02-23T04:37:55.508+0000] {subprocess.py:78} INFO - Tmp dir root location: /tmp
[2025-02-23T04:37:55.512+0000] {subprocess.py:88} INFO - Running command: ['/usr/bin/bash', '-c', 'echo Second task will run after first task']
[2025-02-23T04:37:55.533+0000] {subprocess.py:99} INFO - Output:
[2025-02-23T04:37:55.537+0000] {subprocess.py:106} INFO - Second task will run after first task
[2025-02-23T04:37:55.539+0000] {subprocess.py:110} INFO - Command exited with return code 0
[2025-02-23T04:37:55.592+0000] {taskinstance.py:341} INFO - ::group::Post task execution logs
[2025-02-23T04:37:55.594+0000] {taskinstance.py:353} INFO - Marking task as SUCCESS. dag_id=our_first_dag_v1, task_id=second_task, run_id=scheduled__2022-09-24T00:00:00+00:00, execution_date=20220924T000000, start_date=20250223T043755, end_date=20250223T043755
[2025-02-23T04:37:55.686+0000] {local_task_job_runner.py:266} INFO - Task exited with return code 0
[2025-02-23T04:37:55.723+0000] {taskinstance.py:3901} INFO - 0 downstream tasks scheduled from follow-on schedule check
[2025-02-23T04:37:55.728+0000] {local_task_job_runner.py:245} INFO - ::endgroup::
