[2025-02-23T04:37:52.456+0000] {local_task_job_runner.py:123} INFO - ::group::Pre task execution logs
[2025-02-23T04:37:52.497+0000] {taskinstance.py:2614} INFO - Dependencies all met for dep_context=non-requeueable deps ti=<TaskInstance: our_first_dag_v1.first_task scheduled__2022-09-18T00:00:00+00:00 [queued]>
[2025-02-23T04:37:52.521+0000] {taskinstance.py:2614} INFO - Dependencies all met for dep_context=requeueable deps ti=<TaskInstance: our_first_dag_v1.first_task scheduled__2022-09-18T00:00:00+00:00 [queued]>
[2025-02-23T04:37:52.524+0000] {taskinstance.py:2867} INFO - Starting attempt 1 of 6
[2025-02-23T04:37:52.611+0000] {taskinstance.py:2890} INFO - Executing <Task(BashOperator): first_task> on 2022-09-18 00:00:00+00:00
[2025-02-23T04:37:52.628+0000] {logging_mixin.py:190} WARNING - /home/***/.local/lib/python3.12/site-packages/***/task/task_runner/standard_task_runner.py:70 DeprecationWarning: This process (pid=7871) is multi-threaded, use of fork() may lead to deadlocks in the child.
[2025-02-23T04:37:52.628+0000] {standard_task_runner.py:104} INFO - Running: ['***', 'tasks', 'run', 'our_first_dag_v1', 'first_task', 'scheduled__2022-09-18T00:00:00+00:00', '--job-id', '1805', '--raw', '--subdir', 'DAGS_FOLDER/our_first_dag.py', '--cfg-path', '/tmp/tmp9h9rtl8d']
[2025-02-23T04:37:52.632+0000] {standard_task_runner.py:72} INFO - Started process 7876 to run task
[2025-02-23T04:37:52.632+0000] {standard_task_runner.py:105} INFO - Job 1805: Subtask first_task
[2025-02-23T04:37:52.736+0000] {task_command.py:467} INFO - Running <TaskInstance: our_first_dag_v1.first_task scheduled__2022-09-18T00:00:00+00:00 [running]> on host f66dd6409c88
[2025-02-23T04:37:52.904+0000] {taskinstance.py:3134} INFO - Exporting env vars: AIRFLOW_CTX_DAG_OWNER='vn5705j' AIRFLOW_CTX_DAG_ID='our_first_dag_v1' AIRFLOW_CTX_TASK_ID='first_task' AIRFLOW_CTX_EXECUTION_DATE='2022-09-18T00:00:00+00:00' AIRFLOW_CTX_TRY_NUMBER='1' AIRFLOW_CTX_DAG_RUN_ID='scheduled__2022-09-18T00:00:00+00:00'
[2025-02-23T04:37:52.906+0000] {taskinstance.py:732} INFO - ::endgroup::
[2025-02-23T04:37:52.935+0000] {subprocess.py:78} INFO - Tmp dir root location: /tmp
[2025-02-23T04:37:52.937+0000] {subprocess.py:88} INFO - Running command: ['/usr/bin/bash', '-c', "echo 'Hello World!' This is the first Task"]
[2025-02-23T04:37:52.952+0000] {subprocess.py:99} INFO - Output:
[2025-02-23T04:37:52.955+0000] {subprocess.py:106} INFO - Hello World! This is the first Task
[2025-02-23T04:37:52.956+0000] {subprocess.py:110} INFO - Command exited with return code 0
[2025-02-23T04:37:53.005+0000] {taskinstance.py:341} INFO - ::group::Post task execution logs
[2025-02-23T04:37:53.006+0000] {taskinstance.py:353} INFO - Marking task as SUCCESS. dag_id=our_first_dag_v1, task_id=first_task, run_id=scheduled__2022-09-18T00:00:00+00:00, execution_date=20220918T000000, start_date=20250223T043752, end_date=20250223T043753
[2025-02-23T04:37:53.095+0000] {local_task_job_runner.py:266} INFO - Task exited with return code 0
[2025-02-23T04:37:53.113+0000] {local_task_job_runner.py:245} INFO - ::endgroup::
