[2025-02-23T04:35:09.575+0000] {local_task_job_runner.py:123} INFO - ::group::Pre task execution logs
[2025-02-23T04:35:09.617+0000] {taskinstance.py:2614} INFO - Dependencies all met for dep_context=non-requeueable deps ti=<TaskInstance: our_first_dag_v1.second_task scheduled__2021-11-28T00:00:00+00:00 [queued]>
[2025-02-23T04:35:09.639+0000] {taskinstance.py:2614} INFO - Dependencies all met for dep_context=requeueable deps ti=<TaskInstance: our_first_dag_v1.second_task scheduled__2021-11-28T00:00:00+00:00 [queued]>
[2025-02-23T04:35:09.642+0000] {taskinstance.py:2867} INFO - Starting attempt 1 of 6
[2025-02-23T04:35:09.671+0000] {taskinstance.py:2890} INFO - Executing <Task(BashOperator): second_task> on 2021-11-28 00:00:00+00:00
[2025-02-23T04:35:09.687+0000] {logging_mixin.py:190} WARNING - /home/***/.local/lib/python3.12/site-packages/***/task/task_runner/standard_task_runner.py:70 DeprecationWarning: This process (pid=5464) is multi-threaded, use of fork() may lead to deadlocks in the child.
[2025-02-23T04:35:09.690+0000] {standard_task_runner.py:72} INFO - Started process 5470 to run task
[2025-02-23T04:35:09.688+0000] {standard_task_runner.py:104} INFO - Running: ['***', 'tasks', 'run', 'our_first_dag_v1', 'second_task', 'scheduled__2021-11-28T00:00:00+00:00', '--job-id', '1219', '--raw', '--subdir', 'DAGS_FOLDER/our_first_dag.py', '--cfg-path', '/tmp/tmp2nh1n1rx']
[2025-02-23T04:35:09.693+0000] {standard_task_runner.py:105} INFO - Job 1219: Subtask second_task
[2025-02-23T04:35:09.784+0000] {task_command.py:467} INFO - Running <TaskInstance: our_first_dag_v1.second_task scheduled__2021-11-28T00:00:00+00:00 [running]> on host f66dd6409c88
[2025-02-23T04:35:09.962+0000] {taskinstance.py:3134} INFO - Exporting env vars: AIRFLOW_CTX_DAG_OWNER='vn5705j' AIRFLOW_CTX_DAG_ID='our_first_dag_v1' AIRFLOW_CTX_TASK_ID='second_task' AIRFLOW_CTX_EXECUTION_DATE='2021-11-28T00:00:00+00:00' AIRFLOW_CTX_TRY_NUMBER='1' AIRFLOW_CTX_DAG_RUN_ID='scheduled__2021-11-28T00:00:00+00:00'
[2025-02-23T04:35:09.964+0000] {taskinstance.py:732} INFO - ::endgroup::
[2025-02-23T04:35:09.997+0000] {subprocess.py:78} INFO - Tmp dir root location: /tmp
[2025-02-23T04:35:10.000+0000] {subprocess.py:88} INFO - Running command: ['/usr/bin/bash', '-c', 'echo Second task will run after first task']
[2025-02-23T04:35:10.015+0000] {subprocess.py:99} INFO - Output:
[2025-02-23T04:35:10.018+0000] {subprocess.py:106} INFO - Second task will run after first task
[2025-02-23T04:35:10.019+0000] {subprocess.py:110} INFO - Command exited with return code 0
[2025-02-23T04:35:10.064+0000] {taskinstance.py:341} INFO - ::group::Post task execution logs
[2025-02-23T04:35:10.066+0000] {taskinstance.py:353} INFO - Marking task as SUCCESS. dag_id=our_first_dag_v1, task_id=second_task, run_id=scheduled__2021-11-28T00:00:00+00:00, execution_date=20211128T000000, start_date=20250223T043509, end_date=20250223T043510
[2025-02-23T04:35:10.151+0000] {local_task_job_runner.py:266} INFO - Task exited with return code 0
[2025-02-23T04:35:10.183+0000] {taskinstance.py:3901} INFO - 0 downstream tasks scheduled from follow-on schedule check
[2025-02-23T04:35:10.188+0000] {local_task_job_runner.py:245} INFO - ::endgroup::
