[2025-02-23T04:27:38.508+0000] {local_task_job_runner.py:123} INFO - ::group::Pre task execution logs
[2025-02-23T04:27:38.550+0000] {taskinstance.py:2614} INFO - Dependencies all met for dep_context=non-requeueable deps ti=<TaskInstance: our_first_dag.first_task scheduled__2021-03-17T00:00:00+00:00 [queued]>
[2025-02-23T04:27:38.580+0000] {taskinstance.py:2614} INFO - Dependencies all met for dep_context=requeueable deps ti=<TaskInstance: our_first_dag.first_task scheduled__2021-03-17T00:00:00+00:00 [queued]>
[2025-02-23T04:27:38.582+0000] {taskinstance.py:2867} INFO - Starting attempt 1 of 6
[2025-02-23T04:27:38.655+0000] {taskinstance.py:2890} INFO - Executing <Task(BashOperator): first_task> on 2021-03-17 00:00:00+00:00
[2025-02-23T04:27:38.672+0000] {logging_mixin.py:190} WARNING - /home/***/.local/lib/python3.12/site-packages/***/task/task_runner/standard_task_runner.py:70 DeprecationWarning: This process (pid=606) is multi-threaded, use of fork() may lead to deadlocks in the child.
[2025-02-23T04:27:38.676+0000] {standard_task_runner.py:72} INFO - Started process 613 to run task
[2025-02-23T04:27:38.672+0000] {standard_task_runner.py:104} INFO - Running: ['***', 'tasks', 'run', 'our_first_dag', 'first_task', 'scheduled__2021-03-17T00:00:00+00:00', '--job-id', '46', '--raw', '--subdir', 'DAGS_FOLDER/our_first_dag.py', '--cfg-path', '/tmp/tmpqou0wdlu']
[2025-02-23T04:27:38.679+0000] {standard_task_runner.py:105} INFO - Job 46: Subtask first_task
[2025-02-23T04:27:38.804+0000] {task_command.py:467} INFO - Running <TaskInstance: our_first_dag.first_task scheduled__2021-03-17T00:00:00+00:00 [running]> on host f66dd6409c88
[2025-02-23T04:27:39.000+0000] {taskinstance.py:3134} INFO - Exporting env vars: AIRFLOW_CTX_DAG_OWNER='vn5705j' AIRFLOW_CTX_DAG_ID='our_first_dag' AIRFLOW_CTX_TASK_ID='first_task' AIRFLOW_CTX_EXECUTION_DATE='2021-03-17T00:00:00+00:00' AIRFLOW_CTX_TRY_NUMBER='1' AIRFLOW_CTX_DAG_RUN_ID='scheduled__2021-03-17T00:00:00+00:00'
[2025-02-23T04:27:39.001+0000] {taskinstance.py:732} INFO - ::endgroup::
[2025-02-23T04:27:39.029+0000] {subprocess.py:78} INFO - Tmp dir root location: /tmp
[2025-02-23T04:27:39.032+0000] {subprocess.py:88} INFO - Running command: ['/usr/bin/bash', '-c', "echo 'Hello World!' This is the first Task"]
[2025-02-23T04:27:39.047+0000] {subprocess.py:99} INFO - Output:
[2025-02-23T04:27:39.050+0000] {subprocess.py:106} INFO - Hello World! This is the first Task
[2025-02-23T04:27:39.052+0000] {subprocess.py:110} INFO - Command exited with return code 0
[2025-02-23T04:27:39.100+0000] {taskinstance.py:341} INFO - ::group::Post task execution logs
[2025-02-23T04:27:39.102+0000] {taskinstance.py:353} INFO - Marking task as SUCCESS. dag_id=our_first_dag, task_id=first_task, run_id=scheduled__2021-03-17T00:00:00+00:00, execution_date=20210317T000000, start_date=20250223T042738, end_date=20250223T042739
[2025-02-23T04:27:39.222+0000] {local_task_job_runner.py:266} INFO - Task exited with return code 0
[2025-02-23T04:27:39.257+0000] {taskinstance.py:3901} INFO - 0 downstream tasks scheduled from follow-on schedule check
[2025-02-23T04:27:39.261+0000] {local_task_job_runner.py:245} INFO - ::endgroup::
