[2025-02-23T04:34:59.953+0000] {local_task_job_runner.py:123} INFO - ::group::Pre task execution logs
[2025-02-23T04:35:00.000+0000] {taskinstance.py:2614} INFO - Dependencies all met for dep_context=non-requeueable deps ti=<TaskInstance: our_first_dag_v1.first_task scheduled__2021-11-11T00:00:00+00:00 [queued]>
[2025-02-23T04:35:00.033+0000] {taskinstance.py:2614} INFO - Dependencies all met for dep_context=requeueable deps ti=<TaskInstance: our_first_dag_v1.first_task scheduled__2021-11-11T00:00:00+00:00 [queued]>
[2025-02-23T04:35:00.035+0000] {taskinstance.py:2867} INFO - Starting attempt 1 of 6
[2025-02-23T04:35:00.180+0000] {taskinstance.py:2890} INFO - Executing <Task(BashOperator): first_task> on 2021-11-11 00:00:00+00:00
[2025-02-23T04:35:00.194+0000] {logging_mixin.py:190} WARNING - /home/***/.local/lib/python3.12/site-packages/***/task/task_runner/standard_task_runner.py:70 DeprecationWarning: This process (pid=5291) is multi-threaded, use of fork() may lead to deadlocks in the child.
[2025-02-23T04:35:00.197+0000] {standard_task_runner.py:72} INFO - Started process 5305 to run task
[2025-02-23T04:35:00.203+0000] {standard_task_runner.py:104} INFO - Running: ['***', 'tasks', 'run', 'our_first_dag_v1', 'first_task', 'scheduled__2021-11-11T00:00:00+00:00', '--job-id', '1180', '--raw', '--subdir', 'DAGS_FOLDER/our_first_dag.py', '--cfg-path', '/tmp/tmpenuqlvdt']
[2025-02-23T04:35:00.208+0000] {standard_task_runner.py:105} INFO - Job 1180: Subtask first_task
[2025-02-23T04:35:00.324+0000] {task_command.py:467} INFO - Running <TaskInstance: our_first_dag_v1.first_task scheduled__2021-11-11T00:00:00+00:00 [running]> on host f66dd6409c88
[2025-02-23T04:35:00.510+0000] {taskinstance.py:3134} INFO - Exporting env vars: AIRFLOW_CTX_DAG_OWNER='vn5705j' AIRFLOW_CTX_DAG_ID='our_first_dag_v1' AIRFLOW_CTX_TASK_ID='first_task' AIRFLOW_CTX_EXECUTION_DATE='2021-11-11T00:00:00+00:00' AIRFLOW_CTX_TRY_NUMBER='1' AIRFLOW_CTX_DAG_RUN_ID='scheduled__2021-11-11T00:00:00+00:00'
[2025-02-23T04:35:00.512+0000] {taskinstance.py:732} INFO - ::endgroup::
[2025-02-23T04:35:00.557+0000] {subprocess.py:78} INFO - Tmp dir root location: /tmp
[2025-02-23T04:35:00.559+0000] {subprocess.py:88} INFO - Running command: ['/usr/bin/bash', '-c', "echo 'Hello World!' This is the first Task"]
[2025-02-23T04:35:00.577+0000] {subprocess.py:99} INFO - Output:
[2025-02-23T04:35:00.581+0000] {subprocess.py:106} INFO - Hello World! This is the first Task
[2025-02-23T04:35:00.584+0000] {subprocess.py:110} INFO - Command exited with return code 0
[2025-02-23T04:35:00.665+0000] {taskinstance.py:341} INFO - ::group::Post task execution logs
[2025-02-23T04:35:00.668+0000] {taskinstance.py:353} INFO - Marking task as SUCCESS. dag_id=our_first_dag_v1, task_id=first_task, run_id=scheduled__2021-11-11T00:00:00+00:00, execution_date=20211111T000000, start_date=20250223T043500, end_date=20250223T043500
[2025-02-23T04:35:00.902+0000] {local_task_job_runner.py:266} INFO - Task exited with return code 0
[2025-02-23T04:35:00.962+0000] {taskinstance.py:3901} INFO - 1 downstream tasks scheduled from follow-on schedule check
[2025-02-23T04:35:00.976+0000] {local_task_job_runner.py:245} INFO - ::endgroup::
